#
# A fatal error has been detected by the Java Runtime Environment:
#
#  EXCEPTION_ACCESS_VIOLATION (0xc0000005) at pc=0x00007ffba804e2f7, pid=28128, tid=32304
#
# JRE version: OpenJDK Runtime Environment (15.0.1+9) (build 15.0.1+9-18)
# Java VM: OpenJDK 64-Bit Server VM (15.0.1+9-18, mixed mode, tiered, compressed oops, g1 gc, windows-amd64)
# Problematic frame:
# V  [jvm.dll+0x5de2f7]
#
# No core dump will be written. Minidumps are not enabled by default on client versions of Windows
#
# If you would like to submit a bug report, please visit:
#   https://bugreport.java.com/bugreport/crash.jsp
#

---------------  S U M M A R Y ------------

Command Line: -XX:+ShowCodeDetailsInExceptionMessages -agentlib:jdwp=transport=dt_socket,suspend=y,address=localhost:62464 -ea -javaagent:C:\Users\Kikine\OneDrive\Documents\mes cours de programmation\programmes\eclipse\configuration\org.eclipse.osgi\405\0\.cp\lib\javaagent-shaded.jar -Dfile.encoding=UTF-8 org.eclipse.jdt.internal.junit.runner.RemoteTestRunner -version 3 -port 62463 -testLoaderClass org.eclipse.jdt.internal.junit5.runner.JUnit5TestLoader -loaderpluginname org.eclipse.jdt.junit5.runtime -test com.parkit.parkingsytem.dao.TicketDAOTest:TestingSavedTicketInTicketDAO

Host: Intel(R) Core(TM) i7-10875H CPU @ 2.30GHz, 16 cores, 15G,  Windows 10 , 64 bit Build 19041 (10.0.19041.804)
Time: Sat Apr 10 17:20:55 2021 Paris, Madrid (heure d’été) elapsed time: 372.079780 seconds (0d 0h 6m 12s)

---------------  T H R E A D  ---------------

Current thread (0x000002515422d5a0):  VMThread "VM Thread" [stack: 0x0000007e12b00000,0x0000007e12c00000] [id=32304] _threads_hazard_ptr=0x0000025158d5bbf0

Stack: [0x0000007e12b00000,0x0000007e12c00000],  sp=0x0000007e12bfdc30,  free space=1015k
Native frames: (J=compiled Java code, j=interpreted, Vv=VM code, C=native code)
V  [jvm.dll+0x5de2f7]
V  [jvm.dll+0x4ddbfa]
V  [jvm.dll+0x4db923]
V  [jvm.dll+0x783e4b]
V  [jvm.dll+0x787c83]
V  [jvm.dll+0x788545]
V  [jvm.dll+0x78877e]
V  [jvm.dll+0x73d65a]
V  [jvm.dll+0x629c56]
C  [ucrtbase.dll+0x21bb2]
C  [KERNEL32.DLL+0x17034]
C  [ntdll.dll+0x52651]


siginfo: EXCEPTION_ACCESS_VIOLATION (0xc0000005), reading address 0xffffffffffffffff


Register to memory mapping:

RIP=0x00007ffba804e2f7 jvm.dll
RAX=0x00ca025155356618 is an unknown value
RBX={method} {0x0000025155356690} 
[error occurred during error reporting (printing register info), id 0xc0000005, EXCEPTION_ACCESS_VIOLATION (0xc0000005) at pc=0x00007ffba805040a]

Registers:
RAX=0x00ca025155356618, RBX=0x0000025155356688, RCX=0x0000000000000000, RDX=0x0000007e12bfdc50
RSP=0x0000007e12bfdc30, RBP=0x000002515394f610, RSI=0x0000000000000031, RDI=0x000002513405f660
R8 =0x000002515422e3d0, R9 =0x0000007e12bfdd00, R10=0x0000000000000000, R11=0x0000000000000000
R12=0x00000251555945f0, R13=0x0000025153954070, R14=0x0000000000000000, R15=0x000002515394f600
RIP=0x00007ffba804e2f7, EFLAGS=0x0000000000010202

Top of Stack: (sp=0x0000007e12bfdc30)
0x0000007e12bfdc30:   0000025155356688 0000000000000031
0x0000007e12bfdc40:   00000251379f8a90 0000000000000000
0x0000007e12bfdc50:   0000025155356688 000002515422d5a0
0x0000007e12bfdc60:   0000000000000000 00007ffba7f4dbfa
0x0000007e12bfdc70:   0000025155356688 0000025154396b80
0x0000007e12bfdc80:   0000000000000000 0000025133fe6f30
0x0000007e12bfdc90:   000002515394f610 000002515394f600
0x0000007e12bfdca0:   0000000000000031 00000000000003d8
0x0000007e12bfdcb0:   000002515394f9e8 0000007e137ff520
0x0000007e12bfdcc0:   000002515422d5a0 000002515422e3d0
0x0000007e12bfdcd0:   0000025131e8a5c0 0000025131e8a5d0
0x0000007e12bfdce0:   0000025131e8a6a8 00000000000000d8
0x0000007e12bfdcf0:   0000007e12bff1f0 00007ffba81e7029
0x0000007e12bfdd00:   000002515394f9e8 000002515394f610
0x0000007e12bfdd10:   0000025153954070 0000007e137ff0b0
0x0000007e12bfdd20:   0000007e149ff5d0 0000007e149ff5d0 

Instructions: (pc=0x00007ffba804e2f7)
0x00007ffba804e1f7:   cc cc cc cc cc cc cc cc cc 4c 8b 49 08 45 0f b7
0x00007ffba804e207:   41 28 45 85 c0 74 73 b8 cd cc cc cc 41 f7 e0 c1
0x00007ffba804e217:   ea 02 8d 0c 92 44 3b c1 75 60 41 80 79 38 2a 49
0x00007ffba804e227:   8d 49 38 75 55 80 79 01 b7 75 4f 49 ff c8 41 80
0x00007ffba804e237:   3c 08 b1 75 45 49 83 f8 04 7e 3c 49 c7 c1 fe ff
0x00007ffba804e247:   ff ff 48 8d 41 06 4c 2b c9 80 78 fe 2a 75 2b 0f
0x00007ffba804e257:   b6 50 ff 8d 4a ff f6 c1 f5 75 05 80 fa 09 75 05
0x00007ffba804e267:   80 fa 0e 75 15 80 38 b5 75 10 48 83 c0 05 49 8d
0x00007ffba804e277:   0c 01 49 3b c8 7c d2 b0 01 c3 32 c0 c3 cc cc cc
0x00007ffba804e287:   cc cc cc cc cc cc cc cc cc 48 89 5c 24 10 57 48
0x00007ffba804e297:   83 ec 30 65 48 8b 04 25 58 00 00 00 48 8b d9 8b
0x00007ffba804e2a7:   15 20 1c 4f 00 48 8b 3c d0 b8 40 00 00 00 80 3c
0x00007ffba804e2b7:   38 00 75 05 e8 2c a4 1f 00 b9 08 00 00 00 48 89
0x00007ffba804e2c7:   5c 24 20 48 8b 0c 39 48 89 4c 24 28 48 85 db 74
0x00007ffba804e2d7:   16 48 8b 89 a0 02 00 00 48 8d 54 24 40 48 89 5c
0x00007ffba804e2e7:   24 40 e8 22 e1 a2 ff 48 8b 43 08 48 8d 54 24 20
0x00007ffba804e2f7:   48 8b 48 08 48 8b 49 18 e8 fc b1 d5 ff 48 8d 4c
0x00007ffba804e307:   24 20 48 8b d8 e8 bf 63 d3 ff 48 8b c3 48 8b 5c
0x00007ffba804e317:   24 48 48 83 c4 30 5f c3 cc 40 53 48 83 ec 20 48
0x00007ffba804e327:   8b 81 98 00 00 00 48 8b d9 48 8b 48 08 48 85 c9
0x00007ffba804e337:   74 39 ff 15 c9 5c 41 00 48 85 c0 74 2e 48 8b 83
0x00007ffba804e347:   98 00 00 00 48 8b 48 08 48 85 c9 75 04 33 c0 eb
0x00007ffba804e357:   06 ff 15 aa 5c 41 00 48 8b c8 e8 1a 76 12 00 84
0x00007ffba804e367:   c0 75 08 33 c0 48 83 c4 20 5b c3 48 8b 4b 18 48
0x00007ffba804e377:   83 c4 20 5b e9 f0 88 1a 00 48 8b 41 08 48 8b 48
0x00007ffba804e387:   08 48 8b 41 18 48 8b 40 18 c3 cc cc cc cc cc cc
0x00007ffba804e397:   cc cc cc cc cc cc cc cc cc 48 89 5c 24 08 48 89
0x00007ffba804e3a7:   74 24 10 57 48 83 ec 40 33 ff be ff ff ff ff 3b
0x00007ffba804e3b7:   d6 8b df 0f 45 da 85 db 0f 88 be 00 00 00 48 8b
0x00007ffba804e3c7:   49 08 0f b7 41 28 3b d8 0f 8d ae 00 00 00 f6 41
0x00007ffba804e3d7:   24 01 0f 84 a4 00 00 00 e8 7c d3 c2 ff 8b d7 48
0x00007ffba804e3e7:   89 44 24 20 89 54 24 30 4c 8b d0 44 8b cf 89 7c 


Stack slot to memory mapping:
stack at sp + 0 slots: {method} {0x0000025155356690} 
[error occurred during error reporting (inspecting top of stack), id 0xc0000005, EXCEPTION_ACCESS_VIOLATION (0xc0000005) at pc=0x00007ffba805040a]

VM_Operation (0x0000007e137ff380): GetStackTrace, mode: safepoint, requested by thread 0x0000025154597370


---------------  P R O C E S S  ---------------

Threads class SMR info:
_java_thread_list=0x0000025158d5bbf0, length=16, elements={
0x0000025133fe6f30, 0x0000025154243130, 0x0000025154243c10, 0x0000025154261010,
0x00000251542638e0, 0x0000025154264940, 0x000002515426b980, 0x000002515426c280,
0x000002515426db00, 0x000002515391fb50, 0x0000025154597370, 0x00000251545357e0,
0x00000251544f4440, 0x00000251546f4340, 0x0000025154d764b0, 0x000002515574bdb0
}

Java Threads: ( => current thread )
  0x0000025133fe6f30 JavaThread "main" [_thread_blocked, id=23036, stack(0x0000007e12500000,0x0000007e12600000)]
  0x0000025154243130 JavaThread "Reference Handler" daemon [_thread_blocked, id=9136, stack(0x0000007e12c00000,0x0000007e12d00000)]
  0x0000025154243c10 JavaThread "Finalizer" daemon [_thread_blocked, id=32136, stack(0x0000007e12d00000,0x0000007e12e00000)]
  0x0000025154261010 JavaThread "Signal Dispatcher" daemon [_thread_blocked, id=22584, stack(0x0000007e12e00000,0x0000007e12f00000)]
  0x00000251542638e0 JavaThread "Attach Listener" daemon [_thread_blocked, id=24940, stack(0x0000007e12f00000,0x0000007e13000000)]
  0x0000025154264940 JavaThread "Service Thread" daemon [_thread_blocked, id=23132, stack(0x0000007e13000000,0x0000007e13100000)]
  0x000002515426b980 JavaThread "C2 CompilerThread0" daemon [_thread_blocked, id=24560, stack(0x0000007e13100000,0x0000007e13200000)]
  0x000002515426c280 JavaThread "C1 CompilerThread0" daemon [_thread_blocked, id=19216, stack(0x0000007e13200000,0x0000007e13300000)]
  0x000002515426db00 JavaThread "Sweeper thread" daemon [_thread_blocked, id=23596, stack(0x0000007e13300000,0x0000007e13400000)]
  0x000002515391fb50 JavaThread "Common-Cleaner" daemon [_thread_blocked, id=30780, stack(0x0000007e13400000,0x0000007e13500000)]
  0x0000025154597370 JavaThread "JDWP Transport Listener: dt_socket" daemon [_thread_blocked, id=22736, stack(0x0000007e13700000,0x0000007e13800000)] _threads_hazard_ptr=0x0000025158d5bbf0
  0x00000251545357e0 JavaThread "JDWP Event Helper Thread" daemon [_thread_blocked, id=18556, stack(0x0000007e13800000,0x0000007e13900000)]
  0x00000251544f4440 JavaThread "JDWP Command Reader" daemon [_thread_in_native, id=26652, stack(0x0000007e13900000,0x0000007e13a00000)]
  0x00000251546f4340 JavaThread "Notification Thread" daemon [_thread_blocked, id=22828, stack(0x0000007e13b00000,0x0000007e13c00000)]
  0x0000025154d764b0 JavaThread "ReaderThread" [_thread_in_native, id=23916, stack(0x0000007e13d00000,0x0000007e13e00000)]
  0x000002515574bdb0 JavaThread "mysql-cj-abandoned-connection-cleanup" daemon [_thread_blocked, id=24804, stack(0x0000007e14900000,0x0000007e14a00000)]

Other Threads:
=>0x000002515422d5a0 VMThread "VM Thread" [stack: 0x0000007e12b00000,0x0000007e12c00000] [id=32304]
  0x00000251546f4c20 WatcherThread [stack: 0x0000007e13c00000,0x0000007e13d00000] [id=10364]
  0x000002513403ba70 GCTaskThread "GC Thread#0" [stack: 0x0000007e12600000,0x0000007e12700000] [id=12212]
  0x00000251544ebf50 GCTaskThread "GC Thread#1" [stack: 0x0000007e13e00000,0x0000007e13f00000] [id=8288]
  0x00000251544ec5b0 GCTaskThread "GC Thread#2" [stack: 0x0000007e13f00000,0x0000007e14000000] [id=29428]
  0x00000251544ebc20 GCTaskThread "GC Thread#3" [stack: 0x0000007e14000000,0x0000007e14100000] [id=9848]
  0x00000251544ec280 GCTaskThread "GC Thread#4" [stack: 0x0000007e14100000,0x0000007e14200000] [id=22144]
  0x00000251544ee590 GCTaskThread "GC Thread#5" [stack: 0x0000007e14200000,0x0000007e14300000] [id=29076]
  0x000002513404e150 ConcurrentGCThread "G1 Main Marker" [stack: 0x0000007e12700000,0x0000007e12800000] [id=9452]
  0x000002513404ecd0 ConcurrentGCThread "G1 Conc#0" [stack: 0x0000007e12800000,0x0000007e12900000] [id=13204]
  0x00000251544eb8f0 ConcurrentGCThread "G1 Conc#1" [stack: 0x0000007e14700000,0x0000007e14800000] [id=24200]
  0x00000251544ec8e0 ConcurrentGCThread "G1 Conc#2" [stack: 0x0000007e14800000,0x0000007e14900000] [id=28616]
  0x00000251340ae1a0 ConcurrentGCThread "G1 Refine#0" [stack: 0x0000007e12900000,0x0000007e12a00000] [id=25296]
  0x000002515382e130 ConcurrentGCThread "G1 Young RemSet Sampling" [stack: 0x0000007e12a00000,0x0000007e12b00000] [id=31940]

Threads with active compile tasks:

VM state: at safepoint (normal execution)

VM Mutex/Monitor currently owned by a thread:  ([mutex/lock_event])
[0x0000025133fe3630] Threads_lock - owner thread: 0x000002515422d5a0

Heap address: 0x0000000702c00000, size: 4052 MB, Compressed Oops mode: Zero based, Oop shift amount: 3
CDS disabled.
Compressed class space mapped at: 0x0000000800000000-0x0000000840000000, size: 1073741824
Narrow klass base: 0x0000000800000000, Narrow klass shift: 0, Narrow klass range: 0x40000000

GC Precious Log:
 CPUs: 16 total, 16 available
 Memory: 16203M
 Large Page Support: Disabled
 NUMA Support: Disabled
 Compressed Oops: Enabled (Zero based)
 Heap Region Size: 2M
 Heap Min Capacity: 8M
 Heap Initial Capacity: 254M
 Heap Max Capacity: 4052M
 Pre-touch: Disabled
 Parallel Workers: 13
 Concurrent Workers: 3
 Concurrent Refinement Workers: 13
 Periodic GC: Disabled

Heap:
 garbage-first heap   total 45056K, used 14320K [0x0000000702c00000, 0x0000000800000000)
  region size 2048K, 5 young (10240K), 2 survivors (4096K)
 Metaspace       used 28345K, capacity 28632K, committed 28796K, reserved 1075200K
  class space    used 3036K, capacity 3149K, committed 3200K, reserved 1048576K

Heap Regions: E=young(eden), S=young(survivor), O=old, HS=humongous(starts), HC=humongous(continues), CS=collection set, F=free, OA=open archive, CA=closed archive, TAMS=top-at-mark-start (previous, next)
|   0|0x0000000702c00000, 0x0000000702e00000, 0x0000000702e00000|100%| O|  |TAMS 0x0000000702e00000, 0x0000000702c00000| Untracked 
|   1|0x0000000702e00000, 0x0000000703000000, 0x0000000703000000|100%| O|  |TAMS 0x0000000703000000, 0x0000000702e00000| Untracked 
|   2|0x0000000703000000, 0x0000000703078400, 0x0000000703200000| 23%| O|  |TAMS 0x0000000703078400, 0x0000000703000000| Untracked 
|   3|0x0000000703200000, 0x0000000703200000, 0x0000000703400000|  0%| F|  |TAMS 0x0000000703200000, 0x0000000703200000| Untracked 
|   4|0x0000000703400000, 0x0000000703417200, 0x0000000703600000|  4%| O|  |TAMS 0x0000000703400000, 0x0000000703400000| Untracked 
|   5|0x0000000703600000, 0x0000000703600000, 0x0000000703800000|  0%| F|  |TAMS 0x0000000703600000, 0x0000000703600000| Untracked 
|   6|0x0000000703800000, 0x0000000703800000, 0x0000000703a00000|  0%| F|  |TAMS 0x0000000703800000, 0x0000000703800000| Untracked 
|   7|0x0000000703a00000, 0x0000000703a00000, 0x0000000703c00000|  0%| F|  |TAMS 0x0000000703a00000, 0x0000000703a00000| Untracked 
|   8|0x0000000703c00000, 0x0000000703c00000, 0x0000000703e00000|  0%| F|  |TAMS 0x0000000703c00000, 0x0000000703c00000| Untracked 
|   9|0x0000000703e00000, 0x0000000703f6cb40, 0x0000000704000000| 71%| S|CS|TAMS 0x0000000703e00000, 0x0000000703e00000| Complete 
|  10|0x0000000704000000, 0x0000000704200000, 0x0000000704200000|100%| S|CS|TAMS 0x0000000704000000, 0x0000000704000000| Complete 
|  11|0x0000000704200000, 0x0000000704200000, 0x0000000704400000|  0%| F|  |TAMS 0x0000000704200000, 0x0000000704200000| Untracked 
|  12|0x0000000704400000, 0x0000000704400000, 0x0000000704600000|  0%| F|  |TAMS 0x0000000704400000, 0x0000000704400000| Untracked 
|  13|0x0000000704600000, 0x0000000704600000, 0x0000000704800000|  0%| F|  |TAMS 0x0000000704600000, 0x0000000704600000| Untracked 
|  14|0x0000000704800000, 0x0000000704800000, 0x0000000704a00000|  0%| F|  |TAMS 0x0000000704800000, 0x0000000704800000| Untracked 
|  15|0x0000000704a00000, 0x0000000704a00000, 0x0000000704c00000|  0%| F|  |TAMS 0x0000000704a00000, 0x0000000704a00000| Untracked 
|  16|0x0000000704c00000, 0x0000000704c00000, 0x0000000704e00000|  0%| F|  |TAMS 0x0000000704c00000, 0x0000000704c00000| Untracked 
|  17|0x0000000704e00000, 0x0000000704e00000, 0x0000000705000000|  0%| F|  |TAMS 0x0000000704e00000, 0x0000000704e00000| Untracked 
| 105|0x000000070fe00000, 0x000000070fe8c2e8, 0x0000000710000000| 27%| E|  |TAMS 0x000000070fe00000, 0x000000070fe00000| Complete 
| 106|0x0000000710000000, 0x0000000710200000, 0x0000000710200000|100%| E|CS|TAMS 0x0000000710000000, 0x0000000710000000| Complete 
| 126|0x0000000712800000, 0x0000000712a00000, 0x0000000712a00000|100%| E|CS|TAMS 0x0000000712800000, 0x0000000712800000| Complete 
|2025|0x00000007ffe00000, 0x0000000800000000, 0x0000000800000000|100%| O|  |TAMS 0x00000007ffe00000, 0x00000007ffe00000| Untracked 

Card table byte_map: [0x0000025147a70000,0x0000025148260000] _byte_map_base: 0x000002514425a000

Marking Bits (Prev, Next): (CMBitMap*) 0x000002513403d240, (CMBitMap*) 0x000002513403d200
 Prev Bits: [0x000002514c9a0000, 0x00000251508f0000)
 Next Bits: [0x0000025148a50000, 0x000002514c9a0000)

Polling page: 0x0000025131f90000

Metaspace:

Usage:
  Non-class:     24.89 MB capacity,    24.72 MB (>99%) used,   141.09 KB ( <1%) free+waste,    32.50 KB ( <1%) overhead. 
      Class:      3.08 MB capacity,     2.97 MB ( 96%) used,   101.19 KB (  3%) free+waste,    11.31 KB ( <1%) overhead. 
       Both:     27.96 MB capacity,    27.68 MB (>99%) used,   242.27 KB ( <1%) free+waste,    43.81 KB ( <1%) overhead. 

Virtual space:
  Non-class space:       26.00 MB reserved,      25.00 MB ( 96%) committed 
      Class space:        1.00 GB reserved,       3.12 MB ( <1%) committed 
             Both:        1.03 GB reserved,      28.12 MB (  3%) committed 

Chunk freelists:
   Non-Class:  49.00 KB
       Class:  19.00 KB
        Both:  68.00 KB

MaxMetaspaceSize: 17179869184.00 GB
CompressedClassSpaceSize: 1.00 GB

CodeHeap 'non-profiled nmethods': size=119168Kb used=1974Kb max_used=1974Kb free=117193Kb
 bounds [0x000002513f590000, 0x000002513f800000, 0x00000251469f0000]
CodeHeap 'profiled nmethods': size=119104Kb used=5824Kb max_used=5824Kb free=113280Kb
 bounds [0x0000025138140000, 0x00000251386f0000, 0x000002513f590000]
CodeHeap 'non-nmethods': size=7488Kb used=1366Kb max_used=3185Kb free=6121Kb
 bounds [0x00000251379f0000, 0x0000025137d30000, 0x0000025138140000]
 total_blobs=3247 nmethods=2686 adapters=473
 compilation: enabled
              stopped_count=0, restarted_count=0
 full_count=0

Compilation events (20 events):
Event: 1.459 Thread 0x00000251557f8560 2683       3       sun.security.ssl.TransportContext::isInboundClosed (8 bytes)
Event: 1.459 Thread 0x00000251557f8560 nmethod 2683 0x00000251386eaf10 code [0x00000251386eb0a0, 0x00000251386eb258]
Event: 1.459 Thread 0x000002515426c280 nmethod 2681 0x00000251386eb310 code [0x00000251386eb5e0, 0x00000251386ec388]
Event: 1.459 Thread 0x0000025155bf53e0 nmethod 2680 0x00000251386ec990 code [0x00000251386ecc60, 0x00000251386ed9b8]
Event: 1.460 Thread 0x0000025155bf53e0 2684       3       jdk.internal.misc.Unsafe::checkNativeAddress (28 bytes)
Event: 1.460 Thread 0x0000025155bf53e0 nmethod 2684 0x00000251386edf90 code [0x00000251386ee120, 0x00000251386ee238]
Event: 1.460 Thread 0x0000025155bf53e0 2686       3       java.util.concurrent.locks.AbstractQueuedSynchronizer::compareAndSetState (13 bytes)
Event: 1.460 Thread 0x00000251557f8560 2685       1       com.mysql.cj.protocol.a.NativeProtocol::getServerSession (5 bytes)
Event: 1.460 Thread 0x00000251557f8560 nmethod 2685 0x000002513f728f10 code [0x000002513f7290a0, 0x000002513f729158]
Event: 1.460 Thread 0x0000025155bf53e0 nmethod 2686 0x00000251386ee310 code [0x00000251386ee4a0, 0x00000251386ee5b8]
Event: 1.463 Thread 0x000002515426b980 nmethod 2622 0x000002513f729210 code [0x000002513f729520, 0x000002513f72bd60]
Event: 1.495 Thread 0x00000251544f74c0 2687       4       java.lang.ref.SoftReference::get (29 bytes)
Event: 1.496 Thread 0x00000251544f74c0 nmethod 2687 0x000002513f72d410 code [0x000002513f72d580, 0x000002513f72d658]
Event: 1.615 Thread 0x0000025157517bb0 nmethod 2679 0x000002513f72d710 code [0x000002513f72db20, 0x000002513f735fd0]
Event: 1.754 Thread 0x0000025157422fa0 nmethod 2200 0x000002513f739e90 code [0x000002513f73a5a0, 0x000002513f74e9d0]
Event: 2.129 Thread 0x0000025154783f80 nmethod 2248% 0x000002513f756890 code [0x000002513f756f20, 0x000002513f773858]
Event: 121.297 Thread 0x000002515426c280 2688       3       java.lang.ClassLoader::getResource (41 bytes)
Event: 121.297 Thread 0x000002515426c280 nmethod 2688 0x00000251386ee690 code [0x00000251386ee8a0, 0x00000251386eeeb8]
Event: 351.639 Thread 0x000002515426c280 2689       3       java.lang.Thread::getContextClassLoader (32 bytes)
Event: 351.640 Thread 0x000002515426c280 nmethod 2689 0x00000251386ef090 code [0x00000251386ef2c0, 0x00000251386efcb8]

GC Heap History (10 events):
Event: 0.475 GC heap before
{Heap before GC invocations=0 (full 0):
 garbage-first heap   total 260096K, used 20480K [0x0000000702c00000, 0x0000000800000000)
  region size 2048K, 11 young (22528K), 0 survivors (0K)
 Metaspace       used 12097K, capacity 12262K, committed 12416K, reserved 1060864K
  class space    used 1076K, capacity 1121K, committed 1152K, reserved 1048576K
}
Event: 0.477 GC heap after
{Heap after GC invocations=1 (full 0):
 garbage-first heap   total 260096K, used 4545K [0x0000000702c00000, 0x0000000800000000)
  region size 2048K, 2 young (4096K), 2 survivors (4096K)
 Metaspace       used 12097K, capacity 12262K, committed 12416K, reserved 1060864K
  class space    used 1076K, capacity 1121K, committed 1152K, reserved 1048576K
}
Event: 0.731 GC heap before
{Heap before GC invocations=1 (full 0):
 garbage-first heap   total 260096K, used 35265K [0x0000000702c00000, 0x0000000800000000)
  region size 2048K, 17 young (34816K), 2 survivors (4096K)
 Metaspace       used 16127K, capacity 16288K, committed 16640K, reserved 1064960K
  class space    used 1606K, capacity 1695K, committed 1792K, reserved 1048576K
}
Event: 0.734 GC heap after
{Heap after GC invocations=2 (full 0):
 garbage-first heap   total 260096K, used 5573K [0x0000000702c00000, 0x0000000800000000)
  region size 2048K, 1 young (2048K), 1 survivors (2048K)
 Metaspace       used 16127K, capacity 16288K, committed 16640K, reserved 1064960K
  class space    used 1606K, capacity 1695K, committed 1792K, reserved 1048576K
}
Event: 1.018 GC heap before
{Heap before GC invocations=2 (full 0):
 garbage-first heap   total 260096K, used 40389K [0x0000000702c00000, 0x0000000800000000)
  region size 2048K, 20 young (40960K), 1 survivors (2048K)
 Metaspace       used 21010K, capacity 21233K, committed 21248K, reserved 1069056K
  class space    used 2204K, capacity 2290K, committed 2304K, reserved 1048576K
}
Event: 1.020 GC heap after
{Heap after GC invocations=3 (full 0):
 garbage-first heap   total 260096K, used 6790K [0x0000000702c00000, 0x0000000800000000)
  region size 2048K, 2 young (4096K), 2 survivors (4096K)
 Metaspace       used 21010K, capacity 21233K, committed 21248K, reserved 1069056K
  class space    used 2204K, capacity 2290K, committed 2304K, reserved 1048576K
}
Event: 1.250 GC heap before
{Heap before GC invocations=4 (full 0):
 garbage-first heap   total 40960K, used 33414K [0x0000000702c00000, 0x0000000800000000)
  region size 2048K, 16 young (32768K), 2 survivors (4096K)
 Metaspace       used 24253K, capacity 24599K, committed 24700K, reserved 1071104K
  class space    used 2550K, capacity 2663K, committed 2688K, reserved 1048576K
}
Event: 1.253 GC heap after
{Heap after GC invocations=5 (full 0):
 garbage-first heap   total 45056K, used 8605K [0x0000000702c00000, 0x0000000800000000)
  region size 2048K, 2 young (4096K), 2 survivors (4096K)
 Metaspace       used 24253K, capacity 24599K, committed 24700K, reserved 1071104K
  class space    used 2550K, capacity 2663K, committed 2688K, reserved 1048576K
}
Event: 1.410 GC heap before
{Heap before GC invocations=5 (full 0):
 garbage-first heap   total 45056K, used 27037K [0x0000000702c00000, 0x0000000800000000)
  region size 2048K, 11 young (22528K), 2 survivors (4096K)
 Metaspace       used 27516K, capacity 27800K, committed 27900K, reserved 1075200K
  class space    used 2933K, capacity 3021K, committed 3072K, reserved 1048576K
}
Event: 1.413 GC heap after
{Heap after GC invocations=6 (full 0):
 garbage-first heap   total 45056K, used 10224K [0x0000000702c00000, 0x0000000800000000)
  region size 2048K, 2 young (4096K), 2 survivors (4096K)
 Metaspace       used 27516K, capacity 27800K, committed 27900K, reserved 1075200K
  class space    used 2933K, capacity 3021K, committed 3072K, reserved 1048576K
}

Deoptimization events (20 events):
Event: 1.409 Thread 0x0000025133fe6f30 DEOPT PACKING pc=0x000002513868e4f9 sp=0x0000007e125fc210
Event: 1.409 Thread 0x0000025133fe6f30 DEOPT UNPACKING pc=0x0000025137a3e23f sp=0x0000007e125fb6d8 mode 0
Event: 1.409 Thread 0x0000025133fe6f30 DEOPT PACKING pc=0x000002513868e4d3 sp=0x0000007e125fc280
Event: 1.409 Thread 0x0000025133fe6f30 DEOPT UNPACKING pc=0x0000025137a3e23f sp=0x0000007e125fb748 mode 0
Event: 1.410 Thread 0x0000025133fe6f30 DEOPT PACKING pc=0x000002513868e4f9 sp=0x0000007e125fc2f0
Event: 1.410 Thread 0x0000025133fe6f30 DEOPT UNPACKING pc=0x0000025137a3e23f sp=0x0000007e125fb7b8 mode 0
Event: 1.410 Thread 0x0000025133fe6f30 DEOPT PACKING pc=0x000002513868e4d3 sp=0x0000007e125fc2f0
Event: 1.410 Thread 0x0000025133fe6f30 DEOPT UNPACKING pc=0x0000025137a3e23f sp=0x0000007e125fb7b8 mode 0
Event: 1.433 Thread 0x0000025133fe6f30 DEOPT PACKING pc=0x00000251385db2cb sp=0x0000007e125fbdc0
Event: 1.433 Thread 0x0000025133fe6f30 DEOPT UNPACKING pc=0x0000025137a3e23f sp=0x0000007e125fb2e8 mode 0
Event: 1.444 Thread 0x0000025133fe6f30 Uncommon trap: trap_request=0xffffff45 fr.pc=0x000002513f5e4718 relative=0x0000000000000178
Event: 1.444 Thread 0x0000025133fe6f30 Uncommon trap: reason=unstable_if action=reinterpret pc=0x000002513f5e4718 method=java.lang.StringCoding.hasNegatives([BII)Z @ 12 c2
Event: 1.444 Thread 0x0000025133fe6f30 DEOPT PACKING pc=0x000002513f5e4718 sp=0x0000007e125fc9d0
Event: 1.444 Thread 0x0000025133fe6f30 DEOPT UNPACKING pc=0x0000025137a3e42f sp=0x0000007e125fc960 mode 2
Event: 1.445 Thread 0x0000025133fe6f30 Uncommon trap: trap_request=0xffffff45 fr.pc=0x000002513f66a3a8 relative=0x0000000000000308
Event: 1.445 Thread 0x0000025133fe6f30 Uncommon trap: reason=unstable_if action=reinterpret pc=0x000002513f66a3a8 method=java.lang.String.getChars(II[CI)V @ 23 c2
Event: 1.445 Thread 0x0000025133fe6f30 DEOPT PACKING pc=0x000002513f66a3a8 sp=0x0000007e125fcde0
Event: 1.445 Thread 0x0000025133fe6f30 DEOPT UNPACKING pc=0x0000025137a3e42f sp=0x0000007e125fcdc0 mode 2
Event: 1.454 Thread 0x0000025133fe6f30 DEOPT PACKING pc=0x00000251386275fd sp=0x0000007e125f6ad0
Event: 1.454 Thread 0x0000025133fe6f30 DEOPT UNPACKING pc=0x0000025137a3e23f sp=0x0000007e125f6000 mode 0

Classes unloaded (0 events):
No events

Classes redefined (5 events):
Event: 28.917 Thread 0x000002515422d5a0 redefined class name=com.parkit.parkingsytem.dao.TicketDAOTest, count=1
Event: 84.410 Thread 0x000002515422d5a0 redefined class name=com.parkit.parkingsytem.dao.TicketDAOTest, count=2
Event: 101.234 Thread 0x000002515422d5a0 redefined class name=com.parkit.parkingsytem.dao.TicketDAOTest, count=3
Event: 137.572 Thread 0x000002515422d5a0 redefined class name=com.parkit.parkingsytem.dao.TicketDAOTest, count=4
Event: 372.048 Thread 0x000002515422d5a0 redefined class name=com.parkit.parkingsytem.dao.TicketDAOTest, count=5

Internal exceptions (20 events):
Event: 0.495 Thread 0x0000025133fe6f30 Exception <a 'java/lang/NoSuchMethodError'{0x00000007129f3f50}: 'int java.lang.invoke.DirectMethodHandle$Holder.invokeStaticInit(java.lang.Object, java.lang.Object)'> (0x00000007129f3f50) 
thrown [./open/src/hotspot/share/interpreter/linkResolver.cpp, line 782]
Event: 0.504 Thread 0x0000025133fe6f30 Exception <a 'java/lang/NoSuchMethodError'{0x000000071269ede8}: 'java.lang.Object java.lang.invoke.DirectMethodHandle$Holder.newInvokeSpecial(java.lang.Object, java.lang.Object, java.lang.Object, java.lang.Object, java.lang.Object)'> (0x000000071269ede8) 
thrown [./open/src/hotspot/share/interpreter/linkResolver.cpp, line 782]
Event: 0.512 Thread 0x0000025133fe6f30 Exception <a 'java/lang/NoSuchMethodError'{0x0000000712732260}: 'java.lang.Object java.lang.invoke.DirectMethodHandle$Holder.invokeSpecialIFC(java.lang.Object, java.lang.Object, java.lang.Object, java.lang.Object)'> (0x0000000712732260) 
thrown [./open/src/hotspot/share/interpreter/linkResolver.cpp, line 782]
Event: 0.523 Thread 0x0000025133fe6f30 Exception <a 'java/lang/NoSuchMethodError'{0x0000000712472070}: 'int java.lang.invoke.DirectMethodHandle$Holder.invokeVirtual(java.lang.Object, java.lang.Object, java.lang.Object)'> (0x0000000712472070) 
thrown [./open/src/hotspot/share/interpreter/linkResolver.cpp, line 782]
Event: 0.524 Thread 0x0000025133fe6f30 Exception <a 'java/lang/NoSuchMethodError'{0x0000000712495128}: 'void java.lang.invoke.DirectMethodHandle$Holder.invokeInterface(java.lang.Object, java.lang.Object)'> (0x0000000712495128) 
thrown [./open/src/hotspot/share/interpreter/linkResolver.cpp, line 782]
Event: 0.525 Thread 0x0000025133fe6f30 Exception <a 'java/lang/IncompatibleClassChangeError'{0x00000007124985e0}: Found class java.lang.Object, but interface was expected> (0x00000007124985e0) 
thrown [./open/src/hotspot/share/interpreter/linkResolver.cpp, line 848]
Event: 0.526 Thread 0x0000025133fe6f30 Exception <a 'java/lang/NoSuchMethodError'{0x00000007124ab978}: 'void java.lang.invoke.DirectMethodHandle$Holder.invokeStatic(java.lang.Object, java.lang.Object, java.lang.Object, java.lang.Object)'> (0x00000007124ab978) 
thrown [./open/src/hotspot/share/interpreter/linkResolver.cpp, line 782]
Event: 0.538 Thread 0x0000025133fe6f30 Exception <a 'java/lang/NoSuchMethodError'{0x00000007125a31b0}: 'void java.lang.invoke.DirectMethodHandle$Holder.invokeInterface(java.lang.Object, java.lang.Object, java.lang.Object, java.lang.Object)'> (0x00000007125a31b0) 
thrown [./open/src/hotspot/share/interpreter/linkResolver.cpp, line 782]
Event: 0.538 Thread 0x0000025133fe6f30 Exception <a 'java/lang/IncompatibleClassChangeError'{0x00000007125a6810}: Found class java.lang.Object, but interface was expected> (0x00000007125a6810) 
thrown [./open/src/hotspot/share/interpreter/linkResolver.cpp, line 848]
Event: 0.544 Thread 0x0000025133fe6f30 Exception <a 'java/lang/NoSuchMethodError'{0x0000000712260b00}: 'java.lang.Object java.lang.invoke.Invokers$Holder.invokeExact_MT(java.lang.Object, java.lang.Object, java.lang.Object, java.lang.Object, java.lang.Object, java.lang.Object)'> (0x0000000712260b00) 
thrown [./open/src/hotspot/share/interpreter/linkResolver.cpp, line 782]
Event: 0.555 Thread 0x0000025133fe6f30 Exception <a 'java/lang/NoSuchMethodError'{0x00000007123bd778}: 'int java.lang.invoke.DirectMethodHandle$Holder.invokeStatic(java.lang.Object, java.lang.Object, java.lang.Object, java.lang.Object, java.lang.Object)'> (0x00000007123bd778) 
thrown [./open/src/hotspot/share/interpreter/linkResolver.cpp, line 782]
Event: 0.571 Thread 0x0000025133fe6f30 Exception <a 'java/lang/NoSuchMethodError'{0x0000000712150328}: 'void java.lang.invoke.DirectMethodHandle$Holder.invokeInterface(java.lang.Object, java.lang.Object, java.lang.Object)'> (0x0000000712150328) 
thrown [./open/src/hotspot/share/interpreter/linkResolver.cpp, line 782]
Event: 0.681 Thread 0x0000025133fe6f30 Exception <a 'java/lang/NoSuchMethodError'{0x0000000710f61850}: 'java.lang.Object java.lang.invoke.DirectMethodHandle$Holder.invokeStaticInit(java.lang.Object, int, int, int, int)'> (0x0000000710f61850) 
thrown [./open/src/hotspot/share/interpreter/linkResolver.cpp, line 782]
Event: 0.707 Thread 0x0000025133fe6f30 Exception <a 'java/lang/NoSuchMethodError'{0x0000000710c2d3f0}: 'java.lang.Object java.lang.invoke.DirectMethodHandle$Holder.invokeStaticInit(java.lang.Object, java.lang.Object, int, int, int, int)'> (0x0000000710c2d3f0) 
thrown [./open/src/hotspot/share/interpreter/linkResolver.cpp, line 782]
Event: 0.958 Thread 0x0000025133fe6f30 Implicit null exception at 0x000002513f61466e to 0x000002513f614790
Event: 1.016 Thread 0x0000025133fe6f30 Exception <a 'java/lang/NoSuchMethodError'{0x00000007103220e8}: 'int java.lang.invoke.DirectMethodHandle$Holder.invokeInterface(java.lang.Object, java.lang.Object)'> (0x00000007103220e8) 
thrown [./open/src/hotspot/share/interpreter/linkResolver.cpp, line 782]
Event: 1.016 Thread 0x0000025133fe6f30 Exception <a 'java/lang/IncompatibleClassChangeError'{0x0000000710325848}: Found class java.lang.Object, but interface was expected> (0x0000000710325848) 
thrown [./open/src/hotspot/share/interpreter/linkResolver.cpp, line 848]
Event: 1.135 Thread 0x0000025133fe6f30 Exception <a 'java/lang/NoSuchMethodError'{0x0000000704757548}: 'java.lang.Object java.lang.invoke.DirectMethodHandle$Holder.invokeVirtual(java.lang.Object, java.lang.Object, java.lang.Object)'> (0x0000000704757548) 
thrown [./open/src/hotspot/share/interpreter/linkResolver.cpp, line 782]
Event: 1.303 Thread 0x0000025133fe6f30 Exception <a 'sun/nio/fs/WindowsException'{0x0000000704a40320}> (0x0000000704a40320) 
thrown [./open/src/hotspot/share/prims/jni.cpp, line 578]
Event: 1.312 Thread 0x0000025133fe6f30 Exception <a 'java/lang/NoSuchMethodError'{0x0000000704a8dd68}: 'int java.lang.invoke.DirectMethodHandle$Holder.invokeStaticInit(java.lang.Object, java.lang.Object, java.lang.Object, java.lang.Object)'> (0x0000000704a8dd68) 
thrown [./open/src/hotspot/share/interpreter/linkResolver.cpp, line 782]

Events (20 events):
Event: 372.040 Executing VM operation: GetCurrentLocation done
Event: 372.040 Executing VM operation: ChangeSingleStep
Event: 372.040 Executing VM operation: ChangeSingleStep done
Event: 372.040 Executing VM operation: UpdateForPopTopFrame
Event: 372.040 Executing VM operation: UpdateForPopTopFrame done
Event: 372.040 Executing VM operation: ChangeSingleStep
Event: 372.040 Executing VM operation: ChangeSingleStep done
Event: 372.040 Executing VM operation: GetFrameCount
Event: 372.040 Executing VM operation: GetFrameCount done
Event: 372.040 Executing VM operation: GetStackTrace
Event: 372.040 Executing VM operation: GetStackTrace done
Event: 372.044 Executing VM operation: RedefineClasses
Event: 372.054 Executing VM operation: RedefineClasses done
Event: 372.061 Executing VM operation: ChangeBreakpoints
Event: 372.063 Executing VM operation: ChangeBreakpoints done
Event: 372.074 Executing VM operation: ChangeBreakpoints
Event: 372.075 Executing VM operation: ChangeBreakpoints done
Event: 372.077 Executing VM operation: GetFrameCount
Event: 372.077 Executing VM operation: GetFrameCount done
Event: 372.077 Executing VM operation: GetStackTrace


Dynamic libraries:
0x00007ff7d5e80000 - 0x00007ff7d5e8d000 	C:\Users\Kikine\OneDrive\Documents\mes cours de programmation\programmes\eclipse\plugins\org.eclipse.justj.openjdk.hotspot.jre.full.win32.x86_64_15.0.1.v20201027-0507\jre\bin\javaw.exe
0x00007ffc0cc90000 - 0x00007ffc0ce85000 	C:\WINDOWS\SYSTEM32\ntdll.dll
0x00007ffc0bce0000 - 0x00007ffc0bd9d000 	C:\WINDOWS\System32\KERNEL32.DLL
0x00007ffc0a530000 - 0x00007ffc0a7f9000 	C:\WINDOWS\System32\KERNELBASE.dll
0x00007ffc0a800000 - 0x00007ffc0a900000 	C:\WINDOWS\System32\ucrtbase.dll
0x00007ffc062b0000 - 0x00007ffc062c8000 	C:\Users\Kikine\OneDrive\Documents\mes cours de programmation\programmes\eclipse\plugins\org.eclipse.justj.openjdk.hotspot.jre.full.win32.x86_64_15.0.1.v20201027-0507\jre\bin\jli.dll
0x00007ffc040f0000 - 0x00007ffc04109000 	C:\Users\Kikine\OneDrive\Documents\mes cours de programmation\programmes\eclipse\plugins\org.eclipse.justj.openjdk.hotspot.jre.full.win32.x86_64_15.0.1.v20201027-0507\jre\bin\VCRUNTIME140.dll
0x00007ffc0b830000 - 0x00007ffc0b9d0000 	C:\WINDOWS\System32\USER32.dll
0x00007ffc0aa10000 - 0x00007ffc0aa32000 	C:\WINDOWS\System32\win32u.dll
0x00007ffbf7cc0000 - 0x00007ffbf7f5a000 	C:\WINDOWS\WinSxS\amd64_microsoft.windows.common-controls_6595b64144ccf1df_6.0.19041.844_none_ca00b6081b84eb1d\COMCTL32.dll
0x00007ffc0bc80000 - 0x00007ffc0bcaa000 	C:\WINDOWS\System32\GDI32.dll
0x00007ffc0b5d0000 - 0x00007ffc0b66e000 	C:\WINDOWS\System32\msvcrt.dll
0x00007ffc0ab40000 - 0x00007ffc0ac4b000 	C:\WINDOWS\System32\gdi32full.dll
0x00007ffc0ac50000 - 0x00007ffc0aced000 	C:\WINDOWS\System32\msvcp_win.dll
0x00007ffc0bcb0000 - 0x00007ffc0bce0000 	C:\WINDOWS\System32\IMM32.DLL
0x00007ffc040e0000 - 0x00007ffc040ec000 	C:\Users\Kikine\OneDrive\Documents\mes cours de programmation\programmes\eclipse\plugins\org.eclipse.justj.openjdk.hotspot.jre.full.win32.x86_64_15.0.1.v20201027-0507\jre\bin\vcruntime140_1.dll
0x00007ffbebc90000 - 0x00007ffbebd21000 	C:\Users\Kikine\OneDrive\Documents\mes cours de programmation\programmes\eclipse\plugins\org.eclipse.justj.openjdk.hotspot.jre.full.win32.x86_64_15.0.1.v20201027-0507\jre\bin\msvcp140.dll
0x00007ffba7a70000 - 0x00007ffba85ce000 	C:\Users\Kikine\OneDrive\Documents\mes cours de programmation\programmes\eclipse\plugins\org.eclipse.justj.openjdk.hotspot.jre.full.win32.x86_64_15.0.1.v20201027-0507\jre\bin\server\jvm.dll
0x00007ffc0c970000 - 0x00007ffc0ca1c000 	C:\WINDOWS\System32\ADVAPI32.dll
0x00007ffc0b720000 - 0x00007ffc0b7bc000 	C:\WINDOWS\System32\sechost.dll
0x00007ffc0c840000 - 0x00007ffc0c96b000 	C:\WINDOWS\System32\RPCRT4.dll
0x00007ffc0cc40000 - 0x00007ffc0cc48000 	C:\WINDOWS\System32\PSAPI.DLL
0x00007ffbd3270000 - 0x00007ffbd3279000 	C:\WINDOWS\SYSTEM32\WSOCK32.dll
0x00007ffbfdf70000 - 0x00007ffbfdf97000 	C:\WINDOWS\SYSTEM32\WINMM.dll
0x00007ffc035e0000 - 0x00007ffc035ea000 	C:\WINDOWS\SYSTEM32\VERSION.dll
0x00007ffc0ca20000 - 0x00007ffc0ca8b000 	C:\WINDOWS\System32\WS2_32.dll
0x00007ffc08330000 - 0x00007ffc08342000 	C:\WINDOWS\SYSTEM32\kernel.appcore.dll
0x00007ffc06270000 - 0x00007ffc0627a000 	C:\Users\Kikine\OneDrive\Documents\mes cours de programmation\programmes\eclipse\plugins\org.eclipse.justj.openjdk.hotspot.jre.full.win32.x86_64_15.0.1.v20201027-0507\jre\bin\jimage.dll
0x00007ffbf3870000 - 0x00007ffbf3a54000 	C:\WINDOWS\SYSTEM32\DBGHELP.DLL
0x00007ffbf2770000 - 0x00007ffbf279c000 	C:\WINDOWS\SYSTEM32\dbgcore.DLL
0x00007ffc0aa40000 - 0x00007ffc0aac0000 	C:\WINDOWS\System32\bcryptPrimitives.dll
0x00007ffbe99d0000 - 0x00007ffbe9a09000 	C:\Users\Kikine\OneDrive\Documents\mes cours de programmation\programmes\eclipse\plugins\org.eclipse.justj.openjdk.hotspot.jre.full.win32.x86_64_15.0.1.v20201027-0507\jre\bin\jdwp.dll
0x00007ffc06220000 - 0x00007ffc0622e000 	C:\Users\Kikine\OneDrive\Documents\mes cours de programmation\programmes\eclipse\plugins\org.eclipse.justj.openjdk.hotspot.jre.full.win32.x86_64_15.0.1.v20201027-0507\jre\bin\instrument.dll
0x00007ffc02630000 - 0x00007ffc02655000 	C:\Users\Kikine\OneDrive\Documents\mes cours de programmation\programmes\eclipse\plugins\org.eclipse.justj.openjdk.hotspot.jre.full.win32.x86_64_15.0.1.v20201027-0507\jre\bin\java.dll
0x00007ffbf63f0000 - 0x00007ffbf6408000 	C:\Users\Kikine\OneDrive\Documents\mes cours de programmation\programmes\eclipse\plugins\org.eclipse.justj.openjdk.hotspot.jre.full.win32.x86_64_15.0.1.v20201027-0507\jre\bin\zip.dll
0x00007ffc0acf0000 - 0x00007ffc0b432000 	C:\WINDOWS\System32\SHELL32.dll
0x00007ffc08530000 - 0x00007ffc08cc0000 	C:\WINDOWS\SYSTEM32\windows.storage.dll
0x00007ffc0be80000 - 0x00007ffc0c1d5000 	C:\WINDOWS\System32\combase.dll
0x00007ffc09e40000 - 0x00007ffc09e6c000 	C:\WINDOWS\SYSTEM32\Wldp.dll
0x00007ffc0b670000 - 0x00007ffc0b71e000 	C:\WINDOWS\System32\SHCORE.dll
0x00007ffc0b9e0000 - 0x00007ffc0ba35000 	C:\WINDOWS\System32\shlwapi.dll
0x00007ffc0a310000 - 0x00007ffc0a32f000 	C:\WINDOWS\SYSTEM32\profapi.dll
0x00007ffc04110000 - 0x00007ffc0411b000 	C:\Users\Kikine\OneDrive\Documents\mes cours de programmation\programmes\eclipse\plugins\org.eclipse.justj.openjdk.hotspot.jre.full.win32.x86_64_15.0.1.v20201027-0507\jre\bin\dt_socket.dll
0x00007ffc09860000 - 0x00007ffc0989b000 	C:\WINDOWS\SYSTEM32\IPHLPAPI.DLL
0x00007ffc09bc0000 - 0x00007ffc09c2a000 	C:\WINDOWS\system32\mswsock.dll
0x00007ffc098a0000 - 0x00007ffc0996b000 	C:\WINDOWS\SYSTEM32\DNSAPI.dll
0x00007ffc0b7c0000 - 0x00007ffc0b7c8000 	C:\WINDOWS\System32\NSI.dll
0x00007ffc01c80000 - 0x00007ffc01c8a000 	C:\Windows\System32\rasadhlp.dll
0x00007ffbf6410000 - 0x00007ffbf648f000 	C:\WINDOWS\System32\fwpuclnt.dll
0x00007ffc0ab10000 - 0x00007ffc0ab37000 	C:\WINDOWS\System32\bcrypt.dll
0x00007ffbf63d0000 - 0x00007ffbf63e9000 	C:\Users\Kikine\OneDrive\Documents\mes cours de programmation\programmes\eclipse\plugins\org.eclipse.justj.openjdk.hotspot.jre.full.win32.x86_64_15.0.1.v20201027-0507\jre\bin\net.dll
0x00007ffbfe6e0000 - 0x00007ffbfe7ec000 	C:\WINDOWS\SYSTEM32\WINHTTP.dll
0x00007ffbf63b0000 - 0x00007ffbf63c2000 	C:\Users\Kikine\OneDrive\Documents\mes cours de programmation\programmes\eclipse\plugins\org.eclipse.justj.openjdk.hotspot.jre.full.win32.x86_64_15.0.1.v20201027-0507\jre\bin\nio.dll
0x00007ffc06230000 - 0x00007ffc06240000 	C:\Users\Kikine\OneDrive\Documents\mes cours de programmation\programmes\eclipse\plugins\org.eclipse.justj.openjdk.hotspot.jre.full.win32.x86_64_15.0.1.v20201027-0507\jre\bin\verify.dll
0x00007ffc017d0000 - 0x00007ffc017e7000 	C:\WINDOWS\SYSTEM32\dhcpcsvc6.DLL
0x00007ffc02010000 - 0x00007ffc0202d000 	C:\WINDOWS\SYSTEM32\dhcpcsvc.DLL
0x00007ffc02610000 - 0x00007ffc02619000 	C:\Users\Kikine\OneDrive\Documents\mes cours de programmation\programmes\eclipse\plugins\org.eclipse.justj.openjdk.hotspot.jre.full.win32.x86_64_15.0.1.v20201027-0507\jre\bin\management.dll
0x00007ffbf6230000 - 0x00007ffbf623b000 	C:\Users\Kikine\OneDrive\Documents\mes cours de programmation\programmes\eclipse\plugins\org.eclipse.justj.openjdk.hotspot.jre.full.win32.x86_64_15.0.1.v20201027-0507\jre\bin\management_ext.dll
0x00007ffbeab30000 - 0x00007ffbeab47000 	C:\WINDOWS\system32\napinsp.dll
0x00007ffbeab10000 - 0x00007ffbeab2b000 	C:\WINDOWS\system32\pnrpnsp.dll
0x00007ffc05080000 - 0x00007ffc05095000 	C:\WINDOWS\system32\wshbth.dll
0x00007ffc06160000 - 0x00007ffc0617d000 	C:\WINDOWS\system32\NLAapi.dll
0x00007ffbeaa10000 - 0x00007ffbeaa22000 	C:\WINDOWS\System32\winrnr.dll
0x00007ffc09d90000 - 0x00007ffc09da8000 	C:\WINDOWS\SYSTEM32\CRYPTSP.dll
0x00007ffc094f0000 - 0x00007ffc09524000 	C:\WINDOWS\system32\rsaenh.dll
0x00007ffc0a290000 - 0x00007ffc0a2be000 	C:\WINDOWS\SYSTEM32\USERENV.dll
0x00007ffc09db0000 - 0x00007ffc09dbc000 	C:\WINDOWS\SYSTEM32\CRYPTBASE.dll
0x00007ffc02670000 - 0x00007ffc0267d000 	C:\Users\Kikine\OneDrive\Documents\mes cours de programmation\programmes\eclipse\plugins\org.eclipse.justj.openjdk.hotspot.jre.full.win32.x86_64_15.0.1.v20201027-0507\jre\bin\sunmscapi.dll
0x00007ffc0a3d0000 - 0x00007ffc0a52f000 	C:\WINDOWS\System32\CRYPT32.dll
0x00007ffc09eb0000 - 0x00007ffc09ed7000 	C:\WINDOWS\SYSTEM32\ncrypt.dll
0x00007ffc09e70000 - 0x00007ffc09eab000 	C:\WINDOWS\SYSTEM32\NTASN1.dll

dbghelp: loaded successfully - version: 4.0.5 - missing functions: none
symbol engine: initialized successfully - sym options: 0x614 - pdb path: .;C:\Users\Kikine\OneDrive\Documents\mes cours de programmation\programmes\eclipse\plugins\org.eclipse.justj.openjdk.hotspot.jre.full.win32.x86_64_15.0.1.v20201027-0507\jre\bin;C:\WINDOWS\SYSTEM32;C:\WINDOWS\WinSxS\amd64_microsoft.windows.common-controls_6595b64144ccf1df_6.0.19041.844_none_ca00b6081b84eb1d;C:\Users\Kikine\OneDrive\Documents\mes cours de programmation\programmes\eclipse\plugins\org.eclipse.justj.openjdk.hotspot.jre.full.win32.x86_64_15.0.1.v20201027-0507\jre\bin\server

VM Arguments:
jvm_args: -XX:+ShowCodeDetailsInExceptionMessages -agentlib:jdwp=transport=dt_socket,suspend=y,address=localhost:62464 -ea -javaagent:C:\Users\Kikine\OneDrive\Documents\mes cours de programmation\programmes\eclipse\configuration\org.eclipse.osgi\405\0\.cp\lib\javaagent-shaded.jar -Dfile.encoding=UTF-8 
java_command: org.eclipse.jdt.internal.junit.runner.RemoteTestRunner -version 3 -port 62463 -testLoaderClass org.eclipse.jdt.internal.junit5.runner.JUnit5TestLoader -loaderpluginname org.eclipse.jdt.junit5.runtime -test com.parkit.parkingsytem.dao.TicketDAOTest:TestingSavedTicketInTicketDAO
java_class_path (initial): C:\Users\Kikine\eclipse-workspace\MoveIt\target\test-classes;C:\Users\Kikine\eclipse-workspace\MoveIt\target\classes;C:\Users\Kikine\.m2\repository\org\apache\logging\log4j\log4j-api\2.12.1\log4j-api-2.12.1.jar;C:\Users\Kikine\.m2\repository\org\apache\logging\log4j\log4j-core\2.12.1\log4j-core-2.12.1.jar;C:\Users\Kikine\.m2\repository\mysql\mysql-connector-java\8.0.17\mysql-connector-java-8.0.17.jar;C:\Users\Kikine\.m2\repository\com\google\protobuf\protobuf-java\3.6.1\protobuf-java-3.6.1.jar;C:\Users\Kikine\.m2\repository\org\junit\jupiter\junit-jupiter-api\5.3.2\junit-jupiter-api-5.3.2.jar;C:\Users\Kikine\.m2\repository\org\apiguardian\apiguardian-api\1.0.0\apiguardian-api-1.0.0.jar;C:\Users\Kikine\.m2\repository\org\opentest4j\opentest4j\1.1.1\opentest4j-1.1.1.jar;C:\Users\Kikine\.m2\repository\org\junit\platform\junit-platform-commons\1.3.2\junit-platform-commons-1.3.2.jar;C:\Users\Kikine\.m2\repository\org\junit\jupiter\junit-jupiter-engine\5.3.2\junit-jupiter-engine-5.3.2.jar;C:\Users\Kikine\.m2\repository\org\junit\platform\junit-platform-engine\1.3.2\junit-platform-engine-1.3.2.jar;C:\Users\Kikine\.m2\repository\org\mockito\mockito-junit-jupiter\2.23.4\mockito-junit-jupiter-2.23.4.jar;C:\Users\Kikine\.m2\repository\org\mockito\mockito-core\2.23.4\mockito-core-2.23.4.jar;C:\Users\Kikine\.m2\repository\net\bytebuddy\byte-buddy\1.9.3\byte-buddy-1.9.3.jar;C:\Users\Kikine\.m2\repository\net\bytebuddy\byte-buddy-agent\1.9.3\byte-buddy-agent-1.9.3.jar;C:\Users\Kikine\.m2\repository\org\objenesis\objenesis\2.6\objenesis-2.6.jar;C:\Users\Kikine\.m2\repository\org\assertj\assertj-core\3.13.2\assertj-core-3.13.2.jar;C:\Users\Kikine\.m2\repository\org\jacoco\jacoco-maven-plugin\0.8.5\jacoco-maven-plugin-0.8.5.jar;C:\Users\Kikine\.m2\repository\org\apache\maven\maven-plugin-api\3.0\maven-plugin-api-3.0.jar;C:\Users\Kikine\.m2\repository\org\sonatype\sisu\sisu-inject-plexus\1.4.2\sisu-inject-plexus-1.4.2.jar;C:\Users\Kikine\.m2\repository\org
Launcher Type: SUN_STANDARD

[Global flags]
     intx CICompilerCount                          = 12                                        {product} {ergonomic}
     uint ConcGCThreads                            = 3                                         {product} {ergonomic}
     uint G1ConcRefinementThreads                  = 13                                        {product} {ergonomic}
   size_t G1HeapRegionSize                         = 2097152                                   {product} {ergonomic}
    uintx GCDrainStackTargetSize                   = 64                                        {product} {ergonomic}
   size_t InitialHeapSize                          = 266338304                                 {product} {ergonomic}
   size_t MarkStackSize                            = 4194304                                   {product} {ergonomic}
   size_t MaxHeapSize                              = 4248829952                                {product} {ergonomic}
   size_t MaxNewSize                               = 2548039680                                {product} {ergonomic}
   size_t MinHeapDeltaBytes                        = 2097152                                   {product} {ergonomic}
   size_t MinHeapSize                              = 8388608                                   {product} {ergonomic}
    uintx NonNMethodCodeHeapSize                   = 7602480                                {pd product} {ergonomic}
    uintx NonProfiledCodeHeapSize                  = 122027880                              {pd product} {ergonomic}
    uintx ProfiledCodeHeapSize                     = 122027880                              {pd product} {ergonomic}
    uintx ReservedCodeCacheSize                    = 251658240                              {pd product} {ergonomic}
     bool SegmentedCodeCache                       = true                                      {product} {ergonomic}
     bool ShowCodeDetailsInExceptionMessages       = true                                   {manageable} {command line}
   size_t SoftMaxHeapSize                          = 4248829952                             {manageable} {ergonomic}
     bool UseCompressedClassPointers               = true                                 {lp64_product} {ergonomic}
     bool UseCompressedOops                        = true                                 {lp64_product} {ergonomic}
     bool UseG1GC                                  = true                                      {product} {ergonomic}
     bool UseLargePagesIndividualAllocation        = false                                  {pd product} {ergonomic}

Logging:
Log output configuration:
 #0: stdout all=warning uptime,level,tags
 #1: stderr all=off uptime,level,tags

Environment Variables:
JAVA_HOME=C:\Program Files\Java\jdk1.8.0_281
PATH=C:\Users\Kikine\OneDrive\Documents\mes cours de programmation\programmes\eclipse\plugins\org.eclipse.justj.openjdk.hotspot.jre.full.win32.x86_64_15.0.1.v20201027-0507\jre\bin;C:/Users/Kikine/OneDrive/Documents/mes cours de programmation/programmes/eclipse//plugins/org.eclipse.justj.openjdk.hotspot.jre.full.win32.x86_64_15.0.1.v20201027-0507/jre/bin/server;C:/Users/Kikine/OneDrive/Documents/mes cours de programmation/programmes/eclipse//plugins/org.eclipse.justj.openjdk.hotspot.jre.full.win32.x86_64_15.0.1.v20201027-0507/jre/bin;C:\Program Files\Common Files\Oracle\Java\javapath;C:\Program Files (x86)\Common Files\Oracle\Java\javapath;C:\Windows\system32;C:\Windows;C:\Windows\System32\Wbem;C:\Windows\System32\WindowsPowerShell\v1.0\;C:\Windows\System32\OpenSSH\;C:\Program Files (x86)\NVIDIA Corporation\PhysX\Common;C:\Program Files\NVIDIA Corporation\NVIDIA NvDLISR;C:\Program Files\nodejs\;C:\Program Files\Microsoft SQL Server\120\Tools\Binn\;C:\Program Files\Common Files\Autodesk Shared\;C:\WINDOWS\system32;C:\WINDOWS;C:\WINDOWS\System32\Wbem;C:\WINDOWS\System32\WindowsPowerShell\v1.0\;C:\WINDOWS\System32\OpenSSH\;C:\Program Files\Git\cmd;C:\Program Files\dotnet\;C:\Program Files\Microsoft SQL Server\130\Tools\Binn\;C:\Program Files\Microsoft SQL Server\Client SDK\ODBC\170\Tools\Binn\;C:\apache-maven-3.6.3\bin;C:\Program Files\Java\jdk1.8.0_281\bin;C:\Program Files\Java\jre1.8.0_281\bin;C:\Program Files\MySQL\MySQL Shell 8.0\bin\;C:\Users\Kikine\AppData\Local\Microsoft\WindowsApps;C:\Users\Kikine\AppData\Roaming\npm;C:\Users\Kikine\AppData\Local\Programs\Microsoft VS Code\bin;C:\Users\Kikine\.dotnet\tools;;C:\Users\Kikine\OneDrive\Documents\mes cours de programmation\programmes\eclipse;
USERNAME=Kikine
OS=Windows_NT
PROCESSOR_IDENTIFIER=Intel64 Family 6 Model 165 Stepping 2, GenuineIntel



---------------  S Y S T E M  ---------------

OS:
 Windows 10 , 64 bit Build 19041 (10.0.19041.804)
OS uptime: 2 days 18:20 hours

CPU: total 16 (initial active 16) (8 cores per cpu, 2 threads per core) family 6 model 165 stepping 2 microcode 0xe0, cmov, cx8, fxsr, mmx, sse, sse2, sse3, ssse3, sse4.1, sse4.2, popcnt, vzeroupper, avx, avx2, aes, clmul, erms, 3dnowpref, lzcnt, ht, tsc, tscinvbit, bmi1, bmi2, adx, fma, clflush, clflushopt

Memory: 4k page, system-wide physical 16203M (6387M free)
TotalPageFile size 31563M (AvailPageFile size 13001M)
current process WorkingSet (physical memory assigned to process): 129M, peak: 225M
current process commit charge ("private bytes"): 183M, peak: 427M

vm_info: OpenJDK 64-Bit Server VM (15.0.1+9-18) for windows-amd64 JRE (15.0.1+9-18), built on Sep 15 2020 14:39:31 by "mach5one" with unknown MS VC++:1925

END.
