#
# A fatal error has been detected by the Java Runtime Environment:
#
#  Internal Error (./open/src/hotspot/share/interpreter/oopMapCache.cpp:111), pid=23388, tid=23720
#  Error: ShouldNotReachHere()
#
# JRE version: OpenJDK Runtime Environment (15.0.1+9) (build 15.0.1+9-18)
# Java VM: OpenJDK 64-Bit Server VM (15.0.1+9-18, mixed mode, tiered, compressed oops, g1 gc, windows-amd64)
# No core dump will be written. Minidumps are not enabled by default on client versions of Windows
#
# If you would like to submit a bug report, please visit:
#   https://bugreport.java.com/bugreport/crash.jsp
#

---------------  S U M M A R Y ------------

Command Line: -XX:+ShowCodeDetailsInExceptionMessages -agentlib:jdwp=transport=dt_socket,suspend=y,address=localhost:65017 -ea -javaagent:C:\Users\Kikine\OneDrive\Documents\mes cours de programmation\programmes\eclipse\configuration\org.eclipse.osgi\405\0\.cp\lib\javaagent-shaded.jar -Dfile.encoding=UTF-8 org.eclipse.jdt.internal.junit.runner.RemoteTestRunner -version 3 -port 65016 -testLoaderClass org.eclipse.jdt.internal.junit5.runner.JUnit5TestLoader -loaderpluginname org.eclipse.jdt.junit5.runtime -classNames com.parkit.parkingsystem.InteractiveShellTest

Host: Intel(R) Core(TM) i7-10875H CPU @ 2.30GHz, 16 cores, 15G,  Windows 10 , 64 bit Build 19041 (10.0.19041.804)
Time: Thu Apr  8 16:24:00 2021 Paris, Madrid (heure d’été) elapsed time: 64.677439 seconds (0d 0h 1m 4s)

---------------  T H R E A D  ---------------

Current thread (0x00000219204586f0):  JavaThread "JDWP Transport Listener: dt_socket" daemon [_thread_in_vm, id=23720, stack(0x0000005a45400000,0x0000005a45500000)] _threads_hazard_ptr=0x0000021920c794a0

Stack: [0x0000005a45400000,0x0000005a45500000]
Native frames: (J=compiled Java code, j=interpreted, Vv=VM code, C=native code)
V  [jvm.dll+0x62ae9a]
V  [jvm.dll+0x781389]
V  [jvm.dll+0x782ae3]
V  [jvm.dll+0x7830f7]
V  [jvm.dll+0x2161cc]
V  [jvm.dll+0x216113]
V  [jvm.dll+0x619caa]
V  [jvm.dll+0x619963]
V  [jvm.dll+0x5df038]
V  [jvm.dll+0x7783ef]
V  [jvm.dll+0x4f04b1]
V  [jvm.dll+0x787e95]
V  [jvm.dll+0x4d430a]
V  [jvm.dll+0x49548b]
C  [jdwp.dll+0x796b]


---------------  P R O C E S S  ---------------

Threads class SMR info:
_java_thread_list=0x0000021920c794a0, length=15, elements={
0x000002190003ab90, 0x000002191f8ba390, 0x000002191f8bae70, 0x0000021920198000,
0x000002192019a8d0, 0x000002192019b190, 0x000002192019bf30, 0x000002192014f3f0,
0x0000021920150cf0, 0x00000219202f7c30, 0x00000219204586f0, 0x0000021920449010,
0x00000219204552d0, 0x0000021920b66e30, 0x0000021920cceeb0
}

Java Threads: ( => current thread )
  0x000002190003ab90 JavaThread "main" [_thread_blocked, id=19972, stack(0x0000005a44100000,0x0000005a44200000)]
  0x000002191f8ba390 JavaThread "Reference Handler" daemon [_thread_blocked, id=21760, stack(0x0000005a44800000,0x0000005a44900000)]
  0x000002191f8bae70 JavaThread "Finalizer" daemon [_thread_blocked, id=8900, stack(0x0000005a44900000,0x0000005a44a00000)]
  0x0000021920198000 JavaThread "Signal Dispatcher" daemon [_thread_blocked, id=7080, stack(0x0000005a44a00000,0x0000005a44b00000)]
  0x000002192019a8d0 JavaThread "Attach Listener" daemon [_thread_blocked, id=24476, stack(0x0000005a44b00000,0x0000005a44c00000)]
  0x000002192019b190 JavaThread "Service Thread" daemon [_thread_blocked, id=13808, stack(0x0000005a44c00000,0x0000005a44d00000)]
  0x000002192019bf30 JavaThread "C2 CompilerThread0" daemon [_thread_blocked, id=10896, stack(0x0000005a44d00000,0x0000005a44e00000)]
  0x000002192014f3f0 JavaThread "C1 CompilerThread0" daemon [_thread_blocked, id=5952, stack(0x0000005a44e00000,0x0000005a44f00000)]
  0x0000021920150cf0 JavaThread "Sweeper thread" daemon [_thread_blocked, id=26128, stack(0x0000005a44f00000,0x0000005a45000000)]
  0x00000219202f7c30 JavaThread "Common-Cleaner" daemon [_thread_blocked, id=24496, stack(0x0000005a45000000,0x0000005a45100000)]
=>0x00000219204586f0 JavaThread "JDWP Transport Listener: dt_socket" daemon [_thread_in_vm, id=23720, stack(0x0000005a45400000,0x0000005a45500000)] _threads_hazard_ptr=0x0000021920c794a0
  0x0000021920449010 JavaThread "JDWP Event Helper Thread" daemon [_thread_blocked, id=19460, stack(0x0000005a45500000,0x0000005a45600000)]
  0x00000219204552d0 JavaThread "JDWP Command Reader" daemon [_thread_in_native, id=23880, stack(0x0000005a45600000,0x0000005a45700000)]
  0x0000021920b66e30 JavaThread "Notification Thread" daemon [_thread_blocked, id=1464, stack(0x0000005a45700000,0x0000005a45800000)]
  0x0000021920cceeb0 JavaThread "ReaderThread" [_thread_in_native, id=23084, stack(0x0000005a45900000,0x0000005a45a00000)]

Other Threads:
  0x000002191f8a3520 VMThread "VM Thread" [stack: 0x0000005a44700000,0x0000005a44800000] [id=23592]
  0x0000021920b0a790 WatcherThread [stack: 0x0000005a45800000,0x0000005a45900000] [id=26556]
  0x0000021900089ba0 GCTaskThread "GC Thread#0" [stack: 0x0000005a44200000,0x0000005a44300000] [id=23604]
  0x000002192043fa20 GCTaskThread "GC Thread#1" [stack: 0x0000005a45b00000,0x0000005a45c00000] [id=9160]
  0x000002192043f3c0 GCTaskThread "GC Thread#2" [stack: 0x0000005a45c00000,0x0000005a45d00000] [id=12020]
  0x00000219204413a0 GCTaskThread "GC Thread#3" [stack: 0x0000005a45d00000,0x0000005a45e00000] [id=26348]
  0x0000021920442390 GCTaskThread "GC Thread#4" [stack: 0x0000005a45e00000,0x0000005a45f00000] [id=24836]
  0x000002192043fd50 GCTaskThread "GC Thread#5" [stack: 0x0000005a45f00000,0x0000005a46000000] [id=22520]
  0x000002190009aac0 ConcurrentGCThread "G1 Main Marker" [stack: 0x0000005a44300000,0x0000005a44400000] [id=18536]
  0x000002190009bde0 ConcurrentGCThread "G1 Conc#0" [stack: 0x0000005a44400000,0x0000005a44500000] [id=12048]
  0x0000021920440d40 ConcurrentGCThread "G1 Conc#1" [stack: 0x0000005a46300000,0x0000005a46400000] [id=22372]
  0x0000021920441a00 ConcurrentGCThread "G1 Conc#2" [stack: 0x0000005a46400000,0x0000005a46500000] [id=1532]
  0x00000219000fe8e0 ConcurrentGCThread "G1 Refine#0" [stack: 0x0000005a44500000,0x0000005a44600000] [id=13564]
  0x000002191f74aa60 ConcurrentGCThread "G1 Young RemSet Sampling" [stack: 0x0000005a44600000,0x0000005a44700000] [id=24820]

Threads with active compile tasks:

VM state: not at safepoint (normal execution)

VM Mutex/Monitor currently owned by a thread: None

Heap address: 0x0000000702c00000, size: 4052 MB, Compressed Oops mode: Zero based, Oop shift amount: 3
CDS disabled.
Compressed class space mapped at: 0x0000000800000000-0x0000000840000000, size: 1073741824
Narrow klass base: 0x0000000800000000, Narrow klass shift: 0, Narrow klass range: 0x40000000

GC Precious Log:
 CPUs: 16 total, 16 available
 Memory: 16203M
 Large Page Support: Disabled
 NUMA Support: Disabled
 Compressed Oops: Enabled (Zero based)
 Heap Region Size: 2M
 Heap Min Capacity: 8M
 Heap Initial Capacity: 254M
 Heap Max Capacity: 4052M
 Pre-touch: Disabled
 Parallel Workers: 13
 Concurrent Workers: 3
 Concurrent Refinement Workers: 13
 Periodic GC: Disabled

Heap:
 garbage-first heap   total 43008K, used 22537K [0x0000000702c00000, 0x0000000800000000)
  region size 2048K, 9 young (18432K), 1 survivors (2048K)
 Metaspace       used 27151K, capacity 27459K, committed 27772K, reserved 1073152K
  class space    used 3268K, capacity 3389K, committed 3452K, reserved 1048576K

Heap Regions: E=young(eden), S=young(survivor), O=old, HS=humongous(starts), HC=humongous(continues), CS=collection set, F=free, OA=open archive, CA=closed archive, TAMS=top-at-mark-start (previous, next)
|   0|0x0000000702c00000, 0x0000000702e00000, 0x0000000702e00000|100%| O|  |TAMS 0x0000000702e00000, 0x0000000702c00000| Untracked 
|   1|0x0000000702e00000, 0x0000000703000000, 0x0000000703000000|100%| O|  |TAMS 0x0000000703000000, 0x0000000702e00000| Untracked 
|   2|0x0000000703000000, 0x0000000703072600, 0x0000000703200000| 22%| O|  |TAMS 0x0000000703072600, 0x0000000703000000| Untracked 
|   3|0x0000000703200000, 0x0000000703400000, 0x0000000703400000|100%| O|  |TAMS 0x0000000703200000, 0x0000000703200000| Untracked 
|   4|0x0000000703400000, 0x0000000703400000, 0x0000000703600000|  0%| F|  |TAMS 0x0000000703400000, 0x0000000703400000| Untracked 
|   5|0x0000000703600000, 0x0000000703615c00, 0x0000000703800000|  4%| O|  |TAMS 0x0000000703600000, 0x0000000703600000| Untracked 
|   6|0x0000000703800000, 0x0000000703800000, 0x0000000703a00000|  0%| F|  |TAMS 0x0000000703800000, 0x0000000703800000| Untracked 
|   7|0x0000000703a00000, 0x0000000703a00000, 0x0000000703c00000|  0%| F|  |TAMS 0x0000000703a00000, 0x0000000703a00000| Untracked 
|   8|0x0000000703c00000, 0x0000000703c00000, 0x0000000703e00000|  0%| F|  |TAMS 0x0000000703c00000, 0x0000000703c00000| Untracked 
|   9|0x0000000703e00000, 0x0000000703e00000, 0x0000000704000000|  0%| F|  |TAMS 0x0000000703e00000, 0x0000000703e00000| Untracked 
|  10|0x0000000704000000, 0x000000070417a460, 0x0000000704200000| 73%| S|CS|TAMS 0x0000000704000000, 0x0000000704000000| Complete 
|  11|0x0000000704200000, 0x0000000704200000, 0x0000000704400000|  0%| F|  |TAMS 0x0000000704200000, 0x0000000704200000| Untracked 
|  12|0x0000000704400000, 0x0000000704400000, 0x0000000704600000|  0%| F|  |TAMS 0x0000000704400000, 0x0000000704400000| Untracked 
|  13|0x0000000704600000, 0x000000070462f238, 0x0000000704800000|  9%| E|  |TAMS 0x0000000704600000, 0x0000000704600000| Complete 
|  14|0x0000000704800000, 0x0000000704a00000, 0x0000000704a00000|100%| E|CS|TAMS 0x0000000704800000, 0x0000000704800000| Complete 
|  15|0x0000000704a00000, 0x0000000704c00000, 0x0000000704c00000|100%| E|CS|TAMS 0x0000000704a00000, 0x0000000704a00000| Complete 
|  16|0x0000000704c00000, 0x0000000704e00000, 0x0000000704e00000|100%| E|CS|TAMS 0x0000000704c00000, 0x0000000704c00000| Complete 
|  17|0x0000000704e00000, 0x0000000705000000, 0x0000000705000000|100%| E|CS|TAMS 0x0000000704e00000, 0x0000000704e00000| Complete 
| 103|0x000000070fa00000, 0x000000070fc00000, 0x000000070fc00000|100%| E|CS|TAMS 0x000000070fa00000, 0x000000070fa00000| Complete 
| 104|0x000000070fc00000, 0x000000070fe00000, 0x000000070fe00000|100%| E|CS|TAMS 0x000000070fc00000, 0x000000070fc00000| Complete 
| 126|0x0000000712800000, 0x0000000712a00000, 0x0000000712a00000|100%| E|CS|TAMS 0x0000000712800000, 0x0000000712800000| Complete 

Card table byte_map: [0x00000219139a0000,0x0000021914190000] _byte_map_base: 0x000002191018a000

Marking Bits (Prev, Next): (CMBitMap*) 0x000002190008a360, (CMBitMap*) 0x000002190008a320
 Prev Bits: [0x00000219188d0000, 0x000002191c820000)
 Next Bits: [0x0000021914980000, 0x00000219188d0000)

Polling page: 0x000002197df30000

Metaspace:

Usage:
  Non-class:     23.51 MB capacity,    23.32 MB (>99%) used,   154.40 KB ( <1%) free+waste,    33.06 KB ( <1%) overhead. 
      Class:      3.31 MB capacity,     3.19 MB ( 96%) used,   107.49 KB (  3%) free+waste,    12.75 KB ( <1%) overhead. 
       Both:     26.82 MB capacity,    26.51 MB ( 99%) used,   261.89 KB ( <1%) free+waste,    45.81 KB ( <1%) overhead. 

Virtual space:
  Non-class space:       24.00 MB reserved,      23.75 MB ( 99%) committed 
      Class space:        1.00 GB reserved,       3.37 MB ( <1%) committed 
             Both:        1.02 GB reserved,      27.12 MB (  3%) committed 

Chunk freelists:
   Non-Class:  58.00 KB
       Class:  3.00 KB
        Both:  61.00 KB

MaxMetaspaceSize: 17179869184.00 GB
CompressedClassSpaceSize: 1.00 GB

CodeHeap 'non-profiled nmethods': size=119168Kb used=1702Kb max_used=1702Kb free=117465Kb
 bounds [0x000002190b5e0000, 0x000002190b850000, 0x0000021912a40000]
CodeHeap 'profiled nmethods': size=119104Kb used=5476Kb max_used=5476Kb free=113627Kb
 bounds [0x0000021904190000, 0x00000219046f0000, 0x000002190b5e0000]
CodeHeap 'non-nmethods': size=7488Kb used=1315Kb max_used=3101Kb free=6173Kb
 bounds [0x0000021903a40000, 0x0000021903d60000, 0x0000021904190000]
 total_blobs=3233 nmethods=2736 adapters=409
 compilation: enabled
              stopped_count=0, restarted_count=0
 full_count=0

Compilation events (20 events):
Event: 1.501 Thread 0x00000219203739e0 2730       3       net.bytebuddy.description.method.MethodDescription$AbstractBase::getStackSize (28 bytes)
Event: 1.501 Thread 0x0000021922f24610 nmethod 2729 0x000002190b75e310 code [0x000002190b75e480, 0x000002190b75e4f8]
Event: 1.501 Thread 0x00000219203739e0 nmethod 2730 0x00000219046e5090 code [0x00000219046e5280, 0x00000219046e5898]
Event: 1.502 Thread 0x00000219203739e0 2731       3       net.bytebuddy.description.method.MethodDescription$SignatureToken::<init> (20 bytes)
Event: 1.502 Thread 0x00000219203739e0 nmethod 2731 0x00000219046e5a10 code [0x00000219046e5bc0, 0x00000219046e5e58]
Event: 1.502 Thread 0x00000219203739e0 2732       1       net.bytebuddy.implementation.Implementation$Context$Default$CacheValueField::getType (5 bytes)
Event: 1.502 Thread 0x00000219203739e0 nmethod 2732 0x000002190b75e610 code [0x000002190b75e7a0, 0x000002190b75e858]
Event: 1.502 Thread 0x00000219203739e0 2733       1       net.bytebuddy.implementation.bytecode.StackManipulation$Size::getMaximalSize (5 bytes)
Event: 1.502 Thread 0x00000219203739e0 nmethod 2733 0x000002190b75e910 code [0x000002190b75eaa0, 0x000002190b75eb58]
Event: 1.502 Thread 0x00000219203739e0 2734       3       net.bytebuddy.description.type.TypeList$Generic$AbstractBase::asRawTypes (61 bytes)
Event: 1.502 Thread 0x0000021920376e00 2735       1       net.bytebuddy.implementation.Implementation$Context$Default$DelegationRecord::getMethod (5 bytes)
Event: 1.502 Thread 0x0000021920376e00 nmethod 2735 0x000002190b75ec10 code [0x000002190b75eda0, 0x000002190b75ee58]
Event: 1.502 Thread 0x0000021920376e00 2736       3       net.bytebuddy.description.type.TypeList$Generic$AbstractBase::getStackSize (43 bytes)
Event: 1.502 Thread 0x0000021920376e00 nmethod 2736 0x00000219046e5f10 code [0x00000219046e6120, 0x00000219046e6a48]
Event: 1.502 Thread 0x00000219203739e0 nmethod 2734 0x00000219046e6d10 code [0x00000219046e6fe0, 0x00000219046e8308]
Event: 1.502 Thread 0x0000021920407b20 nmethod 2689 0x000002190b75ef10 code [0x000002190b75f100, 0x000002190b75f9c8]
Event: 1.511 Thread 0x0000021920376e00 2737       3       java.lang.String::indexOf (64 bytes)
Event: 1.511 Thread 0x0000021920376e00 nmethod 2737 0x00000219046e8990 code [0x00000219046e8b80, 0x00000219046e9028]
Event: 1.589 Thread 0x0000021921557010 nmethod 2448 0x000002190b75ff90 code [0x000002190b7603e0, 0x000002190b7688f0]
Event: 1.785 Thread 0x0000021923083640 nmethod 2192 0x000002190b76ca10 code [0x000002190b76d1a0, 0x000002190b781a48]

GC Heap History (10 events):
Event: 0.470 GC heap before
{Heap before GC invocations=0 (full 0):
 garbage-first heap   total 260096K, used 20480K [0x0000000702c00000, 0x0000000800000000)
  region size 2048K, 11 young (22528K), 0 survivors (0K)
 Metaspace       used 12038K, capacity 12256K, committed 12416K, reserved 1060864K
  class space    used 1068K, capacity 1119K, committed 1152K, reserved 1048576K
}
Event: 0.472 GC heap after
{Heap after GC invocations=1 (full 0):
 garbage-first heap   total 260096K, used 4707K [0x0000000702c00000, 0x0000000800000000)
  region size 2048K, 2 young (4096K), 2 survivors (4096K)
 Metaspace       used 12038K, capacity 12256K, committed 12416K, reserved 1060864K
  class space    used 1068K, capacity 1119K, committed 1152K, reserved 1048576K
}
Event: 0.714 GC heap before
{Heap before GC invocations=1 (full 0):
 garbage-first heap   total 260096K, used 31331K [0x0000000702c00000, 0x0000000800000000)
  region size 2048K, 15 young (30720K), 2 survivors (4096K)
 Metaspace       used 15933K, capacity 16090K, committed 16256K, reserved 1064960K
  class space    used 1585K, capacity 1629K, committed 1664K, reserved 1048576K
}
Event: 0.717 GC heap after
{Heap after GC invocations=2 (full 0):
 garbage-first heap   total 260096K, used 5465K [0x0000000702c00000, 0x0000000800000000)
  region size 2048K, 1 young (2048K), 1 survivors (2048K)
 Metaspace       used 15933K, capacity 16090K, committed 16256K, reserved 1064960K
  class space    used 1585K, capacity 1629K, committed 1664K, reserved 1048576K
}
Event: 1.052 GC heap before
{Heap before GC invocations=2 (full 0):
 garbage-first heap   total 260096K, used 46425K [0x0000000702c00000, 0x0000000800000000)
  region size 2048K, 22 young (45056K), 1 survivors (2048K)
 Metaspace       used 21049K, capacity 21229K, committed 21248K, reserved 1069056K
  class space    used 2222K, capacity 2289K, committed 2304K, reserved 1048576K
}
Event: 1.054 GC heap after
{Heap after GC invocations=3 (full 0):
 garbage-first heap   total 260096K, used 6781K [0x0000000702c00000, 0x0000000800000000)
  region size 2048K, 2 young (4096K), 2 survivors (4096K)
 Metaspace       used 21049K, capacity 21229K, committed 21248K, reserved 1069056K
  class space    used 2222K, capacity 2289K, committed 2304K, reserved 1048576K
}
Event: 1.264 GC heap before
{Heap before GC invocations=4 (full 0):
 garbage-first heap   total 40960K, used 33405K [0x0000000702c00000, 0x0000000800000000)
  region size 2048K, 15 young (30720K), 2 survivors (4096K)
 Metaspace       used 24355K, capacity 24559K, committed 24700K, reserved 1071104K
  class space    used 2787K, capacity 2860K, committed 2940K, reserved 1048576K
}
Event: 1.267 GC heap after
{Heap after GC invocations=5 (full 0):
 garbage-first heap   total 43008K, used 7721K [0x0000000702c00000, 0x0000000800000000)
  region size 2048K, 2 young (4096K), 2 survivors (4096K)
 Metaspace       used 24355K, capacity 24559K, committed 24700K, reserved 1071104K
  class space    used 2787K, capacity 2860K, committed 2940K, reserved 1048576K
}
Event: 1.396 GC heap before
{Heap before GC invocations=5 (full 0):
 garbage-first heap   total 43008K, used 26153K [0x0000000702c00000, 0x0000000800000000)
  region size 2048K, 11 young (22528K), 2 survivors (4096K)
 Metaspace       used 25863K, capacity 26133K, committed 26236K, reserved 1073152K
  class space    used 3066K, capacity 3149K, committed 3196K, reserved 1048576K
}
Event: 1.399 GC heap after
{Heap after GC invocations=6 (full 0):
 garbage-first heap   total 43008K, used 8201K [0x0000000702c00000, 0x0000000800000000)
  region size 2048K, 1 young (2048K), 1 survivors (2048K)
 Metaspace       used 25863K, capacity 26133K, committed 26236K, reserved 1073152K
  class space    used 3066K, capacity 3149K, committed 3196K, reserved 1048576K
}

Deoptimization events (20 events):
Event: 1.491 Thread 0x000002190003ab90 Uncommon trap: trap_request=0xffffff45 fr.pc=0x000002190b617a0c relative=0x00000000000005cc
Event: 1.491 Thread 0x000002190003ab90 Uncommon trap: reason=unstable_if action=reinterpret pc=0x000002190b617a0c method=java.lang.AbstractStringBuilder.putStringAt(ILjava/lang/String;)V @ 8 c2
Event: 1.491 Thread 0x000002190003ab90 DEOPT PACKING pc=0x000002190b617a0c sp=0x0000005a441fcb00
Event: 1.491 Thread 0x000002190003ab90 DEOPT UNPACKING pc=0x0000021903a8e42f sp=0x0000005a441fca38 mode 2
Event: 1.491 Thread 0x000002190003ab90 Uncommon trap: trap_request=0xffffff45 fr.pc=0x000002190b616c80 relative=0x00000000000005c0
Event: 1.491 Thread 0x000002190003ab90 Uncommon trap: reason=unstable_if action=reinterpret pc=0x000002190b616c80 method=java.lang.AbstractStringBuilder.putStringAt(ILjava/lang/String;)V @ 8 c2
Event: 1.491 Thread 0x000002190003ab90 DEOPT PACKING pc=0x000002190b616c80 sp=0x0000005a441fcaa0
Event: 1.491 Thread 0x000002190003ab90 DEOPT UNPACKING pc=0x0000021903a8e42f sp=0x0000005a441fca30 mode 2
Event: 1.491 Thread 0x000002190003ab90 Uncommon trap: trap_request=0xffffff45 fr.pc=0x000002190b5f72dc relative=0x000000000000005c
Event: 1.491 Thread 0x000002190003ab90 Uncommon trap: reason=unstable_if action=reinterpret pc=0x000002190b5f72dc method=java.lang.AbstractStringBuilder.isLatin1()Z @ 10 c2
Event: 1.491 Thread 0x000002190003ab90 DEOPT PACKING pc=0x000002190b5f72dc sp=0x0000005a441fc9c0
Event: 1.491 Thread 0x000002190003ab90 DEOPT UNPACKING pc=0x0000021903a8e42f sp=0x0000005a441fc960 mode 2
Event: 1.491 Thread 0x000002190003ab90 Uncommon trap: trap_request=0xffffff45 fr.pc=0x000002190b615a0c relative=0x000000000000016c
Event: 1.491 Thread 0x000002190003ab90 Uncommon trap: reason=unstable_if action=reinterpret pc=0x000002190b615a0c method=java.lang.String.getBytes([BIB)V @ 5 c2
Event: 1.491 Thread 0x000002190003ab90 DEOPT PACKING pc=0x000002190b615a0c sp=0x0000005a441fc9d0
Event: 1.491 Thread 0x000002190003ab90 DEOPT UNPACKING pc=0x0000021903a8e42f sp=0x0000005a441fc9a8 mode 2
Event: 1.491 Thread 0x000002190003ab90 Uncommon trap: trap_request=0xffffff45 fr.pc=0x000002190b64be78 relative=0x0000000000000358
Event: 1.491 Thread 0x000002190003ab90 Uncommon trap: reason=unstable_if action=reinterpret pc=0x000002190b64be78 method=java.lang.AbstractStringBuilder.isLatin1()Z @ 10 c2
Event: 1.491 Thread 0x000002190003ab90 DEOPT PACKING pc=0x000002190b64be78 sp=0x0000005a441fcb30
Event: 1.491 Thread 0x000002190003ab90 DEOPT UNPACKING pc=0x0000021903a8e42f sp=0x0000005a441fcac0 mode 2

Classes unloaded (0 events):
No events

Classes redefined (2 events):
Event: 33.476 Thread 0x000002191f8a3520 redefined class name=com.parkit.parkingsystem.InteractiveShellTest, count=1
Event: 64.497 Thread 0x000002191f8a3520 redefined class name=com.parkit.parkingsystem.InteractiveShellTest, count=2

Internal exceptions (20 events):
Event: 0.479 Thread 0x000002190003ab90 Exception <a 'java/lang/IncompatibleClassChangeError'{0x00000007128b1358}: Found class java.lang.Object, but interface was expected> (0x00000007128b1358) 
thrown [./open/src/hotspot/share/interpreter/linkResolver.cpp, line 848]
Event: 0.484 Thread 0x000002190003ab90 Exception <a 'java/lang/NoSuchMethodError'{0x000000071298f370}: 'int java.lang.invoke.DirectMethodHandle$Holder.invokeStaticInit(java.lang.Object, java.lang.Object)'> (0x000000071298f370) 
thrown [./open/src/hotspot/share/interpreter/linkResolver.cpp, line 782]
Event: 0.492 Thread 0x000002190003ab90 Exception <a 'java/lang/NoSuchMethodError'{0x000000071263bf80}: 'java.lang.Object java.lang.invoke.DirectMethodHandle$Holder.newInvokeSpecial(java.lang.Object, java.lang.Object, java.lang.Object, java.lang.Object, java.lang.Object)'> (0x000000071263bf80) 
thrown [./open/src/hotspot/share/interpreter/linkResolver.cpp, line 782]
Event: 0.505 Thread 0x000002190003ab90 Exception <a 'java/lang/NoSuchMethodError'{0x00000007127a9e00}: 'java.lang.Object java.lang.invoke.DirectMethodHandle$Holder.invokeSpecialIFC(java.lang.Object, java.lang.Object, java.lang.Object, java.lang.Object)'> (0x00000007127a9e00) 
thrown [./open/src/hotspot/share/interpreter/linkResolver.cpp, line 782]
Event: 0.527 Thread 0x000002190003ab90 Exception <a 'java/lang/NoSuchMethodError'{0x0000000712515aa8}: 'int java.lang.invoke.DirectMethodHandle$Holder.invokeVirtual(java.lang.Object, java.lang.Object, java.lang.Object)'> (0x0000000712515aa8) 
thrown [./open/src/hotspot/share/interpreter/linkResolver.cpp, line 782]
Event: 0.529 Thread 0x000002190003ab90 Exception <a 'java/lang/NoSuchMethodError'{0x0000000712538368}: 'void java.lang.invoke.DirectMethodHandle$Holder.invokeInterface(java.lang.Object, java.lang.Object)'> (0x0000000712538368) 
thrown [./open/src/hotspot/share/interpreter/linkResolver.cpp, line 782]
Event: 0.529 Thread 0x000002190003ab90 Exception <a 'java/lang/IncompatibleClassChangeError'{0x000000071253b820}: Found class java.lang.Object, but interface was expected> (0x000000071253b820) 
thrown [./open/src/hotspot/share/interpreter/linkResolver.cpp, line 848]
Event: 0.530 Thread 0x000002190003ab90 Exception <a 'java/lang/NoSuchMethodError'{0x000000071254e900}: 'void java.lang.invoke.DirectMethodHandle$Holder.invokeStatic(java.lang.Object, java.lang.Object, java.lang.Object, java.lang.Object)'> (0x000000071254e900) 
thrown [./open/src/hotspot/share/interpreter/linkResolver.cpp, line 782]
Event: 0.542 Thread 0x000002190003ab90 Exception <a 'java/lang/NoSuchMethodError'{0x000000071224be68}: 'void java.lang.invoke.DirectMethodHandle$Holder.invokeInterface(java.lang.Object, java.lang.Object, java.lang.Object, java.lang.Object)'> (0x000000071224be68) 
thrown [./open/src/hotspot/share/interpreter/linkResolver.cpp, line 782]
Event: 0.542 Thread 0x000002190003ab90 Exception <a 'java/lang/IncompatibleClassChangeError'{0x000000071224f4c8}: Found class java.lang.Object, but interface was expected> (0x000000071224f4c8) 
thrown [./open/src/hotspot/share/interpreter/linkResolver.cpp, line 848]
Event: 0.548 Thread 0x000002190003ab90 Exception <a 'java/lang/NoSuchMethodError'{0x00000007123041b0}: 'int java.lang.invoke.DirectMethodHandle$Holder.invokeStatic(java.lang.Object, java.lang.Object, java.lang.Object, java.lang.Object)'> (0x00000007123041b0) 
thrown [./open/src/hotspot/share/interpreter/linkResolver.cpp, line 782]
Event: 0.548 Thread 0x000002190003ab90 Exception <a 'java/lang/NoSuchMethodError'{0x0000000712307d08}: 'java.lang.Object java.lang.invoke.Invokers$Holder.invokeExact_MT(java.lang.Object, java.lang.Object, java.lang.Object, java.lang.Object, java.lang.Object, java.lang.Object)'> (0x0000000712307d08) 
thrown [./open/src/hotspot/share/interpreter/linkResolver.cpp, line 782]
Event: 0.559 Thread 0x000002190003ab90 Exception <a 'java/lang/NoSuchMethodError'{0x0000000712060758}: 'int java.lang.invoke.DirectMethodHandle$Holder.invokeStatic(java.lang.Object, java.lang.Object, java.lang.Object, java.lang.Object, java.lang.Object)'> (0x0000000712060758) 
thrown [./open/src/hotspot/share/interpreter/linkResolver.cpp, line 782]
Event: 0.587 Thread 0x000002190003ab90 Exception <a 'java/lang/NoSuchMethodError'{0x0000000711f1c0a0}: 'void java.lang.invoke.DirectMethodHandle$Holder.invokeInterface(java.lang.Object, java.lang.Object, java.lang.Object)'> (0x0000000711f1c0a0) 
thrown [./open/src/hotspot/share/interpreter/linkResolver.cpp, line 782]
Event: 0.689 Thread 0x000002190003ab90 Exception <a 'java/lang/NoSuchMethodError'{0x0000000710d37590}: 'java.lang.Object java.lang.invoke.DirectMethodHandle$Holder.invokeStaticInit(java.lang.Object, int, int, int, int)'> (0x0000000710d37590) 
thrown [./open/src/hotspot/share/interpreter/linkResolver.cpp, line 782]
Event: 0.717 Thread 0x000002190003ab90 Exception <a 'java/lang/NoSuchMethodError'{0x0000000712804748}: 'java.lang.Object java.lang.invoke.DirectMethodHandle$Holder.invokeStaticInit(java.lang.Object, java.lang.Object, int, int, int, int)'> (0x0000000712804748) 
thrown [./open/src/hotspot/share/interpreter/linkResolver.cpp, line 782]
Event: 0.994 Thread 0x000002190003ab90 Implicit null exception at 0x000002190b666d6e to 0x000002190b666e90
Event: 1.057 Thread 0x000002190003ab90 Exception <a 'java/lang/NoSuchMethodError'{0x000000071280f638}: 'int java.lang.invoke.DirectMethodHandle$Holder.invokeInterface(java.lang.Object, java.lang.Object)'> (0x000000071280f638) 
thrown [./open/src/hotspot/share/interpreter/linkResolver.cpp, line 782]
Event: 1.057 Thread 0x000002190003ab90 Exception <a 'java/lang/IncompatibleClassChangeError'{0x0000000712813040}: Found class java.lang.Object, but interface was expected> (0x0000000712813040) 
thrown [./open/src/hotspot/share/interpreter/linkResolver.cpp, line 848]
Event: 64.676 Thread 0x00000219204586f0 Exception <a 'java/lang/LinkageError'{0x000000070460d640}> (0x000000070460d640) 
thrown [./open/src/hotspot/share/oops/generateOopMap.cpp, line 2137]

Events (20 events):
Event: 35.711 Executing VM operation: get/set locals
Event: 35.711 Executing VM operation: get/set locals done
Event: 35.711 Executing VM operation: GetFrameLocation
Event: 35.711 Executing VM operation: GetFrameLocation done
Event: 35.711 Executing VM operation: get/set locals
Event: 35.711 Executing VM operation: get/set locals done
Event: 64.495 Executing VM operation: RedefineClasses
Event: 64.502 Executing VM operation: RedefineClasses done
Event: 64.508 Executing VM operation: ChangeBreakpoints
Event: 64.509 Executing VM operation: ChangeBreakpoints done
Event: 64.515 Executing VM operation: ChangeBreakpoints
Event: 64.516 Executing VM operation: ChangeBreakpoints done
Event: 64.517 Executing VM operation: GetFrameCount
Event: 64.517 Executing VM operation: GetFrameCount done
Event: 64.517 Executing VM operation: GetStackTrace
Event: 64.517 Executing VM operation: GetStackTrace done
Event: 64.657 Executing VM operation: GetFrameCount
Event: 64.657 Executing VM operation: GetFrameCount done
Event: 64.675 Executing VM operation: GetFrameLocation
Event: 64.675 Executing VM operation: GetFrameLocation done


Dynamic libraries:
0x00007ff7d5e80000 - 0x00007ff7d5e8d000 	C:\Users\Kikine\OneDrive\Documents\mes cours de programmation\programmes\eclipse\plugins\org.eclipse.justj.openjdk.hotspot.jre.full.win32.x86_64_15.0.1.v20201027-0507\jre\bin\javaw.exe
0x00007ffc0cc90000 - 0x00007ffc0ce85000 	C:\WINDOWS\SYSTEM32\ntdll.dll
0x00007ffc0bce0000 - 0x00007ffc0bd9d000 	C:\WINDOWS\System32\KERNEL32.DLL
0x00007ffc0a530000 - 0x00007ffc0a7f9000 	C:\WINDOWS\System32\KERNELBASE.dll
0x00007ffc0a800000 - 0x00007ffc0a900000 	C:\WINDOWS\System32\ucrtbase.dll
0x00007ffc06290000 - 0x00007ffc062a8000 	C:\Users\Kikine\OneDrive\Documents\mes cours de programmation\programmes\eclipse\plugins\org.eclipse.justj.openjdk.hotspot.jre.full.win32.x86_64_15.0.1.v20201027-0507\jre\bin\jli.dll
0x00007ffc06270000 - 0x00007ffc06289000 	C:\Users\Kikine\OneDrive\Documents\mes cours de programmation\programmes\eclipse\plugins\org.eclipse.justj.openjdk.hotspot.jre.full.win32.x86_64_15.0.1.v20201027-0507\jre\bin\VCRUNTIME140.dll
0x00007ffc0b830000 - 0x00007ffc0b9d0000 	C:\WINDOWS\System32\USER32.dll
0x00007ffc0aa10000 - 0x00007ffc0aa32000 	C:\WINDOWS\System32\win32u.dll
0x00007ffbf7cc0000 - 0x00007ffbf7f5a000 	C:\WINDOWS\WinSxS\amd64_microsoft.windows.common-controls_6595b64144ccf1df_6.0.19041.844_none_ca00b6081b84eb1d\COMCTL32.dll
0x00007ffc0bc80000 - 0x00007ffc0bcaa000 	C:\WINDOWS\System32\GDI32.dll
0x00007ffc0b5d0000 - 0x00007ffc0b66e000 	C:\WINDOWS\System32\msvcrt.dll
0x00007ffc0ab40000 - 0x00007ffc0ac4b000 	C:\WINDOWS\System32\gdi32full.dll
0x00007ffc0ac50000 - 0x00007ffc0aced000 	C:\WINDOWS\System32\msvcp_win.dll
0x00007ffc0bcb0000 - 0x00007ffc0bce0000 	C:\WINDOWS\System32\IMM32.DLL
0x00007ffc06230000 - 0x00007ffc0623c000 	C:\Users\Kikine\OneDrive\Documents\mes cours de programmation\programmes\eclipse\plugins\org.eclipse.justj.openjdk.hotspot.jre.full.win32.x86_64_15.0.1.v20201027-0507\jre\bin\vcruntime140_1.dll
0x00007ffbf5c60000 - 0x00007ffbf5cf1000 	C:\Users\Kikine\OneDrive\Documents\mes cours de programmation\programmes\eclipse\plugins\org.eclipse.justj.openjdk.hotspot.jre.full.win32.x86_64_15.0.1.v20201027-0507\jre\bin\msvcp140.dll
0x00007ffba7a70000 - 0x00007ffba85ce000 	C:\Users\Kikine\OneDrive\Documents\mes cours de programmation\programmes\eclipse\plugins\org.eclipse.justj.openjdk.hotspot.jre.full.win32.x86_64_15.0.1.v20201027-0507\jre\bin\server\jvm.dll
0x00007ffc0c970000 - 0x00007ffc0ca1c000 	C:\WINDOWS\System32\ADVAPI32.dll
0x00007ffc0b720000 - 0x00007ffc0b7bc000 	C:\WINDOWS\System32\sechost.dll
0x00007ffc0c840000 - 0x00007ffc0c96b000 	C:\WINDOWS\System32\RPCRT4.dll
0x00007ffc0cc40000 - 0x00007ffc0cc48000 	C:\WINDOWS\System32\PSAPI.DLL
0x00007ffbd3270000 - 0x00007ffbd3279000 	C:\WINDOWS\SYSTEM32\WSOCK32.dll
0x00007ffbfdf70000 - 0x00007ffbfdf97000 	C:\WINDOWS\SYSTEM32\WINMM.dll
0x00007ffc0ca20000 - 0x00007ffc0ca8b000 	C:\WINDOWS\System32\WS2_32.dll
0x00007ffc035e0000 - 0x00007ffc035ea000 	C:\WINDOWS\SYSTEM32\VERSION.dll
0x00007ffc08330000 - 0x00007ffc08342000 	C:\WINDOWS\SYSTEM32\kernel.appcore.dll
0x00007ffbe3bf0000 - 0x00007ffbe3bfa000 	C:\Users\Kikine\OneDrive\Documents\mes cours de programmation\programmes\eclipse\plugins\org.eclipse.justj.openjdk.hotspot.jre.full.win32.x86_64_15.0.1.v20201027-0507\jre\bin\jimage.dll
0x00007ffbf3870000 - 0x00007ffbf3a54000 	C:\WINDOWS\SYSTEM32\DBGHELP.DLL
0x00007ffbf2770000 - 0x00007ffbf279c000 	C:\WINDOWS\SYSTEM32\dbgcore.DLL
0x00007ffc0aa40000 - 0x00007ffc0aac0000 	C:\WINDOWS\System32\bcryptPrimitives.dll
0x00007ffbf5d00000 - 0x00007ffbf5d39000 	C:\Users\Kikine\OneDrive\Documents\mes cours de programmation\programmes\eclipse\plugins\org.eclipse.justj.openjdk.hotspot.jre.full.win32.x86_64_15.0.1.v20201027-0507\jre\bin\jdwp.dll
0x00007ffc02650000 - 0x00007ffc0265e000 	C:\Users\Kikine\OneDrive\Documents\mes cours de programmation\programmes\eclipse\plugins\org.eclipse.justj.openjdk.hotspot.jre.full.win32.x86_64_15.0.1.v20201027-0507\jre\bin\instrument.dll
0x00007ffbe3b70000 - 0x00007ffbe3b95000 	C:\Users\Kikine\OneDrive\Documents\mes cours de programmation\programmes\eclipse\plugins\org.eclipse.justj.openjdk.hotspot.jre.full.win32.x86_64_15.0.1.v20201027-0507\jre\bin\java.dll
0x00007ffbe3bd0000 - 0x00007ffbe3be8000 	C:\Users\Kikine\OneDrive\Documents\mes cours de programmation\programmes\eclipse\plugins\org.eclipse.justj.openjdk.hotspot.jre.full.win32.x86_64_15.0.1.v20201027-0507\jre\bin\zip.dll
0x00007ffc0acf0000 - 0x00007ffc0b432000 	C:\WINDOWS\System32\SHELL32.dll
0x00007ffc08530000 - 0x00007ffc08cc0000 	C:\WINDOWS\SYSTEM32\windows.storage.dll
0x00007ffc0be80000 - 0x00007ffc0c1d5000 	C:\WINDOWS\System32\combase.dll
0x00007ffc09e40000 - 0x00007ffc09e6c000 	C:\WINDOWS\SYSTEM32\Wldp.dll
0x00007ffc0b670000 - 0x00007ffc0b71e000 	C:\WINDOWS\System32\SHCORE.dll
0x00007ffc0b9e0000 - 0x00007ffc0ba35000 	C:\WINDOWS\System32\shlwapi.dll
0x00007ffc0a310000 - 0x00007ffc0a32f000 	C:\WINDOWS\SYSTEM32\profapi.dll
0x00007ffbf5db0000 - 0x00007ffbf5dbb000 	C:\Users\Kikine\OneDrive\Documents\mes cours de programmation\programmes\eclipse\plugins\org.eclipse.justj.openjdk.hotspot.jre.full.win32.x86_64_15.0.1.v20201027-0507\jre\bin\dt_socket.dll
0x00007ffc09860000 - 0x00007ffc0989b000 	C:\WINDOWS\SYSTEM32\IPHLPAPI.DLL
0x00007ffc09bc0000 - 0x00007ffc09c2a000 	C:\WINDOWS\system32\mswsock.dll
0x00007ffc098a0000 - 0x00007ffc0996b000 	C:\WINDOWS\SYSTEM32\DNSAPI.dll
0x00007ffc0b7c0000 - 0x00007ffc0b7c8000 	C:\WINDOWS\System32\NSI.dll
0x00007ffc01c80000 - 0x00007ffc01c8a000 	C:\Windows\System32\rasadhlp.dll
0x00007ffbf6410000 - 0x00007ffbf648f000 	C:\WINDOWS\System32\fwpuclnt.dll
0x00007ffc0ab10000 - 0x00007ffc0ab37000 	C:\WINDOWS\System32\bcrypt.dll
0x00007ffbe3b50000 - 0x00007ffbe3b69000 	C:\Users\Kikine\OneDrive\Documents\mes cours de programmation\programmes\eclipse\plugins\org.eclipse.justj.openjdk.hotspot.jre.full.win32.x86_64_15.0.1.v20201027-0507\jre\bin\net.dll
0x00007ffbfe6e0000 - 0x00007ffbfe7ec000 	C:\WINDOWS\SYSTEM32\WINHTTP.dll
0x00007ffbe3b30000 - 0x00007ffbe3b42000 	C:\Users\Kikine\OneDrive\Documents\mes cours de programmation\programmes\eclipse\plugins\org.eclipse.justj.openjdk.hotspot.jre.full.win32.x86_64_15.0.1.v20201027-0507\jre\bin\nio.dll
0x00007ffbe3a20000 - 0x00007ffbe3a30000 	C:\Users\Kikine\OneDrive\Documents\mes cours de programmation\programmes\eclipse\plugins\org.eclipse.justj.openjdk.hotspot.jre.full.win32.x86_64_15.0.1.v20201027-0507\jre\bin\verify.dll
0x00007ffc017d0000 - 0x00007ffc017e7000 	C:\WINDOWS\SYSTEM32\dhcpcsvc6.DLL
0x00007ffc02010000 - 0x00007ffc0202d000 	C:\WINDOWS\SYSTEM32\dhcpcsvc.DLL
0x00007ffc02670000 - 0x00007ffc02679000 	C:\Users\Kikine\OneDrive\Documents\mes cours de programmation\programmes\eclipse\plugins\org.eclipse.justj.openjdk.hotspot.jre.full.win32.x86_64_15.0.1.v20201027-0507\jre\bin\management.dll
0x00007ffc02610000 - 0x00007ffc0261b000 	C:\Users\Kikine\OneDrive\Documents\mes cours de programmation\programmes\eclipse\plugins\org.eclipse.justj.openjdk.hotspot.jre.full.win32.x86_64_15.0.1.v20201027-0507\jre\bin\management_ext.dll
0x00007ffbeab30000 - 0x00007ffbeab47000 	C:\WINDOWS\system32\napinsp.dll
0x00007ffbeab10000 - 0x00007ffbeab2b000 	C:\WINDOWS\system32\pnrpnsp.dll
0x00007ffc05080000 - 0x00007ffc05095000 	C:\WINDOWS\system32\wshbth.dll
0x00007ffc06160000 - 0x00007ffc0617d000 	C:\WINDOWS\system32\NLAapi.dll
0x00007ffbeaa10000 - 0x00007ffbeaa22000 	C:\WINDOWS\System32\winrnr.dll
0x00007ffc09d90000 - 0x00007ffc09da8000 	C:\WINDOWS\SYSTEM32\CRYPTSP.dll
0x00007ffc094f0000 - 0x00007ffc09524000 	C:\WINDOWS\system32\rsaenh.dll
0x00007ffc0a290000 - 0x00007ffc0a2be000 	C:\WINDOWS\SYSTEM32\USERENV.dll
0x00007ffc09db0000 - 0x00007ffc09dbc000 	C:\WINDOWS\SYSTEM32\CRYPTBASE.dll

dbghelp: loaded successfully - version: 4.0.5 - missing functions: none
symbol engine: initialized successfully - sym options: 0x614 - pdb path: .;C:\Users\Kikine\OneDrive\Documents\mes cours de programmation\programmes\eclipse\plugins\org.eclipse.justj.openjdk.hotspot.jre.full.win32.x86_64_15.0.1.v20201027-0507\jre\bin;C:\WINDOWS\SYSTEM32;C:\WINDOWS\WinSxS\amd64_microsoft.windows.common-controls_6595b64144ccf1df_6.0.19041.844_none_ca00b6081b84eb1d;C:\Users\Kikine\OneDrive\Documents\mes cours de programmation\programmes\eclipse\plugins\org.eclipse.justj.openjdk.hotspot.jre.full.win32.x86_64_15.0.1.v20201027-0507\jre\bin\server

VM Arguments:
jvm_args: -XX:+ShowCodeDetailsInExceptionMessages -agentlib:jdwp=transport=dt_socket,suspend=y,address=localhost:65017 -ea -javaagent:C:\Users\Kikine\OneDrive\Documents\mes cours de programmation\programmes\eclipse\configuration\org.eclipse.osgi\405\0\.cp\lib\javaagent-shaded.jar -Dfile.encoding=UTF-8 
java_command: org.eclipse.jdt.internal.junit.runner.RemoteTestRunner -version 3 -port 65016 -testLoaderClass org.eclipse.jdt.internal.junit5.runner.JUnit5TestLoader -loaderpluginname org.eclipse.jdt.junit5.runtime -classNames com.parkit.parkingsystem.InteractiveShellTest
java_class_path (initial): C:\Users\Kikine\eclipse-workspace\MoveIt\target\test-classes;C:\Users\Kikine\eclipse-workspace\MoveIt\target\classes;C:\Users\Kikine\.m2\repository\org\apache\logging\log4j\log4j-api\2.12.1\log4j-api-2.12.1.jar;C:\Users\Kikine\.m2\repository\org\apache\logging\log4j\log4j-core\2.12.1\log4j-core-2.12.1.jar;C:\Users\Kikine\.m2\repository\mysql\mysql-connector-java\8.0.17\mysql-connector-java-8.0.17.jar;C:\Users\Kikine\.m2\repository\com\google\protobuf\protobuf-java\3.6.1\protobuf-java-3.6.1.jar;C:\Users\Kikine\.m2\repository\org\junit\jupiter\junit-jupiter-api\5.3.2\junit-jupiter-api-5.3.2.jar;C:\Users\Kikine\.m2\repository\org\apiguardian\apiguardian-api\1.0.0\apiguardian-api-1.0.0.jar;C:\Users\Kikine\.m2\repository\org\opentest4j\opentest4j\1.1.1\opentest4j-1.1.1.jar;C:\Users\Kikine\.m2\repository\org\junit\platform\junit-platform-commons\1.3.2\junit-platform-commons-1.3.2.jar;C:\Users\Kikine\.m2\repository\org\junit\jupiter\junit-jupiter-engine\5.3.2\junit-jupiter-engine-5.3.2.jar;C:\Users\Kikine\.m2\repository\org\junit\platform\junit-platform-engine\1.3.2\junit-platform-engine-1.3.2.jar;C:\Users\Kikine\.m2\repository\org\mockito\mockito-junit-jupiter\2.23.4\mockito-junit-jupiter-2.23.4.jar;C:\Users\Kikine\.m2\repository\org\mockito\mockito-core\2.23.4\mockito-core-2.23.4.jar;C:\Users\Kikine\.m2\repository\net\bytebuddy\byte-buddy\1.9.3\byte-buddy-1.9.3.jar;C:\Users\Kikine\.m2\repository\net\bytebuddy\byte-buddy-agent\1.9.3\byte-buddy-agent-1.9.3.jar;C:\Users\Kikine\.m2\repository\org\objenesis\objenesis\2.6\objenesis-2.6.jar;C:\Users\Kikine\.m2\repository\org\assertj\assertj-core\3.13.2\assertj-core-3.13.2.jar;C:\Users\Kikine\.m2\repository\org\jacoco\jacoco-maven-plugin\0.8.5\jacoco-maven-plugin-0.8.5.jar;C:\Users\Kikine\.m2\repository\org\apache\maven\maven-plugin-api\3.0\maven-plugin-api-3.0.jar;C:\Users\Kikine\.m2\repository\org\sonatype\sisu\sisu-inject-plexus\1.4.2\sisu-inject-plexus-1.4.2.jar;C:\Users\Kikine\.m2\repository\org
Launcher Type: SUN_STANDARD

[Global flags]
     intx CICompilerCount                          = 12                                        {product} {ergonomic}
     uint ConcGCThreads                            = 3                                         {product} {ergonomic}
     uint G1ConcRefinementThreads                  = 13                                        {product} {ergonomic}
   size_t G1HeapRegionSize                         = 2097152                                   {product} {ergonomic}
    uintx GCDrainStackTargetSize                   = 64                                        {product} {ergonomic}
   size_t InitialHeapSize                          = 266338304                                 {product} {ergonomic}
   size_t MarkStackSize                            = 4194304                                   {product} {ergonomic}
   size_t MaxHeapSize                              = 4248829952                                {product} {ergonomic}
   size_t MaxNewSize                               = 2548039680                                {product} {ergonomic}
   size_t MinHeapDeltaBytes                        = 2097152                                   {product} {ergonomic}
   size_t MinHeapSize                              = 8388608                                   {product} {ergonomic}
    uintx NonNMethodCodeHeapSize                   = 7602480                                {pd product} {ergonomic}
    uintx NonProfiledCodeHeapSize                  = 122027880                              {pd product} {ergonomic}
    uintx ProfiledCodeHeapSize                     = 122027880                              {pd product} {ergonomic}
    uintx ReservedCodeCacheSize                    = 251658240                              {pd product} {ergonomic}
     bool SegmentedCodeCache                       = true                                      {product} {ergonomic}
     bool ShowCodeDetailsInExceptionMessages       = true                                   {manageable} {command line}
   size_t SoftMaxHeapSize                          = 4248829952                             {manageable} {ergonomic}
     bool UseCompressedClassPointers               = true                                 {lp64_product} {ergonomic}
     bool UseCompressedOops                        = true                                 {lp64_product} {ergonomic}
     bool UseG1GC                                  = true                                      {product} {ergonomic}
     bool UseLargePagesIndividualAllocation        = false                                  {pd product} {ergonomic}

Logging:
Log output configuration:
 #0: stdout all=warning uptime,level,tags
 #1: stderr all=off uptime,level,tags

Environment Variables:
JAVA_HOME=C:\Program Files\Java\jdk1.8.0_281
PATH=C:\Users\Kikine\OneDrive\Documents\mes cours de programmation\programmes\eclipse\plugins\org.eclipse.justj.openjdk.hotspot.jre.full.win32.x86_64_15.0.1.v20201027-0507\jre\bin;C:/Users/Kikine/OneDrive/Documents/mes cours de programmation/programmes/eclipse//plugins/org.eclipse.justj.openjdk.hotspot.jre.full.win32.x86_64_15.0.1.v20201027-0507/jre/bin/server;C:/Users/Kikine/OneDrive/Documents/mes cours de programmation/programmes/eclipse//plugins/org.eclipse.justj.openjdk.hotspot.jre.full.win32.x86_64_15.0.1.v20201027-0507/jre/bin;C:\Program Files\Common Files\Oracle\Java\javapath;C:\Program Files (x86)\Common Files\Oracle\Java\javapath;C:\Windows\system32;C:\Windows;C:\Windows\System32\Wbem;C:\Windows\System32\WindowsPowerShell\v1.0\;C:\Windows\System32\OpenSSH\;C:\Program Files (x86)\NVIDIA Corporation\PhysX\Common;C:\Program Files\NVIDIA Corporation\NVIDIA NvDLISR;C:\Program Files\nodejs\;C:\Program Files\Microsoft SQL Server\120\Tools\Binn\;C:\Program Files\Common Files\Autodesk Shared\;C:\WINDOWS\system32;C:\WINDOWS;C:\WINDOWS\System32\Wbem;C:\WINDOWS\System32\WindowsPowerShell\v1.0\;C:\WINDOWS\System32\OpenSSH\;C:\Program Files\Git\cmd;C:\Program Files\dotnet\;C:\Program Files\Microsoft SQL Server\130\Tools\Binn\;C:\Program Files\Microsoft SQL Server\Client SDK\ODBC\170\Tools\Binn\;C:\apache-maven-3.6.3\bin;C:\Program Files\Java\jdk1.8.0_281\bin;C:\Program Files\Java\jre1.8.0_281\bin;C:\Program Files\MySQL\MySQL Shell 8.0\bin\;C:\Users\Kikine\AppData\Local\Microsoft\WindowsApps;C:\Users\Kikine\AppData\Roaming\npm;C:\Users\Kikine\AppData\Local\Programs\Microsoft VS Code\bin;C:\Users\Kikine\.dotnet\tools;;C:\Users\Kikine\OneDrive\Documents\mes cours de programmation\programmes\eclipse;
USERNAME=Kikine
OS=Windows_NT
PROCESSOR_IDENTIFIER=Intel64 Family 6 Model 165 Stepping 2, GenuineIntel



---------------  S Y S T E M  ---------------

OS:
 Windows 10 , 64 bit Build 19041 (10.0.19041.804)
OS uptime: 0 days 17:23 hours

CPU: total 16 (initial active 16) (8 cores per cpu, 2 threads per core) family 6 model 165 stepping 2 microcode 0xe0, cmov, cx8, fxsr, mmx, sse, sse2, sse3, ssse3, sse4.1, sse4.2, popcnt, vzeroupper, avx, avx2, aes, clmul, erms, 3dnowpref, lzcnt, ht, tsc, tscinvbit, bmi1, bmi2, adx, fma, clflush, clflushopt

Memory: 4k page, system-wide physical 16203M (6348M free)
TotalPageFile size 31563M (AvailPageFile size 9334M)
current process WorkingSet (physical memory assigned to process): 122M, peak: 195M
current process commit charge ("private bytes"): 169M, peak: 436M

vm_info: OpenJDK 64-Bit Server VM (15.0.1+9-18) for windows-amd64 JRE (15.0.1+9-18), built on Sep 15 2020 14:39:31 by "mach5one" with unknown MS VC++:1925

END.
