#
# A fatal error has been detected by the Java Runtime Environment:
#
#  EXCEPTION_ACCESS_VIOLATION (0xc0000005) at pc=0x00007fffb20b7ffc, pid=26740, tid=22792
#
# JRE version: OpenJDK Runtime Environment (15.0.1+9) (build 15.0.1+9-18)
# Java VM: OpenJDK 64-Bit Server VM (15.0.1+9-18, mixed mode, tiered, compressed oops, g1 gc, windows-amd64)
# Problematic frame:
# V  [jvm.dll+0x6a7ffc]
#
# No core dump will be written. Minidumps are not enabled by default on client versions of Windows
#
# If you would like to submit a bug report, please visit:
#   https://bugreport.java.com/bugreport/crash.jsp
#

---------------  S U M M A R Y ------------

Command Line: -XX:+ShowCodeDetailsInExceptionMessages -agentlib:jdwp=transport=dt_socket,suspend=y,address=localhost:53116 -ea -javaagent:C:\Users\Kikine\OneDrive\Documents\mes cours de programmation\programmes\eclipse\configuration\org.eclipse.osgi\405\0\.cp\lib\javaagent-shaded.jar -Dfile.encoding=UTF-8 org.eclipse.jdt.internal.junit.runner.RemoteTestRunner -version 3 -port 53114 -testLoaderClass org.eclipse.jdt.internal.junit5.runner.JUnit5TestLoader -loaderpluginname org.eclipse.jdt.junit5.runtime -classNames com.parkit.parkingsystem.integration.ParkingDataBaseIT

Host: Intel(R) Core(TM) i7-10875H CPU @ 2.30GHz, 16 cores, 15G,  Windows 10 , 64 bit Build 19041 (10.0.19041.804)
Time: Sat Apr  3 21:34:41 2021 Paris, Madrid (heure d’été) elapsed time: 691.405443 seconds (0d 0h 11m 31s)

---------------  T H R E A D  ---------------

Current thread (0x0000024f6fc9f160):  JavaThread "JDWP Transport Listener: dt_socket" daemon [_thread_in_vm, id=22792, stack(0x000000ae64300000,0x000000ae64400000)] _threads_hazard_ptr=0x0000024f76d097d0

Stack: [0x000000ae64300000,0x000000ae64400000],  sp=0x000000ae643fe540,  free space=1017k
Native frames: (J=compiled Java code, j=interpreted, Vv=VM code, C=native code)
V  [jvm.dll+0x6a7ffc]
V  [jvm.dll+0x30015f]
V  [jvm.dll+0x302275]
V  [jvm.dll+0x3028ee]
V  [jvm.dll+0x2fff9f]
V  [jvm.dll+0x2ff24a]
V  [jvm.dll+0x619c80]
V  [jvm.dll+0x619963]
V  [jvm.dll+0x5df038]
V  [jvm.dll+0x7783ef]
V  [jvm.dll+0x4f04b1]
V  [jvm.dll+0x787e95]
V  [jvm.dll+0x4d430a]
V  [jvm.dll+0x49548b]
C  [jdwp.dll+0x796b]


siginfo: EXCEPTION_ACCESS_VIOLATION (0xc0000005), reading address 0x0000000000000004


Register to memory mapping:

RIP=0x00007fffb20b7ffc jvm.dll
RAX=0x0 is NULL
RBX=0x0 is NULL
RCX=0x000000ae643fe560 is pointing into the stack for thread: 0x0000024f6fc9f160
RDX=0x0 is NULL
RSP=0x000000ae643fe540 is pointing into the stack for thread: 0x0000024f6fc9f160
RBP=0x000000ae643fe6a0 is pointing into the stack for thread: 0x0000024f6fc9f160
RSI=0x0 is NULL
RDI=0x000000ae643fecb0 is pointing into the stack for thread: 0x0000024f6fc9f160
R8 =0x0 is NULL
R9 =0x0000024f70ac5e00 is pointing into metadata
R10=0x000000ae643fea40 is pointing into the stack for thread: 0x0000024f6fc9f160
R11={method} {0x0000024f70ac6eb8} 'testParkingLotExit' '()V' in 'com/parkit/parkingsystem/integration/ParkingDataBaseIT'
R12=0x00007fffb1a10000 jvm.dll
R13=0x0000024f7051a8f0 points into unknown readable memory: 0x0000000000000000 | 00 00 00 00 00 00 00 00
R14=0x000000ae643fe5d0 is pointing into the stack for thread: 0x0000024f6fc9f160
R15=0x0000000000000057 is an unknown value


Registers:
RAX=0x0000000000000000, RBX=0x0000000000000000, RCX=0x000000ae643fe560, RDX=0x0000000000000000
RSP=0x000000ae643fe540, RBP=0x000000ae643fe6a0, RSI=0x0000000000000000, RDI=0x000000ae643fecb0
R8 =0x0000000000000000, R9 =0x0000024f70ac5e00, R10=0x000000ae643fea40, R11=0x0000024f70ac6eb0
R12=0x00007fffb1a10000, R13=0x0000024f7051a8f0, R14=0x000000ae643fe5d0, R15=0x0000000000000057
RIP=0x00007fffb20b7ffc, EFLAGS=0x0000000000010246

Top of Stack: (sp=0x000000ae643fe540)
0x000000ae643fe540:   0000000000000000 0000000000000000
0x000000ae643fe550:   000000ae643fecb0 0000000000000000
0x000000ae643fe560:   0000000000000000 00007fffb1c1e8fe
0x000000ae643fe570:   0000000000000001 0000000000000000
0x000000ae643fe580:   0000024f6f0322f0 0000000000000000
0x000000ae643fe590:   0000024f70ac6e19 00007fffb1d1015f
0x000000ae643fe5a0:   0000000000000000 0000000000000000
0x000000ae643fe5b0:   0000000000000000 0000000000000000
0x000000ae643fe5c0:   0000000000000000 0000000000000000
0x000000ae643fe5d0:   0000000000000000 0000000000000063
0x000000ae643fe5e0:   0000000000000000 000000ae643fe628
0x000000ae643fe5f0:   0000000000000000 0000024f70237a50
0x000000ae643fe600:   0000001300000012 0000000000000013
0x000000ae643fe610:   000000030000000e 0000024f6f0322f0
0x000000ae643fe620:   0000000000000000 0000000000000000
0x000000ae643fe630:   0000000000000000 0000000000000000 

Instructions: (pc=0x00007fffb20b7ffc)
0x00007fffb20b7efc:   47 1c 03 00 00 00 44 89 47 0c 44 89 47 08 44 3b
0x00007fffb20b7f0c:   c3 7c 17 c7 47 1c ff ff ff ff 48 8b 5c 24 30 48
0x00007fffb20b7f1c:   8b 74 24 38 48 83 c4 20 5f c3 0f be 4c 30 07 e8
0x00007fffb20b7f2c:   e0 fb ff ff 48 83 c6 06 89 47 18 83 e8 0c 74 50
0x00007fffb20b7f3c:   83 f8 01 75 34 49 63 c0 48 3b c3 7d 18 0f 1f 80
0x00007fffb20b7f4c:   00 00 00 00 80 3c 30 5b 75 0b 41 ff c0 48 ff c0
0x00007fffb20b7f5c:   48 3b c3 7c ef 49 63 c8 41 8b c0 2b 47 0c 48 03
0x00007fffb20b7f6c:   ce 89 47 14 80 39 4c 74 1d 41 8d 58 01 89 5f 0c
0x00007fffb20b7f7c:   48 8b 5c 24 30 48 8b 74 24 38 48 83 c4 20 5f c3
0x00007fffb20b7f8c:   49 63 c8 48 03 ce 8b c3 ba 3b 00 00 00 41 2b c0
0x00007fffb20b7f9c:   4c 63 c0 e8 bc 19 13 00 48 85 c0 74 06 8b d8 2b
0x00007fffb20b7fac:   de ff c3 48 8b 74 24 38 89 5f 0c 48 8b 5c 24 30
0x00007fffb20b7fbc:   48 83 c4 20 5f c3 cc cc cc cc cc cc cc cc cc cc
0x00007fffb20b7fcc:   cc cc cc cc 41 56 48 83 ec 50 83 79 08 63 4c 8b
0x00007fffb20b7fdc:   f1 0f 85 d3 00 00 00 48 8b 01 48 8d 4c 24 20 48
0x00007fffb20b7fec:   89 44 24 20 48 89 5c 24 60 33 db 48 89 74 24 68
0x00007fffb20b7ffc:   0f b7 40 04 89 44 24 30 48 8b 05 1d 02 42 00 48
0x00007fffb20b800c:   89 44 24 40 c7 44 24 3c 01 00 00 00 c7 44 24 2c
0x00007fffb20b801c:   01 00 00 00 c7 44 24 28 01 00 00 00 89 5c 24 34
0x00007fffb20b802c:   48 89 5c 24 48 e8 7a fe ff ff 48 8d 4c 24 20 e8
0x00007fffb20b803c:   b0 00 00 00 8b 44 24 38 48 8b 4c 24 40 41 89 46
0x00007fffb20b804c:   08 e8 fe e8 04 00 48 8b 74 24 48 48 85 f6 74 45
0x00007fffb20b805c:   39 1e 7e 41 48 89 7c 24 70 8b fb 66 0f 1f 84 00
0x00007fffb20b806c:   00 00 00 00 48 8b 4e 18 48 8b 0c 39 e8 d3 e8 04
0x00007fffb20b807c:   00 ff c3 48 8d 7f 08 3b 1e 7c e9 41 8b 46 08 48
0x00007fffb20b808c:   8b 7c 24 70 48 8b 5c 24 60 48 8b 74 24 68 48 83
0x00007fffb20b809c:   c4 50 41 5e c3 41 8b 46 08 48 8b 5c 24 60 48 8b
0x00007fffb20b80ac:   74 24 68 48 83 c4 50 41 5e c3 8b 41 08 48 83 c4
0x00007fffb20b80bc:   50 41 5e c3 48 8d 42 ff 48 83 f8 fd 77 14 48 3b
0x00007fffb20b80cc:   51 10 74 19 48 89 51 10 48 d1 ea 83 e2 0f 89 51
0x00007fffb20b80dc:   08 c3 48 89 51 10 c7 41 08 63 00 00 00 c3 cc cc
0x00007fffb20b80ec:   cc cc cc cc 40 53 48 83 ec 20 8b 41 1c 48 8b d9 


Stack slot to memory mapping:
stack at sp + 0 slots: 0x0 is NULL
stack at sp + 1 slots: 0x0 is NULL
stack at sp + 2 slots: 0x000000ae643fecb0 is pointing into the stack for thread: 0x0000024f6fc9f160
stack at sp + 3 slots: 0x0 is NULL
stack at sp + 4 slots: 0x0 is NULL
stack at sp + 5 slots: 0x00007fffb1c1e8fe jvm.dll
stack at sp + 6 slots: 0x0000000000000001 is an unknown value
stack at sp + 7 slots: 0x0 is NULL


---------------  P R O C E S S  ---------------

Threads class SMR info:
_java_thread_list=0x0000024f76d097d0, length=16, elements={
0x0000024f4f835600, 0x0000024f6f9b4130, 0x0000024f6f9b4c10, 0x0000024f6f9e12b0,
0x0000024f6f9e3b80, 0x0000024f6f9e4540, 0x0000024f6f9e52e0, 0x0000024f6f10cc40,
0x0000024f6f10d540, 0x0000024f6f08e310, 0x0000024f6fc9f160, 0x0000024f6fca3f70,
0x0000024f6fca4a70, 0x0000024f6fe8aaa0, 0x0000024f70380290, 0x0000024f746496f0
}

Java Threads: ( => current thread )
  0x0000024f4f835600 JavaThread "main" [_thread_blocked, id=27852, stack(0x000000ae63000000,0x000000ae63100000)]
  0x0000024f6f9b4130 JavaThread "Reference Handler" daemon [_thread_blocked, id=26372, stack(0x000000ae63700000,0x000000ae63800000)]
  0x0000024f6f9b4c10 JavaThread "Finalizer" daemon [_thread_blocked, id=11688, stack(0x000000ae63800000,0x000000ae63900000)]
  0x0000024f6f9e12b0 JavaThread "Signal Dispatcher" daemon [_thread_blocked, id=23704, stack(0x000000ae63900000,0x000000ae63a00000)]
  0x0000024f6f9e3b80 JavaThread "Attach Listener" daemon [_thread_blocked, id=11656, stack(0x000000ae63a00000,0x000000ae63b00000)]
  0x0000024f6f9e4540 JavaThread "Service Thread" daemon [_thread_blocked, id=19812, stack(0x000000ae63b00000,0x000000ae63c00000)]
  0x0000024f6f9e52e0 JavaThread "C2 CompilerThread0" daemon [_thread_blocked, id=23632, stack(0x000000ae63c00000,0x000000ae63d00000)]
  0x0000024f6f10cc40 JavaThread "C1 CompilerThread0" daemon [_thread_blocked, id=30808, stack(0x000000ae63d00000,0x000000ae63e00000)]
  0x0000024f6f10d540 JavaThread "Sweeper thread" daemon [_thread_blocked, id=30416, stack(0x000000ae63e00000,0x000000ae63f00000)]
  0x0000024f6f08e310 JavaThread "Common-Cleaner" daemon [_thread_blocked, id=10472, stack(0x000000ae63f00000,0x000000ae64000000)]
=>0x0000024f6fc9f160 JavaThread "JDWP Transport Listener: dt_socket" daemon [_thread_in_vm, id=22792, stack(0x000000ae64300000,0x000000ae64400000)]
  0x0000024f6fca3f70 JavaThread "JDWP Event Helper Thread" daemon [_thread_blocked, id=23324, stack(0x000000ae64400000,0x000000ae64500000)]
  0x0000024f6fca4a70 JavaThread "JDWP Command Reader" daemon [_thread_in_native, id=5616, stack(0x000000ae64500000,0x000000ae64600000)]
  0x0000024f6fe8aaa0 JavaThread "Notification Thread" daemon [_thread_blocked, id=31724, stack(0x000000ae64600000,0x000000ae64700000)]
  0x0000024f70380290 JavaThread "ReaderThread" [_thread_in_native, id=2888, stack(0x000000ae64800000,0x000000ae64900000)]
  0x0000024f746496f0 JavaThread "mysql-cj-abandoned-connection-cleanup" daemon [_thread_blocked, id=31004, stack(0x000000ae65400000,0x000000ae65500000)]

Other Threads:
  0x0000024f6f99e930 VMThread "VM Thread" [stack: 0x000000ae63600000,0x000000ae63700000] [id=20156]
  0x0000024f4f8366c0 WatcherThread [stack: 0x000000ae64700000,0x000000ae64800000] [id=7616]
  0x0000024f4f888780 GCTaskThread "GC Thread#0" [stack: 0x000000ae63100000,0x000000ae63200000] [id=9608]
  0x0000024f6fc95a20 GCTaskThread "GC Thread#1" [stack: 0x000000ae64900000,0x000000ae64a00000] [id=13576]
  0x0000024f6fc95090 GCTaskThread "GC Thread#2" [stack: 0x000000ae64a00000,0x000000ae64b00000] [id=20048]
  0x0000024f6fc96d40 GCTaskThread "GC Thread#3" [stack: 0x000000ae64b00000,0x000000ae64c00000] [id=2672]
  0x0000024f6fc940a0 GCTaskThread "GC Thread#4" [stack: 0x000000ae64c00000,0x000000ae64d00000] [id=25196]
  0x0000024f6fc95d50 GCTaskThread "GC Thread#5" [stack: 0x000000ae64d00000,0x000000ae64e00000] [id=3712]
  0x0000024f4f89ae50 ConcurrentGCThread "G1 Main Marker" [stack: 0x000000ae63200000,0x000000ae63300000] [id=22920]
  0x0000024f4f89b9d0 ConcurrentGCThread "G1 Conc#0" [stack: 0x000000ae63300000,0x000000ae63400000] [id=26364]
  0x0000024f6fc93a40 ConcurrentGCThread "G1 Conc#1" [stack: 0x000000ae65200000,0x000000ae65300000] [id=30916]
  0x0000024f6fc94700 ConcurrentGCThread "G1 Conc#2" [stack: 0x000000ae65300000,0x000000ae65400000] [id=19740]
  0x0000024f6efa0540 ConcurrentGCThread "G1 Refine#0" [stack: 0x000000ae63400000,0x000000ae63500000] [id=29360]
  0x0000024f4f8fd1b0 ConcurrentGCThread "G1 Young RemSet Sampling" [stack: 0x000000ae63500000,0x000000ae63600000] [id=14256]

Threads with active compile tasks:

VM state: not at safepoint (normal execution)

VM Mutex/Monitor currently owned by a thread: None

Heap address: 0x0000000702c00000, size: 4052 MB, Compressed Oops mode: Zero based, Oop shift amount: 3
CDS disabled.
Compressed class space mapped at: 0x0000000800000000-0x0000000840000000, size: 1073741824
Narrow klass base: 0x0000000800000000, Narrow klass shift: 0, Narrow klass range: 0x40000000

GC Precious Log:
 CPUs: 16 total, 16 available
 Memory: 16203M
 Large Page Support: Disabled
 NUMA Support: Disabled
 Compressed Oops: Enabled (Zero based)
 Heap Region Size: 2M
 Heap Min Capacity: 8M
 Heap Initial Capacity: 254M
 Heap Max Capacity: 4052M
 Pre-touch: Disabled
 Parallel Workers: 13
 Concurrent Workers: 3
 Concurrent Refinement Workers: 13
 Periodic GC: Disabled

Heap:
 garbage-first heap   total 153600K, used 64164K [0x0000000702c00000, 0x0000000800000000)
  region size 2048K, 29 young (59392K), 2 survivors (4096K)
 Metaspace       used 33757K, capacity 34097K, committed 34304K, reserved 1079296K
  class space    used 3977K, capacity 4089K, committed 4096K, reserved 1048576K

Heap Regions: E=young(eden), S=young(survivor), O=old, HS=humongous(starts), HC=humongous(continues), CS=collection set, F=free, OA=open archive, CA=closed archive, TAMS=top-at-mark-start (previous, next)
|   0|0x0000000702c00000, 0x0000000702e00000, 0x0000000702e00000|100%| O|  |TAMS 0x0000000702e00000, 0x0000000702c00000| Untracked 
|   1|0x0000000702e00000, 0x0000000703000000, 0x0000000703000000|100%| O|  |TAMS 0x0000000703000000, 0x0000000702e00000| Untracked 
|   2|0x0000000703000000, 0x0000000703051400, 0x0000000703200000| 15%| O|  |TAMS 0x0000000703051400, 0x0000000703000000| Untracked 
|   3|0x0000000703200000, 0x0000000703400000, 0x0000000703400000|100%| O|  |TAMS 0x0000000703200000, 0x0000000703200000| Untracked 
|   4|0x0000000703400000, 0x00000007035c6c00, 0x0000000703600000| 88%| O|  |TAMS 0x0000000703400000, 0x0000000703400000| Untracked 
|   5|0x0000000703600000, 0x0000000703600000, 0x0000000703800000|  0%| F|  |TAMS 0x0000000703600000, 0x0000000703600000| Untracked 
|   6|0x0000000703800000, 0x0000000703800000, 0x0000000703a00000|  0%| F|  |TAMS 0x0000000703800000, 0x0000000703800000| Untracked 
|   7|0x0000000703a00000, 0x0000000703a00000, 0x0000000703c00000|  0%| F|  |TAMS 0x0000000703a00000, 0x0000000703a00000| Untracked 
|   8|0x0000000703c00000, 0x0000000703c00000, 0x0000000703e00000|  0%| F|  |TAMS 0x0000000703c00000, 0x0000000703c00000| Untracked 
|   9|0x0000000703e00000, 0x0000000703e00000, 0x0000000704000000|  0%| F|  |TAMS 0x0000000703e00000, 0x0000000703e00000| Untracked 
|  10|0x0000000704000000, 0x0000000704000000, 0x0000000704200000|  0%| F|  |TAMS 0x0000000704000000, 0x0000000704000000| Untracked 
|  11|0x0000000704200000, 0x0000000704200000, 0x0000000704400000|  0%| F|  |TAMS 0x0000000704200000, 0x0000000704200000| Untracked 
|  12|0x0000000704400000, 0x0000000704491090, 0x0000000704600000| 28%| S|CS|TAMS 0x0000000704400000, 0x0000000704400000| Complete 
|  13|0x0000000704600000, 0x0000000704800000, 0x0000000704800000|100%| S|CS|TAMS 0x0000000704600000, 0x0000000704600000| Complete 
|  14|0x0000000704800000, 0x0000000704800000, 0x0000000704a00000|  0%| F|  |TAMS 0x0000000704800000, 0x0000000704800000| Untracked 
|  15|0x0000000704a00000, 0x0000000704a00000, 0x0000000704c00000|  0%| F|  |TAMS 0x0000000704a00000, 0x0000000704a00000| Untracked 
|  16|0x0000000704c00000, 0x0000000704c00000, 0x0000000704e00000|  0%| F|  |TAMS 0x0000000704c00000, 0x0000000704c00000| Untracked 
|  17|0x0000000704e00000, 0x0000000704e00000, 0x0000000705000000|  0%| F|  |TAMS 0x0000000704e00000, 0x0000000704e00000| Untracked 
|  18|0x0000000705000000, 0x0000000705000000, 0x0000000705200000|  0%| F|  |TAMS 0x0000000705000000, 0x0000000705000000| Untracked 
|  19|0x0000000705200000, 0x0000000705200000, 0x0000000705400000|  0%| F|  |TAMS 0x0000000705200000, 0x0000000705200000| Untracked 
|  20|0x0000000705400000, 0x0000000705400000, 0x0000000705600000|  0%| F|  |TAMS 0x0000000705400000, 0x0000000705400000| Untracked 
|  21|0x0000000705600000, 0x0000000705600000, 0x0000000705800000|  0%| F|  |TAMS 0x0000000705600000, 0x0000000705600000| Untracked 
|  22|0x0000000705800000, 0x0000000705800000, 0x0000000705a00000|  0%| F|  |TAMS 0x0000000705800000, 0x0000000705800000| Untracked 
|  23|0x0000000705a00000, 0x0000000705a00000, 0x0000000705c00000|  0%| F|  |TAMS 0x0000000705a00000, 0x0000000705a00000| Untracked 
|  24|0x0000000705c00000, 0x0000000705c00000, 0x0000000705e00000|  0%| F|  |TAMS 0x0000000705c00000, 0x0000000705c00000| Untracked 
|  25|0x0000000705e00000, 0x0000000705e00000, 0x0000000706000000|  0%| F|  |TAMS 0x0000000705e00000, 0x0000000705e00000| Untracked 
|  26|0x0000000706000000, 0x0000000706000000, 0x0000000706200000|  0%| F|  |TAMS 0x0000000706000000, 0x0000000706000000| Untracked 
|  27|0x0000000706200000, 0x0000000706200000, 0x0000000706400000|  0%| F|  |TAMS 0x0000000706200000, 0x0000000706200000| Untracked 
|  28|0x0000000706400000, 0x0000000706400000, 0x0000000706600000|  0%| F|  |TAMS 0x0000000706400000, 0x0000000706400000| Untracked 
|  29|0x0000000706600000, 0x0000000706600000, 0x0000000706800000|  0%| F|  |TAMS 0x0000000706600000, 0x0000000706600000| Untracked 
|  30|0x0000000706800000, 0x0000000706800000, 0x0000000706a00000|  0%| F|  |TAMS 0x0000000706800000, 0x0000000706800000| Untracked 
|  31|0x0000000706a00000, 0x0000000706a00000, 0x0000000706c00000|  0%| F|  |TAMS 0x0000000706a00000, 0x0000000706a00000| Untracked 
|  32|0x0000000706c00000, 0x0000000706c00000, 0x0000000706e00000|  0%| F|  |TAMS 0x0000000706c00000, 0x0000000706c00000| Untracked 
|  33|0x0000000706e00000, 0x0000000706e00000, 0x0000000707000000|  0%| F|  |TAMS 0x0000000706e00000, 0x0000000706e00000| Untracked 
|  34|0x0000000707000000, 0x0000000707000000, 0x0000000707200000|  0%| F|  |TAMS 0x0000000707000000, 0x0000000707000000| Untracked 
|  35|0x0000000707200000, 0x0000000707200000, 0x0000000707400000|  0%| F|  |TAMS 0x0000000707200000, 0x0000000707200000| Untracked 
|  36|0x0000000707400000, 0x0000000707400000, 0x0000000707600000|  0%| F|  |TAMS 0x0000000707400000, 0x0000000707400000| Untracked 
|  37|0x0000000707600000, 0x0000000707600000, 0x0000000707800000|  0%| F|  |TAMS 0x0000000707600000, 0x0000000707600000| Untracked 
|  38|0x0000000707800000, 0x0000000707800000, 0x0000000707a00000|  0%| F|  |TAMS 0x0000000707800000, 0x0000000707800000| Untracked 
|  39|0x0000000707a00000, 0x0000000707a00000, 0x0000000707c00000|  0%| F|  |TAMS 0x0000000707a00000, 0x0000000707a00000| Untracked 
|  40|0x0000000707c00000, 0x0000000707c00000, 0x0000000707e00000|  0%| F|  |TAMS 0x0000000707c00000, 0x0000000707c00000| Untracked 
|  41|0x0000000707e00000, 0x0000000707e00000, 0x0000000708000000|  0%| F|  |TAMS 0x0000000707e00000, 0x0000000707e00000| Untracked 
|  42|0x0000000708000000, 0x0000000708000000, 0x0000000708200000|  0%| F|  |TAMS 0x0000000708000000, 0x0000000708000000| Untracked 
|  43|0x0000000708200000, 0x0000000708200000, 0x0000000708400000|  0%| F|  |TAMS 0x0000000708200000, 0x0000000708200000| Untracked 
|  44|0x0000000708400000, 0x0000000708400000, 0x0000000708600000|  0%| F|  |TAMS 0x0000000708400000, 0x0000000708400000| Untracked 
|  45|0x0000000708600000, 0x0000000708600000, 0x0000000708800000|  0%| F|  |TAMS 0x0000000708600000, 0x0000000708600000| Untracked 
|  46|0x0000000708800000, 0x0000000708800000, 0x0000000708a00000|  0%| F|  |TAMS 0x0000000708800000, 0x0000000708800000| Untracked 
|  47|0x0000000708a00000, 0x0000000708a00000, 0x0000000708c00000|  0%| F|  |TAMS 0x0000000708a00000, 0x0000000708a00000| Untracked 
|  48|0x0000000708c00000, 0x0000000708e00000, 0x0000000708e00000|100%| E|  |TAMS 0x0000000708c00000, 0x0000000708c00000| Complete 
|  49|0x0000000708e00000, 0x0000000709000000, 0x0000000709000000|100%| E|CS|TAMS 0x0000000708e00000, 0x0000000708e00000| Complete 
|  50|0x0000000709000000, 0x0000000709200000, 0x0000000709200000|100%| E|CS|TAMS 0x0000000709000000, 0x0000000709000000| Complete 
|  51|0x0000000709200000, 0x0000000709400000, 0x0000000709400000|100%| E|CS|TAMS 0x0000000709200000, 0x0000000709200000| Complete 
|  52|0x0000000709400000, 0x0000000709600000, 0x0000000709600000|100%| E|CS|TAMS 0x0000000709400000, 0x0000000709400000| Complete 
|  53|0x0000000709600000, 0x0000000709800000, 0x0000000709800000|100%| E|CS|TAMS 0x0000000709600000, 0x0000000709600000| Complete 
|  54|0x0000000709800000, 0x0000000709a00000, 0x0000000709a00000|100%| E|CS|TAMS 0x0000000709800000, 0x0000000709800000| Complete 
|  55|0x0000000709a00000, 0x0000000709c00000, 0x0000000709c00000|100%| E|CS|TAMS 0x0000000709a00000, 0x0000000709a00000| Complete 
|  56|0x0000000709c00000, 0x0000000709e00000, 0x0000000709e00000|100%| E|CS|TAMS 0x0000000709c00000, 0x0000000709c00000| Complete 
|  57|0x0000000709e00000, 0x000000070a000000, 0x000000070a000000|100%| E|CS|TAMS 0x0000000709e00000, 0x0000000709e00000| Complete 
|  58|0x000000070a000000, 0x000000070a200000, 0x000000070a200000|100%| E|CS|TAMS 0x000000070a000000, 0x000000070a000000| Complete 
|  59|0x000000070a200000, 0x000000070a400000, 0x000000070a400000|100%| E|CS|TAMS 0x000000070a200000, 0x000000070a200000| Complete 
|  60|0x000000070a400000, 0x000000070a600000, 0x000000070a600000|100%| E|CS|TAMS 0x000000070a400000, 0x000000070a400000| Complete 
|  61|0x000000070a600000, 0x000000070a800000, 0x000000070a800000|100%| E|CS|TAMS 0x000000070a600000, 0x000000070a600000| Complete 
|  62|0x000000070a800000, 0x000000070aa00000, 0x000000070aa00000|100%| E|CS|TAMS 0x000000070a800000, 0x000000070a800000| Complete 
|  63|0x000000070aa00000, 0x000000070ac00000, 0x000000070ac00000|100%| E|CS|TAMS 0x000000070aa00000, 0x000000070aa00000| Complete 
|  64|0x000000070ac00000, 0x000000070ae00000, 0x000000070ae00000|100%| E|CS|TAMS 0x000000070ac00000, 0x000000070ac00000| Complete 
|  65|0x000000070ae00000, 0x000000070b000000, 0x000000070b000000|100%| E|CS|TAMS 0x000000070ae00000, 0x000000070ae00000| Complete 
|  66|0x000000070b000000, 0x000000070b200000, 0x000000070b200000|100%| E|CS|TAMS 0x000000070b000000, 0x000000070b000000| Complete 
|  67|0x000000070b200000, 0x000000070b400000, 0x000000070b400000|100%| E|CS|TAMS 0x000000070b200000, 0x000000070b200000| Complete 
|  68|0x000000070b400000, 0x000000070b600000, 0x000000070b600000|100%| E|CS|TAMS 0x000000070b400000, 0x000000070b400000| Complete 
|  69|0x000000070b600000, 0x000000070b800000, 0x000000070b800000|100%| E|CS|TAMS 0x000000070b600000, 0x000000070b600000| Complete 
|  70|0x000000070b800000, 0x000000070ba00000, 0x000000070ba00000|100%| E|CS|TAMS 0x000000070b800000, 0x000000070b800000| Complete 
|  71|0x000000070ba00000, 0x000000070bc00000, 0x000000070bc00000|100%| E|CS|TAMS 0x000000070ba00000, 0x000000070ba00000| Complete 
| 104|0x000000070fc00000, 0x000000070fe00000, 0x000000070fe00000|100%| E|CS|TAMS 0x000000070fc00000, 0x000000070fc00000| Complete 
| 105|0x000000070fe00000, 0x0000000710000000, 0x0000000710000000|100%| E|CS|TAMS 0x000000070fe00000, 0x000000070fe00000| Complete 
| 126|0x0000000712800000, 0x0000000712a00000, 0x0000000712a00000|100%| E|CS|TAMS 0x0000000712800000, 0x0000000712800000| Complete 

Card table byte_map: [0x0000024f632b0000,0x0000024f63aa0000] _byte_map_base: 0x0000024f5fa9a000

Marking Bits (Prev, Next): (CMBitMap*) 0x0000024f4f889f50, (CMBitMap*) 0x0000024f4f889f10
 Prev Bits: [0x0000024f681e0000, 0x0000024f6c130000)
 Next Bits: [0x0000024f64290000, 0x0000024f681e0000)

Polling page: 0x0000024f4d7b0000

Metaspace:

Usage:
  Non-class:     29.30 MB capacity,    29.08 MB (>99%) used,   190.22 KB ( <1%) free+waste,    38.38 KB ( <1%) overhead. 
      Class:      3.99 MB capacity,     3.88 MB ( 97%) used,    97.20 KB (  2%) free+waste,    13.88 KB ( <1%) overhead. 
       Both:     33.30 MB capacity,    32.97 MB (>99%) used,   287.41 KB ( <1%) free+waste,    52.25 KB ( <1%) overhead. 

Virtual space:
  Non-class space:       30.00 MB reserved,      29.50 MB ( 98%) committed 
      Class space:        1.00 GB reserved,       4.00 MB ( <1%) committed 
             Both:        1.03 GB reserved,      33.50 MB (  3%) committed 

Chunk freelists:
   Non-Class:  8.00 KB
       Class:  7.00 KB
        Both:  15.00 KB

MaxMetaspaceSize: 17179869184.00 GB
CompressedClassSpaceSize: 1.00 GB

CodeHeap 'non-profiled nmethods': size=119168Kb used=2492Kb max_used=2492Kb free=116675Kb
 bounds [0x0000024f5ade0000, 0x0000024f5b050000, 0x0000024f62240000]
CodeHeap 'profiled nmethods': size=119104Kb used=6735Kb max_used=6735Kb free=112368Kb
 bounds [0x0000024f53990000, 0x0000024f54030000, 0x0000024f5ade0000]
CodeHeap 'non-nmethods': size=7488Kb used=1373Kb max_used=3281Kb free=6115Kb
 bounds [0x0000024f53240000, 0x0000024f53580000, 0x0000024f53990000]
 total_blobs=3824 nmethods=3254 adapters=482
 compilation: enabled
              stopped_count=0, restarted_count=0
 full_count=0

Compilation events (20 events):
Event: 2.055 Thread 0x0000024f710dc280 nmethod 3239 0x0000024f5aff5710 code [0x0000024f5aff5880, 0x0000024f5aff5918]
Event: 2.055 Thread 0x0000024f710dc280 3215       4       java.util.regex.Matcher::<init> (95 bytes)
Event: 2.066 Thread 0x0000024f710dc280 nmethod 3215 0x0000024f5aff5a10 code [0x0000024f5aff5bc0, 0x0000024f5aff6738]
Event: 2.075 Thread 0x0000024f70f2a5f0 nmethod 3223 0x0000024f5aff6a10 code [0x0000024f5aff6ce0, 0x0000024f5aff9b08]
Event: 2.126 Thread 0x0000024f6f9e52e0 nmethod 3214 0x0000024f5affb410 code [0x0000024f5affb9e0, 0x0000024f5afff6a0]
Event: 2.271 Thread 0x0000024f714a8e80 nmethod 3176 0x0000024f5b001b90 code [0x0000024f5b002360, 0x0000024f5b009d68]
Event: 2.315 Thread 0x0000024f718e6390 nmethod 3017 0x0000024f5b00d590 code [0x0000024f5b00dc40, 0x0000024f5b018060]
Event: 2.320 Thread 0x0000024f6fc339d0 nmethod 2253% 0x0000024f5b01d790 code [0x0000024f5b01df20, 0x0000024f5b0434b8]
Event: 61.571 Thread 0x0000024f6f9e52e0 3250       4       java.lang.String::getBytes (44 bytes)
Event: 61.573 Thread 0x0000024f6f9e52e0 nmethod 3250 0x0000024f5b04e990 code [0x0000024f5b04eb20, 0x0000024f5b04ee38]
Event: 116.659 Thread 0x0000024f6f10cc40 3251       3       java.lang.ClassLoader::getResource (41 bytes)
Event: 116.659 Thread 0x0000024f6f10cc40 nmethod 3251 0x0000024f54021990 code [0x0000024f54021ba0, 0x0000024f540221b8]
Event: 316.957 Thread 0x0000024f6f10cc40 3252       3       java.lang.Thread::getContextClassLoader (32 bytes)
Event: 316.958 Thread 0x0000024f6f10cc40 nmethod 3252 0x0000024f54022390 code [0x0000024f540225c0, 0x0000024f54022fb8]
Event: 326.978 Thread 0x0000024f6f10cc40 3253       3       java.lang.StringLatin1::indexOf (25 bytes)
Event: 326.978 Thread 0x0000024f6f10cc40 nmethod 3253 0x0000024f54023310 code [0x0000024f540234c0, 0x0000024f540236a8]
Event: 552.345 Thread 0x0000024f6f10cc40 3254       3       jdk.internal.loader.URLClassPath::findResource (38 bytes)
Event: 552.345 Thread 0x0000024f6f10cc40 nmethod 3254 0x0000024f54023790 code [0x0000024f54023960, 0x0000024f54023c98]
Event: 627.467 Thread 0x0000024f6f10cc40 3255       1       jdk.internal.loader.URLClassPath$FileLoader$1::getURL (5 bytes)
Event: 627.467 Thread 0x0000024f6f10cc40 nmethod 3255 0x0000024f5b04f010 code [0x0000024f5b04f1a0, 0x0000024f5b04f258]

GC Heap History (12 events):
Event: 0.472 GC heap before
{Heap before GC invocations=0 (full 0):
 garbage-first heap   total 260096K, used 22528K [0x0000000702c00000, 0x0000000800000000)
  region size 2048K, 11 young (22528K), 0 survivors (0K)
 Metaspace       used 12042K, capacity 12256K, committed 12416K, reserved 1060864K
  class space    used 1068K, capacity 1119K, committed 1152K, reserved 1048576K
}
Event: 0.476 GC heap after
{Heap after GC invocations=1 (full 0):
 garbage-first heap   total 260096K, used 4404K [0x0000000702c00000, 0x0000000800000000)
  region size 2048K, 2 young (4096K), 2 survivors (4096K)
 Metaspace       used 12042K, capacity 12256K, committed 12416K, reserved 1060864K
  class space    used 1068K, capacity 1119K, committed 1152K, reserved 1048576K
}
Event: 0.738 GC heap before
{Heap before GC invocations=1 (full 0):
 garbage-first heap   total 260096K, used 33076K [0x0000000702c00000, 0x0000000800000000)
  region size 2048K, 16 young (32768K), 2 survivors (4096K)
 Metaspace       used 16150K, capacity 16352K, committed 16640K, reserved 1064960K
  class space    used 1611K, capacity 1695K, committed 1792K, reserved 1048576K
}
Event: 0.740 GC heap after
{Heap after GC invocations=2 (full 0):
 garbage-first heap   total 260096K, used 5403K [0x0000000702c00000, 0x0000000800000000)
  region size 2048K, 1 young (2048K), 1 survivors (2048K)
 Metaspace       used 16150K, capacity 16352K, committed 16640K, reserved 1064960K
  class space    used 1611K, capacity 1695K, committed 1792K, reserved 1048576K
}
Event: 1.044 GC heap before
{Heap before GC invocations=2 (full 0):
 garbage-first heap   total 260096K, used 44315K [0x0000000702c00000, 0x0000000800000000)
  region size 2048K, 21 young (43008K), 1 survivors (2048K)
 Metaspace       used 20799K, capacity 21037K, committed 21248K, reserved 1069056K
  class space    used 2198K, capacity 2289K, committed 2304K, reserved 1048576K
}
Event: 1.047 GC heap after
{Heap after GC invocations=3 (full 0):
 garbage-first heap   total 260096K, used 6676K [0x0000000702c00000, 0x0000000800000000)
  region size 2048K, 2 young (4096K), 2 survivors (4096K)
 Metaspace       used 20799K, capacity 21037K, committed 21248K, reserved 1069056K
  class space    used 2198K, capacity 2289K, committed 2304K, reserved 1048576K
}
Event: 1.254 GC heap before
{Heap before GC invocations=4 (full 0):
 garbage-first heap   total 40960K, used 35348K [0x0000000702c00000, 0x0000000800000000)
  region size 2048K, 17 young (34816K), 2 survivors (4096K)
 Metaspace       used 24438K, capacity 24727K, committed 24960K, reserved 1071104K
  class space    used 2577K, capacity 2663K, committed 2688K, reserved 1048576K
}
Event: 1.257 GC heap after
{Heap after GC invocations=5 (full 0):
 garbage-first heap   total 47104K, used 8589K [0x0000000702c00000, 0x0000000800000000)
  region size 2048K, 3 young (6144K), 3 survivors (6144K)
 Metaspace       used 24438K, capacity 24727K, committed 24960K, reserved 1071104K
  class space    used 2577K, capacity 2663K, committed 2688K, reserved 1048576K
}
Event: 1.485 GC heap before
{Heap before GC invocations=5 (full 0):
 garbage-first heap   total 47104K, used 29069K [0x0000000702c00000, 0x0000000800000000)
  region size 2048K, 13 young (26624K), 3 survivors (6144K)
 Metaspace       used 28531K, capacity 28792K, committed 29056K, reserved 1075200K
  class space    used 3063K, capacity 3181K, committed 3200K, reserved 1048576K
}
Event: 1.490 GC heap after
{Heap after GC invocations=6 (full 0):
 garbage-first heap   total 47104K, used 10401K [0x0000000702c00000, 0x0000000800000000)
  region size 2048K, 2 young (4096K), 2 survivors (4096K)
 Metaspace       used 28531K, capacity 28792K, committed 29056K, reserved 1075200K
  class space    used 3063K, capacity 3181K, committed 3200K, reserved 1048576K
}
Event: 1.633 GC heap before
{Heap before GC invocations=6 (full 0):
 garbage-first heap   total 47104K, used 28833K [0x0000000702c00000, 0x0000000800000000)
  region size 2048K, 11 young (22528K), 2 survivors (4096K)
 Metaspace       used 30411K, capacity 30643K, committed 30720K, reserved 1077248K
  class space    used 3423K, capacity 3539K, committed 3584K, reserved 1048576K
}
Event: 1.636 GC heap after
{Heap after GC invocations=7 (full 0):
 garbage-first heap   total 153600K, used 10916K [0x0000000702c00000, 0x0000000800000000)
  region size 2048K, 2 young (4096K), 2 survivors (4096K)
 Metaspace       used 30411K, capacity 30643K, committed 30720K, reserved 1077248K
  class space    used 3423K, capacity 3539K, committed 3584K, reserved 1048576K
}

Deoptimization events (20 events):
Event: 2.024 Thread 0x0000024f4f835600 DEOPT PACKING pc=0x0000024f53fc3b53 sp=0x000000ae630fc170
Event: 2.024 Thread 0x0000024f4f835600 DEOPT UNPACKING pc=0x0000024f5328e23f sp=0x000000ae630fb638 mode 0
Event: 2.025 Thread 0x0000024f4f835600 DEOPT PACKING pc=0x0000024f53fc3b53 sp=0x000000ae630fc170
Event: 2.025 Thread 0x0000024f4f835600 DEOPT UNPACKING pc=0x0000024f5328e23f sp=0x000000ae630fb638 mode 0
Event: 2.030 Thread 0x0000024f4f835600 Uncommon trap: trap_request=0xffffff76 fr.pc=0x0000024f5afe29dc relative=0x0000000000000e9c
Event: 2.030 Thread 0x0000024f4f835600 Uncommon trap: reason=predicate action=maybe_recompile pc=0x0000024f5afe29dc method=java.util.AbstractCollection.addAll(Ljava/util/Collection;)Z @ 15 c2
Event: 2.030 Thread 0x0000024f4f835600 DEOPT PACKING pc=0x0000024f5afe29dc sp=0x000000ae630fcbc0
Event: 2.030 Thread 0x0000024f4f835600 DEOPT UNPACKING pc=0x0000024f5328e42f sp=0x000000ae630fcbb8 mode 2
Event: 2.032 Thread 0x0000024f4f835600 Uncommon trap: trap_request=0xffffff45 fr.pc=0x0000024f5adf8a0c relative=0x000000000000044c
Event: 2.032 Thread 0x0000024f4f835600 Uncommon trap: reason=unstable_if action=reinterpret pc=0x0000024f5adf8a0c method=java.lang.StringLatin1.canEncode(I)Z @ 4 c2
Event: 2.032 Thread 0x0000024f4f835600 DEOPT PACKING pc=0x0000024f5adf8a0c sp=0x000000ae630fcea0
Event: 2.032 Thread 0x0000024f4f835600 DEOPT UNPACKING pc=0x0000024f5328e42f sp=0x000000ae630fcde8 mode 2
Event: 2.032 Thread 0x0000024f4f835600 Uncommon trap: trap_request=0xffffff45 fr.pc=0x0000024f5adf9738 relative=0x00000000000003f8
Event: 2.032 Thread 0x0000024f4f835600 Uncommon trap: reason=unstable_if action=reinterpret pc=0x0000024f5adf9738 method=java.lang.AbstractStringBuilder.isLatin1()Z @ 10 c2
Event: 2.032 Thread 0x0000024f4f835600 DEOPT PACKING pc=0x0000024f5adf9738 sp=0x000000ae630fcde0
Event: 2.032 Thread 0x0000024f4f835600 DEOPT UNPACKING pc=0x0000024f5328e42f sp=0x000000ae630fcd80 mode 2
Event: 6.503 Thread 0x0000024f746496f0 Uncommon trap: trap_request=0xffffff45 fr.pc=0x0000024f5afdc214 relative=0x00000000000001f4
Event: 6.503 Thread 0x0000024f746496f0 Uncommon trap: reason=unstable_if action=reinterpret pc=0x0000024f5afdc214 method=java.lang.StringLatin1.indexOf([B[B)I @ 9 c2
Event: 6.503 Thread 0x0000024f746496f0 DEOPT PACKING pc=0x0000024f5afdc214 sp=0x000000ae654fe7e0
Event: 6.503 Thread 0x0000024f746496f0 DEOPT UNPACKING pc=0x0000024f5328e42f sp=0x000000ae654fe770 mode 2

Classes unloaded (0 events):
No events

Classes redefined (3 events):
Event: 198.354 Thread 0x0000024f6f99e930 redefined class name=com.parkit.parkingsystem.integration.ParkingDataBaseIT, count=1
Event: 381.488 Thread 0x0000024f6f99e930 redefined class name=com.parkit.parkingsystem.integration.ParkingDataBaseIT, count=2
Event: 469.538 Thread 0x0000024f6f99e930 redefined class name=com.parkit.parkingsystem.integration.ParkingDataBaseIT, count=3

Internal exceptions (20 events):
Event: 0.495 Thread 0x0000024f4f835600 Exception <a 'java/lang/NoSuchMethodError'{0x000000071265b9b8}: 'java.lang.Object java.lang.invoke.DirectMethodHandle$Holder.newInvokeSpecial(java.lang.Object, java.lang.Object, java.lang.Object, java.lang.Object, java.lang.Object)'> (0x000000071265b9b8) 
thrown [./open/src/hotspot/share/interpreter/linkResolver.cpp, line 782]
Event: 0.508 Thread 0x0000024f4f835600 Exception <a 'java/lang/NoSuchMethodError'{0x00000007127d3c28}: 'java.lang.Object java.lang.invoke.DirectMethodHandle$Holder.invokeSpecialIFC(java.lang.Object, java.lang.Object, java.lang.Object, java.lang.Object)'> (0x00000007127d3c28) 
thrown [./open/src/hotspot/share/interpreter/linkResolver.cpp, line 782]
Event: 0.530 Thread 0x0000024f4f835600 Exception <a 'java/lang/NoSuchMethodError'{0x0000000712540bb8}: 'int java.lang.invoke.DirectMethodHandle$Holder.invokeVirtual(java.lang.Object, java.lang.Object, java.lang.Object)'> (0x0000000712540bb8) 
thrown [./open/src/hotspot/share/interpreter/linkResolver.cpp, line 782]
Event: 0.532 Thread 0x0000024f4f835600 Exception <a 'java/lang/NoSuchMethodError'{0x00000007125635b8}: 'void java.lang.invoke.DirectMethodHandle$Holder.invokeInterface(java.lang.Object, java.lang.Object)'> (0x00000007125635b8) 
thrown [./open/src/hotspot/share/interpreter/linkResolver.cpp, line 782]
Event: 0.532 Thread 0x0000024f4f835600 Exception <a 'java/lang/IncompatibleClassChangeError'{0x0000000712566a70}: Found class java.lang.Object, but interface was expected> (0x0000000712566a70) 
thrown [./open/src/hotspot/share/interpreter/linkResolver.cpp, line 848]
Event: 0.533 Thread 0x0000024f4f835600 Exception <a 'java/lang/NoSuchMethodError'{0x0000000712579d08}: 'void java.lang.invoke.DirectMethodHandle$Holder.invokeStatic(java.lang.Object, java.lang.Object, java.lang.Object, java.lang.Object)'> (0x0000000712579d08) 
thrown [./open/src/hotspot/share/interpreter/linkResolver.cpp, line 782]
Event: 0.546 Thread 0x0000024f4f835600 Exception <a 'java/lang/NoSuchMethodError'{0x000000071227d7b8}: 'void java.lang.invoke.DirectMethodHandle$Holder.invokeInterface(java.lang.Object, java.lang.Object, java.lang.Object, java.lang.Object)'> (0x000000071227d7b8) 
thrown [./open/src/hotspot/share/interpreter/linkResolver.cpp, line 782]
Event: 0.546 Thread 0x0000024f4f835600 Exception <a 'java/lang/IncompatibleClassChangeError'{0x0000000712280e18}: Found class java.lang.Object, but interface was expected> (0x0000000712280e18) 
thrown [./open/src/hotspot/share/interpreter/linkResolver.cpp, line 848]
Event: 0.552 Thread 0x0000024f4f835600 Exception <a 'java/lang/NoSuchMethodError'{0x0000000712339138}: 'int java.lang.invoke.DirectMethodHandle$Holder.invokeStatic(java.lang.Object, java.lang.Object, java.lang.Object, java.lang.Object)'> (0x0000000712339138) 
thrown [./open/src/hotspot/share/interpreter/linkResolver.cpp, line 782]
Event: 0.552 Thread 0x0000024f4f835600 Exception <a 'java/lang/NoSuchMethodError'{0x000000071233cc90}: 'java.lang.Object java.lang.invoke.Invokers$Holder.invokeExact_MT(java.lang.Object, java.lang.Object, java.lang.Object, java.lang.Object, java.lang.Object, java.lang.Object)'> (0x000000071233cc90) 
thrown [./open/src/hotspot/share/interpreter/linkResolver.cpp, line 782]
Event: 0.563 Thread 0x0000024f4f835600 Exception <a 'java/lang/NoSuchMethodError'{0x0000000712095330}: 'int java.lang.invoke.DirectMethodHandle$Holder.invokeStatic(java.lang.Object, java.lang.Object, java.lang.Object, java.lang.Object, java.lang.Object)'> (0x0000000712095330) 
thrown [./open/src/hotspot/share/interpreter/linkResolver.cpp, line 782]
Event: 0.590 Thread 0x0000024f4f835600 Exception <a 'java/lang/NoSuchMethodError'{0x0000000711f3cd18}: 'void java.lang.invoke.DirectMethodHandle$Holder.invokeInterface(java.lang.Object, java.lang.Object, java.lang.Object)'> (0x0000000711f3cd18) 
thrown [./open/src/hotspot/share/interpreter/linkResolver.cpp, line 782]
Event: 0.695 Thread 0x0000024f4f835600 Exception <a 'java/lang/NoSuchMethodError'{0x0000000710d60d68}: 'java.lang.Object java.lang.invoke.DirectMethodHandle$Holder.invokeStaticInit(java.lang.Object, int, int, int, int)'> (0x0000000710d60d68) 
thrown [./open/src/hotspot/share/interpreter/linkResolver.cpp, line 782]
Event: 0.723 Thread 0x0000024f4f835600 Exception <a 'java/lang/NoSuchMethodError'{0x0000000710a2f020}: 'java.lang.Object java.lang.invoke.DirectMethodHandle$Holder.invokeStaticInit(java.lang.Object, java.lang.Object, int, int, int, int)'> (0x0000000710a2f020) 
thrown [./open/src/hotspot/share/interpreter/linkResolver.cpp, line 782]
Event: 0.979 Thread 0x0000024f4f835600 Implicit null exception at 0x0000024f5ae5f86e to 0x0000024f5ae5f990
Event: 1.060 Thread 0x0000024f4f835600 Exception <a 'java/lang/NoSuchMethodError'{0x0000000712850b50}: 'int java.lang.invoke.DirectMethodHandle$Holder.invokeInterface(java.lang.Object, java.lang.Object)'> (0x0000000712850b50) 
thrown [./open/src/hotspot/share/interpreter/linkResolver.cpp, line 782]
Event: 1.061 Thread 0x0000024f4f835600 Exception <a 'java/lang/IncompatibleClassChangeError'{0x00000007128542b0}: Found class java.lang.Object, but interface was expected> (0x00000007128542b0) 
thrown [./open/src/hotspot/share/interpreter/linkResolver.cpp, line 848]
Event: 1.144 Thread 0x0000024f4f835600 Exception <a 'java/lang/NoSuchMethodError'{0x0000000704741268}: 'java.lang.Object java.lang.invoke.DirectMethodHandle$Holder.invokeVirtual(java.lang.Object, java.lang.Object, java.lang.Object)'> (0x0000000704741268) 
thrown [./open/src/hotspot/share/interpreter/linkResolver.cpp, line 782]
Event: 1.306 Thread 0x0000024f4f835600 Exception <a 'sun/nio/fs/WindowsException'{0x0000000704c4d820}> (0x0000000704c4d820) 
thrown [./open/src/hotspot/share/prims/jni.cpp, line 578]
Event: 1.314 Thread 0x0000024f4f835600 Exception <a 'java/lang/NoSuchMethodError'{0x0000000704c9bf80}: 'int java.lang.invoke.DirectMethodHandle$Holder.invokeStaticInit(java.lang.Object, java.lang.Object, java.lang.Object, java.lang.Object)'> (0x0000000704c9bf80) 
thrown [./open/src/hotspot/share/interpreter/linkResolver.cpp, line 782]

Events (20 events):
Event: 469.860 Executing VM operation: GetFrameLocation
Event: 469.860 Executing VM operation: GetFrameLocation done
Event: 469.860 Executing VM operation: get/set locals
Event: 469.860 Executing VM operation: get/set locals done
Event: 469.860 Executing VM operation: GetFrameLocation
Event: 469.861 Executing VM operation: GetFrameLocation done
Event: 469.861 Executing VM operation: get/set locals
Event: 469.861 Executing VM operation: get/set locals done
Event: 469.861 Executing VM operation: GetFrameLocation
Event: 469.861 Executing VM operation: GetFrameLocation done
Event: 469.861 Executing VM operation: get/set locals
Event: 469.861 Executing VM operation: get/set locals done
Event: 469.862 Executing VM operation: GetFrameLocation
Event: 469.862 Executing VM operation: GetFrameLocation done
Event: 469.862 Executing VM operation: get/set locals
Event: 469.862 Executing VM operation: get/set locals done
Event: 472.442 Executing VM operation: GetFrameCount
Event: 472.442 Executing VM operation: GetFrameCount done
Event: 691.402 Executing VM operation: GetFrameLocation
Event: 691.402 Executing VM operation: GetFrameLocation done


Dynamic libraries:
0x00007ff64bd80000 - 0x00007ff64bd8d000 	C:\Users\Kikine\OneDrive\Documents\mes cours de programmation\programmes\eclipse\plugins\org.eclipse.justj.openjdk.hotspot.jre.full.win32.x86_64_15.0.1.v20201027-0507\jre\bin\javaw.exe
0x00007ff8249b0000 - 0x00007ff824ba5000 	C:\WINDOWS\SYSTEM32\ntdll.dll
0x00007ff822f00000 - 0x00007ff822fbd000 	C:\WINDOWS\System32\KERNEL32.DLL
0x00007ff822430000 - 0x00007ff8226f9000 	C:\WINDOWS\System32\KERNELBASE.dll
0x00007ff822860000 - 0x00007ff822960000 	C:\WINDOWS\System32\ucrtbase.dll
0x00007ff81ab80000 - 0x00007ff81ab98000 	C:\Users\Kikine\OneDrive\Documents\mes cours de programmation\programmes\eclipse\plugins\org.eclipse.justj.openjdk.hotspot.jre.full.win32.x86_64_15.0.1.v20201027-0507\jre\bin\jli.dll
0x00007ff80ae80000 - 0x00007ff80ae99000 	C:\Users\Kikine\OneDrive\Documents\mes cours de programmation\programmes\eclipse\plugins\org.eclipse.justj.openjdk.hotspot.jre.full.win32.x86_64_15.0.1.v20201027-0507\jre\bin\VCRUNTIME140.dll
0x00007ff823630000 - 0x00007ff8237d0000 	C:\WINDOWS\System32\USER32.dll
0x00007ff822380000 - 0x00007ff8223a2000 	C:\WINDOWS\System32\win32u.dll
0x00007ff811610000 - 0x00007ff8118aa000 	C:\WINDOWS\WinSxS\amd64_microsoft.windows.common-controls_6595b64144ccf1df_6.0.19041.844_none_ca00b6081b84eb1d\COMCTL32.dll
0x00007ff823bc0000 - 0x00007ff823bea000 	C:\WINDOWS\System32\GDI32.dll
0x00007ff824350000 - 0x00007ff8243ee000 	C:\WINDOWS\System32\msvcrt.dll
0x00007ff822270000 - 0x00007ff82237b000 	C:\WINDOWS\System32\gdi32full.dll
0x00007ff822120000 - 0x00007ff8221bd000 	C:\WINDOWS\System32\msvcp_win.dll
0x00007ff824890000 - 0x00007ff8248c0000 	C:\WINDOWS\System32\IMM32.DLL
0x00007ff81bfe0000 - 0x00007ff81bfec000 	C:\Users\Kikine\OneDrive\Documents\mes cours de programmation\programmes\eclipse\plugins\org.eclipse.justj.openjdk.hotspot.jre.full.win32.x86_64_15.0.1.v20201027-0507\jre\bin\vcruntime140_1.dll
0x00007ff804bf0000 - 0x00007ff804c81000 	C:\Users\Kikine\OneDrive\Documents\mes cours de programmation\programmes\eclipse\plugins\org.eclipse.justj.openjdk.hotspot.jre.full.win32.x86_64_15.0.1.v20201027-0507\jre\bin\msvcp140.dll
0x00007fffb1a10000 - 0x00007fffb256e000 	C:\Users\Kikine\OneDrive\Documents\mes cours de programmation\programmes\eclipse\plugins\org.eclipse.justj.openjdk.hotspot.jre.full.win32.x86_64_15.0.1.v20201027-0507\jre\bin\server\jvm.dll
0x00007ff824710000 - 0x00007ff8247bc000 	C:\WINDOWS\System32\ADVAPI32.dll
0x00007ff822a10000 - 0x00007ff822aac000 	C:\WINDOWS\System32\sechost.dll
0x00007ff8234f0000 - 0x00007ff82361b000 	C:\WINDOWS\System32\RPCRT4.dll
0x00007ff823620000 - 0x00007ff823628000 	C:\WINDOWS\System32\PSAPI.DLL
0x00007ff81e260000 - 0x00007ff81e269000 	C:\WINDOWS\SYSTEM32\WSOCK32.dll
0x00007ff811a60000 - 0x00007ff811a87000 	C:\WINDOWS\SYSTEM32\WINMM.dll
0x00007ff81b130000 - 0x00007ff81b13a000 	C:\WINDOWS\SYSTEM32\VERSION.dll
0x00007ff8247c0000 - 0x00007ff82482b000 	C:\WINDOWS\System32\WS2_32.dll
0x00007ff820050000 - 0x00007ff820062000 	C:\WINDOWS\SYSTEM32\kernel.appcore.dll
0x00007ff81dce0000 - 0x00007ff81dcea000 	C:\Users\Kikine\OneDrive\Documents\mes cours de programmation\programmes\eclipse\plugins\org.eclipse.justj.openjdk.hotspot.jre.full.win32.x86_64_15.0.1.v20201027-0507\jre\bin\jimage.dll
0x00007ff80cec0000 - 0x00007ff80d0a4000 	C:\WINDOWS\SYSTEM32\DBGHELP.DLL
0x00007ff80bd20000 - 0x00007ff80bd4c000 	C:\WINDOWS\SYSTEM32\dbgcore.DLL
0x00007ff8223b0000 - 0x00007ff822430000 	C:\WINDOWS\System32\bcryptPrimitives.dll
0x00007ff804fa0000 - 0x00007ff804fd9000 	C:\Users\Kikine\OneDrive\Documents\mes cours de programmation\programmes\eclipse\plugins\org.eclipse.justj.openjdk.hotspot.jre.full.win32.x86_64_15.0.1.v20201027-0507\jre\bin\jdwp.dll
0x00007ff81c620000 - 0x00007ff81c62e000 	C:\Users\Kikine\OneDrive\Documents\mes cours de programmation\programmes\eclipse\plugins\org.eclipse.justj.openjdk.hotspot.jre.full.win32.x86_64_15.0.1.v20201027-0507\jre\bin\instrument.dll
0x00007ff802260000 - 0x00007ff802285000 	C:\Users\Kikine\OneDrive\Documents\mes cours de programmation\programmes\eclipse\plugins\org.eclipse.justj.openjdk.hotspot.jre.full.win32.x86_64_15.0.1.v20201027-0507\jre\bin\java.dll
0x00007ff802bf0000 - 0x00007ff802c08000 	C:\Users\Kikine\OneDrive\Documents\mes cours de programmation\programmes\eclipse\plugins\org.eclipse.justj.openjdk.hotspot.jre.full.win32.x86_64_15.0.1.v20201027-0507\jre\bin\zip.dll
0x00007ff823bf0000 - 0x00007ff824332000 	C:\WINDOWS\System32\SHELL32.dll
0x00007ff820250000 - 0x00007ff8209e0000 	C:\WINDOWS\SYSTEM32\windows.storage.dll
0x00007ff8237d0000 - 0x00007ff823b25000 	C:\WINDOWS\System32\combase.dll
0x00007ff821b60000 - 0x00007ff821b8c000 	C:\WINDOWS\SYSTEM32\Wldp.dll
0x00007ff822c10000 - 0x00007ff822cbe000 	C:\WINDOWS\System32\SHCORE.dll
0x00007ff822ab0000 - 0x00007ff822b05000 	C:\WINDOWS\System32\shlwapi.dll
0x00007ff822030000 - 0x00007ff82204f000 	C:\WINDOWS\SYSTEM32\profapi.dll
0x00007ff81c610000 - 0x00007ff81c61b000 	C:\Users\Kikine\OneDrive\Documents\mes cours de programmation\programmes\eclipse\plugins\org.eclipse.justj.openjdk.hotspot.jre.full.win32.x86_64_15.0.1.v20201027-0507\jre\bin\dt_socket.dll
0x00007ff821580000 - 0x00007ff8215bb000 	C:\WINDOWS\SYSTEM32\IPHLPAPI.DLL
0x00007ff8218e0000 - 0x00007ff82194a000 	C:\WINDOWS\system32\mswsock.dll
0x00007ff8215c0000 - 0x00007ff82168b000 	C:\WINDOWS\SYSTEM32\DNSAPI.dll
0x00007ff823b30000 - 0x00007ff823b38000 	C:\WINDOWS\System32\NSI.dll
0x00007ff819fa0000 - 0x00007ff819faa000 	C:\Windows\System32\rasadhlp.dll
0x00007ff810c80000 - 0x00007ff810cff000 	C:\WINDOWS\System32\fwpuclnt.dll
0x00007ff8220f0000 - 0x00007ff822117000 	C:\WINDOWS\System32\bcrypt.dll
0x00007ff802240000 - 0x00007ff802259000 	C:\Users\Kikine\OneDrive\Documents\mes cours de programmation\programmes\eclipse\plugins\org.eclipse.justj.openjdk.hotspot.jre.full.win32.x86_64_15.0.1.v20201027-0507\jre\bin\net.dll
0x00007ff815c20000 - 0x00007ff815d2c000 	C:\WINDOWS\SYSTEM32\WINHTTP.dll
0x00007ff802220000 - 0x00007ff802232000 	C:\Users\Kikine\OneDrive\Documents\mes cours de programmation\programmes\eclipse\plugins\org.eclipse.justj.openjdk.hotspot.jre.full.win32.x86_64_15.0.1.v20201027-0507\jre\bin\nio.dll
0x00007ff81df50000 - 0x00007ff81df60000 	C:\Users\Kikine\OneDrive\Documents\mes cours de programmation\programmes\eclipse\plugins\org.eclipse.justj.openjdk.hotspot.jre.full.win32.x86_64_15.0.1.v20201027-0507\jre\bin\verify.dll
0x00007ff819400000 - 0x00007ff819417000 	C:\WINDOWS\SYSTEM32\dhcpcsvc6.DLL
0x00007ff8199c0000 - 0x00007ff8199dd000 	C:\WINDOWS\SYSTEM32\dhcpcsvc.DLL
0x00007ff81c5e0000 - 0x00007ff81c5e9000 	C:\Users\Kikine\OneDrive\Documents\mes cours de programmation\programmes\eclipse\plugins\org.eclipse.justj.openjdk.hotspot.jre.full.win32.x86_64_15.0.1.v20201027-0507\jre\bin\management.dll
0x00007ff81bf60000 - 0x00007ff81bf6b000 	C:\Users\Kikine\OneDrive\Documents\mes cours de programmation\programmes\eclipse\plugins\org.eclipse.justj.openjdk.hotspot.jre.full.win32.x86_64_15.0.1.v20201027-0507\jre\bin\management_ext.dll
0x00007ff806290000 - 0x00007ff8062a7000 	C:\WINDOWS\system32\napinsp.dll
0x00007ff805d70000 - 0x00007ff805d8b000 	C:\WINDOWS\system32\pnrpnsp.dll
0x00007ff81cc00000 - 0x00007ff81cc15000 	C:\WINDOWS\system32\wshbth.dll
0x00007ff81de80000 - 0x00007ff81de9d000 	C:\WINDOWS\system32\NLAapi.dll
0x00007ff805d50000 - 0x00007ff805d62000 	C:\WINDOWS\System32\winrnr.dll
0x00007ff821ab0000 - 0x00007ff821ac8000 	C:\WINDOWS\SYSTEM32\CRYPTSP.dll
0x00007ff821210000 - 0x00007ff821244000 	C:\WINDOWS\system32\rsaenh.dll
0x00007ff821fb0000 - 0x00007ff821fde000 	C:\WINDOWS\SYSTEM32\USERENV.dll
0x00007ff821ad0000 - 0x00007ff821adc000 	C:\WINDOWS\SYSTEM32\CRYPTBASE.dll
0x00007ff81b4c0000 - 0x00007ff81b4cd000 	C:\Users\Kikine\OneDrive\Documents\mes cours de programmation\programmes\eclipse\plugins\org.eclipse.justj.openjdk.hotspot.jre.full.win32.x86_64_15.0.1.v20201027-0507\jre\bin\sunmscapi.dll
0x00007ff822700000 - 0x00007ff82285f000 	C:\WINDOWS\System32\CRYPT32.dll
0x00007ff821bd0000 - 0x00007ff821bf7000 	C:\WINDOWS\SYSTEM32\ncrypt.dll
0x00007ff821b90000 - 0x00007ff821bcb000 	C:\WINDOWS\SYSTEM32\NTASN1.dll

dbghelp: loaded successfully - version: 4.0.5 - missing functions: none
symbol engine: initialized successfully - sym options: 0x614 - pdb path: .;C:\Users\Kikine\OneDrive\Documents\mes cours de programmation\programmes\eclipse\plugins\org.eclipse.justj.openjdk.hotspot.jre.full.win32.x86_64_15.0.1.v20201027-0507\jre\bin;C:\WINDOWS\SYSTEM32;C:\WINDOWS\WinSxS\amd64_microsoft.windows.common-controls_6595b64144ccf1df_6.0.19041.844_none_ca00b6081b84eb1d;C:\Users\Kikine\OneDrive\Documents\mes cours de programmation\programmes\eclipse\plugins\org.eclipse.justj.openjdk.hotspot.jre.full.win32.x86_64_15.0.1.v20201027-0507\jre\bin\server

VM Arguments:
jvm_args: -XX:+ShowCodeDetailsInExceptionMessages -agentlib:jdwp=transport=dt_socket,suspend=y,address=localhost:53116 -ea -javaagent:C:\Users\Kikine\OneDrive\Documents\mes cours de programmation\programmes\eclipse\configuration\org.eclipse.osgi\405\0\.cp\lib\javaagent-shaded.jar -Dfile.encoding=UTF-8 
java_command: org.eclipse.jdt.internal.junit.runner.RemoteTestRunner -version 3 -port 53114 -testLoaderClass org.eclipse.jdt.internal.junit5.runner.JUnit5TestLoader -loaderpluginname org.eclipse.jdt.junit5.runtime -classNames com.parkit.parkingsystem.integration.ParkingDataBaseIT
java_class_path (initial): C:\Users\Kikine\eclipse-workspace\MoveIt\target\test-classes;C:\Users\Kikine\eclipse-workspace\MoveIt\target\classes;C:\Users\Kikine\.m2\repository\org\apache\logging\log4j\log4j-api\2.12.1\log4j-api-2.12.1.jar;C:\Users\Kikine\.m2\repository\org\apache\logging\log4j\log4j-core\2.12.1\log4j-core-2.12.1.jar;C:\Users\Kikine\.m2\repository\mysql\mysql-connector-java\8.0.17\mysql-connector-java-8.0.17.jar;C:\Users\Kikine\.m2\repository\com\google\protobuf\protobuf-java\3.6.1\protobuf-java-3.6.1.jar;C:\Users\Kikine\.m2\repository\org\junit\jupiter\junit-jupiter-api\5.3.2\junit-jupiter-api-5.3.2.jar;C:\Users\Kikine\.m2\repository\org\apiguardian\apiguardian-api\1.0.0\apiguardian-api-1.0.0.jar;C:\Users\Kikine\.m2\repository\org\opentest4j\opentest4j\1.1.1\opentest4j-1.1.1.jar;C:\Users\Kikine\.m2\repository\org\junit\platform\junit-platform-commons\1.3.2\junit-platform-commons-1.3.2.jar;C:\Users\Kikine\.m2\repository\org\junit\jupiter\junit-jupiter-engine\5.3.2\junit-jupiter-engine-5.3.2.jar;C:\Users\Kikine\.m2\repository\org\junit\platform\junit-platform-engine\1.3.2\junit-platform-engine-1.3.2.jar;C:\Users\Kikine\.m2\repository\org\mockito\mockito-junit-jupiter\2.23.4\mockito-junit-jupiter-2.23.4.jar;C:\Users\Kikine\.m2\repository\org\mockito\mockito-core\2.23.4\mockito-core-2.23.4.jar;C:\Users\Kikine\.m2\repository\net\bytebuddy\byte-buddy\1.9.3\byte-buddy-1.9.3.jar;C:\Users\Kikine\.m2\repository\net\bytebuddy\byte-buddy-agent\1.9.3\byte-buddy-agent-1.9.3.jar;C:\Users\Kikine\.m2\repository\org\objenesis\objenesis\2.6\objenesis-2.6.jar;C:\Users\Kikine\.m2\repository\org\assertj\assertj-core\3.13.2\assertj-core-3.13.2.jar;C:\Users\Kikine\.m2\repository\org\jacoco\jacoco-maven-plugin\0.8.5\jacoco-maven-plugin-0.8.5.jar;C:\Users\Kikine\.m2\repository\org\apache\maven\maven-plugin-api\3.0\maven-plugin-api-3.0.jar;C:\Users\Kikine\.m2\repository\org\sonatype\sisu\sisu-inject-plexus\1.4.2\sisu-inject-plexus-1.4.2.jar;C:\Users\Kikine\.m2\repository\org
Launcher Type: SUN_STANDARD

[Global flags]
     intx CICompilerCount                          = 12                                        {product} {ergonomic}
     uint ConcGCThreads                            = 3                                         {product} {ergonomic}
     uint G1ConcRefinementThreads                  = 13                                        {product} {ergonomic}
   size_t G1HeapRegionSize                         = 2097152                                   {product} {ergonomic}
    uintx GCDrainStackTargetSize                   = 64                                        {product} {ergonomic}
   size_t InitialHeapSize                          = 266338304                                 {product} {ergonomic}
   size_t MarkStackSize                            = 4194304                                   {product} {ergonomic}
   size_t MaxHeapSize                              = 4248829952                                {product} {ergonomic}
   size_t MaxNewSize                               = 2548039680                                {product} {ergonomic}
   size_t MinHeapDeltaBytes                        = 2097152                                   {product} {ergonomic}
   size_t MinHeapSize                              = 8388608                                   {product} {ergonomic}
    uintx NonNMethodCodeHeapSize                   = 7602480                                {pd product} {ergonomic}
    uintx NonProfiledCodeHeapSize                  = 122027880                              {pd product} {ergonomic}
    uintx ProfiledCodeHeapSize                     = 122027880                              {pd product} {ergonomic}
    uintx ReservedCodeCacheSize                    = 251658240                              {pd product} {ergonomic}
     bool SegmentedCodeCache                       = true                                      {product} {ergonomic}
     bool ShowCodeDetailsInExceptionMessages       = true                                   {manageable} {command line}
   size_t SoftMaxHeapSize                          = 4248829952                             {manageable} {ergonomic}
     bool UseCompressedClassPointers               = true                                 {lp64_product} {ergonomic}
     bool UseCompressedOops                        = true                                 {lp64_product} {ergonomic}
     bool UseG1GC                                  = true                                      {product} {ergonomic}
     bool UseLargePagesIndividualAllocation        = false                                  {pd product} {ergonomic}

Logging:
Log output configuration:
 #0: stdout all=warning uptime,level,tags
 #1: stderr all=off uptime,level,tags

Environment Variables:
JAVA_HOME=C:\Program Files\Java\jdk1.8.0_281
PATH=C:\Users\Kikine\OneDrive\Documents\mes cours de programmation\programmes\eclipse\plugins\org.eclipse.justj.openjdk.hotspot.jre.full.win32.x86_64_15.0.1.v20201027-0507\jre\bin;C:/Users/Kikine/OneDrive/Documents/mes cours de programmation/programmes/eclipse//plugins/org.eclipse.justj.openjdk.hotspot.jre.full.win32.x86_64_15.0.1.v20201027-0507/jre/bin/server;C:/Users/Kikine/OneDrive/Documents/mes cours de programmation/programmes/eclipse//plugins/org.eclipse.justj.openjdk.hotspot.jre.full.win32.x86_64_15.0.1.v20201027-0507/jre/bin;C:\Program Files\Common Files\Oracle\Java\javapath;C:\Program Files (x86)\Common Files\Oracle\Java\javapath;C:\Windows\system32;C:\Windows;C:\Windows\System32\Wbem;C:\Windows\System32\WindowsPowerShell\v1.0\;C:\Windows\System32\OpenSSH\;C:\Program Files (x86)\NVIDIA Corporation\PhysX\Common;C:\Program Files\NVIDIA Corporation\NVIDIA NvDLISR;C:\Program Files\nodejs\;C:\Program Files\Microsoft SQL Server\120\Tools\Binn\;C:\Program Files\Common Files\Autodesk Shared\;C:\WINDOWS\system32;C:\WINDOWS;C:\WINDOWS\System32\Wbem;C:\WINDOWS\System32\WindowsPowerShell\v1.0\;C:\WINDOWS\System32\OpenSSH\;C:\Program Files\Git\cmd;C:\Program Files\dotnet\;C:\Program Files\Microsoft SQL Server\130\Tools\Binn\;C:\Program Files\Microsoft SQL Server\Client SDK\ODBC\170\Tools\Binn\;C:\apache-maven-3.6.3\bin;C:\Program Files\Java\jdk-11.0.10\bin;C:\Program Files\Java\jdk1.8.0_281\bin;C:\Program Files\MySQL\MySQL Shell 8.0\bin\;C:\Users\Kikine\AppData\Local\Microsoft\WindowsApps;C:\Users\Kikine\AppData\Roaming\npm;C:\Users\Kikine\AppData\Local\Programs\Microsoft VS Code\bin;C:\Users\Kikine\.dotnet\tools;;C:\Users\Kikine\OneDrive\Documents\mes cours de programmation\programmes\eclipse;
USERNAME=Kikine
OS=Windows_NT
PROCESSOR_IDENTIFIER=Intel64 Family 6 Model 165 Stepping 2, GenuineIntel



---------------  S Y S T E M  ---------------

OS:
 Windows 10 , 64 bit Build 19041 (10.0.19041.804)
OS uptime: 3 days 5:11 hours

CPU: total 16 (initial active 16) (8 cores per cpu, 2 threads per core) family 6 model 165 stepping 2 microcode 0xe0, cmov, cx8, fxsr, mmx, sse, sse2, sse3, ssse3, sse4.1, sse4.2, popcnt, vzeroupper, avx, avx2, aes, clmul, erms, 3dnowpref, lzcnt, ht, tsc, tscinvbit, bmi1, bmi2, adx, fma, clflush, clflushopt

Memory: 4k page, system-wide physical 16203M (5529M free)
TotalPageFile size 28076M (AvailPageFile size 4475M)
current process WorkingSet (physical memory assigned to process): 189M, peak: 352M
current process commit charge ("private bytes"): 302M, peak: 459M

vm_info: OpenJDK 64-Bit Server VM (15.0.1+9-18) for windows-amd64 JRE (15.0.1+9-18), built on Sep 15 2020 14:39:31 by "mach5one" with unknown MS VC++:1925

END.
