#
# A fatal error has been detected by the Java Runtime Environment:
#
#  EXCEPTION_ACCESS_VIOLATION (0xc0000005) at pc=0x00007ffba8053d2e, pid=27932, tid=25548
#
# JRE version: OpenJDK Runtime Environment (15.0.1+9) (build 15.0.1+9-18)
# Java VM: OpenJDK 64-Bit Server VM (15.0.1+9-18, mixed mode, tiered, compressed oops, g1 gc, windows-amd64)
# Problematic frame:
# V  [jvm.dll+0x5e3d2e]
#
# No core dump will be written. Minidumps are not enabled by default on client versions of Windows
#
# If you would like to submit a bug report, please visit:
#   https://bugreport.java.com/bugreport/crash.jsp
#

---------------  S U M M A R Y ------------

Command Line: -XX:+ShowCodeDetailsInExceptionMessages -agentlib:jdwp=transport=dt_socket,suspend=y,address=localhost:57690 -ea -javaagent:C:\Users\Kikine\OneDrive\Documents\mes cours de programmation\programmes\eclipse\configuration\org.eclipse.osgi\405\0\.cp\lib\javaagent-shaded.jar -Dfile.encoding=UTF-8 org.eclipse.jdt.internal.junit.runner.RemoteTestRunner -version 3 -port 57689 -testLoaderClass org.eclipse.jdt.internal.junit5.runner.JUnit5TestLoader -loaderpluginname org.eclipse.jdt.junit5.runtime -classNames com.parkit.parkingsytem.dao.TicketDAOTest

Host: Intel(R) Core(TM) i7-10875H CPU @ 2.30GHz, 16 cores, 15G,  Windows 10 , 64 bit Build 19041 (10.0.19041.804)
Time: Thu Apr  8 21:44:57 2021 Paris, Madrid (heure d’été) elapsed time: 6695.185806 seconds (0d 1h 51m 35s)

---------------  T H R E A D  ---------------

Current thread (0x00000231e2b22f70):  VMThread "VM Thread" [stack: 0x00000050c8700000,0x00000050c8800000] [id=25548]

Stack: [0x00000050c8700000,0x00000050c8800000],  sp=0x00000050c87ff450,  free space=1021k
Native frames: (J=compiled Java code, j=interpreted, Vv=VM code, C=native code)
V  [jvm.dll+0x5e3d2e]
V  [jvm.dll+0x4f4f31]
V  [jvm.dll+0x1c86bb]
V  [jvm.dll+0x1ca967]
V  [jvm.dll+0x4f53fa]
V  [jvm.dll+0x783e4b]
V  [jvm.dll+0x787c83]
V  [jvm.dll+0x788545]
V  [jvm.dll+0x78877e]
V  [jvm.dll+0x73d65a]
V  [jvm.dll+0x629c56]
C  [ucrtbase.dll+0x21bb2]
C  [KERNEL32.DLL+0x17034]
C  [ntdll.dll+0x52651]


siginfo: EXCEPTION_ACCESS_VIOLATION (0xc0000005), reading address 0x0000000000b50138


Register to memory mapping:

RIP=0x00007ffba8053d2e jvm.dll
RAX=64 is a compressed pointer to class: 0x0000000800000040
RBX=0x00000231c0a6d3c0 points into unknown readable memory: 0x0000000000000000 | 00 00 00 00 00 00 00 00
RCX=0x0000000000b50000 is an unknown value
RDX=0x0000000000000002 is an unknown value
RSP=0x00000050c87ff450 points into unknown readable memory: 0x00000231e2aeef08 | 08 ef ae e2 31 02 00 00
RBP=0x00000050c87ff620 points into unknown readable memory: 0x00007ffba8324c68 | 68 4c 32 a8 fb 7f 00 00
RSI=0x0000000000b50000 is an unknown value
RDI=0x0000000000000002 is an unknown value
R8 =0x00000231e2b234e0 points into unknown readable memory: 0x3001041c00000002 | 02 00 00 00 1c 04 01 30
R9 =0x0 is NULL
R10=0x000000080015b7d8 is pointing into metadata
R11=0x00000050c87ff538 points into unknown readable memory: 0x00007ffba7c386bb | bb 86 c3 a7 fb 7f 00 00
R12=0x00007ffba82b9eb0 jvm.dll
R13=0x00007ffba8538180 jvm.dll
R14=0x0 is NULL
R15=0x00000000000003d8 is an unknown value


Registers:
RAX=0x0000000000000040, RBX=0x00000231c0a6d3c0, RCX=0x0000000000b50000, RDX=0x0000000000000002
RSP=0x00000050c87ff450, RBP=0x00000050c87ff620, RSI=0x0000000000b50000, RDI=0x0000000000000002
R8 =0x00000231e2b234e0, R9 =0x0000000000000000, R10=0x000000080015b7d8, R11=0x00000050c87ff538
R12=0x00007ffba82b9eb0, R13=0x00007ffba8538180, R14=0x0000000000000000, R15=0x00000000000003d8
RIP=0x00007ffba8053d2e, EFLAGS=0x0000000000010202

Top of Stack: (sp=0x00000050c87ff450)
0x00000050c87ff450:   00000231e2aeef08 00000000000003d8
0x00000050c87ff460:   00000231e2aeef08 00000231e2aeec20
0x00000050c87ff470:   00000000000003d8 0000000000000000
0x00000050c87ff480:   00007ffba8538180 00007ffba82b9eb0
0x00000050c87ff490:   00000050c87ff620 00007ffba7f64f31
0x00000050c87ff4a0:   00000231e50710a0 00000231e3c875e8
0x00000050c87ff4b0:   0000000800155db8 00000231e2aeeb20
0x00000050c87ff4c0:   000000080015b5e0 0000000000000000
0x00000050c87ff4d0:   00007ffb00000000 00000231e2b22f70
0x00000050c87ff4e0:   00000231e2b234e0 00000231e340f470
0x00000050c87ff4f0:   00000231e340f4b8 00000231e3417458
0x00000050c87ff500:   00000000000080b0 00000050c87ff598
0x00000050c87ff510:   00000000000003d8 0000000000000000
0x00000050c87ff520:   00007ffba82b9eb0 0000000711202f30
0x00000050c87ff530:   00000050c87ff620 00007ffba7c386bb
0x00000050c87ff540:   0000000800155db8 00000231e2b23400 

Instructions: (pc=0x00007ffba8053d2e)
0x00007ffba8053c2e:   e3 03 48 63 57 08 48 8b 48 08 48 89 5c d1 08 48
0x00007ffba8053c3e:   8b 5c 24 30 48 83 c4 20 5f c3 cc cc cc cc cc cc
0x00007ffba8053c4e:   cc cc 48 89 5c 24 18 48 89 7c 24 20 41 56 48 83
0x00007ffba8053c5e:   ec 20 33 db 44 0f b6 f2 48 8b f9 39 59 10 7e 6f
0x00007ffba8053c6e:   48 89 6c 24 30 48 89 74 24 38 8b f3 66 0f 1f 44
0x00007ffba8053c7e:   00 00 8b 47 08 03 c6 48 63 d0 48 8b 07 48 8b 48
0x00007ffba8053c8e:   08 48 8b 6c d1 10 48 8b cd 48 83 e1 fc 74 2c 45
0x00007ffba8053c9e:   84 f6 75 10 48 8b 89 98 00 00 00 e8 e2 4f be ff
0x00007ffba8053cae:   84 c0 75 17 8b 47 08 83 e5 03 03 c6 48 63 d0 48
0x00007ffba8053cbe:   8b 07 48 8b 48 08 48 89 6c d1 10 ff c3 83 c6 02
0x00007ffba8053cce:   3b 5f 10 7c ad 48 8b 74 24 38 48 8b 6c 24 30 48
0x00007ffba8053cde:   8b 5c 24 40 48 8b 7c 24 48 48 83 c4 20 41 5e c3
0x00007ffba8053cee:   cc cc 40 55 41 54 41 55 41 56 41 57 48 83 ec 20
0x00007ffba8053cfe:   65 48 8b 04 25 58 00 00 00 8b 15 bf c1 4e 00 48
0x00007ffba8053d0e:   89 5c 24 58 48 89 74 24 60 48 8b f1 48 8b 1c d0
0x00007ffba8053d1e:   b8 40 00 00 00 80 3c 18 00 75 05 e8 be 49 1f 00
0x00007ffba8053d2e:   83 be 38 01 00 00 00 b8 08 00 00 00 48 8b 04 18
0x00007ffba8053d3e:   48 8b a8 90 02 00 00 4c 8b 75 10 4c 8b 7d 18 4c
0x00007ffba8053d4e:   8b 65 20 4c 8b 6d 28 7e 5f 48 8d 8e 40 01 00 00
0x00007ffba8053d5e:   e8 bd 0a 00 00 48 8b d8 48 85 c0 74 4b 48 89 7c
0x00007ffba8053d6e:   24 68 48 8b 03 48 8b cb ff 90 88 00 00 00 8b 7b
0x00007ffba8053d7e:   08 48 8b cb 48 8b 03 2b fe ff 10 8d 0c c7 8d 81
0x00007ffba8053d8e:   c8 fe ff ff 3b 86 38 01 00 00 7d 17 48 63 c1 48
0x00007ffba8053d9e:   8d 4e 08 48 03 c8 e8 77 0a 00 00 48 8b d8 48 85
0x00007ffba8053dae:   c0 75 bf 48 8b 7c 24 68 48 8d 05 7b 30 2e 00 48
0x00007ffba8053dbe:   8b ce 48 8d 54 24 50 48 89 44 24 50 e8 d1 f9 ff
0x00007ffba8053dce:   ff 49 83 3e 00 48 8b 74 24 60 48 8b 5c 24 58 74
0x00007ffba8053dde:   13 49 8b d5 48 8b cd e8 d6 4a ab ff 49 8b ce e8
0x00007ffba8053dee:   3e 4a ab ff 4c 89 75 10 4c 89 7d 18 4c 89 65 20
0x00007ffba8053dfe:   48 83 c4 20 41 5f 41 5e 41 5d 41 5c 5d c3 cc cc
0x00007ffba8053e0e:   cc cc 48 8b c4 53 48 83 ec 70 48 89 68 08 48 8b
0x00007ffba8053e1e:   d1 4c 89 60 f0 45 33 e4 4c 89 68 e8 4c 8b e9 4c 


Stack slot to memory mapping:
stack at sp + 0 slots: 0x00000231e2aeef08 points into unknown readable memory: 0x1003017dc5d20de7 | e7 0d d2 c5 7d 01 03 10
stack at sp + 1 slots: 0x00000000000003d8 is an unknown value
stack at sp + 2 slots: 0x00000231e2aeef08 points into unknown readable memory: 0x1003017dc5d20de7 | e7 0d d2 c5 7d 01 03 10
stack at sp + 3 slots: 0x00000231e2aeec20 points into unknown readable memory: 0x00000231e2aeec40 | 40 ec ae e2 31 02 00 00
stack at sp + 4 slots: 0x00000000000003d8 is an unknown value
stack at sp + 5 slots: 0x0 is NULL
stack at sp + 6 slots: 0x00007ffba8538180 jvm.dll
stack at sp + 7 slots: 0x00007ffba82b9eb0 jvm.dll

VM_Operation (0x00000050c95ff0a0): RedefineClasses, mode: safepoint, requested by thread 0x00000231e305fa70, redefining class com.parkit.parkingsytem.dao.TicketDAOTest



---------------  P R O C E S S  ---------------

Threads class SMR info:
_java_thread_list=0x00000231e3f74750, length=15, elements={
0x00000231c09f65f0, 0x00000231e2b5b130, 0x00000231e2b5c3b0, 0x00000231e2b882b0,
0x00000231e2b89180, 0x00000231e2b89b40, 0x00000231e2b8dd30, 0x00000231e2b8e6e0,
0x00000231e2b7bc00, 0x00000231e2bc93f0, 0x00000231e305fa70, 0x00000231e2e6a910,
0x00000231e2e334b0, 0x00000231e3205690, 0x00000231e357b040
}

Java Threads: ( => current thread )
  0x00000231c09f65f0 JavaThread "main" [_thread_blocked, id=25284, stack(0x00000050c8100000,0x00000050c8200000)]
  0x00000231e2b5b130 JavaThread "Reference Handler" daemon [_thread_blocked, id=26544, stack(0x00000050c8800000,0x00000050c8900000)]
  0x00000231e2b5c3b0 JavaThread "Finalizer" daemon [_thread_blocked, id=25360, stack(0x00000050c8900000,0x00000050c8a00000)]
  0x00000231e2b882b0 JavaThread "Signal Dispatcher" daemon [_thread_blocked, id=25112, stack(0x00000050c8a00000,0x00000050c8b00000)]
  0x00000231e2b89180 JavaThread "Attach Listener" daemon [_thread_blocked, id=27892, stack(0x00000050c8b00000,0x00000050c8c00000)]
  0x00000231e2b89b40 JavaThread "Service Thread" daemon [_thread_blocked, id=12656, stack(0x00000050c8c00000,0x00000050c8d00000)]
  0x00000231e2b8dd30 JavaThread "C2 CompilerThread0" daemon [_thread_blocked, id=18896, stack(0x00000050c8d00000,0x00000050c8e00000)]
  0x00000231e2b8e6e0 JavaThread "C1 CompilerThread0" daemon [_thread_blocked, id=22200, stack(0x00000050c8e00000,0x00000050c8f00000)]
  0x00000231e2b7bc00 JavaThread "Sweeper thread" daemon [_thread_blocked, id=28212, stack(0x00000050c8f00000,0x00000050c9000000)]
  0x00000231e2bc93f0 JavaThread "Common-Cleaner" daemon [_thread_blocked, id=1260, stack(0x00000050c9000000,0x00000050c9100000)]
  0x00000231e305fa70 JavaThread "JDWP Transport Listener: dt_socket" daemon [_thread_blocked, id=24908, stack(0x00000050c9500000,0x00000050c9600000)]
  0x00000231e2e6a910 JavaThread "JDWP Event Helper Thread" daemon [_thread_blocked, id=29264, stack(0x00000050c9600000,0x00000050c9700000)]
  0x00000231e2e334b0 JavaThread "JDWP Command Reader" daemon [_thread_in_native, id=9736, stack(0x00000050c9700000,0x00000050c9800000)]
  0x00000231e3205690 JavaThread "Notification Thread" daemon [_thread_blocked, id=24500, stack(0x00000050c9800000,0x00000050c9900000)]
  0x00000231e357b040 JavaThread "ReaderThread" [_thread_in_native, id=13492, stack(0x00000050c9a00000,0x00000050c9b00000)]

Other Threads:
=>0x00000231e2b22f70 VMThread "VM Thread" [stack: 0x00000050c8700000,0x00000050c8800000] [id=25548]
  0x00000231c09f7530 WatcherThread [stack: 0x00000050c9900000,0x00000050c9a00000] [id=22440]
  0x00000231c0a4a520 GCTaskThread "GC Thread#0" [stack: 0x00000050c8200000,0x00000050c8300000] [id=29260]
  0x00000231e2e254b0 GCTaskThread "GC Thread#1" [stack: 0x00000050c9b00000,0x00000050c9c00000] [id=29136]
  0x00000231e2e25b10 GCTaskThread "GC Thread#2" [stack: 0x00000050c9c00000,0x00000050c9d00000] [id=25752]
  0x00000231e2e22b40 GCTaskThread "GC Thread#3" [stack: 0x00000050c9d00000,0x00000050c9e00000] [id=28604]
  0x00000231e2e22e70 GCTaskThread "GC Thread#4" [stack: 0x00000050c9e00000,0x00000050c9f00000] [id=27224]
  0x00000231e3fb0b10 GCTaskThread "GC Thread#5" [stack: 0x00000050c9f00000,0x00000050ca000000] [id=20432]
  0x00000231c0a5bbe0 ConcurrentGCThread "G1 Main Marker" [stack: 0x00000050c8300000,0x00000050c8400000] [id=10376]
  0x00000231c0a5c760 ConcurrentGCThread "G1 Conc#0" [stack: 0x00000050c8400000,0x00000050c8500000] [id=29552]
  0x00000231e214a510 ConcurrentGCThread "G1 Refine#0" [stack: 0x00000050c8500000,0x00000050c8600000] [id=25428]
  0x00000231c0abe470 ConcurrentGCThread "G1 Young RemSet Sampling" [stack: 0x00000050c8600000,0x00000050c8700000] [id=4052]

Threads with active compile tasks:

VM state: at safepoint (normal execution)

VM Mutex/Monitor currently owned by a thread:  ([mutex/lock_event])
[0x00000231c09f0fb0] Threads_lock - owner thread: 0x00000231e2b22f70

Heap address: 0x0000000702c00000, size: 4052 MB, Compressed Oops mode: Zero based, Oop shift amount: 3
CDS disabled.
Compressed class space mapped at: 0x0000000800000000-0x0000000840000000, size: 1073741824
Narrow klass base: 0x0000000800000000, Narrow klass shift: 0, Narrow klass range: 0x40000000

GC Precious Log:
 CPUs: 16 total, 16 available
 Memory: 16203M
 Large Page Support: Disabled
 NUMA Support: Disabled
 Compressed Oops: Enabled (Zero based)
 Heap Region Size: 2M
 Heap Min Capacity: 8M
 Heap Initial Capacity: 254M
 Heap Max Capacity: 4052M
 Pre-touch: Disabled
 Parallel Workers: 13
 Concurrent Workers: 3
 Concurrent Refinement Workers: 13
 Periodic GC: Disabled

Heap:
 garbage-first heap   total 260096K, used 17039K [0x0000000702c00000, 0x0000000800000000)
  region size 2048K, 9 young (18432K), 2 survivors (4096K)
 Metaspace       used 13962K, capacity 14129K, committed 14208K, reserved 1062912K
  class space    used 1360K, capacity 1402K, committed 1408K, reserved 1048576K

Heap Regions: E=young(eden), S=young(survivor), O=old, HS=humongous(starts), HC=humongous(continues), CS=collection set, F=free, OA=open archive, CA=closed archive, TAMS=top-at-mark-start (previous, next)
|   0|0x0000000702c00000, 0x0000000702ca3c00, 0x0000000702e00000| 31%| O|  |TAMS 0x0000000702c00000, 0x0000000702c00000| Untracked 
|   1|0x0000000702e00000, 0x0000000702e00000, 0x0000000703000000|  0%| F|  |TAMS 0x0000000702e00000, 0x0000000702e00000| Untracked 
|   2|0x0000000703000000, 0x0000000703000000, 0x0000000703200000|  0%| F|  |TAMS 0x0000000703000000, 0x0000000703000000| Untracked 
|   3|0x0000000703200000, 0x0000000703200000, 0x0000000703400000|  0%| F|  |TAMS 0x0000000703200000, 0x0000000703200000| Untracked 
|   4|0x0000000703400000, 0x0000000703400000, 0x0000000703600000|  0%| F|  |TAMS 0x0000000703400000, 0x0000000703400000| Untracked 
|   5|0x0000000703600000, 0x0000000703600000, 0x0000000703800000|  0%| F|  |TAMS 0x0000000703600000, 0x0000000703600000| Untracked 
|   6|0x0000000703800000, 0x0000000703800000, 0x0000000703a00000|  0%| F|  |TAMS 0x0000000703800000, 0x0000000703800000| Untracked 
|   7|0x0000000703a00000, 0x0000000703a00000, 0x0000000703c00000|  0%| F|  |TAMS 0x0000000703a00000, 0x0000000703a00000| Untracked 
|   8|0x0000000703c00000, 0x0000000703c00000, 0x0000000703e00000|  0%| F|  |TAMS 0x0000000703c00000, 0x0000000703c00000| Untracked 
|   9|0x0000000703e00000, 0x0000000703e00000, 0x0000000704000000|  0%| F|  |TAMS 0x0000000703e00000, 0x0000000703e00000| Untracked 
|  10|0x0000000704000000, 0x0000000704000000, 0x0000000704200000|  0%| F|  |TAMS 0x0000000704000000, 0x0000000704000000| Untracked 
|  11|0x0000000704200000, 0x0000000704200000, 0x0000000704400000|  0%| F|  |TAMS 0x0000000704200000, 0x0000000704200000| Untracked 
|  12|0x0000000704400000, 0x0000000704400000, 0x0000000704600000|  0%| F|  |TAMS 0x0000000704400000, 0x0000000704400000| Untracked 
|  13|0x0000000704600000, 0x0000000704600000, 0x0000000704800000|  0%| F|  |TAMS 0x0000000704600000, 0x0000000704600000| Untracked 
|  14|0x0000000704800000, 0x0000000704800000, 0x0000000704a00000|  0%| F|  |TAMS 0x0000000704800000, 0x0000000704800000| Untracked 
|  15|0x0000000704a00000, 0x0000000704a00000, 0x0000000704c00000|  0%| F|  |TAMS 0x0000000704a00000, 0x0000000704a00000| Untracked 
|  16|0x0000000704c00000, 0x0000000704c00000, 0x0000000704e00000|  0%| F|  |TAMS 0x0000000704c00000, 0x0000000704c00000| Untracked 
|  17|0x0000000704e00000, 0x0000000704e00000, 0x0000000705000000|  0%| F|  |TAMS 0x0000000704e00000, 0x0000000704e00000| Untracked 
|  18|0x0000000705000000, 0x0000000705000000, 0x0000000705200000|  0%| F|  |TAMS 0x0000000705000000, 0x0000000705000000| Untracked 
|  19|0x0000000705200000, 0x0000000705200000, 0x0000000705400000|  0%| F|  |TAMS 0x0000000705200000, 0x0000000705200000| Untracked 
|  20|0x0000000705400000, 0x0000000705400000, 0x0000000705600000|  0%| F|  |TAMS 0x0000000705400000, 0x0000000705400000| Untracked 
|  21|0x0000000705600000, 0x0000000705600000, 0x0000000705800000|  0%| F|  |TAMS 0x0000000705600000, 0x0000000705600000| Untracked 
|  22|0x0000000705800000, 0x0000000705800000, 0x0000000705a00000|  0%| F|  |TAMS 0x0000000705800000, 0x0000000705800000| Untracked 
|  23|0x0000000705a00000, 0x0000000705a00000, 0x0000000705c00000|  0%| F|  |TAMS 0x0000000705a00000, 0x0000000705a00000| Untracked 
|  24|0x0000000705c00000, 0x0000000705c00000, 0x0000000705e00000|  0%| F|  |TAMS 0x0000000705c00000, 0x0000000705c00000| Untracked 
|  25|0x0000000705e00000, 0x0000000705e00000, 0x0000000706000000|  0%| F|  |TAMS 0x0000000705e00000, 0x0000000705e00000| Untracked 
|  26|0x0000000706000000, 0x0000000706000000, 0x0000000706200000|  0%| F|  |TAMS 0x0000000706000000, 0x0000000706000000| Untracked 
|  27|0x0000000706200000, 0x0000000706200000, 0x0000000706400000|  0%| F|  |TAMS 0x0000000706200000, 0x0000000706200000| Untracked 
|  28|0x0000000706400000, 0x0000000706400000, 0x0000000706600000|  0%| F|  |TAMS 0x0000000706400000, 0x0000000706400000| Untracked 
|  29|0x0000000706600000, 0x0000000706600000, 0x0000000706800000|  0%| F|  |TAMS 0x0000000706600000, 0x0000000706600000| Untracked 
|  30|0x0000000706800000, 0x0000000706800000, 0x0000000706a00000|  0%| F|  |TAMS 0x0000000706800000, 0x0000000706800000| Untracked 
|  31|0x0000000706a00000, 0x0000000706a00000, 0x0000000706c00000|  0%| F|  |TAMS 0x0000000706a00000, 0x0000000706a00000| Untracked 
|  32|0x0000000706c00000, 0x0000000706c00000, 0x0000000706e00000|  0%| F|  |TAMS 0x0000000706c00000, 0x0000000706c00000| Untracked 
|  33|0x0000000706e00000, 0x0000000706e00000, 0x0000000707000000|  0%| F|  |TAMS 0x0000000706e00000, 0x0000000706e00000| Untracked 
|  34|0x0000000707000000, 0x0000000707000000, 0x0000000707200000|  0%| F|  |TAMS 0x0000000707000000, 0x0000000707000000| Untracked 
|  35|0x0000000707200000, 0x0000000707200000, 0x0000000707400000|  0%| F|  |TAMS 0x0000000707200000, 0x0000000707200000| Untracked 
|  36|0x0000000707400000, 0x0000000707400000, 0x0000000707600000|  0%| F|  |TAMS 0x0000000707400000, 0x0000000707400000| Untracked 
|  37|0x0000000707600000, 0x0000000707600000, 0x0000000707800000|  0%| F|  |TAMS 0x0000000707600000, 0x0000000707600000| Untracked 
|  38|0x0000000707800000, 0x0000000707800000, 0x0000000707a00000|  0%| F|  |TAMS 0x0000000707800000, 0x0000000707800000| Untracked 
|  39|0x0000000707a00000, 0x0000000707a00000, 0x0000000707c00000|  0%| F|  |TAMS 0x0000000707a00000, 0x0000000707a00000| Untracked 
|  40|0x0000000707c00000, 0x0000000707c00000, 0x0000000707e00000|  0%| F|  |TAMS 0x0000000707c00000, 0x0000000707c00000| Untracked 
|  41|0x0000000707e00000, 0x0000000707e00000, 0x0000000708000000|  0%| F|  |TAMS 0x0000000707e00000, 0x0000000707e00000| Untracked 
|  42|0x0000000708000000, 0x0000000708000000, 0x0000000708200000|  0%| F|  |TAMS 0x0000000708000000, 0x0000000708000000| Untracked 
|  43|0x0000000708200000, 0x0000000708200000, 0x0000000708400000|  0%| F|  |TAMS 0x0000000708200000, 0x0000000708200000| Untracked 
|  44|0x0000000708400000, 0x0000000708400000, 0x0000000708600000|  0%| F|  |TAMS 0x0000000708400000, 0x0000000708400000| Untracked 
|  45|0x0000000708600000, 0x0000000708600000, 0x0000000708800000|  0%| F|  |TAMS 0x0000000708600000, 0x0000000708600000| Untracked 
|  46|0x0000000708800000, 0x0000000708800000, 0x0000000708a00000|  0%| F|  |TAMS 0x0000000708800000, 0x0000000708800000| Untracked 
|  47|0x0000000708a00000, 0x0000000708a00000, 0x0000000708c00000|  0%| F|  |TAMS 0x0000000708a00000, 0x0000000708a00000| Untracked 
|  48|0x0000000708c00000, 0x0000000708c00000, 0x0000000708e00000|  0%| F|  |TAMS 0x0000000708c00000, 0x0000000708c00000| Untracked 
|  49|0x0000000708e00000, 0x0000000708e00000, 0x0000000709000000|  0%| F|  |TAMS 0x0000000708e00000, 0x0000000708e00000| Untracked 
|  50|0x0000000709000000, 0x0000000709000000, 0x0000000709200000|  0%| F|  |TAMS 0x0000000709000000, 0x0000000709000000| Untracked 
|  51|0x0000000709200000, 0x0000000709200000, 0x0000000709400000|  0%| F|  |TAMS 0x0000000709200000, 0x0000000709200000| Untracked 
|  52|0x0000000709400000, 0x0000000709400000, 0x0000000709600000|  0%| F|  |TAMS 0x0000000709400000, 0x0000000709400000| Untracked 
|  53|0x0000000709600000, 0x0000000709600000, 0x0000000709800000|  0%| F|  |TAMS 0x0000000709600000, 0x0000000709600000| Untracked 
|  54|0x0000000709800000, 0x0000000709800000, 0x0000000709a00000|  0%| F|  |TAMS 0x0000000709800000, 0x0000000709800000| Untracked 
|  55|0x0000000709a00000, 0x0000000709a00000, 0x0000000709c00000|  0%| F|  |TAMS 0x0000000709a00000, 0x0000000709a00000| Untracked 
|  56|0x0000000709c00000, 0x0000000709c00000, 0x0000000709e00000|  0%| F|  |TAMS 0x0000000709c00000, 0x0000000709c00000| Untracked 
|  57|0x0000000709e00000, 0x0000000709e00000, 0x000000070a000000|  0%| F|  |TAMS 0x0000000709e00000, 0x0000000709e00000| Untracked 
|  58|0x000000070a000000, 0x000000070a000000, 0x000000070a200000|  0%| F|  |TAMS 0x000000070a000000, 0x000000070a000000| Untracked 
|  59|0x000000070a200000, 0x000000070a200000, 0x000000070a400000|  0%| F|  |TAMS 0x000000070a200000, 0x000000070a200000| Untracked 
|  60|0x000000070a400000, 0x000000070a400000, 0x000000070a600000|  0%| F|  |TAMS 0x000000070a400000, 0x000000070a400000| Untracked 
|  61|0x000000070a600000, 0x000000070a600000, 0x000000070a800000|  0%| F|  |TAMS 0x000000070a600000, 0x000000070a600000| Untracked 
|  62|0x000000070a800000, 0x000000070a800000, 0x000000070aa00000|  0%| F|  |TAMS 0x000000070a800000, 0x000000070a800000| Untracked 
|  63|0x000000070aa00000, 0x000000070aa00000, 0x000000070ac00000|  0%| F|  |TAMS 0x000000070aa00000, 0x000000070aa00000| Untracked 
|  64|0x000000070ac00000, 0x000000070ac00000, 0x000000070ae00000|  0%| F|  |TAMS 0x000000070ac00000, 0x000000070ac00000| Untracked 
|  65|0x000000070ae00000, 0x000000070ae00000, 0x000000070b000000|  0%| F|  |TAMS 0x000000070ae00000, 0x000000070ae00000| Untracked 
|  66|0x000000070b000000, 0x000000070b000000, 0x000000070b200000|  0%| F|  |TAMS 0x000000070b000000, 0x000000070b000000| Untracked 
|  67|0x000000070b200000, 0x000000070b200000, 0x000000070b400000|  0%| F|  |TAMS 0x000000070b200000, 0x000000070b200000| Untracked 
|  68|0x000000070b400000, 0x000000070b400000, 0x000000070b600000|  0%| F|  |TAMS 0x000000070b400000, 0x000000070b400000| Untracked 
|  69|0x000000070b600000, 0x000000070b600000, 0x000000070b800000|  0%| F|  |TAMS 0x000000070b600000, 0x000000070b600000| Untracked 
|  70|0x000000070b800000, 0x000000070b800000, 0x000000070ba00000|  0%| F|  |TAMS 0x000000070b800000, 0x000000070b800000| Untracked 
|  71|0x000000070ba00000, 0x000000070ba00000, 0x000000070bc00000|  0%| F|  |TAMS 0x000000070ba00000, 0x000000070ba00000| Untracked 
|  72|0x000000070bc00000, 0x000000070bc00000, 0x000000070be00000|  0%| F|  |TAMS 0x000000070bc00000, 0x000000070bc00000| Untracked 
|  73|0x000000070be00000, 0x000000070be00000, 0x000000070c000000|  0%| F|  |TAMS 0x000000070be00000, 0x000000070be00000| Untracked 
|  74|0x000000070c000000, 0x000000070c000000, 0x000000070c200000|  0%| F|  |TAMS 0x000000070c000000, 0x000000070c000000| Untracked 
|  75|0x000000070c200000, 0x000000070c200000, 0x000000070c400000|  0%| F|  |TAMS 0x000000070c200000, 0x000000070c200000| Untracked 
|  76|0x000000070c400000, 0x000000070c400000, 0x000000070c600000|  0%| F|  |TAMS 0x000000070c400000, 0x000000070c400000| Untracked 
|  77|0x000000070c600000, 0x000000070c600000, 0x000000070c800000|  0%| F|  |TAMS 0x000000070c600000, 0x000000070c600000| Untracked 
|  78|0x000000070c800000, 0x000000070c800000, 0x000000070ca00000|  0%| F|  |TAMS 0x000000070c800000, 0x000000070c800000| Untracked 
|  79|0x000000070ca00000, 0x000000070ca00000, 0x000000070cc00000|  0%| F|  |TAMS 0x000000070ca00000, 0x000000070ca00000| Untracked 
|  80|0x000000070cc00000, 0x000000070cc00000, 0x000000070ce00000|  0%| F|  |TAMS 0x000000070cc00000, 0x000000070cc00000| Untracked 
|  81|0x000000070ce00000, 0x000000070ce00000, 0x000000070d000000|  0%| F|  |TAMS 0x000000070ce00000, 0x000000070ce00000| Untracked 
|  82|0x000000070d000000, 0x000000070d000000, 0x000000070d200000|  0%| F|  |TAMS 0x000000070d000000, 0x000000070d000000| Untracked 
|  83|0x000000070d200000, 0x000000070d200000, 0x000000070d400000|  0%| F|  |TAMS 0x000000070d200000, 0x000000070d200000| Untracked 
|  84|0x000000070d400000, 0x000000070d400000, 0x000000070d600000|  0%| F|  |TAMS 0x000000070d400000, 0x000000070d400000| Untracked 
|  85|0x000000070d600000, 0x000000070d600000, 0x000000070d800000|  0%| F|  |TAMS 0x000000070d600000, 0x000000070d600000| Untracked 
|  86|0x000000070d800000, 0x000000070d800000, 0x000000070da00000|  0%| F|  |TAMS 0x000000070d800000, 0x000000070d800000| Untracked 
|  87|0x000000070da00000, 0x000000070da00000, 0x000000070dc00000|  0%| F|  |TAMS 0x000000070da00000, 0x000000070da00000| Untracked 
|  88|0x000000070dc00000, 0x000000070dc00000, 0x000000070de00000|  0%| F|  |TAMS 0x000000070dc00000, 0x000000070dc00000| Untracked 
|  89|0x000000070de00000, 0x000000070de00000, 0x000000070e000000|  0%| F|  |TAMS 0x000000070de00000, 0x000000070de00000| Untracked 
|  90|0x000000070e000000, 0x000000070e000000, 0x000000070e200000|  0%| F|  |TAMS 0x000000070e000000, 0x000000070e000000| Untracked 
|  91|0x000000070e200000, 0x000000070e200000, 0x000000070e400000|  0%| F|  |TAMS 0x000000070e200000, 0x000000070e200000| Untracked 
|  92|0x000000070e400000, 0x000000070e400000, 0x000000070e600000|  0%| F|  |TAMS 0x000000070e400000, 0x000000070e400000| Untracked 
|  93|0x000000070e600000, 0x000000070e600000, 0x000000070e800000|  0%| F|  |TAMS 0x000000070e600000, 0x000000070e600000| Untracked 
|  94|0x000000070e800000, 0x000000070e800000, 0x000000070ea00000|  0%| F|  |TAMS 0x000000070e800000, 0x000000070e800000| Untracked 
|  95|0x000000070ea00000, 0x000000070ea00000, 0x000000070ec00000|  0%| F|  |TAMS 0x000000070ea00000, 0x000000070ea00000| Untracked 
|  96|0x000000070ec00000, 0x000000070ec00000, 0x000000070ee00000|  0%| F|  |TAMS 0x000000070ec00000, 0x000000070ec00000| Untracked 
|  97|0x000000070ee00000, 0x000000070ee00000, 0x000000070f000000|  0%| F|  |TAMS 0x000000070ee00000, 0x000000070ee00000| Untracked 
|  98|0x000000070f000000, 0x000000070f000000, 0x000000070f200000|  0%| F|  |TAMS 0x000000070f000000, 0x000000070f000000| Untracked 
|  99|0x000000070f200000, 0x000000070f200000, 0x000000070f400000|  0%| F|  |TAMS 0x000000070f200000, 0x000000070f200000| Untracked 
| 100|0x000000070f400000, 0x000000070f400000, 0x000000070f600000|  0%| F|  |TAMS 0x000000070f400000, 0x000000070f400000| Untracked 
| 101|0x000000070f600000, 0x000000070f600000, 0x000000070f800000|  0%| F|  |TAMS 0x000000070f600000, 0x000000070f600000| Untracked 
| 102|0x000000070f800000, 0x000000070f800000, 0x000000070fa00000|  0%| F|  |TAMS 0x000000070f800000, 0x000000070f800000| Untracked 
| 103|0x000000070fa00000, 0x000000070fa00000, 0x000000070fc00000|  0%| F|  |TAMS 0x000000070fa00000, 0x000000070fa00000| Untracked 
| 104|0x000000070fc00000, 0x000000070fc00000, 0x000000070fe00000|  0%| F|  |TAMS 0x000000070fc00000, 0x000000070fc00000| Untracked 
| 105|0x000000070fe00000, 0x000000070fe00000, 0x0000000710000000|  0%| F|  |TAMS 0x000000070fe00000, 0x000000070fe00000| Untracked 
| 106|0x0000000710000000, 0x0000000710000000, 0x0000000710200000|  0%| F|  |TAMS 0x0000000710000000, 0x0000000710000000| Untracked 
| 107|0x0000000710200000, 0x0000000710200000, 0x0000000710400000|  0%| F|  |TAMS 0x0000000710200000, 0x0000000710200000| Untracked 
| 108|0x0000000710400000, 0x0000000710400000, 0x0000000710600000|  0%| F|  |TAMS 0x0000000710400000, 0x0000000710400000| Untracked 
| 109|0x0000000710600000, 0x0000000710600000, 0x0000000710800000|  0%| F|  |TAMS 0x0000000710600000, 0x0000000710600000| Untracked 
| 110|0x0000000710800000, 0x0000000710800000, 0x0000000710a00000|  0%| F|  |TAMS 0x0000000710800000, 0x0000000710800000| Untracked 
| 111|0x0000000710a00000, 0x0000000710a00000, 0x0000000710c00000|  0%| F|  |TAMS 0x0000000710a00000, 0x0000000710a00000| Untracked 
| 112|0x0000000710c00000, 0x0000000710c00000, 0x0000000710e00000|  0%| F|  |TAMS 0x0000000710c00000, 0x0000000710c00000| Untracked 
| 113|0x0000000710e00000, 0x0000000710e00000, 0x0000000711000000|  0%| F|  |TAMS 0x0000000710e00000, 0x0000000710e00000| Untracked 
| 114|0x0000000711000000, 0x0000000711200000, 0x0000000711200000|100%| S|CS|TAMS 0x0000000711000000, 0x0000000711000000| Complete 
| 115|0x0000000711200000, 0x0000000711400000, 0x0000000711400000|100%| S|CS|TAMS 0x0000000711200000, 0x0000000711200000| Complete 
| 116|0x0000000711400000, 0x0000000711400000, 0x0000000711600000|  0%| F|  |TAMS 0x0000000711400000, 0x0000000711400000| Untracked 
| 117|0x0000000711600000, 0x0000000711600000, 0x0000000711800000|  0%| F|  |TAMS 0x0000000711600000, 0x0000000711600000| Untracked 
| 118|0x0000000711800000, 0x0000000711800000, 0x0000000711a00000|  0%| F|  |TAMS 0x0000000711800000, 0x0000000711800000| Untracked 
| 119|0x0000000711a00000, 0x0000000711a00000, 0x0000000711c00000|  0%| F|  |TAMS 0x0000000711a00000, 0x0000000711a00000| Untracked 
| 120|0x0000000711c00000, 0x0000000711dcd388, 0x0000000711e00000| 90%| E|  |TAMS 0x0000000711c00000, 0x0000000711c00000| Complete 
| 121|0x0000000711e00000, 0x0000000712000000, 0x0000000712000000|100%| E|CS|TAMS 0x0000000711e00000, 0x0000000711e00000| Complete 
| 122|0x0000000712000000, 0x0000000712200000, 0x0000000712200000|100%| E|CS|TAMS 0x0000000712000000, 0x0000000712000000| Complete 
| 123|0x0000000712200000, 0x0000000712400000, 0x0000000712400000|100%| E|CS|TAMS 0x0000000712200000, 0x0000000712200000| Complete 
| 124|0x0000000712400000, 0x0000000712600000, 0x0000000712600000|100%| E|CS|TAMS 0x0000000712400000, 0x0000000712400000| Complete 
| 125|0x0000000712600000, 0x0000000712800000, 0x0000000712800000|100%| E|CS|TAMS 0x0000000712600000, 0x0000000712600000| Complete 
| 126|0x0000000712800000, 0x0000000712a00000, 0x0000000712a00000|100%| E|CS|TAMS 0x0000000712800000, 0x0000000712800000| Complete 

Card table byte_map: [0x00000231d6390000,0x00000231d6b80000] _byte_map_base: 0x00000231d2b7a000

Marking Bits (Prev, Next): (CMBitMap*) 0x00000231c0a4aca0, (CMBitMap*) 0x00000231c0a4ace0
 Prev Bits: [0x00000231d7370000, 0x00000231db2c0000)
 Next Bits: [0x00000231db2c0000, 0x00000231df210000)

Polling page: 0x00000231c0ac0000

Metaspace:

Usage:
  Non-class:     12.43 MB capacity,    12.31 MB (>99%) used,   111.34 KB ( <1%) free+waste,    13.19 KB ( <1%) overhead. 
      Class:      1.37 MB capacity,     1.33 MB ( 97%) used,    36.72 KB (  3%) free+waste,     4.81 KB ( <1%) overhead. 
       Both:     13.80 MB capacity,    13.64 MB ( 99%) used,   148.05 KB (  1%) free+waste,    18.00 KB ( <1%) overhead. 

Virtual space:
  Non-class space:       14.00 MB reserved,      12.50 MB ( 89%) committed 
      Class space:        1.00 GB reserved,       1.38 MB ( <1%) committed 
             Both:        1.01 GB reserved,      13.88 MB (  1%) committed 

Chunk freelists:
   Non-Class:  9.00 KB
       Class:  6.00 KB
        Both:  15.00 KB

MaxMetaspaceSize: 17179869184.00 GB
CompressedClassSpaceSize: 1.00 GB

CodeHeap 'non-profiled nmethods': size=119168Kb used=491Kb max_used=491Kb free=118676Kb
 bounds [0x00000231cd780000, 0x00000231cd9f0000, 0x00000231d4be0000]
CodeHeap 'profiled nmethods': size=119104Kb used=2664Kb max_used=2664Kb free=116440Kb
 bounds [0x00000231c6330000, 0x00000231c65d0000, 0x00000231cd780000]
CodeHeap 'non-nmethods': size=7488Kb used=1236Kb max_used=2962Kb free=6251Kb
 bounds [0x00000231c5be0000, 0x00000231c5ed0000, 0x00000231c6330000]
 total_blobs=1766 nmethods=1365 adapters=314
 compilation: enabled
              stopped_count=0, restarted_count=0
 full_count=0

Compilation events (20 events):
Event: 141.080 Thread 0x00000231e2b8e6e0 1360       3       org.eclipse.jdt.launching.internal.org.objectweb.asm.AnnotationWriter::<init> (60 bytes)
Event: 141.084 Thread 0x00000231e2b8e6e0 

Event: 141.084 Thread 0x00000231e2b8e6e0 1363       3       org.eclipse.jdt.launching.internal.org.objectweb.asm.SymbolTable::put (150 bytes)
Event: 141.084 Thread 0x00000231e2b8e6e0 nmethod 1363 0x00000231c65c7810 code [0x00000231c65c7a00, 0x00000231c65c82d8]
Event: 141.084 Thread 0x00000231e2b8e6e0 1361       3       org.eclipse.jdt.launching.internal.org.objectweb.asm.AnnotationVisitor::<init> (7 bytes)
Event: 141.084 Thread 0x00000231e2b8e6e0 nmethod 1361 0x00000231c65c8610 code [0x00000231c65c87c0, 0x00000231c65c8908]
Event: 141.084 Thread 0x00000231e2b8e6e0 1362       3       org.eclipse.jdt.launching.internal.org.objectweb.asm.AnnotationVisitor::<init> (94 bytes)
Event: 141.085 Thread 0x00000231e2b8e6e0 nmethod 1362 0x00000231c65c8990 code [0x00000231c65c8be0, 0x00000231c65c9508]
Event: 676.597 Thread 0x00000231e2b8e6e0 1364       3       org.eclipse.jdt.launching.internal.org.objectweb.asm.ClassReader::readElementValues (88 bytes)
Event: 676.601 Thread 0x00000231e2b8e6e0 

Event: 724.602 Thread 0x00000231e2b8e6e0 1365       3       org.eclipse.jdt.launching.internal.org.objectweb.asm.AnnotationWriter::create (34 bytes)
Event: 724.606 Thread 0x00000231e2b8e6e0 

Event: 3060.856 Thread 0x00000231e2b8e6e0 1368       3       java.lang.ref.ReferenceQueue::reallyPoll (65 bytes)
Event: 3060.856 Thread 0x00000231e2b8e6e0 nmethod 1368 0x00000231c65c9810 code [0x00000231c65c99e0, 0x00000231c65c9f18]
Event: 5808.578 Thread 0x00000231e2b8dd30 1369       4       org.eclipse.jdt.launching.internal.org.objectweb.asm.SymbolTable$Entry::<init> (20 bytes)
Event: 5808.584 Thread 0x00000231e2b8dd30 

Event: 5808.584 Thread 0x00000231e2b8dd30 1370       4       org.eclipse.jdt.launching.internal.org.objectweb.asm.ByteVector::encodeUtf8 (337 bytes)
Event: 5808.592 Thread 0x00000231e2b8dd30 nmethod 1370 0x00000231cd7f9c10 code [0x00000231cd7f9de0, 0x00000231cd7fa838]
Event: 6413.526 Thread 0x00000231e2b8dd30 1371       4       org.eclipse.jdt.launching.internal.org.objectweb.asm.ByteVector::putShort (52 bytes)
Event: 6413.530 Thread 0x00000231e2b8dd30 


GC Heap History (2 events):
Event: 0.484 GC heap before
{Heap before GC invocations=0 (full 0):
 garbage-first heap   total 260096K, used 20480K [0x0000000702c00000, 0x0000000800000000)
  region size 2048K, 11 young (22528K), 0 survivors (0K)
 Metaspace       used 12036K, capacity 12256K, committed 12416K, reserved 1060864K
  class space    used 1068K, capacity 1119K, committed 1152K, reserved 1048576K
}
Event: 0.487 GC heap after
{Heap after GC invocations=1 (full 0):
 garbage-first heap   total 260096K, used 4751K [0x0000000702c00000, 0x0000000800000000)
  region size 2048K, 2 young (4096K), 2 survivors (4096K)
 Metaspace       used 12036K, capacity 12256K, committed 12416K, reserved 1060864K
  class space    used 1068K, capacity 1119K, committed 1152K, reserved 1048576K
}

Deoptimization events (20 events):
Event: 0.515 Thread 0x00000231c09f65f0 DEOPT PACKING pc=0x00000231cd7d2860 sp=0x00000050c81fdbe0
Event: 0.515 Thread 0x00000231c09f65f0 DEOPT UNPACKING pc=0x00000231c5c2e42f sp=0x00000050c81fdb88 mode 2
Event: 0.515 Thread 0x00000231c09f65f0 Uncommon trap: trap_request=0xffffffde fr.pc=0x00000231cd7d2860 relative=0x0000000000001840
Event: 0.515 Thread 0x00000231c09f65f0 Uncommon trap: reason=class_check action=maybe_recompile pc=0x00000231cd7d2860 method=java.util.HashMap.putVal(ILjava/lang/Object;Ljava/lang/Object;ZZ)Ljava/lang/Object; @ 253 c2
Event: 0.515 Thread 0x00000231c09f65f0 DEOPT PACKING pc=0x00000231cd7d2860 sp=0x00000050c81fdb10
Event: 0.515 Thread 0x00000231c09f65f0 DEOPT UNPACKING pc=0x00000231c5c2e42f sp=0x00000050c81fdab8 mode 2
Event: 0.518 Thread 0x00000231c09f65f0 Uncommon trap: trap_request=0xffffffde fr.pc=0x00000231cd7d2860 relative=0x0000000000001840
Event: 0.518 Thread 0x00000231c09f65f0 Uncommon trap: reason=class_check action=maybe_recompile pc=0x00000231cd7d2860 method=java.util.HashMap.putVal(ILjava/lang/Object;Ljava/lang/Object;ZZ)Ljava/lang/Object; @ 253 c2
Event: 0.518 Thread 0x00000231c09f65f0 DEOPT PACKING pc=0x00000231cd7d2860 sp=0x00000050c81fdb20
Event: 0.518 Thread 0x00000231c09f65f0 DEOPT UNPACKING pc=0x00000231c5c2e42f sp=0x00000050c81fdac8 mode 2
Event: 0.561 Thread 0x00000231c09f65f0 Uncommon trap: trap_request=0xffffff45 fr.pc=0x00000231cd7d8d44 relative=0x0000000000000124
Event: 0.561 Thread 0x00000231c09f65f0 Uncommon trap: reason=unstable_if action=reinterpret pc=0x00000231cd7d8d44 method=org.eclipse.jdt.launching.internal.org.objectweb.asm.ByteVector.putShort(I)Lorg/eclipse/jdt/launching/internal/org/objectweb/asm/ByteVector; @ 13 c2
Event: 0.561 Thread 0x00000231c09f65f0 DEOPT PACKING pc=0x00000231cd7d8d44 sp=0x00000050c81fc240
Event: 0.561 Thread 0x00000231c09f65f0 DEOPT UNPACKING pc=0x00000231c5c2e42f sp=0x00000050c81fc1d8 mode 2
Event: 0.605 Thread 0x00000231c09f65f0 DEOPT PACKING pc=0x00000231c6400673 sp=0x00000050c81fd390
Event: 0.605 Thread 0x00000231c09f65f0 DEOPT UNPACKING pc=0x00000231c5c2e23f sp=0x00000050c81fc8b8 mode 0
Event: 83.634 Thread 0x00000231e305fa70 DEOPT PACKING pc=0x00000231c64c9dc3 sp=0x00000050c95fd640
Event: 83.634 Thread 0x00000231e305fa70 DEOPT UNPACKING pc=0x00000231c5c2e23f sp=0x00000050c95fcb88 mode 0
Event: 5808.578 Thread 0x00000231e305fa70 DEOPT PACKING pc=0x00000231c64c9dc3 sp=0x00000050c95fd640
Event: 5808.578 Thread 0x00000231e305fa70 DEOPT UNPACKING pc=0x00000231c5c2e23f sp=0x00000050c95fcb88 mode 0

Classes unloaded (0 events):
No events

Classes redefined (20 events):
Event: 1166.535 Thread 0x00000231e2b22f70 redefined class name=com.parkit.parkingsytem.dao.TicketDAOTest, count=23
Event: 1239.334 Thread 0x00000231e2b22f70 redefined class name=com.parkit.parkingsytem.dao.TicketDAOTest, count=24
Event: 2821.035 Thread 0x00000231e2b22f70 redefined class name=com.parkit.parkingsytem.dao.TicketDAOTest, count=25
Event: 5297.638 Thread 0x00000231e2b22f70 redefined class name=com.parkit.parkingsytem.dao.TicketDAOTest, count=26
Event: 5326.124 Thread 0x00000231e2b22f70 redefined class name=com.parkit.parkingsytem.dao.TicketDAOTest, count=27
Event: 5586.930 Thread 0x00000231e2b22f70 redefined class name=com.parkit.parkingsytem.dao.TicketDAOTest, count=28
Event: 5678.497 Thread 0x00000231e2b22f70 redefined class name=com.parkit.parkingsytem.dao.TicketDAOTest, count=29
Event: 5722.867 Thread 0x00000231e2b22f70 redefined class name=com.parkit.parkingsytem.dao.TicketDAOTest, count=30
Event: 5784.571 Thread 0x00000231e2b22f70 redefined class name=com.parkit.parkingsytem.dao.TicketDAOTest, count=31
Event: 5808.580 Thread 0x00000231e2b22f70 redefined class name=com.parkit.parkingsytem.dao.TicketDAOTest, count=32
Event: 5841.302 Thread 0x00000231e2b22f70 redefined class name=com.parkit.parkingsytem.dao.TicketDAOTest, count=33
Event: 5918.612 Thread 0x00000231e2b22f70 redefined class name=com.parkit.parkingsytem.dao.TicketDAOTest, count=34
Event: 6099.622 Thread 0x00000231e2b22f70 redefined class name=com.parkit.parkingsytem.dao.TicketDAOTest, count=35
Event: 6145.566 Thread 0x00000231e2b22f70 redefined class name=com.parkit.parkingsytem.dao.TicketDAOTest, count=36
Event: 6300.540 Thread 0x00000231e2b22f70 redefined class name=com.parkit.parkingsytem.dao.TicketDAOTest, count=37
Event: 6337.945 Thread 0x00000231e2b22f70 redefined class name=com.parkit.parkingsytem.dao.TicketDAOTest, count=38
Event: 6361.462 Thread 0x00000231e2b22f70 redefined class name=com.parkit.parkingsytem.dao.TicketDAOTest, count=39
Event: 6413.528 Thread 0x00000231e2b22f70 redefined class name=com.parkit.parkingsytem.dao.TicketDAOTest, count=40
Event: 6626.205 Thread 0x00000231e2b22f70 redefined class name=com.parkit.parkingsytem.dao.TicketDAOTest, count=41
Event: 6695.181 Thread 0x00000231e2b22f70 redefined class name=com.parkit.parkingsytem.dao.TicketDAOTest, count=42

Internal exceptions (20 events):
Event: 0.464 Thread 0x00000231c09f65f0 Exception <a 'java/lang/NoSuchMethodError'{0x0000000711411580}: 'java.lang.Object java.lang.invoke.DirectMethodHandle$Holder.invokeStaticInit(java.lang.Object, int)'> (0x0000000711411580) 
thrown [./open/src/hotspot/share/interpreter/linkResolver.cpp, line 782]
Event: 0.474 Thread 0x00000231c09f65f0 Exception <a 'java/lang/NoSuchMethodError'{0x00000007114f9318}: 'int java.lang.invoke.DirectMethodHandle$Holder.invokeSpecial(java.lang.Object, java.lang.Object, java.lang.Object)'> (0x00000007114f9318) 
thrown [./open/src/hotspot/share/interpreter/linkResolver.cpp, line 782]
Event: 0.491 Thread 0x00000231c09f65f0 Exception <a 'java/lang/NoSuchMethodError'{0x00000007128bc948}: 'java.lang.Object java.lang.invoke.DirectMethodHandle$Holder.invokeStaticInit(java.lang.Object, java.lang.Object, java.lang.Object)'> (0x00000007128bc948) 
thrown [./open/src/hotspot/share/interpreter/linkResolver.cpp, line 782]
Event: 0.492 Thread 0x00000231c09f65f0 Exception <a 'java/lang/NoSuchMethodError'{0x00000007128c4560}: 'void java.lang.invoke.DirectMethodHandle$Holder.invokeStaticInit(java.lang.Object, java.lang.Object, java.lang.Object)'> (0x00000007128c4560) 
thrown [./open/src/hotspot/share/interpreter/linkResolver.cpp, line 782]
Event: 0.493 Thread 0x00000231c09f65f0 Exception <a 'java/lang/NoSuchMethodError'{0x00000007128cfe88}: 'void java.lang.invoke.DirectMethodHandle$Holder.invokeSpecial(java.lang.Object, java.lang.Object, java.lang.Object, java.lang.Object, java.lang.Object)'> (0x00000007128cfe88) 
thrown [./open/src/hotspot/share/interpreter/linkResolver.cpp, line 782]
Event: 0.494 Thread 0x00000231c09f65f0 Exception <a 'java/lang/NoSuchMethodError'{0x00000007128e1570}: 'java.lang.Object java.lang.invoke.DirectMethodHandle$Holder.invokeInterface(java.lang.Object, java.lang.Object)'> (0x00000007128e1570) 
thrown [./open/src/hotspot/share/interpreter/linkResolver.cpp, line 782]
Event: 0.494 Thread 0x00000231c09f65f0 Exception <a 'java/lang/IncompatibleClassChangeError'{0x00000007128e4f68}: Found class java.lang.Object, but interface was expected> (0x00000007128e4f68) 
thrown [./open/src/hotspot/share/interpreter/linkResolver.cpp, line 848]
Event: 0.499 Thread 0x00000231c09f65f0 Exception <a 'java/lang/NoSuchMethodError'{0x00000007129c2428}: 'int java.lang.invoke.DirectMethodHandle$Holder.invokeStaticInit(java.lang.Object, java.lang.Object)'> (0x00000007129c2428) 
thrown [./open/src/hotspot/share/interpreter/linkResolver.cpp, line 782]
Event: 0.508 Thread 0x00000231c09f65f0 Exception <a 'java/lang/NoSuchMethodError'{0x000000071266de48}: 'java.lang.Object java.lang.invoke.DirectMethodHandle$Holder.newInvokeSpecial(java.lang.Object, java.lang.Object, java.lang.Object, java.lang.Object, java.lang.Object)'> (0x000000071266de48) 
thrown [./open/src/hotspot/share/interpreter/linkResolver.cpp, line 782]
Event: 0.517 Thread 0x00000231c09f65f0 Exception <a 'java/lang/NoSuchMethodError'{0x000000071278b950}: 'java.lang.Object java.lang.invoke.DirectMethodHandle$Holder.invokeSpecialIFC(java.lang.Object, java.lang.Object, java.lang.Object, java.lang.Object)'> (0x000000071278b950) 
thrown [./open/src/hotspot/share/interpreter/linkResolver.cpp, line 782]
Event: 0.535 Thread 0x00000231c09f65f0 Exception <a 'java/lang/NoSuchMethodError'{0x00000007124e25c8}: 'int java.lang.invoke.DirectMethodHandle$Holder.invokeVirtual(java.lang.Object, java.lang.Object, java.lang.Object)'> (0x00000007124e25c8) 
thrown [./open/src/hotspot/share/interpreter/linkResolver.cpp, line 782]
Event: 0.537 Thread 0x00000231c09f65f0 Exception <a 'java/lang/NoSuchMethodError'{0x00000007125050f8}: 'void java.lang.invoke.DirectMethodHandle$Holder.invokeInterface(java.lang.Object, java.lang.Object)'> (0x00000007125050f8) 
thrown [./open/src/hotspot/share/interpreter/linkResolver.cpp, line 782]
Event: 0.538 Thread 0x00000231c09f65f0 Exception <a 'java/lang/IncompatibleClassChangeError'{0x00000007125085b0}: Found class java.lang.Object, but interface was expected> (0x00000007125085b0) 
thrown [./open/src/hotspot/share/interpreter/linkResolver.cpp, line 848]
Event: 0.539 Thread 0x00000231c09f65f0 Exception <a 'java/lang/NoSuchMethodError'{0x000000071251b690}: 'void java.lang.invoke.DirectMethodHandle$Holder.invokeStatic(java.lang.Object, java.lang.Object, java.lang.Object, java.lang.Object)'> (0x000000071251b690) 
thrown [./open/src/hotspot/share/interpreter/linkResolver.cpp, line 782]
Event: 0.551 Thread 0x00000231c09f65f0 Exception <a 'java/lang/NoSuchMethodError'{0x000000071225d230}: 'void java.lang.invoke.DirectMethodHandle$Holder.invokeInterface(java.lang.Object, java.lang.Object, java.lang.Object, java.lang.Object)'> (0x000000071225d230) 
thrown [./open/src/hotspot/share/interpreter/linkResolver.cpp, line 782]
Event: 0.551 Thread 0x00000231c09f65f0 Exception <a 'java/lang/IncompatibleClassChangeError'{0x0000000712260890}: Found class java.lang.Object, but interface was expected> (0x0000000712260890) 
thrown [./open/src/hotspot/share/interpreter/linkResolver.cpp, line 848]
Event: 0.557 Thread 0x00000231c09f65f0 Exception <a 'java/lang/NoSuchMethodError'{0x0000000712315c38}: 'int java.lang.invoke.DirectMethodHandle$Holder.invokeStatic(java.lang.Object, java.lang.Object, java.lang.Object, java.lang.Object)'> (0x0000000712315c38) 
thrown [./open/src/hotspot/share/interpreter/linkResolver.cpp, line 782]
Event: 0.557 Thread 0x00000231c09f65f0 Exception <a 'java/lang/NoSuchMethodError'{0x0000000712319790}: 'java.lang.Object java.lang.invoke.Invokers$Holder.invokeExact_MT(java.lang.Object, java.lang.Object, java.lang.Object, java.lang.Object, java.lang.Object, java.lang.Object)'> (0x0000000712319790) 
thrown [./open/src/hotspot/share/interpreter/linkResolver.cpp, line 782]
Event: 0.569 Thread 0x00000231c09f65f0 Exception <a 'java/lang/NoSuchMethodError'{0x0000000712076930}: 'int java.lang.invoke.DirectMethodHandle$Holder.invokeStatic(java.lang.Object, java.lang.Object, java.lang.Object, java.lang.Object, java.lang.Object)'> (0x0000000712076930) 
thrown [./open/src/hotspot/share/interpreter/linkResolver.cpp, line 782]
Event: 0.594 Thread 0x00000231c09f65f0 Exception <a 'java/lang/NoSuchMethodError'{0x0000000711f1b318}: 'void java.lang.invoke.DirectMethodHandle$Holder.invokeInterface(java.lang.Object, java.lang.Object, java.lang.Object)'> (0x0000000711f1b318) 
thrown [./open/src/hotspot/share/interpreter/linkResolver.cpp, line 782]

Events (20 events):
Event: 6626.208 Executing VM operation: RedefineClasses done
Event: 6626.226 Executing VM operation: GetFrameCount
Event: 6626.226 Executing VM operation: GetFrameCount done
Event: 6626.226 Executing VM operation: GetStackTrace
Event: 6626.226 Executing VM operation: GetStackTrace done
Event: 6626.698 Executing VM operation: GetFrameCount
Event: 6626.698 Executing VM operation: GetFrameCount done
Event: 6642.817 Executing VM operation: GetFrameCount
Event: 6642.817 Executing VM operation: GetFrameCount done
Event: 6657.695 Executing VM operation: ChangeBreakpoints
Event: 6657.696 Executing VM operation: ChangeBreakpoints done
Event: 6657.954 Executing VM operation: ChangeBreakpoints
Event: 6657.954 Executing VM operation: ChangeBreakpoints done
Event: 6661.587 Executing VM operation: ChangeBreakpoints
Event: 6661.587 Executing VM operation: ChangeBreakpoints done
Event: 6663.846 Executing VM operation: ChangeBreakpoints
Event: 6663.847 Executing VM operation: ChangeBreakpoints done
Event: 6663.847 Executing VM operation: ChangeBreakpoints
Event: 6663.847 Executing VM operation: ChangeBreakpoints done
Event: 6695.180 Executing VM operation: RedefineClasses


Dynamic libraries:
0x00007ff7d5e80000 - 0x00007ff7d5e8d000 	C:\Users\Kikine\OneDrive\Documents\mes cours de programmation\programmes\eclipse\plugins\org.eclipse.justj.openjdk.hotspot.jre.full.win32.x86_64_15.0.1.v20201027-0507\jre\bin\javaw.exe
0x00007ffc0cc90000 - 0x00007ffc0ce85000 	C:\WINDOWS\SYSTEM32\ntdll.dll
0x00007ffc0bce0000 - 0x00007ffc0bd9d000 	C:\WINDOWS\System32\KERNEL32.DLL
0x00007ffc0a530000 - 0x00007ffc0a7f9000 	C:\WINDOWS\System32\KERNELBASE.dll
0x00007ffc0a800000 - 0x00007ffc0a900000 	C:\WINDOWS\System32\ucrtbase.dll
0x00007ffc06290000 - 0x00007ffc062a8000 	C:\Users\Kikine\OneDrive\Documents\mes cours de programmation\programmes\eclipse\plugins\org.eclipse.justj.openjdk.hotspot.jre.full.win32.x86_64_15.0.1.v20201027-0507\jre\bin\jli.dll
0x00007ffc06270000 - 0x00007ffc06289000 	C:\Users\Kikine\OneDrive\Documents\mes cours de programmation\programmes\eclipse\plugins\org.eclipse.justj.openjdk.hotspot.jre.full.win32.x86_64_15.0.1.v20201027-0507\jre\bin\VCRUNTIME140.dll
0x00007ffc0b830000 - 0x00007ffc0b9d0000 	C:\WINDOWS\System32\USER32.dll
0x00007ffc0aa10000 - 0x00007ffc0aa32000 	C:\WINDOWS\System32\win32u.dll
0x00007ffbf7cc0000 - 0x00007ffbf7f5a000 	C:\WINDOWS\WinSxS\amd64_microsoft.windows.common-controls_6595b64144ccf1df_6.0.19041.844_none_ca00b6081b84eb1d\COMCTL32.dll
0x00007ffc0bc80000 - 0x00007ffc0bcaa000 	C:\WINDOWS\System32\GDI32.dll
0x00007ffc0b5d0000 - 0x00007ffc0b66e000 	C:\WINDOWS\System32\msvcrt.dll
0x00007ffc0ab40000 - 0x00007ffc0ac4b000 	C:\WINDOWS\System32\gdi32full.dll
0x00007ffc0ac50000 - 0x00007ffc0aced000 	C:\WINDOWS\System32\msvcp_win.dll
0x00007ffc0bcb0000 - 0x00007ffc0bce0000 	C:\WINDOWS\System32\IMM32.DLL
0x00007ffc06230000 - 0x00007ffc0623c000 	C:\Users\Kikine\OneDrive\Documents\mes cours de programmation\programmes\eclipse\plugins\org.eclipse.justj.openjdk.hotspot.jre.full.win32.x86_64_15.0.1.v20201027-0507\jre\bin\vcruntime140_1.dll
0x00007ffbf5c60000 - 0x00007ffbf5cf1000 	C:\Users\Kikine\OneDrive\Documents\mes cours de programmation\programmes\eclipse\plugins\org.eclipse.justj.openjdk.hotspot.jre.full.win32.x86_64_15.0.1.v20201027-0507\jre\bin\msvcp140.dll
0x00007ffba7a70000 - 0x00007ffba85ce000 	C:\Users\Kikine\OneDrive\Documents\mes cours de programmation\programmes\eclipse\plugins\org.eclipse.justj.openjdk.hotspot.jre.full.win32.x86_64_15.0.1.v20201027-0507\jre\bin\server\jvm.dll
0x00007ffc0c970000 - 0x00007ffc0ca1c000 	C:\WINDOWS\System32\ADVAPI32.dll
0x00007ffc0b720000 - 0x00007ffc0b7bc000 	C:\WINDOWS\System32\sechost.dll
0x00007ffc0c840000 - 0x00007ffc0c96b000 	C:\WINDOWS\System32\RPCRT4.dll
0x00007ffc0cc40000 - 0x00007ffc0cc48000 	C:\WINDOWS\System32\PSAPI.DLL
0x00007ffbd3270000 - 0x00007ffbd3279000 	C:\WINDOWS\SYSTEM32\WSOCK32.dll
0x00007ffbfdf70000 - 0x00007ffbfdf97000 	C:\WINDOWS\SYSTEM32\WINMM.dll
0x00007ffc035e0000 - 0x00007ffc035ea000 	C:\WINDOWS\SYSTEM32\VERSION.dll
0x00007ffc0ca20000 - 0x00007ffc0ca8b000 	C:\WINDOWS\System32\WS2_32.dll
0x00007ffc08330000 - 0x00007ffc08342000 	C:\WINDOWS\SYSTEM32\kernel.appcore.dll
0x00007ffbe3bf0000 - 0x00007ffbe3bfa000 	C:\Users\Kikine\OneDrive\Documents\mes cours de programmation\programmes\eclipse\plugins\org.eclipse.justj.openjdk.hotspot.jre.full.win32.x86_64_15.0.1.v20201027-0507\jre\bin\jimage.dll
0x00007ffbf3870000 - 0x00007ffbf3a54000 	C:\WINDOWS\SYSTEM32\DBGHELP.DLL
0x00007ffbf2770000 - 0x00007ffbf279c000 	C:\WINDOWS\SYSTEM32\dbgcore.DLL
0x00007ffc0aa40000 - 0x00007ffc0aac0000 	C:\WINDOWS\System32\bcryptPrimitives.dll
0x00007ffbf5d00000 - 0x00007ffbf5d39000 	C:\Users\Kikine\OneDrive\Documents\mes cours de programmation\programmes\eclipse\plugins\org.eclipse.justj.openjdk.hotspot.jre.full.win32.x86_64_15.0.1.v20201027-0507\jre\bin\jdwp.dll
0x00007ffc02650000 - 0x00007ffc0265e000 	C:\Users\Kikine\OneDrive\Documents\mes cours de programmation\programmes\eclipse\plugins\org.eclipse.justj.openjdk.hotspot.jre.full.win32.x86_64_15.0.1.v20201027-0507\jre\bin\instrument.dll
0x00007ffbe3b70000 - 0x00007ffbe3b95000 	C:\Users\Kikine\OneDrive\Documents\mes cours de programmation\programmes\eclipse\plugins\org.eclipse.justj.openjdk.hotspot.jre.full.win32.x86_64_15.0.1.v20201027-0507\jre\bin\java.dll
0x00007ffbe3bd0000 - 0x00007ffbe3be8000 	C:\Users\Kikine\OneDrive\Documents\mes cours de programmation\programmes\eclipse\plugins\org.eclipse.justj.openjdk.hotspot.jre.full.win32.x86_64_15.0.1.v20201027-0507\jre\bin\zip.dll
0x00007ffc0acf0000 - 0x00007ffc0b432000 	C:\WINDOWS\System32\SHELL32.dll
0x00007ffc08530000 - 0x00007ffc08cc0000 	C:\WINDOWS\SYSTEM32\windows.storage.dll
0x00007ffc0be80000 - 0x00007ffc0c1d5000 	C:\WINDOWS\System32\combase.dll
0x00007ffc09e40000 - 0x00007ffc09e6c000 	C:\WINDOWS\SYSTEM32\Wldp.dll
0x00007ffc0b670000 - 0x00007ffc0b71e000 	C:\WINDOWS\System32\SHCORE.dll
0x00007ffc0b9e0000 - 0x00007ffc0ba35000 	C:\WINDOWS\System32\shlwapi.dll
0x00007ffc0a310000 - 0x00007ffc0a32f000 	C:\WINDOWS\SYSTEM32\profapi.dll
0x00007ffbf5db0000 - 0x00007ffbf5dbb000 	C:\Users\Kikine\OneDrive\Documents\mes cours de programmation\programmes\eclipse\plugins\org.eclipse.justj.openjdk.hotspot.jre.full.win32.x86_64_15.0.1.v20201027-0507\jre\bin\dt_socket.dll
0x00007ffc09860000 - 0x00007ffc0989b000 	C:\WINDOWS\SYSTEM32\IPHLPAPI.DLL
0x00007ffc09bc0000 - 0x00007ffc09c2a000 	C:\WINDOWS\system32\mswsock.dll
0x00007ffc098a0000 - 0x00007ffc0996b000 	C:\WINDOWS\SYSTEM32\DNSAPI.dll
0x00007ffc0b7c0000 - 0x00007ffc0b7c8000 	C:\WINDOWS\System32\NSI.dll
0x00007ffc01c80000 - 0x00007ffc01c8a000 	C:\Windows\System32\rasadhlp.dll
0x00007ffbf6410000 - 0x00007ffbf648f000 	C:\WINDOWS\System32\fwpuclnt.dll
0x00007ffc0ab10000 - 0x00007ffc0ab37000 	C:\WINDOWS\System32\bcrypt.dll
0x00007ffbe3b50000 - 0x00007ffbe3b69000 	C:\Users\Kikine\OneDrive\Documents\mes cours de programmation\programmes\eclipse\plugins\org.eclipse.justj.openjdk.hotspot.jre.full.win32.x86_64_15.0.1.v20201027-0507\jre\bin\net.dll
0x00007ffbfe6e0000 - 0x00007ffbfe7ec000 	C:\WINDOWS\SYSTEM32\WINHTTP.dll
0x00007ffbe3b30000 - 0x00007ffbe3b42000 	C:\Users\Kikine\OneDrive\Documents\mes cours de programmation\programmes\eclipse\plugins\org.eclipse.justj.openjdk.hotspot.jre.full.win32.x86_64_15.0.1.v20201027-0507\jre\bin\nio.dll
0x00007ffbe3a20000 - 0x00007ffbe3a30000 	C:\Users\Kikine\OneDrive\Documents\mes cours de programmation\programmes\eclipse\plugins\org.eclipse.justj.openjdk.hotspot.jre.full.win32.x86_64_15.0.1.v20201027-0507\jre\bin\verify.dll
0x00007ffc017d0000 - 0x00007ffc017e7000 	C:\WINDOWS\SYSTEM32\dhcpcsvc6.DLL
0x00007ffc02010000 - 0x00007ffc0202d000 	C:\WINDOWS\SYSTEM32\dhcpcsvc.DLL

dbghelp: loaded successfully - version: 4.0.5 - missing functions: none
symbol engine: initialized successfully - sym options: 0x614 - pdb path: .;C:\Users\Kikine\OneDrive\Documents\mes cours de programmation\programmes\eclipse\plugins\org.eclipse.justj.openjdk.hotspot.jre.full.win32.x86_64_15.0.1.v20201027-0507\jre\bin;C:\WINDOWS\SYSTEM32;C:\WINDOWS\WinSxS\amd64_microsoft.windows.common-controls_6595b64144ccf1df_6.0.19041.844_none_ca00b6081b84eb1d;C:\Users\Kikine\OneDrive\Documents\mes cours de programmation\programmes\eclipse\plugins\org.eclipse.justj.openjdk.hotspot.jre.full.win32.x86_64_15.0.1.v20201027-0507\jre\bin\server

VM Arguments:
jvm_args: -XX:+ShowCodeDetailsInExceptionMessages -agentlib:jdwp=transport=dt_socket,suspend=y,address=localhost:57690 -ea -javaagent:C:\Users\Kikine\OneDrive\Documents\mes cours de programmation\programmes\eclipse\configuration\org.eclipse.osgi\405\0\.cp\lib\javaagent-shaded.jar -Dfile.encoding=UTF-8 
java_command: org.eclipse.jdt.internal.junit.runner.RemoteTestRunner -version 3 -port 57689 -testLoaderClass org.eclipse.jdt.internal.junit5.runner.JUnit5TestLoader -loaderpluginname org.eclipse.jdt.junit5.runtime -classNames com.parkit.parkingsytem.dao.TicketDAOTest
java_class_path (initial): C:\Users\Kikine\eclipse-workspace\MoveIt\target\test-classes;C:\Users\Kikine\eclipse-workspace\MoveIt\target\classes;C:\Users\Kikine\.m2\repository\org\apache\logging\log4j\log4j-api\2.12.1\log4j-api-2.12.1.jar;C:\Users\Kikine\.m2\repository\org\apache\logging\log4j\log4j-core\2.12.1\log4j-core-2.12.1.jar;C:\Users\Kikine\.m2\repository\mysql\mysql-connector-java\8.0.17\mysql-connector-java-8.0.17.jar;C:\Users\Kikine\.m2\repository\com\google\protobuf\protobuf-java\3.6.1\protobuf-java-3.6.1.jar;C:\Users\Kikine\.m2\repository\org\junit\jupiter\junit-jupiter-api\5.3.2\junit-jupiter-api-5.3.2.jar;C:\Users\Kikine\.m2\repository\org\apiguardian\apiguardian-api\1.0.0\apiguardian-api-1.0.0.jar;C:\Users\Kikine\.m2\repository\org\opentest4j\opentest4j\1.1.1\opentest4j-1.1.1.jar;C:\Users\Kikine\.m2\repository\org\junit\platform\junit-platform-commons\1.3.2\junit-platform-commons-1.3.2.jar;C:\Users\Kikine\.m2\repository\org\junit\jupiter\junit-jupiter-engine\5.3.2\junit-jupiter-engine-5.3.2.jar;C:\Users\Kikine\.m2\repository\org\junit\platform\junit-platform-engine\1.3.2\junit-platform-engine-1.3.2.jar;C:\Users\Kikine\.m2\repository\org\mockito\mockito-junit-jupiter\2.23.4\mockito-junit-jupiter-2.23.4.jar;C:\Users\Kikine\.m2\repository\org\mockito\mockito-core\2.23.4\mockito-core-2.23.4.jar;C:\Users\Kikine\.m2\repository\net\bytebuddy\byte-buddy\1.9.3\byte-buddy-1.9.3.jar;C:\Users\Kikine\.m2\repository\net\bytebuddy\byte-buddy-agent\1.9.3\byte-buddy-agent-1.9.3.jar;C:\Users\Kikine\.m2\repository\org\objenesis\objenesis\2.6\objenesis-2.6.jar;C:\Users\Kikine\.m2\repository\org\assertj\assertj-core\3.13.2\assertj-core-3.13.2.jar;C:\Users\Kikine\.m2\repository\org\jacoco\jacoco-maven-plugin\0.8.5\jacoco-maven-plugin-0.8.5.jar;C:\Users\Kikine\.m2\repository\org\apache\maven\maven-plugin-api\3.0\maven-plugin-api-3.0.jar;C:\Users\Kikine\.m2\repository\org\sonatype\sisu\sisu-inject-plexus\1.4.2\sisu-inject-plexus-1.4.2.jar;C:\Users\Kikine\.m2\repository\org
Launcher Type: SUN_STANDARD

[Global flags]
     intx CICompilerCount                          = 12                                        {product} {ergonomic}
     uint ConcGCThreads                            = 3                                         {product} {ergonomic}
     uint G1ConcRefinementThreads                  = 13                                        {product} {ergonomic}
   size_t G1HeapRegionSize                         = 2097152                                   {product} {ergonomic}
    uintx GCDrainStackTargetSize                   = 64                                        {product} {ergonomic}
   size_t InitialHeapSize                          = 266338304                                 {product} {ergonomic}
   size_t MarkStackSize                            = 4194304                                   {product} {ergonomic}
   size_t MaxHeapSize                              = 4248829952                                {product} {ergonomic}
   size_t MaxNewSize                               = 2548039680                                {product} {ergonomic}
   size_t MinHeapDeltaBytes                        = 2097152                                   {product} {ergonomic}
   size_t MinHeapSize                              = 8388608                                   {product} {ergonomic}
    uintx NonNMethodCodeHeapSize                   = 7602480                                {pd product} {ergonomic}
    uintx NonProfiledCodeHeapSize                  = 122027880                              {pd product} {ergonomic}
    uintx ProfiledCodeHeapSize                     = 122027880                              {pd product} {ergonomic}
    uintx ReservedCodeCacheSize                    = 251658240                              {pd product} {ergonomic}
     bool SegmentedCodeCache                       = true                                      {product} {ergonomic}
     bool ShowCodeDetailsInExceptionMessages       = true                                   {manageable} {command line}
   size_t SoftMaxHeapSize                          = 4248829952                             {manageable} {ergonomic}
     bool UseCompressedClassPointers               = true                                 {lp64_product} {ergonomic}
     bool UseCompressedOops                        = true                                 {lp64_product} {ergonomic}
     bool UseG1GC                                  = true                                      {product} {ergonomic}
     bool UseLargePagesIndividualAllocation        = false                                  {pd product} {ergonomic}

Logging:
Log output configuration:
 #0: stdout all=warning uptime,level,tags
 #1: stderr all=off uptime,level,tags

Environment Variables:
JAVA_HOME=C:\Program Files\Java\jdk1.8.0_281
PATH=C:\Users\Kikine\OneDrive\Documents\mes cours de programmation\programmes\eclipse\plugins\org.eclipse.justj.openjdk.hotspot.jre.full.win32.x86_64_15.0.1.v20201027-0507\jre\bin;C:/Users/Kikine/OneDrive/Documents/mes cours de programmation/programmes/eclipse//plugins/org.eclipse.justj.openjdk.hotspot.jre.full.win32.x86_64_15.0.1.v20201027-0507/jre/bin/server;C:/Users/Kikine/OneDrive/Documents/mes cours de programmation/programmes/eclipse//plugins/org.eclipse.justj.openjdk.hotspot.jre.full.win32.x86_64_15.0.1.v20201027-0507/jre/bin;C:\Program Files\Common Files\Oracle\Java\javapath;C:\Program Files (x86)\Common Files\Oracle\Java\javapath;C:\Windows\system32;C:\Windows;C:\Windows\System32\Wbem;C:\Windows\System32\WindowsPowerShell\v1.0\;C:\Windows\System32\OpenSSH\;C:\Program Files (x86)\NVIDIA Corporation\PhysX\Common;C:\Program Files\NVIDIA Corporation\NVIDIA NvDLISR;C:\Program Files\nodejs\;C:\Program Files\Microsoft SQL Server\120\Tools\Binn\;C:\Program Files\Common Files\Autodesk Shared\;C:\WINDOWS\system32;C:\WINDOWS;C:\WINDOWS\System32\Wbem;C:\WINDOWS\System32\WindowsPowerShell\v1.0\;C:\WINDOWS\System32\OpenSSH\;C:\Program Files\Git\cmd;C:\Program Files\dotnet\;C:\Program Files\Microsoft SQL Server\130\Tools\Binn\;C:\Program Files\Microsoft SQL Server\Client SDK\ODBC\170\Tools\Binn\;C:\apache-maven-3.6.3\bin;C:\Program Files\Java\jdk1.8.0_281\bin;C:\Program Files\Java\jre1.8.0_281\bin;C:\Program Files\MySQL\MySQL Shell 8.0\bin\;C:\Users\Kikine\AppData\Local\Microsoft\WindowsApps;C:\Users\Kikine\AppData\Roaming\npm;C:\Users\Kikine\AppData\Local\Programs\Microsoft VS Code\bin;C:\Users\Kikine\.dotnet\tools;;C:\Users\Kikine\OneDrive\Documents\mes cours de programmation\programmes\eclipse;
USERNAME=Kikine
OS=Windows_NT
PROCESSOR_IDENTIFIER=Intel64 Family 6 Model 165 Stepping 2, GenuineIntel



---------------  S Y S T E M  ---------------

OS:
 Windows 10 , 64 bit Build 19041 (10.0.19041.804)
OS uptime: 0 days 22:44 hours

CPU: total 16 (initial active 16) (8 cores per cpu, 2 threads per core) family 6 model 165 stepping 2 microcode 0xe0, cmov, cx8, fxsr, mmx, sse, sse2, sse3, ssse3, sse4.1, sse4.2, popcnt, vzeroupper, avx, avx2, aes, clmul, erms, 3dnowpref, lzcnt, ht, tsc, tscinvbit, bmi1, bmi2, adx, fma, clflush, clflushopt

Memory: 4k page, system-wide physical 16203M (5150M free)
TotalPageFile size 34666M (AvailPageFile size 4413M)
current process WorkingSet (physical memory assigned to process): 54M, peak: 86M
current process commit charge ("private bytes"): 364M, peak: 370M

vm_info: OpenJDK 64-Bit Server VM (15.0.1+9-18) for windows-amd64 JRE (15.0.1+9-18), built on Sep 15 2020 14:39:31 by "mach5one" with unknown MS VC++:1925

END.
