#
# A fatal error has been detected by the Java Runtime Environment:
#
#  EXCEPTION_ACCESS_VIOLATION (0xc0000005) at pc=0x00007ffba804e2f7, pid=21972, tid=27700
#
# JRE version: OpenJDK Runtime Environment (15.0.1+9) (build 15.0.1+9-18)
# Java VM: OpenJDK 64-Bit Server VM (15.0.1+9-18, mixed mode, tiered, compressed oops, g1 gc, windows-amd64)
# Problematic frame:
# V  [jvm.dll+0x5de2f7]
#
# No core dump will be written. Minidumps are not enabled by default on client versions of Windows
#
# If you would like to submit a bug report, please visit:
#   https://bugreport.java.com/bugreport/crash.jsp
#

---------------  S U M M A R Y ------------

Command Line: -XX:+ShowCodeDetailsInExceptionMessages -agentlib:jdwp=transport=dt_socket,suspend=y,address=localhost:62397 -ea -javaagent:C:\Users\Kikine\OneDrive\Documents\mes cours de programmation\programmes\eclipse\configuration\org.eclipse.osgi\405\0\.cp\lib\javaagent-shaded.jar -Dfile.encoding=UTF-8 org.eclipse.jdt.internal.junit.runner.RemoteTestRunner -version 3 -port 62396 -testLoaderClass org.eclipse.jdt.internal.junit5.runner.JUnit5TestLoader -loaderpluginname org.eclipse.jdt.junit5.runtime -test com.parkit.parkingsytem.dao.TicketDAOTest:TestingSavedTicketInTicketDAO

Host: Intel(R) Core(TM) i7-10875H CPU @ 2.30GHz, 16 cores, 15G,  Windows 10 , 64 bit Build 19041 (10.0.19041.804)
Time: Sat Apr 10 17:20:55 2021 Paris, Madrid (heure d’été) elapsed time: 523.642144 seconds (0d 0h 8m 43s)

---------------  T H R E A D  ---------------

Current thread (0x000001e06fff2520):  VMThread "VM Thread" [stack: 0x000000daea000000,0x000000daea100000] [id=27700] _threads_hazard_ptr=0x000001e076178e60

Stack: [0x000000daea000000,0x000000daea100000],  sp=0x000000daea0fe3b0,  free space=1016k
Native frames: (J=compiled Java code, j=interpreted, Vv=VM code, C=native code)
V  [jvm.dll+0x5de2f7]
V  [jvm.dll+0x4ddbfa]
V  [jvm.dll+0x4db923]
V  [jvm.dll+0x783e4b]
V  [jvm.dll+0x787c83]
V  [jvm.dll+0x788545]
V  [jvm.dll+0x78877e]
V  [jvm.dll+0x73d65a]
V  [jvm.dll+0x629c56]
C  [ucrtbase.dll+0x21bb2]
C  [KERNEL32.DLL+0x17034]
C  [ntdll.dll+0x52651]


siginfo: EXCEPTION_ACCESS_VIOLATION (0xc0000005), reading address 0xffffffffffffffff


Register to memory mapping:

RIP=0x00007ffba804e2f7 jvm.dll
RAX=0x00ca01e0719d67a0 is an unknown value
RBX={method} {0x000001e0719d6818} 
[error occurred during error reporting (printing register info), id 0xc0000005, EXCEPTION_ACCESS_VIOLATION (0xc0000005) at pc=0x00007ffba805040a]

Registers:
RAX=0x00ca01e0719d67a0, RBX=0x000001e0719d6810, RCX=0x0000000000000000, RDX=0x000000daea0fe3d0
RSP=0x000000daea0fe3b0, RBP=0x000001e06ffbe570, RSI=0x0000000000000031, RDI=0x000001e0506e7120
R8 =0x000001e06fff2890, R9 =0x000000daea0fe480, R10=0x0000000000000000, R11=0x0000000000000000
R12=0x000001e0712449c0, R13=0x000001e06fff3610, R14=0x0000000000000000, R15=0x000001e06ffbe560
RIP=0x00007ffba804e2f7, EFLAGS=0x0000000000010206

Top of Stack: (sp=0x000000daea0fe3b0)
0x000000daea0fe3b0:   000001e0719d6810 0000000000000031
0x000000daea0fe3c0:   000001e054088a90 0000000000000000
0x000000daea0fe3d0:   000001e0719d6810 000001e06fff2520
0x000000daea0fe3e0:   0000000000000000 00007ffba7f4dbfa
0x000000daea0fe3f0:   000001e0719d6810 000001e071748780
0x000000daea0fe400:   0000000703245100 000001e050676c20
0x000000daea0fe410:   000001e06ffbe570 000001e06ffbe560
0x000000daea0fe420:   0000000000000031 00000000000003d8
0x000000daea0fe430:   000001e06ffbe948 000000daeadff490
0x000000daea0fe440:   000001e06fff2520 000001e06fff2890
0x000000daea0fe450:   000001e04e4a9750 000001e04e4a9760
0x000000daea0fe460:   000001e04e4a9838 00000000000000d8
0x000000daea0fe470:   000000daea0ff970 00007ffba81e7029
0x000000daea0fe480:   000001e06ffbe948 000001e06ffbe570
0x000000daea0fe490:   000001e06fff3610 000000daeadfee60
0x000000daea0fe4a0:   000000daebeff290 000000daebeff290 

Instructions: (pc=0x00007ffba804e2f7)
0x00007ffba804e1f7:   cc cc cc cc cc cc cc cc cc 4c 8b 49 08 45 0f b7
0x00007ffba804e207:   41 28 45 85 c0 74 73 b8 cd cc cc cc 41 f7 e0 c1
0x00007ffba804e217:   ea 02 8d 0c 92 44 3b c1 75 60 41 80 79 38 2a 49
0x00007ffba804e227:   8d 49 38 75 55 80 79 01 b7 75 4f 49 ff c8 41 80
0x00007ffba804e237:   3c 08 b1 75 45 49 83 f8 04 7e 3c 49 c7 c1 fe ff
0x00007ffba804e247:   ff ff 48 8d 41 06 4c 2b c9 80 78 fe 2a 75 2b 0f
0x00007ffba804e257:   b6 50 ff 8d 4a ff f6 c1 f5 75 05 80 fa 09 75 05
0x00007ffba804e267:   80 fa 0e 75 15 80 38 b5 75 10 48 83 c0 05 49 8d
0x00007ffba804e277:   0c 01 49 3b c8 7c d2 b0 01 c3 32 c0 c3 cc cc cc
0x00007ffba804e287:   cc cc cc cc cc cc cc cc cc 48 89 5c 24 10 57 48
0x00007ffba804e297:   83 ec 30 65 48 8b 04 25 58 00 00 00 48 8b d9 8b
0x00007ffba804e2a7:   15 20 1c 4f 00 48 8b 3c d0 b8 40 00 00 00 80 3c
0x00007ffba804e2b7:   38 00 75 05 e8 2c a4 1f 00 b9 08 00 00 00 48 89
0x00007ffba804e2c7:   5c 24 20 48 8b 0c 39 48 89 4c 24 28 48 85 db 74
0x00007ffba804e2d7:   16 48 8b 89 a0 02 00 00 48 8d 54 24 40 48 89 5c
0x00007ffba804e2e7:   24 40 e8 22 e1 a2 ff 48 8b 43 08 48 8d 54 24 20
0x00007ffba804e2f7:   48 8b 48 08 48 8b 49 18 e8 fc b1 d5 ff 48 8d 4c
0x00007ffba804e307:   24 20 48 8b d8 e8 bf 63 d3 ff 48 8b c3 48 8b 5c
0x00007ffba804e317:   24 48 48 83 c4 30 5f c3 cc 40 53 48 83 ec 20 48
0x00007ffba804e327:   8b 81 98 00 00 00 48 8b d9 48 8b 48 08 48 85 c9
0x00007ffba804e337:   74 39 ff 15 c9 5c 41 00 48 85 c0 74 2e 48 8b 83
0x00007ffba804e347:   98 00 00 00 48 8b 48 08 48 85 c9 75 04 33 c0 eb
0x00007ffba804e357:   06 ff 15 aa 5c 41 00 48 8b c8 e8 1a 76 12 00 84
0x00007ffba804e367:   c0 75 08 33 c0 48 83 c4 20 5b c3 48 8b 4b 18 48
0x00007ffba804e377:   83 c4 20 5b e9 f0 88 1a 00 48 8b 41 08 48 8b 48
0x00007ffba804e387:   08 48 8b 41 18 48 8b 40 18 c3 cc cc cc cc cc cc
0x00007ffba804e397:   cc cc cc cc cc cc cc cc cc 48 89 5c 24 08 48 89
0x00007ffba804e3a7:   74 24 10 57 48 83 ec 40 33 ff be ff ff ff ff 3b
0x00007ffba804e3b7:   d6 8b df 0f 45 da 85 db 0f 88 be 00 00 00 48 8b
0x00007ffba804e3c7:   49 08 0f b7 41 28 3b d8 0f 8d ae 00 00 00 f6 41
0x00007ffba804e3d7:   24 01 0f 84 a4 00 00 00 e8 7c d3 c2 ff 8b d7 48
0x00007ffba804e3e7:   89 44 24 20 89 54 24 30 4c 8b d0 44 8b cf 89 7c 


Stack slot to memory mapping:
stack at sp + 0 slots: {method} {0x000001e0719d6818} 
[error occurred during error reporting (inspecting top of stack), id 0xc0000005, EXCEPTION_ACCESS_VIOLATION (0xc0000005) at pc=0x00007ffba805040a]

VM_Operation (0x000000daeadff2f0): GetStackTrace, mode: safepoint, requested by thread 0x000001e070bf0a20


---------------  P R O C E S S  ---------------

Threads class SMR info:
_java_thread_list=0x000001e076178e60, length=16, elements={
0x000001e050676c20, 0x000001e070008380, 0x000001e070008e60, 0x000001e0708d7000,
0x000001e0708d99d0, 0x000001e0708da390, 0x000001e0708db080, 0x000001e0708e3a40,
0x000001e07089d750, 0x000001e0709d9400, 0x000001e070bf0a20, 0x000001e070c0e200,
0x000001e070beabd0, 0x000001e071525040, 0x000001e07180adb0, 0x000001e0736d8b00
}

Java Threads: ( => current thread )
  0x000001e050676c20 JavaThread "main" [_thread_blocked, id=23228, stack(0x000000dae9a00000,0x000000dae9b00000)]
  0x000001e070008380 JavaThread "Reference Handler" daemon [_thread_blocked, id=27328, stack(0x000000daea100000,0x000000daea200000)]
  0x000001e070008e60 JavaThread "Finalizer" daemon [_thread_blocked, id=24916, stack(0x000000daea200000,0x000000daea300000)]
  0x000001e0708d7000 JavaThread "Signal Dispatcher" daemon [_thread_blocked, id=26444, stack(0x000000daea300000,0x000000daea400000)]
  0x000001e0708d99d0 JavaThread "Attach Listener" daemon [_thread_blocked, id=4504, stack(0x000000daea400000,0x000000daea500000)]
  0x000001e0708da390 JavaThread "Service Thread" daemon [_thread_blocked, id=11632, stack(0x000000daea500000,0x000000daea600000)]
  0x000001e0708db080 JavaThread "C2 CompilerThread0" daemon [_thread_blocked, id=24168, stack(0x000000daea600000,0x000000daea700000)]
  0x000001e0708e3a40 JavaThread "C1 CompilerThread0" daemon [_thread_blocked, id=28120, stack(0x000000daea700000,0x000000daea800000)]
  0x000001e07089d750 JavaThread "Sweeper thread" daemon [_thread_blocked, id=5496, stack(0x000000daea800000,0x000000daea900000)]
  0x000001e0709d9400 JavaThread "Common-Cleaner" daemon [_thread_blocked, id=29044, stack(0x000000daea900000,0x000000daeaa00000)]
  0x000001e070bf0a20 JavaThread "JDWP Transport Listener: dt_socket" daemon [_thread_blocked, id=19604, stack(0x000000daead00000,0x000000daeae00000)] _threads_hazard_ptr=0x000001e076178e60
  0x000001e070c0e200 JavaThread "JDWP Event Helper Thread" daemon [_thread_blocked, id=25796, stack(0x000000daeae00000,0x000000daeaf00000)]
  0x000001e070beabd0 JavaThread "JDWP Command Reader" daemon [_thread_in_native, id=19468, stack(0x000000daeaf00000,0x000000daeb000000)]
  0x000001e071525040 JavaThread "Notification Thread" daemon [_thread_blocked, id=27668, stack(0x000000daeb100000,0x000000daeb200000)]
  0x000001e07180adb0 JavaThread "ReaderThread" [_thread_in_native, id=18828, stack(0x000000daeb300000,0x000000daeb400000)]
  0x000001e0736d8b00 JavaThread "mysql-cj-abandoned-connection-cleanup" daemon [_thread_blocked, id=16792, stack(0x000000daebe00000,0x000000daebf00000)]

Other Threads:
=>0x000001e06fff2520 VMThread "VM Thread" [stack: 0x000000daea000000,0x000000daea100000] [id=27700]
  0x000001e050677ce0 WatcherThread [stack: 0x000000daeb200000,0x000000daeb300000] [id=10276]
  0x000001e0506ca8e0 GCTaskThread "GC Thread#0" [stack: 0x000000dae9b00000,0x000000dae9c00000] [id=19900]
  0x000001e070b62e00 GCTaskThread "GC Thread#1" [stack: 0x000000daeb400000,0x000000daeb500000] [id=2328]
  0x000001e070b62ad0 GCTaskThread "GC Thread#2" [stack: 0x000000daeb500000,0x000000daeb600000] [id=30428]
  0x000001e070b63130 GCTaskThread "GC Thread#3" [stack: 0x000000daeb600000,0x000000daeb700000] [id=30308]
  0x000001e070b63790 GCTaskThread "GC Thread#4" [stack: 0x000000daeb700000,0x000000daeb800000] [id=19960]
  0x000001e070b61ae0 GCTaskThread "GC Thread#5" [stack: 0x000000daeb800000,0x000000daeb900000] [id=10792]
  0x000001e0506dbfa0 ConcurrentGCThread "G1 Main Marker" [stack: 0x000000dae9c00000,0x000000dae9d00000] [id=19412]
  0x000001e0506dcb20 ConcurrentGCThread "G1 Conc#0" [stack: 0x000000dae9d00000,0x000000dae9e00000] [id=29248]
  0x000001e070b61e10 ConcurrentGCThread "G1 Conc#1" [stack: 0x000000daebc00000,0x000000daebd00000] [id=25432]
  0x000001e070b63ac0 ConcurrentGCThread "G1 Conc#2" [stack: 0x000000daebd00000,0x000000daebe00000] [id=17884]
  0x000001e05073eab0 ConcurrentGCThread "G1 Refine#0" [stack: 0x000000dae9e00000,0x000000dae9f00000] [id=19108]
  0x000001e06fe9abc0 ConcurrentGCThread "G1 Young RemSet Sampling" [stack: 0x000000dae9f00000,0x000000daea000000] [id=24404]

Threads with active compile tasks:

VM state: at safepoint (normal execution)

VM Mutex/Monitor currently owned by a thread:  ([mutex/lock_event])
[0x000001e050668e60] Threads_lock - owner thread: 0x000001e06fff2520

Heap address: 0x0000000702c00000, size: 4052 MB, Compressed Oops mode: Zero based, Oop shift amount: 3
CDS disabled.
Compressed class space mapped at: 0x0000000800000000-0x0000000840000000, size: 1073741824
Narrow klass base: 0x0000000800000000, Narrow klass shift: 0, Narrow klass range: 0x40000000

GC Precious Log:
 CPUs: 16 total, 16 available
 Memory: 16203M
 Large Page Support: Disabled
 NUMA Support: Disabled
 Compressed Oops: Enabled (Zero based)
 Heap Region Size: 2M
 Heap Min Capacity: 8M
 Heap Initial Capacity: 254M
 Heap Max Capacity: 4052M
 Pre-touch: Disabled
 Parallel Workers: 13
 Concurrent Workers: 3
 Concurrent Refinement Workers: 13
 Periodic GC: Disabled

Heap:
 garbage-first heap   total 40960K, used 24478K [0x0000000702c00000, 0x0000000800000000)
  region size 2048K, 10 young (20480K), 2 survivors (4096K)
 Metaspace       used 28398K, capacity 28696K, committed 28796K, reserved 1075200K
  class space    used 3034K, capacity 3149K, committed 3196K, reserved 1048576K

Heap Regions: E=young(eden), S=young(survivor), O=old, HS=humongous(starts), HC=humongous(continues), CS=collection set, F=free, OA=open archive, CA=closed archive, TAMS=top-at-mark-start (previous, next)
|   0|0x0000000702c00000, 0x0000000702e00000, 0x0000000702e00000|100%| O|  |TAMS 0x0000000702e00000, 0x0000000702c00000| Untracked 
|   1|0x0000000702e00000, 0x0000000703000000, 0x0000000703000000|100%| O|  |TAMS 0x0000000703000000, 0x0000000702e00000| Untracked 
|   2|0x0000000703000000, 0x0000000703072a00, 0x0000000703200000| 22%| O|  |TAMS 0x0000000703072a00, 0x0000000703000000| Untracked 
|   3|0x0000000703200000, 0x0000000703400000, 0x0000000703400000|100%| O|  |TAMS 0x0000000703200000, 0x0000000703200000| Untracked 
|   4|0x0000000703400000, 0x0000000703414e00, 0x0000000703600000|  4%| O|  |TAMS 0x0000000703400000, 0x0000000703400000| Untracked 
|   5|0x0000000703600000, 0x0000000703600000, 0x0000000703800000|  0%| F|  |TAMS 0x0000000703600000, 0x0000000703600000| Untracked 
|   6|0x0000000703800000, 0x0000000703800000, 0x0000000703a00000|  0%| F|  |TAMS 0x0000000703800000, 0x0000000703800000| Untracked 
|   7|0x0000000703a00000, 0x0000000703a00000, 0x0000000703c00000|  0%| F|  |TAMS 0x0000000703a00000, 0x0000000703a00000| Untracked 
|   8|0x0000000703c00000, 0x0000000703c00000, 0x0000000703e00000|  0%| F|  |TAMS 0x0000000703c00000, 0x0000000703c00000| Untracked 
|   9|0x0000000703e00000, 0x0000000703f60030, 0x0000000704000000| 68%| S|CS|TAMS 0x0000000703e00000, 0x0000000703e00000| Complete 
|  10|0x0000000704000000, 0x0000000704200000, 0x0000000704200000|100%| S|CS|TAMS 0x0000000704000000, 0x0000000704000000| Complete 
|  11|0x0000000704200000, 0x0000000704200000, 0x0000000704400000|  0%| F|  |TAMS 0x0000000704200000, 0x0000000704200000| Untracked 
|  12|0x0000000704400000, 0x00000007045b5110, 0x0000000704600000| 85%| E|  |TAMS 0x0000000704400000, 0x0000000704400000| Complete 
|  13|0x0000000704600000, 0x0000000704800000, 0x0000000704800000|100%| E|CS|TAMS 0x0000000704600000, 0x0000000704600000| Complete 
|  14|0x0000000704800000, 0x0000000704a00000, 0x0000000704a00000|100%| E|CS|TAMS 0x0000000704800000, 0x0000000704800000| Complete 
|  15|0x0000000704a00000, 0x0000000704c00000, 0x0000000704c00000|100%| E|CS|TAMS 0x0000000704a00000, 0x0000000704a00000| Complete 
|  16|0x0000000704c00000, 0x0000000704e00000, 0x0000000704e00000|100%| E|CS|TAMS 0x0000000704c00000, 0x0000000704c00000| Complete 
| 103|0x000000070fa00000, 0x000000070fc00000, 0x000000070fc00000|100%| E|CS|TAMS 0x000000070fa00000, 0x000000070fa00000| Complete 
| 104|0x000000070fc00000, 0x000000070fe00000, 0x000000070fe00000|100%| E|CS|TAMS 0x000000070fc00000, 0x000000070fc00000| Complete 
| 126|0x0000000712800000, 0x0000000712a00000, 0x0000000712a00000|100%| E|CS|TAMS 0x0000000712800000, 0x0000000712800000| Complete 

Card table byte_map: [0x000001e0640f0000,0x000001e0648e0000] _byte_map_base: 0x000001e0608da000

Marking Bits (Prev, Next): (CMBitMap*) 0x000001e0506cb0a0, (CMBitMap*) 0x000001e0506cb060
 Prev Bits: [0x000001e069020000, 0x000001e06cf70000)
 Next Bits: [0x000001e0650d0000, 0x000001e069020000)

Polling page: 0x000001e04e680000

Metaspace:

Usage:
  Non-class:     24.95 MB capacity,    24.77 MB (>99%) used,   150.22 KB ( <1%) free+waste,    32.56 KB ( <1%) overhead. 
      Class:      3.08 MB capacity,     2.96 MB ( 96%) used,   103.04 KB (  3%) free+waste,    11.31 KB ( <1%) overhead. 
       Both:     28.02 MB capacity,    27.73 MB ( 99%) used,   253.26 KB ( <1%) free+waste,    43.88 KB ( <1%) overhead. 

Virtual space:
  Non-class space:       26.00 MB reserved,      25.00 MB ( 96%) committed 
      Class space:        1.00 GB reserved,       3.12 MB ( <1%) committed 
             Both:        1.03 GB reserved,      28.12 MB (  3%) committed 

Chunk freelists:
   Non-Class:  53.00 KB
       Class:  19.00 KB
        Both:  72.00 KB

MaxMetaspaceSize: 17179869184.00 GB
CompressedClassSpaceSize: 1.00 GB

CodeHeap 'non-profiled nmethods': size=119168Kb used=1897Kb max_used=1897Kb free=117271Kb
 bounds [0x000001e05bc20000, 0x000001e05be90000, 0x000001e063080000]
CodeHeap 'profiled nmethods': size=119104Kb used=5810Kb max_used=5810Kb free=113293Kb
 bounds [0x000001e0547d0000, 0x000001e054d80000, 0x000001e05bc20000]
CodeHeap 'non-nmethods': size=7488Kb used=1364Kb max_used=3186Kb free=6123Kb
 bounds [0x000001e054080000, 0x000001e0543c0000, 0x000001e0547d0000]
 total_blobs=3231 nmethods=2669 adapters=474
 compilation: enabled
              stopped_count=0, restarted_count=0
 full_count=0

Compilation events (20 events):
Event: 1.560 Thread 0x000001e072051c20 2665       3       jdk.internal.misc.Unsafe::copyMemoryChecks (21 bytes)
Event: 1.561 Thread 0x000001e070a2e7f0 2667       3       sun.security.ssl.TransportContext::isInboundClosed (8 bytes)
Event: 1.561 Thread 0x000001e070a2e7f0 nmethod 2667 0x000001e054d77a10 code [0x000001e054d77ba0, 0x000001e054d77d58]
Event: 1.561 Thread 0x000001e070a2ed00 nmethod 2664 0x000001e054d77e10 code [0x000001e054d780e0, 0x000001e054d78e38]
Event: 1.561 Thread 0x000001e072051c20 nmethod 2665 0x000001e054d79410 code [0x000001e054d796e0, 0x000001e054d7a488]
Event: 1.561 Thread 0x000001e070a2ed00 2668       3       jdk.internal.misc.Unsafe::checkNativeAddress (28 bytes)
Event: 1.561 Thread 0x000001e070a2ed00 nmethod 2668 0x000001e054d7aa90 code [0x000001e054d7ac20, 0x000001e054d7ad38]
Event: 1.562 Thread 0x000001e070a2e7f0 2669       1       com.mysql.cj.protocol.a.NativeProtocol::getServerSession (5 bytes)
Event: 1.562 Thread 0x000001e0708e3a40 2670       3       java.util.concurrent.locks.AbstractQueuedSynchronizer::compareAndSetState (13 bytes)
Event: 1.562 Thread 0x000001e070a2e7f0 nmethod 2669 0x000001e05bda9010 code [0x000001e05bda91a0, 0x000001e05bda9258]
Event: 1.562 Thread 0x000001e0708e3a40 nmethod 2670 0x000001e054d7ae10 code [0x000001e054d7afa0, 0x000001e054d7b0b8]
Event: 1.705 Thread 0x000001e0710a5c20 nmethod 2663 0x000001e05bda9310 code [0x000001e05bda9720, 0x000001e05bdb1cd0]
Event: 1.823 Thread 0x000001e0708db080 nmethod 2188 0x000001e05bdb5890 code [0x000001e05bdb5fa0, 0x000001e05bdca310]
Event: 2.252 Thread 0x000001e070bc8420 nmethod 2235% 0x000001e05bdd2190 code [0x000001e05bdd2880, 0x000001e05bdefef0]
Event: 6.232 Thread 0x000001e070bc8420 2671       4       java.lang.ref.SoftReference::get (29 bytes)
Event: 6.233 Thread 0x000001e070bc8420 nmethod 2671 0x000001e05bdfa110 code [0x000001e05bdfa280, 0x000001e05bdfa358]
Event: 121.398 Thread 0x000001e0708e3a40 2672       3       java.lang.ClassLoader::getResource (41 bytes)
Event: 121.398 Thread 0x000001e0708e3a40 nmethod 2672 0x000001e054d7b190 code [0x000001e054d7b3a0, 0x000001e054d7b9b8]
Event: 351.742 Thread 0x000001e0708e3a40 2673       3       java.lang.Thread::getContextClassLoader (32 bytes)
Event: 351.743 Thread 0x000001e0708e3a40 nmethod 2673 0x000001e054d7bb90 code [0x000001e054d7bdc0, 0x000001e054d7c7b8]

GC Heap History (10 events):
Event: 0.590 GC heap before
{Heap before GC invocations=0 (full 0):
 garbage-first heap   total 260096K, used 20480K [0x0000000702c00000, 0x0000000800000000)
  region size 2048K, 11 young (22528K), 0 survivors (0K)
 Metaspace       used 12093K, capacity 12262K, committed 12416K, reserved 1060864K
  class space    used 1075K, capacity 1121K, committed 1152K, reserved 1048576K
}
Event: 0.593 GC heap after
{Heap after GC invocations=1 (full 0):
 garbage-first heap   total 260096K, used 4569K [0x0000000702c00000, 0x0000000800000000)
  region size 2048K, 2 young (4096K), 2 survivors (4096K)
 Metaspace       used 12093K, capacity 12262K, committed 12416K, reserved 1060864K
  class space    used 1075K, capacity 1121K, committed 1152K, reserved 1048576K
}
Event: 0.841 GC heap before
{Heap before GC invocations=1 (full 0):
 garbage-first heap   total 260096K, used 29145K [0x0000000702c00000, 0x0000000800000000)
  region size 2048K, 15 young (30720K), 2 survivors (4096K)
 Metaspace       used 15870K, capacity 16064K, committed 16256K, reserved 1064960K
  class space    used 1570K, capacity 1663K, committed 1664K, reserved 1048576K
}
Event: 0.844 GC heap after
{Heap after GC invocations=2 (full 0):
 garbage-first heap   total 260096K, used 5434K [0x0000000702c00000, 0x0000000800000000)
  region size 2048K, 1 young (2048K), 1 survivors (2048K)
 Metaspace       used 15870K, capacity 16064K, committed 16256K, reserved 1064960K
  class space    used 1570K, capacity 1663K, committed 1664K, reserved 1048576K
}
Event: 1.142 GC heap before
{Heap before GC invocations=2 (full 0):
 garbage-first heap   total 260096K, used 46394K [0x0000000702c00000, 0x0000000800000000)
  region size 2048K, 22 young (45056K), 1 survivors (2048K)
 Metaspace       used 21023K, capacity 21233K, committed 21248K, reserved 1069056K
  class space    used 2202K, capacity 2290K, committed 2304K, reserved 1048576K
}
Event: 1.144 GC heap after
{Heap after GC invocations=3 (full 0):
 garbage-first heap   total 260096K, used 6757K [0x0000000702c00000, 0x0000000800000000)
  region size 2048K, 2 young (4096K), 2 survivors (4096K)
 Metaspace       used 21023K, capacity 21233K, committed 21248K, reserved 1069056K
  class space    used 2202K, capacity 2290K, committed 2304K, reserved 1048576K
}
Event: 1.331 GC heap before
{Heap before GC invocations=4 (full 0):
 garbage-first heap   total 40960K, used 27237K [0x0000000702c00000, 0x0000000800000000)
  region size 2048K, 12 young (24576K), 2 survivors (4096K)
 Metaspace       used 23694K, capacity 23927K, committed 24188K, reserved 1071104K
  class space    used 2482K, capacity 2567K, committed 2684K, reserved 1048576K
}
Event: 1.334 GC heap after
{Heap after GC invocations=5 (full 0):
 garbage-first heap   total 40960K, used 7881K [0x0000000702c00000, 0x0000000800000000)
  region size 2048K, 2 young (4096K), 2 survivors (4096K)
 Metaspace       used 23694K, capacity 23927K, committed 24188K, reserved 1071104K
  class space    used 2482K, capacity 2567K, committed 2684K, reserved 1048576K
}
Event: 1.454 GC heap before
{Heap before GC invocations=5 (full 0):
 garbage-first heap   total 40960K, used 26313K [0x0000000702c00000, 0x0000000800000000)
  region size 2048K, 11 young (22528K), 2 survivors (4096K)
 Metaspace       used 25635K, capacity 25912K, committed 26236K, reserved 1073152K
  class space    used 2689K, capacity 2797K, committed 2940K, reserved 1048576K
}
Event: 1.457 GC heap after
{Heap after GC invocations=6 (full 0):
 garbage-first heap   total 40960K, used 10142K [0x0000000702c00000, 0x0000000800000000)
  region size 2048K, 2 young (4096K), 2 survivors (4096K)
 Metaspace       used 25635K, capacity 25912K, committed 26236K, reserved 1073152K
  class space    used 2689K, capacity 2797K, committed 2940K, reserved 1048576K
}

Deoptimization events (20 events):
Event: 1.490 Thread 0x000001e050676c20 DEOPT PACKING pc=0x000001e054d1ba53 sp=0x000000dae9afc660
Event: 1.490 Thread 0x000001e050676c20 DEOPT UNPACKING pc=0x000001e0540ce23f sp=0x000000dae9afbb28 mode 0
Event: 1.501 Thread 0x000001e050676c20 DEOPT PACKING pc=0x000001e054d1ba53 sp=0x000000dae9afc520
Event: 1.501 Thread 0x000001e050676c20 DEOPT UNPACKING pc=0x000001e0540ce23f sp=0x000000dae9afb9e8 mode 0
Event: 1.503 Thread 0x000001e050676c20 DEOPT PACKING pc=0x000001e054d1ba53 sp=0x000000dae9afc4e0
Event: 1.503 Thread 0x000001e050676c20 DEOPT UNPACKING pc=0x000001e0540ce23f sp=0x000000dae9afb9a8 mode 0
Event: 1.504 Thread 0x000001e050676c20 DEOPT PACKING pc=0x000001e054d1ba53 sp=0x000000dae9afc470
Event: 1.504 Thread 0x000001e050676c20 DEOPT UNPACKING pc=0x000001e0540ce23f sp=0x000000dae9afb938 mode 0
Event: 1.537 Thread 0x000001e050676c20 DEOPT PACKING pc=0x000001e054c6894b sp=0x000000dae9afbe80
Event: 1.537 Thread 0x000001e050676c20 DEOPT UNPACKING pc=0x000001e0540ce23f sp=0x000000dae9afb3a8 mode 0
Event: 1.546 Thread 0x000001e050676c20 Uncommon trap: trap_request=0xffffff45 fr.pc=0x000001e05bc71098 relative=0x0000000000000178
Event: 1.546 Thread 0x000001e050676c20 Uncommon trap: reason=unstable_if action=reinterpret pc=0x000001e05bc71098 method=java.lang.StringCoding.hasNegatives([BII)Z @ 12 c2
Event: 1.546 Thread 0x000001e050676c20 DEOPT PACKING pc=0x000001e05bc71098 sp=0x000000dae9afca90
Event: 1.547 Thread 0x000001e050676c20 DEOPT UNPACKING pc=0x000001e0540ce42f sp=0x000000dae9afca20 mode 2
Event: 1.548 Thread 0x000001e050676c20 Uncommon trap: trap_request=0xffffff45 fr.pc=0x000001e05bd02628 relative=0x0000000000000308
Event: 1.548 Thread 0x000001e050676c20 Uncommon trap: reason=unstable_if action=reinterpret pc=0x000001e05bd02628 method=java.lang.String.getChars(II[CI)V @ 23 c2
Event: 1.548 Thread 0x000001e050676c20 DEOPT PACKING pc=0x000001e05bd02628 sp=0x000000dae9afcea0
Event: 1.548 Thread 0x000001e050676c20 DEOPT UNPACKING pc=0x000001e0540ce42f sp=0x000000dae9afce80 mode 2
Event: 1.556 Thread 0x000001e050676c20 DEOPT PACKING pc=0x000001e054cb5f9e sp=0x000000dae9af6b90
Event: 1.556 Thread 0x000001e050676c20 DEOPT UNPACKING pc=0x000001e0540ce23f sp=0x000000dae9af60c0 mode 0

Classes unloaded (0 events):
No events

Classes redefined (6 events):
Event: 146.708 Thread 0x000001e06fff2520 redefined class name=com.parkit.parkingsytem.dao.TicketDAOTest, count=1
Event: 180.525 Thread 0x000001e06fff2520 redefined class name=com.parkit.parkingsytem.dao.TicketDAOTest, count=2
Event: 236.017 Thread 0x000001e06fff2520 redefined class name=com.parkit.parkingsytem.dao.TicketDAOTest, count=3
Event: 252.847 Thread 0x000001e06fff2520 redefined class name=com.parkit.parkingsytem.dao.TicketDAOTest, count=4
Event: 289.184 Thread 0x000001e06fff2520 redefined class name=com.parkit.parkingsytem.dao.TicketDAOTest, count=5
Event: 523.608 Thread 0x000001e06fff2520 redefined class name=com.parkit.parkingsytem.dao.TicketDAOTest, count=6

Internal exceptions (20 events):
Event: 0.613 Thread 0x000001e050676c20 Exception <a 'java/lang/NoSuchMethodError'{0x00000007129f89f8}: 'int java.lang.invoke.DirectMethodHandle$Holder.invokeStaticInit(java.lang.Object, java.lang.Object)'> (0x00000007129f89f8) 
thrown [./open/src/hotspot/share/interpreter/linkResolver.cpp, line 782]
Event: 0.621 Thread 0x000001e050676c20 Exception <a 'java/lang/NoSuchMethodError'{0x00000007126a5178}: 'java.lang.Object java.lang.invoke.DirectMethodHandle$Holder.newInvokeSpecial(java.lang.Object, java.lang.Object, java.lang.Object, java.lang.Object, java.lang.Object)'> (0x00000007126a5178) 
thrown [./open/src/hotspot/share/interpreter/linkResolver.cpp, line 782]
Event: 0.630 Thread 0x000001e050676c20 Exception <a 'java/lang/NoSuchMethodError'{0x000000071277a510}: 'java.lang.Object java.lang.invoke.DirectMethodHandle$Holder.invokeSpecialIFC(java.lang.Object, java.lang.Object, java.lang.Object, java.lang.Object)'> (0x000000071277a510) 
thrown [./open/src/hotspot/share/interpreter/linkResolver.cpp, line 782]
Event: 0.641 Thread 0x000001e050676c20 Exception <a 'java/lang/NoSuchMethodError'{0x00000007124b0058}: 'int java.lang.invoke.DirectMethodHandle$Holder.invokeVirtual(java.lang.Object, java.lang.Object, java.lang.Object)'> (0x00000007124b0058) 
thrown [./open/src/hotspot/share/interpreter/linkResolver.cpp, line 782]
Event: 0.643 Thread 0x000001e050676c20 Exception <a 'java/lang/NoSuchMethodError'{0x00000007124d3110}: 'void java.lang.invoke.DirectMethodHandle$Holder.invokeInterface(java.lang.Object, java.lang.Object)'> (0x00000007124d3110) 
thrown [./open/src/hotspot/share/interpreter/linkResolver.cpp, line 782]
Event: 0.643 Thread 0x000001e050676c20 Exception <a 'java/lang/IncompatibleClassChangeError'{0x00000007124d65c8}: Found class java.lang.Object, but interface was expected> (0x00000007124d65c8) 
thrown [./open/src/hotspot/share/interpreter/linkResolver.cpp, line 848]
Event: 0.644 Thread 0x000001e050676c20 Exception <a 'java/lang/NoSuchMethodError'{0x00000007124e96a8}: 'void java.lang.invoke.DirectMethodHandle$Holder.invokeStatic(java.lang.Object, java.lang.Object, java.lang.Object, java.lang.Object)'> (0x00000007124e96a8) 
thrown [./open/src/hotspot/share/interpreter/linkResolver.cpp, line 782]
Event: 0.656 Thread 0x000001e050676c20 Exception <a 'java/lang/NoSuchMethodError'{0x00000007125e1ad0}: 'void java.lang.invoke.DirectMethodHandle$Holder.invokeInterface(java.lang.Object, java.lang.Object, java.lang.Object, java.lang.Object)'> (0x00000007125e1ad0) 
thrown [./open/src/hotspot/share/interpreter/linkResolver.cpp, line 782]
Event: 0.656 Thread 0x000001e050676c20 Exception <a 'java/lang/IncompatibleClassChangeError'{0x00000007125e5130}: Found class java.lang.Object, but interface was expected> (0x00000007125e5130) 
thrown [./open/src/hotspot/share/interpreter/linkResolver.cpp, line 848]
Event: 0.663 Thread 0x000001e050676c20 Exception <a 'java/lang/NoSuchMethodError'{0x000000071229fb60}: 'java.lang.Object java.lang.invoke.Invokers$Holder.invokeExact_MT(java.lang.Object, java.lang.Object, java.lang.Object, java.lang.Object, java.lang.Object, java.lang.Object)'> (0x000000071229fb60) 
thrown [./open/src/hotspot/share/interpreter/linkResolver.cpp, line 782]
Event: 0.675 Thread 0x000001e050676c20 Exception <a 'java/lang/NoSuchMethodError'{0x00000007123fd060}: 'int java.lang.invoke.DirectMethodHandle$Holder.invokeStatic(java.lang.Object, java.lang.Object, java.lang.Object, java.lang.Object, java.lang.Object)'> (0x00000007123fd060) 
thrown [./open/src/hotspot/share/interpreter/linkResolver.cpp, line 782]
Event: 0.691 Thread 0x000001e050676c20 Exception <a 'java/lang/NoSuchMethodError'{0x00000007121901c8}: 'void java.lang.invoke.DirectMethodHandle$Holder.invokeInterface(java.lang.Object, java.lang.Object, java.lang.Object)'> (0x00000007121901c8) 
thrown [./open/src/hotspot/share/interpreter/linkResolver.cpp, line 782]
Event: 0.802 Thread 0x000001e050676c20 Exception <a 'java/lang/NoSuchMethodError'{0x0000000710fe8998}: 'java.lang.Object java.lang.invoke.DirectMethodHandle$Holder.invokeStaticInit(java.lang.Object, int, int, int, int)'> (0x0000000710fe8998) 
thrown [./open/src/hotspot/share/interpreter/linkResolver.cpp, line 782]
Event: 0.832 Thread 0x000001e050676c20 Exception <a 'java/lang/NoSuchMethodError'{0x0000000710cb5328}: 'java.lang.Object java.lang.invoke.DirectMethodHandle$Holder.invokeStaticInit(java.lang.Object, java.lang.Object, int, int, int, int)'> (0x0000000710cb5328) 
thrown [./open/src/hotspot/share/interpreter/linkResolver.cpp, line 782]
Event: 1.081 Thread 0x000001e050676c20 Implicit null exception at 0x000001e05bc9ffee to 0x000001e05bca0110
Event: 1.139 Thread 0x000001e050676c20 Exception <a 'java/lang/NoSuchMethodError'{0x000000070ff47898}: 'int java.lang.invoke.DirectMethodHandle$Holder.invokeInterface(java.lang.Object, java.lang.Object)'> (0x000000070ff47898) 
thrown [./open/src/hotspot/share/interpreter/linkResolver.cpp, line 782]
Event: 1.139 Thread 0x000001e050676c20 Exception <a 'java/lang/IncompatibleClassChangeError'{0x000000070ff4aff8}: Found class java.lang.Object, but interface was expected> (0x000000070ff4aff8) 
thrown [./open/src/hotspot/share/interpreter/linkResolver.cpp, line 848]
Event: 1.261 Thread 0x000001e050676c20 Exception <a 'java/lang/NoSuchMethodError'{0x00000007046e0938}: 'java.lang.Object java.lang.invoke.DirectMethodHandle$Holder.invokeVirtual(java.lang.Object, java.lang.Object, java.lang.Object)'> (0x00000007046e0938) 
thrown [./open/src/hotspot/share/interpreter/linkResolver.cpp, line 782]
Event: 1.423 Thread 0x000001e050676c20 Exception <a 'sun/nio/fs/WindowsException'{0x0000000704210218}> (0x0000000704210218) 
thrown [./open/src/hotspot/share/prims/jni.cpp, line 578]
Event: 1.431 Thread 0x000001e050676c20 Exception <a 'java/lang/NoSuchMethodError'{0x000000070425dc50}: 'int java.lang.invoke.DirectMethodHandle$Holder.invokeStaticInit(java.lang.Object, java.lang.Object, java.lang.Object, java.lang.Object)'> (0x000000070425dc50) 
thrown [./open/src/hotspot/share/interpreter/linkResolver.cpp, line 782]

Events (20 events):
Event: 482.778 Executing VM operation: get/set locals done
Event: 482.779 Executing VM operation: get/set locals
Event: 482.779 Executing VM operation: get/set locals done
Event: 482.779 Executing VM operation: get/set locals
Event: 482.779 Executing VM operation: get/set locals done
Event: 482.780 Executing VM operation: get/set locals
Event: 482.780 Executing VM operation: get/set locals done
Event: 487.765 Executing VM operation: get/set locals
Event: 487.765 Executing VM operation: get/set locals done
Event: 487.765 Executing VM operation: get/set locals
Event: 487.765 Executing VM operation: get/set locals done
Event: 523.604 Executing VM operation: RedefineClasses
Event: 523.613 Executing VM operation: RedefineClasses done
Event: 523.621 Executing VM operation: ChangeBreakpoints
Event: 523.622 Executing VM operation: ChangeBreakpoints done
Event: 523.632 Executing VM operation: ChangeBreakpoints
Event: 523.633 Executing VM operation: ChangeBreakpoints done
Event: 523.635 Executing VM operation: GetFrameCount
Event: 523.635 Executing VM operation: GetFrameCount done
Event: 523.635 Executing VM operation: GetStackTrace


Dynamic libraries:
0x00007ff7d5e80000 - 0x00007ff7d5e8d000 	C:\Users\Kikine\OneDrive\Documents\mes cours de programmation\programmes\eclipse\plugins\org.eclipse.justj.openjdk.hotspot.jre.full.win32.x86_64_15.0.1.v20201027-0507\jre\bin\javaw.exe
0x00007ffc0cc90000 - 0x00007ffc0ce85000 	C:\WINDOWS\SYSTEM32\ntdll.dll
0x00007ffc0bce0000 - 0x00007ffc0bd9d000 	C:\WINDOWS\System32\KERNEL32.DLL
0x00007ffc0a530000 - 0x00007ffc0a7f9000 	C:\WINDOWS\System32\KERNELBASE.dll
0x00007ffc0a800000 - 0x00007ffc0a900000 	C:\WINDOWS\System32\ucrtbase.dll
0x00007ffc062b0000 - 0x00007ffc062c8000 	C:\Users\Kikine\OneDrive\Documents\mes cours de programmation\programmes\eclipse\plugins\org.eclipse.justj.openjdk.hotspot.jre.full.win32.x86_64_15.0.1.v20201027-0507\jre\bin\jli.dll
0x00007ffc040f0000 - 0x00007ffc04109000 	C:\Users\Kikine\OneDrive\Documents\mes cours de programmation\programmes\eclipse\plugins\org.eclipse.justj.openjdk.hotspot.jre.full.win32.x86_64_15.0.1.v20201027-0507\jre\bin\VCRUNTIME140.dll
0x00007ffc0b830000 - 0x00007ffc0b9d0000 	C:\WINDOWS\System32\USER32.dll
0x00007ffc0aa10000 - 0x00007ffc0aa32000 	C:\WINDOWS\System32\win32u.dll
0x00007ffc0bc80000 - 0x00007ffc0bcaa000 	C:\WINDOWS\System32\GDI32.dll
0x00007ffbf7cc0000 - 0x00007ffbf7f5a000 	C:\WINDOWS\WinSxS\amd64_microsoft.windows.common-controls_6595b64144ccf1df_6.0.19041.844_none_ca00b6081b84eb1d\COMCTL32.dll
0x00007ffc0ab40000 - 0x00007ffc0ac4b000 	C:\WINDOWS\System32\gdi32full.dll
0x00007ffc0b5d0000 - 0x00007ffc0b66e000 	C:\WINDOWS\System32\msvcrt.dll
0x00007ffc0ac50000 - 0x00007ffc0aced000 	C:\WINDOWS\System32\msvcp_win.dll
0x00007ffc0bcb0000 - 0x00007ffc0bce0000 	C:\WINDOWS\System32\IMM32.DLL
0x00007ffc040e0000 - 0x00007ffc040ec000 	C:\Users\Kikine\OneDrive\Documents\mes cours de programmation\programmes\eclipse\plugins\org.eclipse.justj.openjdk.hotspot.jre.full.win32.x86_64_15.0.1.v20201027-0507\jre\bin\vcruntime140_1.dll
0x00007ffbebc90000 - 0x00007ffbebd21000 	C:\Users\Kikine\OneDrive\Documents\mes cours de programmation\programmes\eclipse\plugins\org.eclipse.justj.openjdk.hotspot.jre.full.win32.x86_64_15.0.1.v20201027-0507\jre\bin\msvcp140.dll
0x00007ffba7a70000 - 0x00007ffba85ce000 	C:\Users\Kikine\OneDrive\Documents\mes cours de programmation\programmes\eclipse\plugins\org.eclipse.justj.openjdk.hotspot.jre.full.win32.x86_64_15.0.1.v20201027-0507\jre\bin\server\jvm.dll
0x00007ffc0c970000 - 0x00007ffc0ca1c000 	C:\WINDOWS\System32\ADVAPI32.dll
0x00007ffc0b720000 - 0x00007ffc0b7bc000 	C:\WINDOWS\System32\sechost.dll
0x00007ffc0c840000 - 0x00007ffc0c96b000 	C:\WINDOWS\System32\RPCRT4.dll
0x00007ffc0cc40000 - 0x00007ffc0cc48000 	C:\WINDOWS\System32\PSAPI.DLL
0x00007ffbd3270000 - 0x00007ffbd3279000 	C:\WINDOWS\SYSTEM32\WSOCK32.dll
0x00007ffbfdf70000 - 0x00007ffbfdf97000 	C:\WINDOWS\SYSTEM32\WINMM.dll
0x00007ffc035e0000 - 0x00007ffc035ea000 	C:\WINDOWS\SYSTEM32\VERSION.dll
0x00007ffc0ca20000 - 0x00007ffc0ca8b000 	C:\WINDOWS\System32\WS2_32.dll
0x00007ffc08330000 - 0x00007ffc08342000 	C:\WINDOWS\SYSTEM32\kernel.appcore.dll
0x00007ffc06270000 - 0x00007ffc0627a000 	C:\Users\Kikine\OneDrive\Documents\mes cours de programmation\programmes\eclipse\plugins\org.eclipse.justj.openjdk.hotspot.jre.full.win32.x86_64_15.0.1.v20201027-0507\jre\bin\jimage.dll
0x00007ffbf3870000 - 0x00007ffbf3a54000 	C:\WINDOWS\SYSTEM32\DBGHELP.DLL
0x00007ffbf2770000 - 0x00007ffbf279c000 	C:\WINDOWS\SYSTEM32\dbgcore.DLL
0x00007ffc0aa40000 - 0x00007ffc0aac0000 	C:\WINDOWS\System32\bcryptPrimitives.dll
0x00007ffbe99d0000 - 0x00007ffbe9a09000 	C:\Users\Kikine\OneDrive\Documents\mes cours de programmation\programmes\eclipse\plugins\org.eclipse.justj.openjdk.hotspot.jre.full.win32.x86_64_15.0.1.v20201027-0507\jre\bin\jdwp.dll
0x00007ffc06220000 - 0x00007ffc0622e000 	C:\Users\Kikine\OneDrive\Documents\mes cours de programmation\programmes\eclipse\plugins\org.eclipse.justj.openjdk.hotspot.jre.full.win32.x86_64_15.0.1.v20201027-0507\jre\bin\instrument.dll
0x00007ffc02630000 - 0x00007ffc02655000 	C:\Users\Kikine\OneDrive\Documents\mes cours de programmation\programmes\eclipse\plugins\org.eclipse.justj.openjdk.hotspot.jre.full.win32.x86_64_15.0.1.v20201027-0507\jre\bin\java.dll
0x00007ffbf63f0000 - 0x00007ffbf6408000 	C:\Users\Kikine\OneDrive\Documents\mes cours de programmation\programmes\eclipse\plugins\org.eclipse.justj.openjdk.hotspot.jre.full.win32.x86_64_15.0.1.v20201027-0507\jre\bin\zip.dll
0x00007ffc0acf0000 - 0x00007ffc0b432000 	C:\WINDOWS\System32\SHELL32.dll
0x00007ffc08530000 - 0x00007ffc08cc0000 	C:\WINDOWS\SYSTEM32\windows.storage.dll
0x00007ffc0be80000 - 0x00007ffc0c1d5000 	C:\WINDOWS\System32\combase.dll
0x00007ffc09e40000 - 0x00007ffc09e6c000 	C:\WINDOWS\SYSTEM32\Wldp.dll
0x00007ffc0b670000 - 0x00007ffc0b71e000 	C:\WINDOWS\System32\SHCORE.dll
0x00007ffc0b9e0000 - 0x00007ffc0ba35000 	C:\WINDOWS\System32\shlwapi.dll
0x00007ffc0a310000 - 0x00007ffc0a32f000 	C:\WINDOWS\SYSTEM32\profapi.dll
0x00007ffc04110000 - 0x00007ffc0411b000 	C:\Users\Kikine\OneDrive\Documents\mes cours de programmation\programmes\eclipse\plugins\org.eclipse.justj.openjdk.hotspot.jre.full.win32.x86_64_15.0.1.v20201027-0507\jre\bin\dt_socket.dll
0x00007ffc09860000 - 0x00007ffc0989b000 	C:\WINDOWS\SYSTEM32\IPHLPAPI.DLL
0x00007ffc09bc0000 - 0x00007ffc09c2a000 	C:\WINDOWS\system32\mswsock.dll
0x00007ffc098a0000 - 0x00007ffc0996b000 	C:\WINDOWS\SYSTEM32\DNSAPI.dll
0x00007ffc0b7c0000 - 0x00007ffc0b7c8000 	C:\WINDOWS\System32\NSI.dll
0x00007ffc01c80000 - 0x00007ffc01c8a000 	C:\Windows\System32\rasadhlp.dll
0x00007ffbf6410000 - 0x00007ffbf648f000 	C:\WINDOWS\System32\fwpuclnt.dll
0x00007ffc0ab10000 - 0x00007ffc0ab37000 	C:\WINDOWS\System32\bcrypt.dll
0x00007ffbf63d0000 - 0x00007ffbf63e9000 	C:\Users\Kikine\OneDrive\Documents\mes cours de programmation\programmes\eclipse\plugins\org.eclipse.justj.openjdk.hotspot.jre.full.win32.x86_64_15.0.1.v20201027-0507\jre\bin\net.dll
0x00007ffbfe6e0000 - 0x00007ffbfe7ec000 	C:\WINDOWS\SYSTEM32\WINHTTP.dll
0x00007ffbf63b0000 - 0x00007ffbf63c2000 	C:\Users\Kikine\OneDrive\Documents\mes cours de programmation\programmes\eclipse\plugins\org.eclipse.justj.openjdk.hotspot.jre.full.win32.x86_64_15.0.1.v20201027-0507\jre\bin\nio.dll
0x00007ffc06230000 - 0x00007ffc06240000 	C:\Users\Kikine\OneDrive\Documents\mes cours de programmation\programmes\eclipse\plugins\org.eclipse.justj.openjdk.hotspot.jre.full.win32.x86_64_15.0.1.v20201027-0507\jre\bin\verify.dll
0x00007ffc017d0000 - 0x00007ffc017e7000 	C:\WINDOWS\SYSTEM32\dhcpcsvc6.DLL
0x00007ffc02010000 - 0x00007ffc0202d000 	C:\WINDOWS\SYSTEM32\dhcpcsvc.DLL
0x00007ffc02610000 - 0x00007ffc02619000 	C:\Users\Kikine\OneDrive\Documents\mes cours de programmation\programmes\eclipse\plugins\org.eclipse.justj.openjdk.hotspot.jre.full.win32.x86_64_15.0.1.v20201027-0507\jre\bin\management.dll
0x00007ffbf6230000 - 0x00007ffbf623b000 	C:\Users\Kikine\OneDrive\Documents\mes cours de programmation\programmes\eclipse\plugins\org.eclipse.justj.openjdk.hotspot.jre.full.win32.x86_64_15.0.1.v20201027-0507\jre\bin\management_ext.dll
0x00007ffbeab30000 - 0x00007ffbeab47000 	C:\WINDOWS\system32\napinsp.dll
0x00007ffbeab10000 - 0x00007ffbeab2b000 	C:\WINDOWS\system32\pnrpnsp.dll
0x00007ffc05080000 - 0x00007ffc05095000 	C:\WINDOWS\system32\wshbth.dll
0x00007ffc06160000 - 0x00007ffc0617d000 	C:\WINDOWS\system32\NLAapi.dll
0x00007ffbeaa10000 - 0x00007ffbeaa22000 	C:\WINDOWS\System32\winrnr.dll
0x00007ffc09d90000 - 0x00007ffc09da8000 	C:\WINDOWS\SYSTEM32\CRYPTSP.dll
0x00007ffc094f0000 - 0x00007ffc09524000 	C:\WINDOWS\system32\rsaenh.dll
0x00007ffc0a290000 - 0x00007ffc0a2be000 	C:\WINDOWS\SYSTEM32\USERENV.dll
0x00007ffc09db0000 - 0x00007ffc09dbc000 	C:\WINDOWS\SYSTEM32\CRYPTBASE.dll
0x00007ffc02670000 - 0x00007ffc0267d000 	C:\Users\Kikine\OneDrive\Documents\mes cours de programmation\programmes\eclipse\plugins\org.eclipse.justj.openjdk.hotspot.jre.full.win32.x86_64_15.0.1.v20201027-0507\jre\bin\sunmscapi.dll
0x00007ffc0a3d0000 - 0x00007ffc0a52f000 	C:\WINDOWS\System32\CRYPT32.dll
0x00007ffc09eb0000 - 0x00007ffc09ed7000 	C:\WINDOWS\SYSTEM32\ncrypt.dll
0x00007ffc09e70000 - 0x00007ffc09eab000 	C:\WINDOWS\SYSTEM32\NTASN1.dll

dbghelp: loaded successfully - version: 4.0.5 - missing functions: none
symbol engine: initialized successfully - sym options: 0x614 - pdb path: .;C:\Users\Kikine\OneDrive\Documents\mes cours de programmation\programmes\eclipse\plugins\org.eclipse.justj.openjdk.hotspot.jre.full.win32.x86_64_15.0.1.v20201027-0507\jre\bin;C:\WINDOWS\SYSTEM32;C:\WINDOWS\WinSxS\amd64_microsoft.windows.common-controls_6595b64144ccf1df_6.0.19041.844_none_ca00b6081b84eb1d;C:\Users\Kikine\OneDrive\Documents\mes cours de programmation\programmes\eclipse\plugins\org.eclipse.justj.openjdk.hotspot.jre.full.win32.x86_64_15.0.1.v20201027-0507\jre\bin\server

VM Arguments:
jvm_args: -XX:+ShowCodeDetailsInExceptionMessages -agentlib:jdwp=transport=dt_socket,suspend=y,address=localhost:62397 -ea -javaagent:C:\Users\Kikine\OneDrive\Documents\mes cours de programmation\programmes\eclipse\configuration\org.eclipse.osgi\405\0\.cp\lib\javaagent-shaded.jar -Dfile.encoding=UTF-8 
java_command: org.eclipse.jdt.internal.junit.runner.RemoteTestRunner -version 3 -port 62396 -testLoaderClass org.eclipse.jdt.internal.junit5.runner.JUnit5TestLoader -loaderpluginname org.eclipse.jdt.junit5.runtime -test com.parkit.parkingsytem.dao.TicketDAOTest:TestingSavedTicketInTicketDAO
java_class_path (initial): C:\Users\Kikine\eclipse-workspace\MoveIt\target\test-classes;C:\Users\Kikine\eclipse-workspace\MoveIt\target\classes;C:\Users\Kikine\.m2\repository\org\apache\logging\log4j\log4j-api\2.12.1\log4j-api-2.12.1.jar;C:\Users\Kikine\.m2\repository\org\apache\logging\log4j\log4j-core\2.12.1\log4j-core-2.12.1.jar;C:\Users\Kikine\.m2\repository\mysql\mysql-connector-java\8.0.17\mysql-connector-java-8.0.17.jar;C:\Users\Kikine\.m2\repository\com\google\protobuf\protobuf-java\3.6.1\protobuf-java-3.6.1.jar;C:\Users\Kikine\.m2\repository\org\junit\jupiter\junit-jupiter-api\5.3.2\junit-jupiter-api-5.3.2.jar;C:\Users\Kikine\.m2\repository\org\apiguardian\apiguardian-api\1.0.0\apiguardian-api-1.0.0.jar;C:\Users\Kikine\.m2\repository\org\opentest4j\opentest4j\1.1.1\opentest4j-1.1.1.jar;C:\Users\Kikine\.m2\repository\org\junit\platform\junit-platform-commons\1.3.2\junit-platform-commons-1.3.2.jar;C:\Users\Kikine\.m2\repository\org\junit\jupiter\junit-jupiter-engine\5.3.2\junit-jupiter-engine-5.3.2.jar;C:\Users\Kikine\.m2\repository\org\junit\platform\junit-platform-engine\1.3.2\junit-platform-engine-1.3.2.jar;C:\Users\Kikine\.m2\repository\org\mockito\mockito-junit-jupiter\2.23.4\mockito-junit-jupiter-2.23.4.jar;C:\Users\Kikine\.m2\repository\org\mockito\mockito-core\2.23.4\mockito-core-2.23.4.jar;C:\Users\Kikine\.m2\repository\net\bytebuddy\byte-buddy\1.9.3\byte-buddy-1.9.3.jar;C:\Users\Kikine\.m2\repository\net\bytebuddy\byte-buddy-agent\1.9.3\byte-buddy-agent-1.9.3.jar;C:\Users\Kikine\.m2\repository\org\objenesis\objenesis\2.6\objenesis-2.6.jar;C:\Users\Kikine\.m2\repository\org\assertj\assertj-core\3.13.2\assertj-core-3.13.2.jar;C:\Users\Kikine\.m2\repository\org\jacoco\jacoco-maven-plugin\0.8.5\jacoco-maven-plugin-0.8.5.jar;C:\Users\Kikine\.m2\repository\org\apache\maven\maven-plugin-api\3.0\maven-plugin-api-3.0.jar;C:\Users\Kikine\.m2\repository\org\sonatype\sisu\sisu-inject-plexus\1.4.2\sisu-inject-plexus-1.4.2.jar;C:\Users\Kikine\.m2\repository\org
Launcher Type: SUN_STANDARD

[Global flags]
     intx CICompilerCount                          = 12                                        {product} {ergonomic}
     uint ConcGCThreads                            = 3                                         {product} {ergonomic}
     uint G1ConcRefinementThreads                  = 13                                        {product} {ergonomic}
   size_t G1HeapRegionSize                         = 2097152                                   {product} {ergonomic}
    uintx GCDrainStackTargetSize                   = 64                                        {product} {ergonomic}
   size_t InitialHeapSize                          = 266338304                                 {product} {ergonomic}
   size_t MarkStackSize                            = 4194304                                   {product} {ergonomic}
   size_t MaxHeapSize                              = 4248829952                                {product} {ergonomic}
   size_t MaxNewSize                               = 2548039680                                {product} {ergonomic}
   size_t MinHeapDeltaBytes                        = 2097152                                   {product} {ergonomic}
   size_t MinHeapSize                              = 8388608                                   {product} {ergonomic}
    uintx NonNMethodCodeHeapSize                   = 7602480                                {pd product} {ergonomic}
    uintx NonProfiledCodeHeapSize                  = 122027880                              {pd product} {ergonomic}
    uintx ProfiledCodeHeapSize                     = 122027880                              {pd product} {ergonomic}
    uintx ReservedCodeCacheSize                    = 251658240                              {pd product} {ergonomic}
     bool SegmentedCodeCache                       = true                                      {product} {ergonomic}
     bool ShowCodeDetailsInExceptionMessages       = true                                   {manageable} {command line}
   size_t SoftMaxHeapSize                          = 4248829952                             {manageable} {ergonomic}
     bool UseCompressedClassPointers               = true                                 {lp64_product} {ergonomic}
     bool UseCompressedOops                        = true                                 {lp64_product} {ergonomic}
     bool UseG1GC                                  = true                                      {product} {ergonomic}
     bool UseLargePagesIndividualAllocation        = false                                  {pd product} {ergonomic}

Logging:
Log output configuration:
 #0: stdout all=warning uptime,level,tags
 #1: stderr all=off uptime,level,tags

Environment Variables:
JAVA_HOME=C:\Program Files\Java\jdk1.8.0_281
PATH=C:\Users\Kikine\OneDrive\Documents\mes cours de programmation\programmes\eclipse\plugins\org.eclipse.justj.openjdk.hotspot.jre.full.win32.x86_64_15.0.1.v20201027-0507\jre\bin;C:/Users/Kikine/OneDrive/Documents/mes cours de programmation/programmes/eclipse//plugins/org.eclipse.justj.openjdk.hotspot.jre.full.win32.x86_64_15.0.1.v20201027-0507/jre/bin/server;C:/Users/Kikine/OneDrive/Documents/mes cours de programmation/programmes/eclipse//plugins/org.eclipse.justj.openjdk.hotspot.jre.full.win32.x86_64_15.0.1.v20201027-0507/jre/bin;C:\Program Files\Common Files\Oracle\Java\javapath;C:\Program Files (x86)\Common Files\Oracle\Java\javapath;C:\Windows\system32;C:\Windows;C:\Windows\System32\Wbem;C:\Windows\System32\WindowsPowerShell\v1.0\;C:\Windows\System32\OpenSSH\;C:\Program Files (x86)\NVIDIA Corporation\PhysX\Common;C:\Program Files\NVIDIA Corporation\NVIDIA NvDLISR;C:\Program Files\nodejs\;C:\Program Files\Microsoft SQL Server\120\Tools\Binn\;C:\Program Files\Common Files\Autodesk Shared\;C:\WINDOWS\system32;C:\WINDOWS;C:\WINDOWS\System32\Wbem;C:\WINDOWS\System32\WindowsPowerShell\v1.0\;C:\WINDOWS\System32\OpenSSH\;C:\Program Files\Git\cmd;C:\Program Files\dotnet\;C:\Program Files\Microsoft SQL Server\130\Tools\Binn\;C:\Program Files\Microsoft SQL Server\Client SDK\ODBC\170\Tools\Binn\;C:\apache-maven-3.6.3\bin;C:\Program Files\Java\jdk1.8.0_281\bin;C:\Program Files\Java\jre1.8.0_281\bin;C:\Program Files\MySQL\MySQL Shell 8.0\bin\;C:\Users\Kikine\AppData\Local\Microsoft\WindowsApps;C:\Users\Kikine\AppData\Roaming\npm;C:\Users\Kikine\AppData\Local\Programs\Microsoft VS Code\bin;C:\Users\Kikine\.dotnet\tools;;C:\Users\Kikine\OneDrive\Documents\mes cours de programmation\programmes\eclipse;
USERNAME=Kikine
OS=Windows_NT
PROCESSOR_IDENTIFIER=Intel64 Family 6 Model 165 Stepping 2, GenuineIntel



---------------  S Y S T E M  ---------------

OS:
 Windows 10 , 64 bit Build 19041 (10.0.19041.804)
OS uptime: 2 days 18:20 hours

CPU: total 16 (initial active 16) (8 cores per cpu, 2 threads per core) family 6 model 165 stepping 2 microcode 0xe0, cmov, cx8, fxsr, mmx, sse, sse2, sse3, ssse3, sse4.1, sse4.2, popcnt, vzeroupper, avx, avx2, aes, clmul, erms, 3dnowpref, lzcnt, ht, tsc, tscinvbit, bmi1, bmi2, adx, fma, clflush, clflushopt

Memory: 4k page, system-wide physical 16203M (6299M free)
TotalPageFile size 31563M (AvailPageFile size 12838M)
current process WorkingSet (physical memory assigned to process): 120M, peak: 215M
current process commit charge ("private bytes"): 173M, peak: 427M

vm_info: OpenJDK 64-Bit Server VM (15.0.1+9-18) for windows-amd64 JRE (15.0.1+9-18), built on Sep 15 2020 14:39:31 by "mach5one" with unknown MS VC++:1925

END.
