#
# A fatal error has been detected by the Java Runtime Environment:
#
#  EXCEPTION_ACCESS_VIOLATION (0xc0000005) at pc=0x00007fffb20b7ffc, pid=23804, tid=7476
#
# JRE version: OpenJDK Runtime Environment (15.0.1+9) (build 15.0.1+9-18)
# Java VM: OpenJDK 64-Bit Server VM (15.0.1+9-18, mixed mode, tiered, compressed oops, g1 gc, windows-amd64)
# Problematic frame:
# V  [jvm.dll+0x6a7ffc]
#
# No core dump will be written. Minidumps are not enabled by default on client versions of Windows
#
# If you would like to submit a bug report, please visit:
#   https://bugreport.java.com/bugreport/crash.jsp
#

---------------  S U M M A R Y ------------

Command Line: -XX:+ShowCodeDetailsInExceptionMessages -agentlib:jdwp=transport=dt_socket,suspend=y,address=localhost:51058 -ea -javaagent:C:\Users\Kikine\OneDrive\Documents\mes cours de programmation\programmes\eclipse\configuration\org.eclipse.osgi\405\0\.cp\lib\javaagent-shaded.jar -Dfile.encoding=UTF-8 org.eclipse.jdt.internal.junit.runner.RemoteTestRunner -version 3 -port 51057 -testLoaderClass org.eclipse.jdt.internal.junit5.runner.JUnit5TestLoader -loaderpluginname org.eclipse.jdt.junit5.runtime -classNames com.parkit.parkingsystem.integration.ParkingDataBaseIT

Host: Intel(R) Core(TM) i7-10875H CPU @ 2.30GHz, 16 cores, 15G,  Windows 10 , 64 bit Build 19041 (10.0.19041.804)
Time: Sun Apr  4 20:47:53 2021 Paris, Madrid (heure d’été) elapsed time: 129.335608 seconds (0d 0h 2m 9s)

---------------  T H R E A D  ---------------

Current thread (0x000001ec688082f0):  JavaThread "JDWP Transport Listener: dt_socket" daemon [_thread_in_vm, id=7476, stack(0x000000a9bd900000,0x000000a9bda00000)] _threads_hazard_ptr=0x000001ec6be21e60

Stack: [0x000000a9bd900000,0x000000a9bda00000],  sp=0x000000a9bd9fe7c0,  free space=1017k
Native frames: (J=compiled Java code, j=interpreted, Vv=VM code, C=native code)
V  [jvm.dll+0x6a7ffc]
V  [jvm.dll+0x30015f]
V  [jvm.dll+0x302275]
V  [jvm.dll+0x3028ee]
V  [jvm.dll+0x2fff9f]
V  [jvm.dll+0x2ff24a]
V  [jvm.dll+0x619c80]
V  [jvm.dll+0x619963]
V  [jvm.dll+0x5df038]
V  [jvm.dll+0x7783ef]
V  [jvm.dll+0x4f04b1]
V  [jvm.dll+0x787e95]
V  [jvm.dll+0x4d430a]
V  [jvm.dll+0x49548b]
C  [jdwp.dll+0x796b]


siginfo: EXCEPTION_ACCESS_VIOLATION (0xc0000005), reading address 0x0000000000000004


Register to memory mapping:

RIP=0x00007fffb20b7ffc jvm.dll
RAX=0x0 is NULL
RBX=0x0 is NULL
RCX=0x000000a9bd9fe7e0 is pointing into the stack for thread: 0x000001ec688082f0
RDX=0x0 is NULL
RSP=0x000000a9bd9fe7c0 is pointing into the stack for thread: 0x000001ec688082f0
RBP=0x000000a9bd9fe920 is pointing into the stack for thread: 0x000001ec688082f0
RSI=0x0 is NULL
RDI=0x000000a9bd9fef30 is pointing into the stack for thread: 0x000001ec688082f0
R8 =0x0 is NULL
R9 =0x000001ec695d5e00 is pointing into metadata
R10=0x000000a9bd9fef30 is pointing into the stack for thread: 0x000001ec688082f0
R11={method} {0x000001ec695d6cf8} 'testParkingACar' '()V' in 'com/parkit/parkingsystem/integration/ParkingDataBaseIT'
R12=0x00007fffb1a10000 jvm.dll
R13=0x000001ec6bf5d4a0 points into unknown readable memory: 0x00000000033c4b00 | 00 4b 3c 03 00 00 00 00
R14=0x000000a9bd9fe850 is pointing into the stack for thread: 0x000001ec688082f0
R15=0x0000000000000023 is an unknown value


Registers:
RAX=0x0000000000000000, RBX=0x0000000000000000, RCX=0x000000a9bd9fe7e0, RDX=0x0000000000000000
RSP=0x000000a9bd9fe7c0, RBP=0x000000a9bd9fe920, RSI=0x0000000000000000, RDI=0x000000a9bd9fef30
R8 =0x0000000000000000, R9 =0x000001ec695d5e00, R10=0x000000a9bd9fef30, R11=0x000001ec695d6cf0
R12=0x00007fffb1a10000, R13=0x000001ec6bf5d4a0, R14=0x000000a9bd9fe850, R15=0x0000000000000023
RIP=0x00007fffb20b7ffc, EFLAGS=0x0000000000010246

Top of Stack: (sp=0x000000a9bd9fe7c0)
0x000000a9bd9fe7c0:   0000000000000000 0000000000000001
0x000000a9bd9fe7d0:   000000a9bd9fef30 0000000000000000
0x000000a9bd9fe7e0:   0000000000000000 00007fffb1c1e8fe
0x000000a9bd9fe7f0:   0000000000000000 0000000000000001
0x000000a9bd9fe800:   000001ec67b42070 0000000000000000
0x000000a9bd9fe810:   000001ec695d6ca9 00007fffb1d1015f
0x000000a9bd9fe820:   0000000000000000 0000000000000000
0x000000a9bd9fe830:   0000000000000000 0000000000000000
0x000000a9bd9fe840:   0000000000000000 0000000000000000
0x000000a9bd9fe850:   0000000000000000 0000000000000063
0x000000a9bd9fe860:   0000000000000000 000000a9bd9fe8a8
0x000000a9bd9fe870:   0000000000000000 000001ec67b47dc0
0x000000a9bd9fe880:   0000001500000014 0000000000000015
0x000000a9bd9fe890:   000000030000000e 000001ec67b42070
0x000000a9bd9fe8a0:   0000000000000000 0000000000000000
0x000000a9bd9fe8b0:   0000000000000000 0000000000000000 

Instructions: (pc=0x00007fffb20b7ffc)
0x00007fffb20b7efc:   47 1c 03 00 00 00 44 89 47 0c 44 89 47 08 44 3b
0x00007fffb20b7f0c:   c3 7c 17 c7 47 1c ff ff ff ff 48 8b 5c 24 30 48
0x00007fffb20b7f1c:   8b 74 24 38 48 83 c4 20 5f c3 0f be 4c 30 07 e8
0x00007fffb20b7f2c:   e0 fb ff ff 48 83 c6 06 89 47 18 83 e8 0c 74 50
0x00007fffb20b7f3c:   83 f8 01 75 34 49 63 c0 48 3b c3 7d 18 0f 1f 80
0x00007fffb20b7f4c:   00 00 00 00 80 3c 30 5b 75 0b 41 ff c0 48 ff c0
0x00007fffb20b7f5c:   48 3b c3 7c ef 49 63 c8 41 8b c0 2b 47 0c 48 03
0x00007fffb20b7f6c:   ce 89 47 14 80 39 4c 74 1d 41 8d 58 01 89 5f 0c
0x00007fffb20b7f7c:   48 8b 5c 24 30 48 8b 74 24 38 48 83 c4 20 5f c3
0x00007fffb20b7f8c:   49 63 c8 48 03 ce 8b c3 ba 3b 00 00 00 41 2b c0
0x00007fffb20b7f9c:   4c 63 c0 e8 bc 19 13 00 48 85 c0 74 06 8b d8 2b
0x00007fffb20b7fac:   de ff c3 48 8b 74 24 38 89 5f 0c 48 8b 5c 24 30
0x00007fffb20b7fbc:   48 83 c4 20 5f c3 cc cc cc cc cc cc cc cc cc cc
0x00007fffb20b7fcc:   cc cc cc cc 41 56 48 83 ec 50 83 79 08 63 4c 8b
0x00007fffb20b7fdc:   f1 0f 85 d3 00 00 00 48 8b 01 48 8d 4c 24 20 48
0x00007fffb20b7fec:   89 44 24 20 48 89 5c 24 60 33 db 48 89 74 24 68
0x00007fffb20b7ffc:   0f b7 40 04 89 44 24 30 48 8b 05 1d 02 42 00 48
0x00007fffb20b800c:   89 44 24 40 c7 44 24 3c 01 00 00 00 c7 44 24 2c
0x00007fffb20b801c:   01 00 00 00 c7 44 24 28 01 00 00 00 89 5c 24 34
0x00007fffb20b802c:   48 89 5c 24 48 e8 7a fe ff ff 48 8d 4c 24 20 e8
0x00007fffb20b803c:   b0 00 00 00 8b 44 24 38 48 8b 4c 24 40 41 89 46
0x00007fffb20b804c:   08 e8 fe e8 04 00 48 8b 74 24 48 48 85 f6 74 45
0x00007fffb20b805c:   39 1e 7e 41 48 89 7c 24 70 8b fb 66 0f 1f 84 00
0x00007fffb20b806c:   00 00 00 00 48 8b 4e 18 48 8b 0c 39 e8 d3 e8 04
0x00007fffb20b807c:   00 ff c3 48 8d 7f 08 3b 1e 7c e9 41 8b 46 08 48
0x00007fffb20b808c:   8b 7c 24 70 48 8b 5c 24 60 48 8b 74 24 68 48 83
0x00007fffb20b809c:   c4 50 41 5e c3 41 8b 46 08 48 8b 5c 24 60 48 8b
0x00007fffb20b80ac:   74 24 68 48 83 c4 50 41 5e c3 8b 41 08 48 83 c4
0x00007fffb20b80bc:   50 41 5e c3 48 8d 42 ff 48 83 f8 fd 77 14 48 3b
0x00007fffb20b80cc:   51 10 74 19 48 89 51 10 48 d1 ea 83 e2 0f 89 51
0x00007fffb20b80dc:   08 c3 48 89 51 10 c7 41 08 63 00 00 00 c3 cc cc
0x00007fffb20b80ec:   cc cc cc cc 40 53 48 83 ec 20 8b 41 1c 48 8b d9 


Stack slot to memory mapping:
stack at sp + 0 slots: 0x0 is NULL
stack at sp + 1 slots: 0x0000000000000001 is an unknown value
stack at sp + 2 slots: 0x000000a9bd9fef30 is pointing into the stack for thread: 0x000001ec688082f0
stack at sp + 3 slots: 0x0 is NULL
stack at sp + 4 slots: 0x0 is NULL
stack at sp + 5 slots: 0x00007fffb1c1e8fe jvm.dll
stack at sp + 6 slots: 0x0 is NULL
stack at sp + 7 slots: 0x0000000000000001 is an unknown value


---------------  P R O C E S S  ---------------

Threads class SMR info:
_java_thread_list=0x000001ec6be21e60, length=16, elements={
0x000001ec482768a0, 0x000001ec67c18390, 0x000001ec67c18e70, 0x000001ec684e7000,
0x000001ec684ea070, 0x000001ec684ea930, 0x000001ec684ad2f0, 0x000001ec684aeb70,
0x000001ec684b1480, 0x000001ec6864a8b0, 0x000001ec688082f0, 0x000001ec687a6db0,
0x000001ec687a9640, 0x000001ec68975910, 0x000001ec6910be60, 0x000001ec69e90fb0
}

Java Threads: ( => current thread )
  0x000001ec482768a0 JavaThread "main" [_thread_blocked, id=20396, stack(0x000000a9bc700000,0x000000a9bc800000)]
  0x000001ec67c18390 JavaThread "Reference Handler" daemon [_thread_blocked, id=21636, stack(0x000000a9bce00000,0x000000a9bcf00000)]
  0x000001ec67c18e70 JavaThread "Finalizer" daemon [_thread_blocked, id=24888, stack(0x000000a9bcf00000,0x000000a9bd000000)]
  0x000001ec684e7000 JavaThread "Signal Dispatcher" daemon [_thread_blocked, id=16980, stack(0x000000a9bd000000,0x000000a9bd100000)]
  0x000001ec684ea070 JavaThread "Attach Listener" daemon [_thread_blocked, id=2404, stack(0x000000a9bd100000,0x000000a9bd200000)]
  0x000001ec684ea930 JavaThread "Service Thread" daemon [_thread_blocked, id=18944, stack(0x000000a9bd200000,0x000000a9bd300000)]
  0x000001ec684ad2f0 JavaThread "C2 CompilerThread0" daemon [_thread_blocked, id=2384, stack(0x000000a9bd300000,0x000000a9bd400000)]
  0x000001ec684aeb70 JavaThread "C1 CompilerThread0" daemon [_thread_blocked, id=29932, stack(0x000000a9bd400000,0x000000a9bd500000)]
  0x000001ec684b1480 JavaThread "Sweeper thread" daemon [_thread_blocked, id=20340, stack(0x000000a9bd500000,0x000000a9bd600000)]
  0x000001ec6864a8b0 JavaThread "Common-Cleaner" daemon [_thread_blocked, id=12464, stack(0x000000a9bd600000,0x000000a9bd700000)]
=>0x000001ec688082f0 JavaThread "JDWP Transport Listener: dt_socket" daemon [_thread_in_vm, id=7476, stack(0x000000a9bd900000,0x000000a9bda00000)]
  0x000001ec687a6db0 JavaThread "JDWP Event Helper Thread" daemon [_thread_blocked, id=26544, stack(0x000000a9bda00000,0x000000a9bdb00000)]
  0x000001ec687a9640 JavaThread "JDWP Command Reader" daemon [_thread_in_native, id=18152, stack(0x000000a9bdb00000,0x000000a9bdc00000)]
  0x000001ec68975910 JavaThread "Notification Thread" daemon [_thread_blocked, id=20232, stack(0x000000a9bdd00000,0x000000a9bde00000)]
  0x000001ec6910be60 JavaThread "ReaderThread" [_thread_in_native, id=21812, stack(0x000000a9bdf00000,0x000000a9be000000)]
  0x000001ec69e90fb0 JavaThread "mysql-cj-abandoned-connection-cleanup" daemon [_thread_blocked, id=18240, stack(0x000000a9beb00000,0x000000a9bec00000)]

Other Threads:
  0x000001ec67bff7e0 VMThread "VM Thread" [stack: 0x000000a9bcd00000,0x000000a9bce00000] [id=19108]
  0x000001ec68b19d30 WatcherThread [stack: 0x000000a9bde00000,0x000000a9bdf00000] [id=15988]
  0x000001ec482c9790 GCTaskThread "GC Thread#0" [stack: 0x000000a9bc800000,0x000000a9bc900000] [id=25032]
  0x000001ec6874f160 GCTaskThread "GC Thread#1" [stack: 0x000000a9be000000,0x000000a9be100000] [id=21272]
  0x000001ec68750e10 GCTaskThread "GC Thread#2" [stack: 0x000000a9be100000,0x000000a9be200000] [id=20784]
  0x000001ec6874d4b0 GCTaskThread "GC Thread#3" [stack: 0x000000a9be200000,0x000000a9be300000] [id=10760]
  0x000001ec6874d7e0 GCTaskThread "GC Thread#4" [stack: 0x000000a9be300000,0x000000a9be400000] [id=8848]
  0x000001ec6874f490 GCTaskThread "GC Thread#5" [stack: 0x000000a9be400000,0x000000a9be500000] [id=25804]
  0x000001ec482dbe60 ConcurrentGCThread "G1 Main Marker" [stack: 0x000000a9bc900000,0x000000a9bca00000] [id=19752]
  0x000001ec482dc9e0 ConcurrentGCThread "G1 Conc#0" [stack: 0x000000a9bca00000,0x000000a9bcb00000] [id=8168]
  0x000001ec6874de40 ConcurrentGCThread "G1 Conc#1" [stack: 0x000000a9be900000,0x000000a9bea00000] [id=10356]
  0x000001ec6874e170 ConcurrentGCThread "G1 Conc#2" [stack: 0x000000a9bea00000,0x000000a9beb00000] [id=30608]
  0x000001ec4833d4f0 ConcurrentGCThread "G1 Refine#0" [stack: 0x000000a9bcb00000,0x000000a9bcc00000] [id=21660]
  0x000001ec4833e080 ConcurrentGCThread "G1 Young RemSet Sampling" [stack: 0x000000a9bcc00000,0x000000a9bcd00000] [id=8320]

Threads with active compile tasks:

VM state: not at safepoint (normal execution)

VM Mutex/Monitor currently owned by a thread: None

Heap address: 0x0000000702c00000, size: 4052 MB, Compressed Oops mode: Zero based, Oop shift amount: 3
CDS disabled.
Compressed class space mapped at: 0x0000000800000000-0x0000000840000000, size: 1073741824
Narrow klass base: 0x0000000800000000, Narrow klass shift: 0, Narrow klass range: 0x40000000

GC Precious Log:
 CPUs: 16 total, 16 available
 Memory: 16203M
 Large Page Support: Disabled
 NUMA Support: Disabled
 Compressed Oops: Enabled (Zero based)
 Heap Region Size: 2M
 Heap Min Capacity: 8M
 Heap Initial Capacity: 254M
 Heap Max Capacity: 4052M
 Pre-touch: Disabled
 Parallel Workers: 13
 Concurrent Workers: 3
 Concurrent Refinement Workers: 13
 Periodic GC: Disabled

Heap:
 garbage-first heap   total 153600K, used 93403K [0x0000000702c00000, 0x0000000800000000)
  region size 2048K, 42 young (86016K), 1 survivors (2048K)
 Metaspace       used 34219K, capacity 34579K, committed 34688K, reserved 1079296K
  class space    used 4011K, capacity 4132K, committed 4224K, reserved 1048576K

Heap Regions: E=young(eden), S=young(survivor), O=old, HS=humongous(starts), HC=humongous(continues), CS=collection set, F=free, OA=open archive, CA=closed archive, TAMS=top-at-mark-start (previous, next)
|   0|0x0000000702c00000, 0x0000000702e00000, 0x0000000702e00000|100%| O|  |TAMS 0x0000000702e00000, 0x0000000702c00000| Untracked 
|   1|0x0000000702e00000, 0x0000000703000000, 0x0000000703000000|100%| O|  |TAMS 0x0000000703000000, 0x0000000702e00000| Untracked 
|   2|0x0000000703000000, 0x00000007030cfa00, 0x0000000703200000| 40%| O|  |TAMS 0x00000007030cfa00, 0x0000000703000000| Untracked 
|   3|0x0000000703200000, 0x0000000703400000, 0x0000000703400000|100%| O|  |TAMS 0x0000000703200000, 0x0000000703200000| Untracked 
|   4|0x0000000703400000, 0x0000000703600000, 0x0000000703600000|100%| O|  |TAMS 0x0000000703400000, 0x0000000703400000| Untracked 
|   5|0x0000000703600000, 0x00000007037b1e00, 0x0000000703800000| 84%| O|  |TAMS 0x0000000703600000, 0x0000000703600000| Untracked 
|   6|0x0000000703800000, 0x0000000703800000, 0x0000000703a00000|  0%| F|  |TAMS 0x0000000703800000, 0x0000000703800000| Untracked 
|   7|0x0000000703a00000, 0x0000000703a00000, 0x0000000703c00000|  0%| F|  |TAMS 0x0000000703a00000, 0x0000000703a00000| Untracked 
|   8|0x0000000703c00000, 0x0000000703c00000, 0x0000000703e00000|  0%| F|  |TAMS 0x0000000703c00000, 0x0000000703c00000| Untracked 
|   9|0x0000000703e00000, 0x0000000703e00000, 0x0000000704000000|  0%| F|  |TAMS 0x0000000703e00000, 0x0000000703e00000| Untracked 
|  10|0x0000000704000000, 0x0000000704000000, 0x0000000704200000|  0%| F|  |TAMS 0x0000000704000000, 0x0000000704000000| Untracked 
|  11|0x0000000704200000, 0x00000007042b5660, 0x0000000704400000| 35%| S|CS|TAMS 0x0000000704200000, 0x0000000704200000| Complete 
|  12|0x0000000704400000, 0x0000000704400000, 0x0000000704600000|  0%| F|  |TAMS 0x0000000704400000, 0x0000000704400000| Untracked 
|  13|0x0000000704600000, 0x0000000704600000, 0x0000000704800000|  0%| F|  |TAMS 0x0000000704600000, 0x0000000704600000| Untracked 
|  14|0x0000000704800000, 0x0000000704800000, 0x0000000704a00000|  0%| F|  |TAMS 0x0000000704800000, 0x0000000704800000| Untracked 
|  15|0x0000000704a00000, 0x0000000704a00000, 0x0000000704c00000|  0%| F|  |TAMS 0x0000000704a00000, 0x0000000704a00000| Untracked 
|  16|0x0000000704c00000, 0x0000000704c00000, 0x0000000704e00000|  0%| F|  |TAMS 0x0000000704c00000, 0x0000000704c00000| Untracked 
|  17|0x0000000704e00000, 0x0000000704e00000, 0x0000000705000000|  0%| F|  |TAMS 0x0000000704e00000, 0x0000000704e00000| Untracked 
|  18|0x0000000705000000, 0x0000000705000000, 0x0000000705200000|  0%| F|  |TAMS 0x0000000705000000, 0x0000000705000000| Untracked 
|  19|0x0000000705200000, 0x0000000705200000, 0x0000000705400000|  0%| F|  |TAMS 0x0000000705200000, 0x0000000705200000| Untracked 
|  20|0x0000000705400000, 0x0000000705400000, 0x0000000705600000|  0%| F|  |TAMS 0x0000000705400000, 0x0000000705400000| Untracked 
|  21|0x0000000705600000, 0x0000000705600000, 0x0000000705800000|  0%| F|  |TAMS 0x0000000705600000, 0x0000000705600000| Untracked 
|  22|0x0000000705800000, 0x0000000705800000, 0x0000000705a00000|  0%| F|  |TAMS 0x0000000705800000, 0x0000000705800000| Untracked 
|  23|0x0000000705a00000, 0x0000000705a00000, 0x0000000705c00000|  0%| F|  |TAMS 0x0000000705a00000, 0x0000000705a00000| Untracked 
|  24|0x0000000705c00000, 0x0000000705c00000, 0x0000000705e00000|  0%| F|  |TAMS 0x0000000705c00000, 0x0000000705c00000| Untracked 
|  25|0x0000000705e00000, 0x0000000705e00000, 0x0000000706000000|  0%| F|  |TAMS 0x0000000705e00000, 0x0000000705e00000| Untracked 
|  26|0x0000000706000000, 0x0000000706000000, 0x0000000706200000|  0%| F|  |TAMS 0x0000000706000000, 0x0000000706000000| Untracked 
|  27|0x0000000706200000, 0x0000000706200000, 0x0000000706400000|  0%| F|  |TAMS 0x0000000706200000, 0x0000000706200000| Untracked 
|  28|0x0000000706400000, 0x0000000706400000, 0x0000000706600000|  0%| F|  |TAMS 0x0000000706400000, 0x0000000706400000| Untracked 
|  29|0x0000000706600000, 0x0000000706600000, 0x0000000706800000|  0%| F|  |TAMS 0x0000000706600000, 0x0000000706600000| Untracked 
|  30|0x0000000706800000, 0x0000000706800000, 0x0000000706a00000|  0%| F|  |TAMS 0x0000000706800000, 0x0000000706800000| Untracked 
|  31|0x0000000706a00000, 0x0000000706a00000, 0x0000000706c00000|  0%| F|  |TAMS 0x0000000706a00000, 0x0000000706a00000| Untracked 
|  32|0x0000000706c00000, 0x0000000706c00000, 0x0000000706e00000|  0%| F|  |TAMS 0x0000000706c00000, 0x0000000706c00000| Untracked 
|  33|0x0000000706e00000, 0x0000000706e00000, 0x0000000707000000|  0%| F|  |TAMS 0x0000000706e00000, 0x0000000706e00000| Untracked 
|  34|0x0000000707000000, 0x00000007071e1c88, 0x0000000707200000| 94%| E|  |TAMS 0x0000000707000000, 0x0000000707000000| Complete 
|  35|0x0000000707200000, 0x0000000707400000, 0x0000000707400000|100%| E|CS|TAMS 0x0000000707200000, 0x0000000707200000| Complete 
|  36|0x0000000707400000, 0x0000000707600000, 0x0000000707600000|100%| E|CS|TAMS 0x0000000707400000, 0x0000000707400000| Complete 
|  37|0x0000000707600000, 0x0000000707800000, 0x0000000707800000|100%| E|CS|TAMS 0x0000000707600000, 0x0000000707600000| Complete 
|  38|0x0000000707800000, 0x0000000707a00000, 0x0000000707a00000|100%| E|CS|TAMS 0x0000000707800000, 0x0000000707800000| Complete 
|  39|0x0000000707a00000, 0x0000000707c00000, 0x0000000707c00000|100%| E|CS|TAMS 0x0000000707a00000, 0x0000000707a00000| Complete 
|  40|0x0000000707c00000, 0x0000000707e00000, 0x0000000707e00000|100%| E|CS|TAMS 0x0000000707c00000, 0x0000000707c00000| Complete 
|  41|0x0000000707e00000, 0x0000000708000000, 0x0000000708000000|100%| E|CS|TAMS 0x0000000707e00000, 0x0000000707e00000| Complete 
|  42|0x0000000708000000, 0x0000000708200000, 0x0000000708200000|100%| E|CS|TAMS 0x0000000708000000, 0x0000000708000000| Complete 
|  43|0x0000000708200000, 0x0000000708400000, 0x0000000708400000|100%| E|CS|TAMS 0x0000000708200000, 0x0000000708200000| Complete 
|  44|0x0000000708400000, 0x0000000708600000, 0x0000000708600000|100%| E|CS|TAMS 0x0000000708400000, 0x0000000708400000| Complete 
|  45|0x0000000708600000, 0x0000000708800000, 0x0000000708800000|100%| E|CS|TAMS 0x0000000708600000, 0x0000000708600000| Complete 
|  46|0x0000000708800000, 0x0000000708a00000, 0x0000000708a00000|100%| E|CS|TAMS 0x0000000708800000, 0x0000000708800000| Complete 
|  47|0x0000000708a00000, 0x0000000708c00000, 0x0000000708c00000|100%| E|CS|TAMS 0x0000000708a00000, 0x0000000708a00000| Complete 
|  48|0x0000000708c00000, 0x0000000708e00000, 0x0000000708e00000|100%| E|CS|TAMS 0x0000000708c00000, 0x0000000708c00000| Complete 
|  49|0x0000000708e00000, 0x0000000709000000, 0x0000000709000000|100%| E|CS|TAMS 0x0000000708e00000, 0x0000000708e00000| Complete 
|  50|0x0000000709000000, 0x0000000709200000, 0x0000000709200000|100%| E|CS|TAMS 0x0000000709000000, 0x0000000709000000| Complete 
|  51|0x0000000709200000, 0x0000000709400000, 0x0000000709400000|100%| E|CS|TAMS 0x0000000709200000, 0x0000000709200000| Complete 
|  52|0x0000000709400000, 0x0000000709600000, 0x0000000709600000|100%| E|CS|TAMS 0x0000000709400000, 0x0000000709400000| Complete 
|  53|0x0000000709600000, 0x0000000709800000, 0x0000000709800000|100%| E|CS|TAMS 0x0000000709600000, 0x0000000709600000| Complete 
|  54|0x0000000709800000, 0x0000000709a00000, 0x0000000709a00000|100%| E|CS|TAMS 0x0000000709800000, 0x0000000709800000| Complete 
|  55|0x0000000709a00000, 0x0000000709c00000, 0x0000000709c00000|100%| E|CS|TAMS 0x0000000709a00000, 0x0000000709a00000| Complete 
|  56|0x0000000709c00000, 0x0000000709e00000, 0x0000000709e00000|100%| E|CS|TAMS 0x0000000709c00000, 0x0000000709c00000| Complete 
|  57|0x0000000709e00000, 0x000000070a000000, 0x000000070a000000|100%| E|CS|TAMS 0x0000000709e00000, 0x0000000709e00000| Complete 
|  58|0x000000070a000000, 0x000000070a200000, 0x000000070a200000|100%| E|CS|TAMS 0x000000070a000000, 0x000000070a000000| Complete 
|  59|0x000000070a200000, 0x000000070a400000, 0x000000070a400000|100%| E|CS|TAMS 0x000000070a200000, 0x000000070a200000| Complete 
|  60|0x000000070a400000, 0x000000070a600000, 0x000000070a600000|100%| E|CS|TAMS 0x000000070a400000, 0x000000070a400000| Complete 
|  61|0x000000070a600000, 0x000000070a800000, 0x000000070a800000|100%| E|CS|TAMS 0x000000070a600000, 0x000000070a600000| Complete 
|  62|0x000000070a800000, 0x000000070aa00000, 0x000000070aa00000|100%| E|CS|TAMS 0x000000070a800000, 0x000000070a800000| Complete 
|  63|0x000000070aa00000, 0x000000070ac00000, 0x000000070ac00000|100%| E|CS|TAMS 0x000000070aa00000, 0x000000070aa00000| Complete 
|  64|0x000000070ac00000, 0x000000070ae00000, 0x000000070ae00000|100%| E|CS|TAMS 0x000000070ac00000, 0x000000070ac00000| Complete 
|  65|0x000000070ae00000, 0x000000070b000000, 0x000000070b000000|100%| E|CS|TAMS 0x000000070ae00000, 0x000000070ae00000| Complete 
|  66|0x000000070b000000, 0x000000070b200000, 0x000000070b200000|100%| E|CS|TAMS 0x000000070b000000, 0x000000070b000000| Complete 
|  67|0x000000070b200000, 0x000000070b400000, 0x000000070b400000|100%| E|CS|TAMS 0x000000070b200000, 0x000000070b200000| Complete 
|  68|0x000000070b400000, 0x000000070b600000, 0x000000070b600000|100%| E|CS|TAMS 0x000000070b400000, 0x000000070b400000| Complete 
|  69|0x000000070b600000, 0x000000070b800000, 0x000000070b800000|100%| E|CS|TAMS 0x000000070b600000, 0x000000070b600000| Complete 
|  70|0x000000070b800000, 0x000000070ba00000, 0x000000070ba00000|100%| E|CS|TAMS 0x000000070b800000, 0x000000070b800000| Complete 
|  71|0x000000070ba00000, 0x000000070bc00000, 0x000000070bc00000|100%| E|CS|TAMS 0x000000070ba00000, 0x000000070ba00000| Complete 
| 103|0x000000070fa00000, 0x000000070fc00000, 0x000000070fc00000|100%| E|CS|TAMS 0x000000070fa00000, 0x000000070fa00000| Complete 
| 104|0x000000070fc00000, 0x000000070fe00000, 0x000000070fe00000|100%| E|CS|TAMS 0x000000070fc00000, 0x000000070fc00000| Complete 
| 126|0x0000000712800000, 0x0000000712a00000, 0x0000000712a00000|100%| E|CS|TAMS 0x0000000712800000, 0x0000000712800000| Complete 

Card table byte_map: [0x000001ec5bd00000,0x000001ec5c4f0000] _byte_map_base: 0x000001ec584ea000

Marking Bits (Prev, Next): (CMBitMap*) 0x000001ec482caf60, (CMBitMap*) 0x000001ec482caf20
 Prev Bits: [0x000001ec60c30000, 0x000001ec64b80000)
 Next Bits: [0x000001ec5cce0000, 0x000001ec60c30000)

Polling page: 0x000001ec461e0000

Metaspace:

Usage:
  Non-class:     29.73 MB capacity,    29.50 MB (>99%) used,   199.77 KB ( <1%) free+waste,    40.12 KB ( <1%) overhead. 
      Class:      4.04 MB capacity,     3.92 MB ( 97%) used,   105.41 KB (  3%) free+waste,    14.62 KB ( <1%) overhead. 
       Both:     33.77 MB capacity,    33.42 MB ( 99%) used,   305.18 KB ( <1%) free+waste,    54.75 KB ( <1%) overhead. 

Virtual space:
  Non-class space:       30.00 MB reserved,      29.75 MB (>99%) committed 
      Class space:        1.00 GB reserved,       4.12 MB ( <1%) committed 
             Both:        1.03 GB reserved,      33.88 MB (  3%) committed 

Chunk freelists:
   Non-Class:  17.00 KB
       Class:  0 bytes
        Both:  17.00 KB

MaxMetaspaceSize: 17179869184.00 GB
CompressedClassSpaceSize: 1.00 GB

CodeHeap 'non-profiled nmethods': size=119168Kb used=2799Kb max_used=2799Kb free=116369Kb
 bounds [0x000001ec53820000, 0x000001ec53ae0000, 0x000001ec5ac80000]
CodeHeap 'profiled nmethods': size=119104Kb used=7485Kb max_used=7485Kb free=111618Kb
 bounds [0x000001ec4c3d0000, 0x000001ec4cb20000, 0x000001ec53820000]
CodeHeap 'non-nmethods': size=7488Kb used=1381Kb max_used=3182Kb free=6106Kb
 bounds [0x000001ec4bc80000, 0x000001ec4bfa0000, 0x000001ec4c3d0000]
 total_blobs=4130 nmethods=3551 adapters=490
 compilation: enabled
              stopped_count=0, restarted_count=0
 full_count=0

Compilation events (20 events):
Event: 2.299 Thread 0x000001ec686b8760 3549       3       sun.nio.ch.SocketDispatcher::write (8 bytes)
Event: 2.299 Thread 0x000001ec686b8760 nmethod 3549 0x000001ec4cb19f90 code [0x000001ec4cb1a140, 0x000001ec4cb1a288]
Event: 2.299 Thread 0x000001ec69ec8310 nmethod 3545 0x000001ec4cb1a390 code [0x000001ec4cb1a5e0, 0x000001ec4cb1ae58]
Event: 2.299 Thread 0x000001ec686b8760 3551   !   3       sun.nio.ch.NioSocketImpl::endWrite (58 bytes)
Event: 2.300 Thread 0x000001ec686b8760 nmethod 3551 0x000001ec4cb1b290 code [0x000001ec4cb1b480, 0x000001ec4cb1b8f8]
Event: 2.300 Thread 0x000001ec699da480 nmethod 3548 0x000001ec4cb1bb90 code [0x000001ec4cb1be00, 0x000001ec4cb1c7a8]
Event: 2.300 Thread 0x000001ec684aeb70 nmethod 3544 0x000001ec4cb1cc10 code [0x000001ec4cb1cea0, 0x000001ec4cb1dc18]
Event: 2.300 Thread 0x000001ec684ad2f0 3552       4       com.mysql.cj.protocol.a.NativePacketPayload::readInteger (662 bytes)
Event: 2.301 Thread 0x000001ec684aeb70 3553       3       java.lang.String::<init> (55 bytes)
Event: 2.301 Thread 0x000001ec684aeb70 nmethod 3553 0x000001ec4cb1e190 code [0x000001ec4cb1e380, 0x000001ec4cb1e708]
Event: 2.301 Thread 0x000001ec686b8760 3554       3       com.mysql.cj.conf.DefaultPropertySet::getIntegerProperty (6 bytes)
Event: 2.301 Thread 0x000001ec686b8760 nmethod 3554 0x000001ec4cb1e910 code [0x000001ec4cb1eac0, 0x000001ec4cb1ec88]
Event: 2.303 Thread 0x000001ec6b1f5830 3555       4       java.lang.Character::isWhitespace (5 bytes)
Event: 2.303 Thread 0x000001ec684ad2f0 nmethod 3552 0x000001ec53a9f190 code [0x000001ec53a9f340, 0x000001ec53a9f738]
Event: 2.303 Thread 0x000001ec6b1f5830 nmethod 3555 0x000001ec53a9f990 code [0x000001ec53a9fb20, 0x000001ec53a9fc18]
Event: 2.322 Thread 0x000001ec69ec8820 nmethod 3287 0x000001ec53a9fd90 code [0x000001ec53aa0560, 0x000001ec53aa7c08]
Event: 2.350 Thread 0x000001ec686bd0e0 nmethod 3010 0x000001ec53aaae10 code [0x000001ec53aab4c0, 0x000001ec53ab58c0]
Event: 2.900 Thread 0x000001ec687e2850 nmethod 3172% 0x000001ec53abb010 code [0x000001ec53abb720, 0x000001ec53ad1f18]
Event: 116.713 Thread 0x000001ec684aeb70 3556       3       java.lang.ClassLoader::getResource (41 bytes)
Event: 116.714 Thread 0x000001ec684aeb70 nmethod 3556 0x000001ec4cb1ed90 code [0x000001ec4cb1efa0, 0x000001ec4cb1f5b8]

GC Heap History (14 events):
Event: 0.488 GC heap before
{Heap before GC invocations=0 (full 0):
 garbage-first heap   total 260096K, used 22528K [0x0000000702c00000, 0x0000000800000000)
  region size 2048K, 11 young (22528K), 0 survivors (0K)
 Metaspace       used 12125K, capacity 12320K, committed 12416K, reserved 1060864K
  class space    used 1071K, capacity 1119K, committed 1152K, reserved 1048576K
}
Event: 0.490 GC heap after
{Heap after GC invocations=1 (full 0):
 garbage-first heap   total 260096K, used 4581K [0x0000000702c00000, 0x0000000800000000)
  region size 2048K, 2 young (4096K), 2 survivors (4096K)
 Metaspace       used 12125K, capacity 12320K, committed 12416K, reserved 1060864K
  class space    used 1071K, capacity 1119K, committed 1152K, reserved 1048576K
}
Event: 0.752 GC heap before
{Heap before GC invocations=1 (full 0):
 garbage-first heap   total 260096K, used 31205K [0x0000000702c00000, 0x0000000800000000)
  region size 2048K, 15 young (30720K), 2 survivors (4096K)
 Metaspace       used 16025K, capacity 16224K, committed 16384K, reserved 1064960K
  class space    used 1597K, capacity 1695K, committed 1792K, reserved 1048576K
}
Event: 0.755 GC heap after
{Heap after GC invocations=2 (full 0):
 garbage-first heap   total 260096K, used 5831K [0x0000000702c00000, 0x0000000800000000)
  region size 2048K, 1 young (2048K), 1 survivors (2048K)
 Metaspace       used 16025K, capacity 16224K, committed 16384K, reserved 1064960K
  class space    used 1597K, capacity 1695K, committed 1792K, reserved 1048576K
}
Event: 1.069 GC heap before
{Heap before GC invocations=2 (full 0):
 garbage-first heap   total 260096K, used 46791K [0x0000000702c00000, 0x0000000800000000)
  region size 2048K, 22 young (45056K), 1 survivors (2048K)
 Metaspace       used 20825K, capacity 21037K, committed 21248K, reserved 1069056K
  class space    used 2198K, capacity 2289K, committed 2304K, reserved 1048576K
}
Event: 1.072 GC heap after
{Heap after GC invocations=3 (full 0):
 garbage-first heap   total 260096K, used 7167K [0x0000000702c00000, 0x0000000800000000)
  region size 2048K, 2 young (4096K), 2 survivors (4096K)
 Metaspace       used 20825K, capacity 21037K, committed 21248K, reserved 1069056K
  class space    used 2198K, capacity 2289K, committed 2304K, reserved 1048576K
}
Event: 1.287 GC heap before
{Heap before GC invocations=4 (full 0):
 garbage-first heap   total 40960K, used 35839K [0x0000000702c00000, 0x0000000800000000)
  region size 2048K, 17 young (34816K), 2 survivors (4096K)
 Metaspace       used 24437K, capacity 24727K, committed 24960K, reserved 1071104K
  class space    used 2580K, capacity 2663K, committed 2688K, reserved 1048576K
}
Event: 1.290 GC heap after
{Heap after GC invocations=5 (full 0):
 garbage-first heap   total 45056K, used 9022K [0x0000000702c00000, 0x0000000800000000)
  region size 2048K, 2 young (4096K), 2 survivors (4096K)
 Metaspace       used 24437K, capacity 24727K, committed 24960K, reserved 1071104K
  class space    used 2580K, capacity 2663K, committed 2688K, reserved 1048576K
}
Event: 1.522 GC heap before
{Heap before GC invocations=5 (full 0):
 garbage-first heap   total 45056K, used 29502K [0x0000000702c00000, 0x0000000800000000)
  region size 2048K, 12 young (24576K), 2 survivors (4096K)
 Metaspace       used 28542K, capacity 28792K, committed 29056K, reserved 1075200K
  class space    used 3069K, capacity 3181K, committed 3200K, reserved 1048576K
}
Event: 1.525 GC heap after
{Heap after GC invocations=6 (full 0):
 garbage-first heap   total 45056K, used 11091K [0x0000000702c00000, 0x0000000800000000)
  region size 2048K, 2 young (4096K), 2 survivors (4096K)
 Metaspace       used 28542K, capacity 28792K, committed 29056K, reserved 1075200K
  class space    used 3069K, capacity 3181K, committed 3200K, reserved 1048576K
}
Event: 1.641 GC heap before
{Heap before GC invocations=6 (full 0):
 garbage-first heap   total 45056K, used 27475K [0x0000000702c00000, 0x0000000800000000)
  region size 2048K, 10 young (20480K), 2 survivors (4096K)
 Metaspace       used 30223K, capacity 30520K, committed 30720K, reserved 1077248K
  class space    used 3391K, capacity 3501K, committed 3584K, reserved 1048576K
}
Event: 1.645 GC heap after
{Heap after GC invocations=7 (full 0):
 garbage-first heap   total 45056K, used 11406K [0x0000000702c00000, 0x0000000800000000)
  region size 2048K, 1 young (2048K), 1 survivors (2048K)
 Metaspace       used 30223K, capacity 30520K, committed 30720K, reserved 1077248K
  class space    used 3391K, capacity 3501K, committed 3584K, reserved 1048576K
}
Event: 1.780 GC heap before
{Heap before GC invocations=7 (full 0):
 garbage-first heap   total 45056K, used 29838K [0x0000000702c00000, 0x0000000800000000)
  region size 2048K, 10 young (20480K), 1 survivors (2048K)
 Metaspace       used 31804K, capacity 32083K, committed 32256K, reserved 1077248K
  class space    used 3709K, capacity 3827K, committed 3840K, reserved 1048576K
}
Event: 1.782 GC heap after
{Heap after GC invocations=8 (full 0):
 garbage-first heap   total 153600K, used 11483K [0x0000000702c00000, 0x0000000800000000)
  region size 2048K, 1 young (2048K), 1 survivors (2048K)
 Metaspace       used 31804K, capacity 32083K, committed 32256K, reserved 1077248K
  class space    used 3709K, capacity 3827K, committed 3840K, reserved 1048576K
}

Deoptimization events (20 events):
Event: 2.296 Thread 0x000001ec482768a0 DEOPT PACKING pc=0x000001ec4ca90dd4 sp=0x000000a9bc7fbe20
Event: 2.296 Thread 0x000001ec482768a0 DEOPT UNPACKING pc=0x000001ec4bcce23f sp=0x000000a9bc7fb360 mode 1
Event: 2.296 Thread 0x000001ec482768a0 DEOPT PACKING pc=0x000001ec4ca90dd4 sp=0x000000a9bc7fbe20
Event: 2.296 Thread 0x000001ec482768a0 DEOPT UNPACKING pc=0x000001ec4bcce23f sp=0x000000a9bc7fb360 mode 1
Event: 2.299 Thread 0x000001ec482768a0 DEOPT PACKING pc=0x000001ec4ca5dae1 sp=0x000000a9bc7fbff0
Event: 2.299 Thread 0x000001ec482768a0 DEOPT UNPACKING pc=0x000001ec4bcce23f sp=0x000000a9bc7fb4a8 mode 1
Event: 2.299 Thread 0x000001ec482768a0 DEOPT PACKING pc=0x000001ec4ca5dae1 sp=0x000000a9bc7fc390
Event: 2.299 Thread 0x000001ec482768a0 DEOPT UNPACKING pc=0x000001ec4bcce23f sp=0x000000a9bc7fb848 mode 1
Event: 2.338 Thread 0x000001ec482768a0 DEOPT PACKING pc=0x000001ec4ca63ef1 sp=0x000000a9bc7fcae0
Event: 2.338 Thread 0x000001ec482768a0 DEOPT UNPACKING pc=0x000001ec4bcce23f sp=0x000000a9bc7fbf98 mode 1
Event: 2.338 Thread 0x000001ec482768a0 DEOPT PACKING pc=0x000001ec4caf98d4 sp=0x000000a9bc7fc760
Event: 2.338 Thread 0x000001ec482768a0 DEOPT UNPACKING pc=0x000001ec4bcce23f sp=0x000000a9bc7fbcd0 mode 1
Event: 2.338 Thread 0x000001ec482768a0 DEOPT PACKING pc=0x000001ec4cae64d4 sp=0x000000a9bc7fc8d0
Event: 2.338 Thread 0x000001ec482768a0 DEOPT UNPACKING pc=0x000001ec4bcce23f sp=0x000000a9bc7fbdd0 mode 1
Event: 2.338 Thread 0x000001ec482768a0 DEOPT PACKING pc=0x000001ec4cae3c34 sp=0x000000a9bc7fc9a0
Event: 2.338 Thread 0x000001ec482768a0 DEOPT UNPACKING pc=0x000001ec4bcce23f sp=0x000000a9bc7fbe80 mode 1
Event: 6.530 Thread 0x000001ec69e90fb0 Uncommon trap: trap_request=0xffffff45 fr.pc=0x000001ec538ea314 relative=0x00000000000001f4
Event: 6.530 Thread 0x000001ec69e90fb0 Uncommon trap: reason=unstable_if action=reinterpret pc=0x000001ec538ea314 method=java.lang.StringLatin1.indexOf([B[B)I @ 9 c2
Event: 6.530 Thread 0x000001ec69e90fb0 DEOPT PACKING pc=0x000001ec538ea314 sp=0x000000a9bebfec30
Event: 6.530 Thread 0x000001ec69e90fb0 DEOPT UNPACKING pc=0x000001ec4bcce42f sp=0x000000a9bebfebc0 mode 2

Classes unloaded (0 events):
No events

Classes redefined (2 events):
Event: 71.578 Thread 0x000001ec67bff7e0 redefined class name=com.parkit.parkingsystem.integration.ParkingDataBaseIT, count=1
Event: 129.151 Thread 0x000001ec67bff7e0 redefined class name=com.parkit.parkingsystem.integration.ParkingDataBaseIT, count=2

Internal exceptions (20 events):
Event: 0.521 Thread 0x000001ec482768a0 Exception <a 'java/lang/NoSuchMethodError'{0x00000007126fdc28}: 'java.lang.Object java.lang.invoke.DirectMethodHandle$Holder.invokeSpecialIFC(java.lang.Object, java.lang.Object, java.lang.Object, java.lang.Object)'> (0x00000007126fdc28) 
thrown [./open/src/hotspot/share/interpreter/linkResolver.cpp, line 782]
Event: 0.556 Thread 0x000001ec482768a0 Exception <a 'java/lang/NoSuchMethodError'{0x000000071246b390}: 'int java.lang.invoke.DirectMethodHandle$Holder.invokeVirtual(java.lang.Object, java.lang.Object, java.lang.Object)'> (0x000000071246b390) 
thrown [./open/src/hotspot/share/interpreter/linkResolver.cpp, line 782]
Event: 0.558 Thread 0x000001ec482768a0 Exception <a 'java/lang/NoSuchMethodError'{0x000000071248dff0}: 'void java.lang.invoke.DirectMethodHandle$Holder.invokeInterface(java.lang.Object, java.lang.Object)'> (0x000000071248dff0) 
thrown [./open/src/hotspot/share/interpreter/linkResolver.cpp, line 782]
Event: 0.558 Thread 0x000001ec482768a0 Exception <a 'java/lang/IncompatibleClassChangeError'{0x00000007124914a8}: Found class java.lang.Object, but interface was expected> (0x00000007124914a8) 
thrown [./open/src/hotspot/share/interpreter/linkResolver.cpp, line 848]
Event: 0.559 Thread 0x000001ec482768a0 Exception <a 'java/lang/NoSuchMethodError'{0x00000007124a4740}: 'void java.lang.invoke.DirectMethodHandle$Holder.invokeStatic(java.lang.Object, java.lang.Object, java.lang.Object, java.lang.Object)'> (0x00000007124a4740) 
thrown [./open/src/hotspot/share/interpreter/linkResolver.cpp, line 782]
Event: 0.572 Thread 0x000001ec482768a0 Exception <a 'java/lang/NoSuchMethodError'{0x00000007125a87a8}: 'void java.lang.invoke.DirectMethodHandle$Holder.invokeInterface(java.lang.Object, java.lang.Object, java.lang.Object, java.lang.Object)'> (0x00000007125a87a8) 
thrown [./open/src/hotspot/share/interpreter/linkResolver.cpp, line 782]
Event: 0.572 Thread 0x000001ec482768a0 Exception <a 'java/lang/IncompatibleClassChangeError'{0x00000007125abe08}: Found class java.lang.Object, but interface was expected> (0x00000007125abe08) 
thrown [./open/src/hotspot/share/interpreter/linkResolver.cpp, line 848]
Event: 0.578 Thread 0x000001ec482768a0 Exception <a 'java/lang/NoSuchMethodError'{0x0000000712262d18}: 'int java.lang.invoke.DirectMethodHandle$Holder.invokeStatic(java.lang.Object, java.lang.Object, java.lang.Object, java.lang.Object)'> (0x0000000712262d18) 
thrown [./open/src/hotspot/share/interpreter/linkResolver.cpp, line 782]
Event: 0.578 Thread 0x000001ec482768a0 Exception <a 'java/lang/NoSuchMethodError'{0x0000000712266870}: 'java.lang.Object java.lang.invoke.Invokers$Holder.invokeExact_MT(java.lang.Object, java.lang.Object, java.lang.Object, java.lang.Object, java.lang.Object, java.lang.Object)'> (0x0000000712266870) 
thrown [./open/src/hotspot/share/interpreter/linkResolver.cpp, line 782]
Event: 0.589 Thread 0x000001ec482768a0 Exception <a 'java/lang/NoSuchMethodError'{0x00000007123bddc8}: 'int java.lang.invoke.DirectMethodHandle$Holder.invokeStatic(java.lang.Object, java.lang.Object, java.lang.Object, java.lang.Object, java.lang.Object)'> (0x00000007123bddc8) 
thrown [./open/src/hotspot/share/interpreter/linkResolver.cpp, line 782]
Event: 0.615 Thread 0x000001ec482768a0 Exception <a 'java/lang/NoSuchMethodError'{0x0000000711ea6d90}: 'void java.lang.invoke.DirectMethodHandle$Holder.invokeInterface(java.lang.Object, java.lang.Object, java.lang.Object)'> (0x0000000711ea6d90) 
thrown [./open/src/hotspot/share/interpreter/linkResolver.cpp, line 782]
Event: 0.721 Thread 0x000001ec482768a0 Exception <a 'java/lang/NoSuchMethodError'{0x0000000710cc9270}: 'java.lang.Object java.lang.invoke.DirectMethodHandle$Holder.invokeStaticInit(java.lang.Object, int, int, int, int)'> (0x0000000710cc9270) 
thrown [./open/src/hotspot/share/interpreter/linkResolver.cpp, line 782]
Event: 0.748 Thread 0x000001ec482768a0 Exception <a 'java/lang/NoSuchMethodError'{0x0000000710d97420}: 'java.lang.Object java.lang.invoke.DirectMethodHandle$Holder.invokeStaticInit(java.lang.Object, java.lang.Object, int, int, int, int)'> (0x0000000710d97420) 
thrown [./open/src/hotspot/share/interpreter/linkResolver.cpp, line 782]
Event: 1.015 Thread 0x000001ec482768a0 Implicit null exception at 0x000001ec538a54ee to 0x000001ec538a5610
Event: 1.084 Thread 0x000001ec482768a0 Exception <a 'java/lang/NoSuchMethodError'{0x000000071284d170}: 'int java.lang.invoke.DirectMethodHandle$Holder.invokeInterface(java.lang.Object, java.lang.Object)'> (0x000000071284d170) 
thrown [./open/src/hotspot/share/interpreter/linkResolver.cpp, line 782]
Event: 1.084 Thread 0x000001ec482768a0 Exception <a 'java/lang/IncompatibleClassChangeError'{0x00000007128508d0}: Found class java.lang.Object, but interface was expected> (0x00000007128508d0) 
thrown [./open/src/hotspot/share/interpreter/linkResolver.cpp, line 848]
Event: 1.169 Thread 0x000001ec482768a0 Exception <a 'java/lang/NoSuchMethodError'{0x000000070474a6e0}: 'java.lang.Object java.lang.invoke.DirectMethodHandle$Holder.invokeVirtual(java.lang.Object, java.lang.Object, java.lang.Object)'> (0x000000070474a6e0) 
thrown [./open/src/hotspot/share/interpreter/linkResolver.cpp, line 782]
Event: 1.340 Thread 0x000001ec482768a0 Exception <a 'sun/nio/fs/WindowsException'{0x0000000704c1aa80}> (0x0000000704c1aa80) 
thrown [./open/src/hotspot/share/prims/jni.cpp, line 578]
Event: 1.349 Thread 0x000001ec482768a0 Exception <a 'java/lang/NoSuchMethodError'{0x0000000704c68808}: 'int java.lang.invoke.DirectMethodHandle$Holder.invokeStaticInit(java.lang.Object, java.lang.Object, java.lang.Object, java.lang.Object)'> (0x0000000704c68808) 
thrown [./open/src/hotspot/share/interpreter/linkResolver.cpp, line 782]
Event: 2.216 Thread 0x000001ec482768a0 Exception <a 'java/lang/reflect/InvocationTargetException'{0x00000007087508e8}> (0x00000007087508e8) 
thrown [./open/src/hotspot/share/runtime/reflection.cpp, line 1157]

Events (20 events):
Event: 74.779 Executing VM operation: get/set locals
Event: 74.779 Executing VM operation: get/set locals done
Event: 74.779 Executing VM operation: get/set locals
Event: 74.779 Executing VM operation: get/set locals done
Event: 74.779 Executing VM operation: get/set locals
Event: 74.779 Executing VM operation: get/set locals done
Event: 128.937 Executing VM operation: ChangeBreakpoints
Event: 128.937 Executing VM operation: ChangeBreakpoints done
Event: 129.147 Executing VM operation: RedefineClasses
Event: 129.159 Executing VM operation: RedefineClasses done
Event: 129.176 Executing VM operation: ChangeBreakpoints
Event: 129.177 Executing VM operation: ChangeBreakpoints done
Event: 129.179 Executing VM operation: GetFrameCount
Event: 129.179 Executing VM operation: GetFrameCount done
Event: 129.179 Executing VM operation: GetStackTrace
Event: 129.179 Executing VM operation: GetStackTrace done
Event: 129.314 Executing VM operation: GetFrameCount
Event: 129.314 Executing VM operation: GetFrameCount done
Event: 129.329 Executing VM operation: GetFrameLocation
Event: 129.329 Executing VM operation: GetFrameLocation done


Dynamic libraries:
0x00007ff64bd80000 - 0x00007ff64bd8d000 	C:\Users\Kikine\OneDrive\Documents\mes cours de programmation\programmes\eclipse\plugins\org.eclipse.justj.openjdk.hotspot.jre.full.win32.x86_64_15.0.1.v20201027-0507\jre\bin\javaw.exe
0x00007ff8249b0000 - 0x00007ff824ba5000 	C:\WINDOWS\SYSTEM32\ntdll.dll
0x00007ff822f00000 - 0x00007ff822fbd000 	C:\WINDOWS\System32\KERNEL32.DLL
0x00007ff822430000 - 0x00007ff8226f9000 	C:\WINDOWS\System32\KERNELBASE.dll
0x00007ff822860000 - 0x00007ff822960000 	C:\WINDOWS\System32\ucrtbase.dll
0x00007ff81ab80000 - 0x00007ff81ab98000 	C:\Users\Kikine\OneDrive\Documents\mes cours de programmation\programmes\eclipse\plugins\org.eclipse.justj.openjdk.hotspot.jre.full.win32.x86_64_15.0.1.v20201027-0507\jre\bin\jli.dll
0x00007ff80ae80000 - 0x00007ff80ae99000 	C:\Users\Kikine\OneDrive\Documents\mes cours de programmation\programmes\eclipse\plugins\org.eclipse.justj.openjdk.hotspot.jre.full.win32.x86_64_15.0.1.v20201027-0507\jre\bin\VCRUNTIME140.dll
0x00007ff823630000 - 0x00007ff8237d0000 	C:\WINDOWS\System32\USER32.dll
0x00007ff822380000 - 0x00007ff8223a2000 	C:\WINDOWS\System32\win32u.dll
0x00007ff811610000 - 0x00007ff8118aa000 	C:\WINDOWS\WinSxS\amd64_microsoft.windows.common-controls_6595b64144ccf1df_6.0.19041.844_none_ca00b6081b84eb1d\COMCTL32.dll
0x00007ff823bc0000 - 0x00007ff823bea000 	C:\WINDOWS\System32\GDI32.dll
0x00007ff824350000 - 0x00007ff8243ee000 	C:\WINDOWS\System32\msvcrt.dll
0x00007ff822270000 - 0x00007ff82237b000 	C:\WINDOWS\System32\gdi32full.dll
0x00007ff822120000 - 0x00007ff8221bd000 	C:\WINDOWS\System32\msvcp_win.dll
0x00007ff824890000 - 0x00007ff8248c0000 	C:\WINDOWS\System32\IMM32.DLL
0x00007ff81bfe0000 - 0x00007ff81bfec000 	C:\Users\Kikine\OneDrive\Documents\mes cours de programmation\programmes\eclipse\plugins\org.eclipse.justj.openjdk.hotspot.jre.full.win32.x86_64_15.0.1.v20201027-0507\jre\bin\vcruntime140_1.dll
0x00007ff804bf0000 - 0x00007ff804c81000 	C:\Users\Kikine\OneDrive\Documents\mes cours de programmation\programmes\eclipse\plugins\org.eclipse.justj.openjdk.hotspot.jre.full.win32.x86_64_15.0.1.v20201027-0507\jre\bin\msvcp140.dll
0x00007fffb1a10000 - 0x00007fffb256e000 	C:\Users\Kikine\OneDrive\Documents\mes cours de programmation\programmes\eclipse\plugins\org.eclipse.justj.openjdk.hotspot.jre.full.win32.x86_64_15.0.1.v20201027-0507\jre\bin\server\jvm.dll
0x00007ff824710000 - 0x00007ff8247bc000 	C:\WINDOWS\System32\ADVAPI32.dll
0x00007ff822a10000 - 0x00007ff822aac000 	C:\WINDOWS\System32\sechost.dll
0x00007ff8234f0000 - 0x00007ff82361b000 	C:\WINDOWS\System32\RPCRT4.dll
0x00007ff823620000 - 0x00007ff823628000 	C:\WINDOWS\System32\PSAPI.DLL
0x00007ff81e260000 - 0x00007ff81e269000 	C:\WINDOWS\SYSTEM32\WSOCK32.dll
0x00007ff811a60000 - 0x00007ff811a87000 	C:\WINDOWS\SYSTEM32\WINMM.dll
0x00007ff81b130000 - 0x00007ff81b13a000 	C:\WINDOWS\SYSTEM32\VERSION.dll
0x00007ff8247c0000 - 0x00007ff82482b000 	C:\WINDOWS\System32\WS2_32.dll
0x00007ff820050000 - 0x00007ff820062000 	C:\WINDOWS\SYSTEM32\kernel.appcore.dll
0x00007ff81dce0000 - 0x00007ff81dcea000 	C:\Users\Kikine\OneDrive\Documents\mes cours de programmation\programmes\eclipse\plugins\org.eclipse.justj.openjdk.hotspot.jre.full.win32.x86_64_15.0.1.v20201027-0507\jre\bin\jimage.dll
0x00007ff80cec0000 - 0x00007ff80d0a4000 	C:\WINDOWS\SYSTEM32\DBGHELP.DLL
0x00007ff80bd20000 - 0x00007ff80bd4c000 	C:\WINDOWS\SYSTEM32\dbgcore.DLL
0x00007ff8223b0000 - 0x00007ff822430000 	C:\WINDOWS\System32\bcryptPrimitives.dll
0x00007ff804fa0000 - 0x00007ff804fd9000 	C:\Users\Kikine\OneDrive\Documents\mes cours de programmation\programmes\eclipse\plugins\org.eclipse.justj.openjdk.hotspot.jre.full.win32.x86_64_15.0.1.v20201027-0507\jre\bin\jdwp.dll
0x00007ff81c620000 - 0x00007ff81c62e000 	C:\Users\Kikine\OneDrive\Documents\mes cours de programmation\programmes\eclipse\plugins\org.eclipse.justj.openjdk.hotspot.jre.full.win32.x86_64_15.0.1.v20201027-0507\jre\bin\instrument.dll
0x00007ff802260000 - 0x00007ff802285000 	C:\Users\Kikine\OneDrive\Documents\mes cours de programmation\programmes\eclipse\plugins\org.eclipse.justj.openjdk.hotspot.jre.full.win32.x86_64_15.0.1.v20201027-0507\jre\bin\java.dll
0x00007ff802bf0000 - 0x00007ff802c08000 	C:\Users\Kikine\OneDrive\Documents\mes cours de programmation\programmes\eclipse\plugins\org.eclipse.justj.openjdk.hotspot.jre.full.win32.x86_64_15.0.1.v20201027-0507\jre\bin\zip.dll
0x00007ff823bf0000 - 0x00007ff824332000 	C:\WINDOWS\System32\SHELL32.dll
0x00007ff820250000 - 0x00007ff8209e0000 	C:\WINDOWS\SYSTEM32\windows.storage.dll
0x00007ff8237d0000 - 0x00007ff823b25000 	C:\WINDOWS\System32\combase.dll
0x00007ff821b60000 - 0x00007ff821b8c000 	C:\WINDOWS\SYSTEM32\Wldp.dll
0x00007ff822c10000 - 0x00007ff822cbe000 	C:\WINDOWS\System32\SHCORE.dll
0x00007ff822ab0000 - 0x00007ff822b05000 	C:\WINDOWS\System32\shlwapi.dll
0x00007ff822030000 - 0x00007ff82204f000 	C:\WINDOWS\SYSTEM32\profapi.dll
0x00007ff81c610000 - 0x00007ff81c61b000 	C:\Users\Kikine\OneDrive\Documents\mes cours de programmation\programmes\eclipse\plugins\org.eclipse.justj.openjdk.hotspot.jre.full.win32.x86_64_15.0.1.v20201027-0507\jre\bin\dt_socket.dll
0x00007ff821580000 - 0x00007ff8215bb000 	C:\WINDOWS\SYSTEM32\IPHLPAPI.DLL
0x00007ff8218e0000 - 0x00007ff82194a000 	C:\WINDOWS\system32\mswsock.dll
0x00007ff8215c0000 - 0x00007ff82168b000 	C:\WINDOWS\SYSTEM32\DNSAPI.dll
0x00007ff823b30000 - 0x00007ff823b38000 	C:\WINDOWS\System32\NSI.dll
0x00007ff819fa0000 - 0x00007ff819faa000 	C:\Windows\System32\rasadhlp.dll
0x00007ff810c80000 - 0x00007ff810cff000 	C:\WINDOWS\System32\fwpuclnt.dll
0x00007ff8220f0000 - 0x00007ff822117000 	C:\WINDOWS\System32\bcrypt.dll
0x00007ff802240000 - 0x00007ff802259000 	C:\Users\Kikine\OneDrive\Documents\mes cours de programmation\programmes\eclipse\plugins\org.eclipse.justj.openjdk.hotspot.jre.full.win32.x86_64_15.0.1.v20201027-0507\jre\bin\net.dll
0x00007ff815c20000 - 0x00007ff815d2c000 	C:\WINDOWS\SYSTEM32\WINHTTP.dll
0x00007ff802220000 - 0x00007ff802232000 	C:\Users\Kikine\OneDrive\Documents\mes cours de programmation\programmes\eclipse\plugins\org.eclipse.justj.openjdk.hotspot.jre.full.win32.x86_64_15.0.1.v20201027-0507\jre\bin\nio.dll
0x00007ff81df50000 - 0x00007ff81df60000 	C:\Users\Kikine\OneDrive\Documents\mes cours de programmation\programmes\eclipse\plugins\org.eclipse.justj.openjdk.hotspot.jre.full.win32.x86_64_15.0.1.v20201027-0507\jre\bin\verify.dll
0x00007ff819400000 - 0x00007ff819417000 	C:\WINDOWS\SYSTEM32\dhcpcsvc6.DLL
0x00007ff8199c0000 - 0x00007ff8199dd000 	C:\WINDOWS\SYSTEM32\dhcpcsvc.DLL
0x00007ff81c5e0000 - 0x00007ff81c5e9000 	C:\Users\Kikine\OneDrive\Documents\mes cours de programmation\programmes\eclipse\plugins\org.eclipse.justj.openjdk.hotspot.jre.full.win32.x86_64_15.0.1.v20201027-0507\jre\bin\management.dll
0x00007ff81bf60000 - 0x00007ff81bf6b000 	C:\Users\Kikine\OneDrive\Documents\mes cours de programmation\programmes\eclipse\plugins\org.eclipse.justj.openjdk.hotspot.jre.full.win32.x86_64_15.0.1.v20201027-0507\jre\bin\management_ext.dll
0x00007ff806290000 - 0x00007ff8062a7000 	C:\WINDOWS\system32\napinsp.dll
0x00007ff805d70000 - 0x00007ff805d8b000 	C:\WINDOWS\system32\pnrpnsp.dll
0x00007ff81cc00000 - 0x00007ff81cc15000 	C:\WINDOWS\system32\wshbth.dll
0x00007ff81de80000 - 0x00007ff81de9d000 	C:\WINDOWS\system32\NLAapi.dll
0x00007ff805d50000 - 0x00007ff805d62000 	C:\WINDOWS\System32\winrnr.dll
0x00007ff821ab0000 - 0x00007ff821ac8000 	C:\WINDOWS\SYSTEM32\CRYPTSP.dll
0x00007ff821210000 - 0x00007ff821244000 	C:\WINDOWS\system32\rsaenh.dll
0x00007ff821fb0000 - 0x00007ff821fde000 	C:\WINDOWS\SYSTEM32\USERENV.dll
0x00007ff821ad0000 - 0x00007ff821adc000 	C:\WINDOWS\SYSTEM32\CRYPTBASE.dll
0x00007ff81b4c0000 - 0x00007ff81b4cd000 	C:\Users\Kikine\OneDrive\Documents\mes cours de programmation\programmes\eclipse\plugins\org.eclipse.justj.openjdk.hotspot.jre.full.win32.x86_64_15.0.1.v20201027-0507\jre\bin\sunmscapi.dll
0x00007ff822700000 - 0x00007ff82285f000 	C:\WINDOWS\System32\CRYPT32.dll
0x00007ff821bd0000 - 0x00007ff821bf7000 	C:\WINDOWS\SYSTEM32\ncrypt.dll
0x00007ff821b90000 - 0x00007ff821bcb000 	C:\WINDOWS\SYSTEM32\NTASN1.dll

dbghelp: loaded successfully - version: 4.0.5 - missing functions: none
symbol engine: initialized successfully - sym options: 0x614 - pdb path: .;C:\Users\Kikine\OneDrive\Documents\mes cours de programmation\programmes\eclipse\plugins\org.eclipse.justj.openjdk.hotspot.jre.full.win32.x86_64_15.0.1.v20201027-0507\jre\bin;C:\WINDOWS\SYSTEM32;C:\WINDOWS\WinSxS\amd64_microsoft.windows.common-controls_6595b64144ccf1df_6.0.19041.844_none_ca00b6081b84eb1d;C:\Users\Kikine\OneDrive\Documents\mes cours de programmation\programmes\eclipse\plugins\org.eclipse.justj.openjdk.hotspot.jre.full.win32.x86_64_15.0.1.v20201027-0507\jre\bin\server

VM Arguments:
jvm_args: -XX:+ShowCodeDetailsInExceptionMessages -agentlib:jdwp=transport=dt_socket,suspend=y,address=localhost:51058 -ea -javaagent:C:\Users\Kikine\OneDrive\Documents\mes cours de programmation\programmes\eclipse\configuration\org.eclipse.osgi\405\0\.cp\lib\javaagent-shaded.jar -Dfile.encoding=UTF-8 
java_command: org.eclipse.jdt.internal.junit.runner.RemoteTestRunner -version 3 -port 51057 -testLoaderClass org.eclipse.jdt.internal.junit5.runner.JUnit5TestLoader -loaderpluginname org.eclipse.jdt.junit5.runtime -classNames com.parkit.parkingsystem.integration.ParkingDataBaseIT
java_class_path (initial): C:\Users\Kikine\eclipse-workspace\MoveIt\target\test-classes;C:\Users\Kikine\eclipse-workspace\MoveIt\target\classes;C:\Users\Kikine\.m2\repository\org\apache\logging\log4j\log4j-api\2.12.1\log4j-api-2.12.1.jar;C:\Users\Kikine\.m2\repository\org\apache\logging\log4j\log4j-core\2.12.1\log4j-core-2.12.1.jar;C:\Users\Kikine\.m2\repository\mysql\mysql-connector-java\8.0.17\mysql-connector-java-8.0.17.jar;C:\Users\Kikine\.m2\repository\com\google\protobuf\protobuf-java\3.6.1\protobuf-java-3.6.1.jar;C:\Users\Kikine\.m2\repository\org\junit\jupiter\junit-jupiter-api\5.3.2\junit-jupiter-api-5.3.2.jar;C:\Users\Kikine\.m2\repository\org\apiguardian\apiguardian-api\1.0.0\apiguardian-api-1.0.0.jar;C:\Users\Kikine\.m2\repository\org\opentest4j\opentest4j\1.1.1\opentest4j-1.1.1.jar;C:\Users\Kikine\.m2\repository\org\junit\platform\junit-platform-commons\1.3.2\junit-platform-commons-1.3.2.jar;C:\Users\Kikine\.m2\repository\org\junit\jupiter\junit-jupiter-engine\5.3.2\junit-jupiter-engine-5.3.2.jar;C:\Users\Kikine\.m2\repository\org\junit\platform\junit-platform-engine\1.3.2\junit-platform-engine-1.3.2.jar;C:\Users\Kikine\.m2\repository\org\mockito\mockito-junit-jupiter\2.23.4\mockito-junit-jupiter-2.23.4.jar;C:\Users\Kikine\.m2\repository\org\mockito\mockito-core\2.23.4\mockito-core-2.23.4.jar;C:\Users\Kikine\.m2\repository\net\bytebuddy\byte-buddy\1.9.3\byte-buddy-1.9.3.jar;C:\Users\Kikine\.m2\repository\net\bytebuddy\byte-buddy-agent\1.9.3\byte-buddy-agent-1.9.3.jar;C:\Users\Kikine\.m2\repository\org\objenesis\objenesis\2.6\objenesis-2.6.jar;C:\Users\Kikine\.m2\repository\org\assertj\assertj-core\3.13.2\assertj-core-3.13.2.jar;C:\Users\Kikine\.m2\repository\org\jacoco\jacoco-maven-plugin\0.8.5\jacoco-maven-plugin-0.8.5.jar;C:\Users\Kikine\.m2\repository\org\apache\maven\maven-plugin-api\3.0\maven-plugin-api-3.0.jar;C:\Users\Kikine\.m2\repository\org\sonatype\sisu\sisu-inject-plexus\1.4.2\sisu-inject-plexus-1.4.2.jar;C:\Users\Kikine\.m2\repository\org
Launcher Type: SUN_STANDARD

[Global flags]
     intx CICompilerCount                          = 12                                        {product} {ergonomic}
     uint ConcGCThreads                            = 3                                         {product} {ergonomic}
     uint G1ConcRefinementThreads                  = 13                                        {product} {ergonomic}
   size_t G1HeapRegionSize                         = 2097152                                   {product} {ergonomic}
    uintx GCDrainStackTargetSize                   = 64                                        {product} {ergonomic}
   size_t InitialHeapSize                          = 266338304                                 {product} {ergonomic}
   size_t MarkStackSize                            = 4194304                                   {product} {ergonomic}
   size_t MaxHeapSize                              = 4248829952                                {product} {ergonomic}
   size_t MaxNewSize                               = 2548039680                                {product} {ergonomic}
   size_t MinHeapDeltaBytes                        = 2097152                                   {product} {ergonomic}
   size_t MinHeapSize                              = 8388608                                   {product} {ergonomic}
    uintx NonNMethodCodeHeapSize                   = 7602480                                {pd product} {ergonomic}
    uintx NonProfiledCodeHeapSize                  = 122027880                              {pd product} {ergonomic}
    uintx ProfiledCodeHeapSize                     = 122027880                              {pd product} {ergonomic}
    uintx ReservedCodeCacheSize                    = 251658240                              {pd product} {ergonomic}
     bool SegmentedCodeCache                       = true                                      {product} {ergonomic}
     bool ShowCodeDetailsInExceptionMessages       = true                                   {manageable} {command line}
   size_t SoftMaxHeapSize                          = 4248829952                             {manageable} {ergonomic}
     bool UseCompressedClassPointers               = true                                 {lp64_product} {ergonomic}
     bool UseCompressedOops                        = true                                 {lp64_product} {ergonomic}
     bool UseG1GC                                  = true                                      {product} {ergonomic}
     bool UseLargePagesIndividualAllocation        = false                                  {pd product} {ergonomic}

Logging:
Log output configuration:
 #0: stdout all=warning uptime,level,tags
 #1: stderr all=off uptime,level,tags

Environment Variables:
JAVA_HOME=C:\Program Files\Java\jdk1.8.0_281
PATH=C:\Users\Kikine\OneDrive\Documents\mes cours de programmation\programmes\eclipse\plugins\org.eclipse.justj.openjdk.hotspot.jre.full.win32.x86_64_15.0.1.v20201027-0507\jre\bin;C:/Users/Kikine/OneDrive/Documents/mes cours de programmation/programmes/eclipse//plugins/org.eclipse.justj.openjdk.hotspot.jre.full.win32.x86_64_15.0.1.v20201027-0507/jre/bin/server;C:/Users/Kikine/OneDrive/Documents/mes cours de programmation/programmes/eclipse//plugins/org.eclipse.justj.openjdk.hotspot.jre.full.win32.x86_64_15.0.1.v20201027-0507/jre/bin;C:\Program Files\Common Files\Oracle\Java\javapath;C:\Program Files (x86)\Common Files\Oracle\Java\javapath;C:\Windows\system32;C:\Windows;C:\Windows\System32\Wbem;C:\Windows\System32\WindowsPowerShell\v1.0\;C:\Windows\System32\OpenSSH\;C:\Program Files (x86)\NVIDIA Corporation\PhysX\Common;C:\Program Files\NVIDIA Corporation\NVIDIA NvDLISR;C:\Program Files\nodejs\;C:\Program Files\Microsoft SQL Server\120\Tools\Binn\;C:\Program Files\Common Files\Autodesk Shared\;C:\WINDOWS\system32;C:\WINDOWS;C:\WINDOWS\System32\Wbem;C:\WINDOWS\System32\WindowsPowerShell\v1.0\;C:\WINDOWS\System32\OpenSSH\;C:\Program Files\Git\cmd;C:\Program Files\dotnet\;C:\Program Files\Microsoft SQL Server\130\Tools\Binn\;C:\Program Files\Microsoft SQL Server\Client SDK\ODBC\170\Tools\Binn\;C:\apache-maven-3.6.3\bin;C:\Program Files\Java\jdk-11.0.10\bin;C:\Program Files\Java\jdk1.8.0_281\bin;C:\Program Files\MySQL\MySQL Shell 8.0\bin\;C:\Users\Kikine\AppData\Local\Microsoft\WindowsApps;C:\Users\Kikine\AppData\Roaming\npm;C:\Users\Kikine\AppData\Local\Programs\Microsoft VS Code\bin;C:\Users\Kikine\.dotnet\tools;;C:\Users\Kikine\OneDrive\Documents\mes cours de programmation\programmes\eclipse;
USERNAME=Kikine
OS=Windows_NT
PROCESSOR_IDENTIFIER=Intel64 Family 6 Model 165 Stepping 2, GenuineIntel



---------------  S Y S T E M  ---------------

OS:
 Windows 10 , 64 bit Build 19041 (10.0.19041.804)
OS uptime: 4 days 4:24 hours

CPU: total 16 (initial active 16) (8 cores per cpu, 2 threads per core) family 6 model 165 stepping 2 microcode 0xe0, cmov, cx8, fxsr, mmx, sse, sse2, sse3, ssse3, sse4.1, sse4.2, popcnt, vzeroupper, avx, avx2, aes, clmul, erms, 3dnowpref, lzcnt, ht, tsc, tscinvbit, bmi1, bmi2, adx, fma, clflush, clflushopt

Memory: 4k page, system-wide physical 16203M (4741M free)
TotalPageFile size 29908M (AvailPageFile size 5693M)
current process WorkingSet (physical memory assigned to process): 217M, peak: 330M
current process commit charge ("private bytes"): 298M, peak: 426M

vm_info: OpenJDK 64-Bit Server VM (15.0.1+9-18) for windows-amd64 JRE (15.0.1+9-18), built on Sep 15 2020 14:39:31 by "mach5one" with unknown MS VC++:1925

END.
