#
# A fatal error has been detected by the Java Runtime Environment:
#
#  Internal Error (./open/src/hotspot/share/interpreter/oopMapCache.cpp:111), pid=20708, tid=12616
#  Error: ShouldNotReachHere()
#
# JRE version: OpenJDK Runtime Environment (15.0.1+9) (build 15.0.1+9-18)
# Java VM: OpenJDK 64-Bit Server VM (15.0.1+9-18, mixed mode, tiered, compressed oops, g1 gc, windows-amd64)
# No core dump will be written. Minidumps are not enabled by default on client versions of Windows
#
# If you would like to submit a bug report, please visit:
#   https://bugreport.java.com/bugreport/crash.jsp
#

---------------  S U M M A R Y ------------

Command Line: -XX:+ShowCodeDetailsInExceptionMessages -agentlib:jdwp=transport=dt_socket,suspend=y,address=localhost:52648 -ea -javaagent:C:\Users\Kikine\OneDrive\Documents\mes cours de programmation\programmes\eclipse\configuration\org.eclipse.osgi\405\0\.cp\lib\javaagent-shaded.jar -Dfile.encoding=UTF-8 org.eclipse.jdt.internal.junit.runner.RemoteTestRunner -version 3 -port 52647 -testLoaderClass org.eclipse.jdt.internal.junit5.runner.JUnit5TestLoader -loaderpluginname org.eclipse.jdt.junit5.runtime -classNames com.parkit.parkingsystem.integration.ParkingDataBaseIT

Host: Intel(R) Core(TM) i7-10875H CPU @ 2.30GHz, 16 cores, 15G,  Windows 10 , 64 bit Build 19041 (10.0.19041.804)
Time: Sat Apr  3 21:23:24 2021 Paris, Madrid (heure d’été) elapsed time: 900.299752 seconds (0d 0h 15m 0s)

---------------  T H R E A D  ---------------

Current thread (0x000001a90829e4a0):  JavaThread "JDWP Transport Listener: dt_socket" daemon [_thread_in_vm, id=12616, stack(0x0000003202b00000,0x0000003202c00000)] _threads_hazard_ptr=0x000001a9095c7a00

Stack: [0x0000003202b00000,0x0000003202c00000]
Native frames: (J=compiled Java code, j=interpreted, Vv=VM code, C=native code)
V  [jvm.dll+0x62ae9a]
V  [jvm.dll+0x781389]
V  [jvm.dll+0x782ae3]
V  [jvm.dll+0x7830f7]
V  [jvm.dll+0x2161cc]
V  [jvm.dll+0x216113]
V  [jvm.dll+0x619caa]
V  [jvm.dll+0x619963]
V  [jvm.dll+0x5df038]
V  [jvm.dll+0x7783ef]
V  [jvm.dll+0x4f04b1]
V  [jvm.dll+0x787e95]
V  [jvm.dll+0x4d430a]
V  [jvm.dll+0x49548b]
C  [jdwp.dll+0x796b]


---------------  P R O C E S S  ---------------

Threads class SMR info:
_java_thread_list=0x000001a9095c7a00, length=16, elements={
0x000001a967cf6bd0, 0x000001a97f7da250, 0x000001a97f7dcd40, 0x000001a907f76000,
0x000001a907f78fe0, 0x000001a907f799a0, 0x000001a907f7a740, 0x000001a97f7e9fe0,
0x000001a97f7eb0c0, 0x000001a90812d940, 0x000001a90829e4a0, 0x000001a9081ecbf0,
0x000001a9081ed6e0, 0x000001a90891b300, 0x000001a909348a20, 0x000001a90c861700
}

Java Threads: ( => current thread )
  0x000001a967cf6bd0 JavaThread "main" [_thread_blocked, id=17952, stack(0x0000003201800000,0x0000003201900000)]
  0x000001a97f7da250 JavaThread "Reference Handler" daemon [_thread_blocked, id=25988, stack(0x0000003201f00000,0x0000003202000000)]
  0x000001a97f7dcd40 JavaThread "Finalizer" daemon [_thread_blocked, id=19720, stack(0x0000003202000000,0x0000003202100000)]
  0x000001a907f76000 JavaThread "Signal Dispatcher" daemon [_thread_blocked, id=18412, stack(0x0000003202100000,0x0000003202200000)]
  0x000001a907f78fe0 JavaThread "Attach Listener" daemon [_thread_blocked, id=7544, stack(0x0000003202200000,0x0000003202300000)]
  0x000001a907f799a0 JavaThread "Service Thread" daemon [_thread_blocked, id=30600, stack(0x0000003202300000,0x0000003202400000)]
  0x000001a907f7a740 JavaThread "C2 CompilerThread0" daemon [_thread_blocked, id=5888, stack(0x0000003202400000,0x0000003202500000)]
  0x000001a97f7e9fe0 JavaThread "C1 CompilerThread0" daemon [_thread_blocked, id=11640, stack(0x0000003202500000,0x0000003202600000)]
  0x000001a97f7eb0c0 JavaThread "Sweeper thread" daemon [_thread_blocked, id=21072, stack(0x0000003202600000,0x0000003202700000)]
  0x000001a90812d940 JavaThread "Common-Cleaner" daemon [_thread_blocked, id=31364, stack(0x0000003202700000,0x0000003202800000)]
=>0x000001a90829e4a0 JavaThread "JDWP Transport Listener: dt_socket" daemon [_thread_in_vm, id=12616, stack(0x0000003202b00000,0x0000003202c00000)] _threads_hazard_ptr=0x000001a9095c7a00
  0x000001a9081ecbf0 JavaThread "JDWP Event Helper Thread" daemon [_thread_blocked, id=30308, stack(0x0000003202c00000,0x0000003202d00000)]
  0x000001a9081ed6e0 JavaThread "JDWP Command Reader" daemon [_thread_in_native, id=5072, stack(0x0000003202d00000,0x0000003202e00000)]
  0x000001a90891b300 JavaThread "Notification Thread" daemon [_thread_blocked, id=10760, stack(0x0000003202e00000,0x0000003202f00000)]
  0x000001a909348a20 JavaThread "ReaderThread" [_thread_in_native, id=28376, stack(0x0000003203000000,0x0000003203100000)]
  0x000001a90c861700 JavaThread "mysql-cj-abandoned-connection-cleanup" daemon [_thread_blocked, id=18852, stack(0x0000003203d00000,0x0000003203e00000)]

Other Threads:
  0x000001a907f2e6b0 VMThread "VM Thread" [stack: 0x0000003201e00000,0x0000003201f00000] [id=24304]
  0x000001a9083f6590 WatcherThread [stack: 0x0000003202f00000,0x0000003203000000] [id=24260]
  0x000001a967d48b30 GCTaskThread "GC Thread#0" [stack: 0x0000003201900000,0x0000003201a00000] [id=29888]
  0x000001a9081d9ca0 GCTaskThread "GC Thread#1" [stack: 0x0000003203200000,0x0000003203300000] [id=8868]
  0x000001a9081d7990 GCTaskThread "GC Thread#2" [stack: 0x0000003203300000,0x0000003203400000] [id=12500]
  0x000001a9081da960 GCTaskThread "GC Thread#3" [stack: 0x0000003203400000,0x0000003203500000] [id=29484]
  0x000001a9081d7660 GCTaskThread "GC Thread#4" [stack: 0x0000003203500000,0x0000003203600000] [id=21528]
  0x000001a9081d7cc0 GCTaskThread "GC Thread#5" [stack: 0x0000003203600000,0x0000003203700000] [id=11996]
  0x000001a967d5c190 ConcurrentGCThread "G1 Main Marker" [stack: 0x0000003201a00000,0x0000003201b00000] [id=25336]
  0x000001a967d5cc90 ConcurrentGCThread "G1 Conc#0" [stack: 0x0000003201b00000,0x0000003201c00000] [id=30936]
  0x000001a9081d9310 ConcurrentGCThread "G1 Conc#1" [stack: 0x0000003203b00000,0x0000003203c00000] [id=25520]
  0x000001a9081dac90 ConcurrentGCThread "G1 Conc#2" [stack: 0x0000003203c00000,0x0000003203d00000] [id=20420]
  0x000001a967dbe0e0 ConcurrentGCThread "G1 Refine#0" [stack: 0x0000003201c00000,0x0000003201d00000] [id=22864]
  0x000001a967dbebf0 ConcurrentGCThread "G1 Young RemSet Sampling" [stack: 0x0000003201d00000,0x0000003201e00000] [id=26384]

Threads with active compile tasks:

VM state: not at safepoint (normal execution)

VM Mutex/Monitor currently owned by a thread: None

Heap address: 0x0000000702c00000, size: 4052 MB, Compressed Oops mode: Zero based, Oop shift amount: 3
CDS disabled.
Compressed class space mapped at: 0x0000000800000000-0x0000000840000000, size: 1073741824
Narrow klass base: 0x0000000800000000, Narrow klass shift: 0, Narrow klass range: 0x40000000

GC Precious Log:
 CPUs: 16 total, 16 available
 Memory: 16203M
 Large Page Support: Disabled
 NUMA Support: Disabled
 Compressed Oops: Enabled (Zero based)
 Heap Region Size: 2M
 Heap Min Capacity: 8M
 Heap Initial Capacity: 254M
 Heap Max Capacity: 4052M
 Pre-touch: Disabled
 Parallel Workers: 13
 Concurrent Workers: 3
 Concurrent Refinement Workers: 13
 Periodic GC: Disabled

Heap:
 garbage-first heap   total 153600K, used 47917K [0x0000000702c00000, 0x0000000800000000)
  region size 2048K, 20 young (40960K), 1 survivors (2048K)
 Metaspace       used 33763K, capacity 34097K, committed 34304K, reserved 1079296K
  class space    used 3982K, capacity 4089K, committed 4096K, reserved 1048576K

Heap Regions: E=young(eden), S=young(survivor), O=old, HS=humongous(starts), HC=humongous(continues), CS=collection set, F=free, OA=open archive, CA=closed archive, TAMS=top-at-mark-start (previous, next)
|   0|0x0000000702c00000, 0x0000000702e00000, 0x0000000702e00000|100%| O|  |TAMS 0x0000000702e00000, 0x0000000702c00000| Untracked 
|   1|0x0000000702e00000, 0x0000000703000000, 0x0000000703000000|100%| O|  |TAMS 0x0000000703000000, 0x0000000702e00000| Untracked 
|   2|0x0000000703000000, 0x0000000703049000, 0x0000000703200000| 14%| O|  |TAMS 0x0000000703049000, 0x0000000703000000| Untracked 
|   3|0x0000000703200000, 0x0000000703400000, 0x0000000703400000|100%| O|  |TAMS 0x0000000703200000, 0x0000000703200000| Untracked 
|   4|0x0000000703400000, 0x0000000703600000, 0x0000000703600000|100%| O|  |TAMS 0x0000000703400000, 0x0000000703400000| Untracked 
|   5|0x0000000703600000, 0x00000007037a1800, 0x0000000703800000| 81%| O|  |TAMS 0x0000000703600000, 0x0000000703600000| Untracked 
|   6|0x0000000703800000, 0x0000000703800000, 0x0000000703a00000|  0%| F|  |TAMS 0x0000000703800000, 0x0000000703800000| Untracked 
|   7|0x0000000703a00000, 0x0000000703a00000, 0x0000000703c00000|  0%| F|  |TAMS 0x0000000703a00000, 0x0000000703a00000| Untracked 
|   8|0x0000000703c00000, 0x0000000703c00000, 0x0000000703e00000|  0%| F|  |TAMS 0x0000000703c00000, 0x0000000703c00000| Untracked 
|   9|0x0000000703e00000, 0x0000000703e00000, 0x0000000704000000|  0%| F|  |TAMS 0x0000000703e00000, 0x0000000703e00000| Untracked 
|  10|0x0000000704000000, 0x00000007040e0ec0, 0x0000000704200000| 43%| S|CS|TAMS 0x0000000704000000, 0x0000000704000000| Complete 
|  11|0x0000000704200000, 0x0000000704200000, 0x0000000704400000|  0%| F|  |TAMS 0x0000000704200000, 0x0000000704200000| Untracked 
|  12|0x0000000704400000, 0x0000000704400000, 0x0000000704600000|  0%| F|  |TAMS 0x0000000704400000, 0x0000000704400000| Untracked 
|  13|0x0000000704600000, 0x0000000704600000, 0x0000000704800000|  0%| F|  |TAMS 0x0000000704600000, 0x0000000704600000| Untracked 
|  14|0x0000000704800000, 0x0000000704800000, 0x0000000704a00000|  0%| F|  |TAMS 0x0000000704800000, 0x0000000704800000| Untracked 
|  15|0x0000000704a00000, 0x0000000704a00000, 0x0000000704c00000|  0%| F|  |TAMS 0x0000000704a00000, 0x0000000704a00000| Untracked 
|  16|0x0000000704c00000, 0x0000000704c00000, 0x0000000704e00000|  0%| F|  |TAMS 0x0000000704c00000, 0x0000000704c00000| Untracked 
|  17|0x0000000704e00000, 0x0000000704e00000, 0x0000000705000000|  0%| F|  |TAMS 0x0000000704e00000, 0x0000000704e00000| Untracked 
|  18|0x0000000705000000, 0x0000000705000000, 0x0000000705200000|  0%| F|  |TAMS 0x0000000705000000, 0x0000000705000000| Untracked 
|  19|0x0000000705200000, 0x0000000705200000, 0x0000000705400000|  0%| F|  |TAMS 0x0000000705200000, 0x0000000705200000| Untracked 
|  20|0x0000000705400000, 0x0000000705400000, 0x0000000705600000|  0%| F|  |TAMS 0x0000000705400000, 0x0000000705400000| Untracked 
|  21|0x0000000705600000, 0x0000000705600000, 0x0000000705800000|  0%| F|  |TAMS 0x0000000705600000, 0x0000000705600000| Untracked 
|  22|0x0000000705800000, 0x0000000705800000, 0x0000000705a00000|  0%| F|  |TAMS 0x0000000705800000, 0x0000000705800000| Untracked 
|  23|0x0000000705a00000, 0x0000000705a00000, 0x0000000705c00000|  0%| F|  |TAMS 0x0000000705a00000, 0x0000000705a00000| Untracked 
|  24|0x0000000705c00000, 0x0000000705c00000, 0x0000000705e00000|  0%| F|  |TAMS 0x0000000705c00000, 0x0000000705c00000| Untracked 
|  25|0x0000000705e00000, 0x0000000705e00000, 0x0000000706000000|  0%| F|  |TAMS 0x0000000705e00000, 0x0000000705e00000| Untracked 
|  26|0x0000000706000000, 0x0000000706000000, 0x0000000706200000|  0%| F|  |TAMS 0x0000000706000000, 0x0000000706000000| Untracked 
|  27|0x0000000706200000, 0x0000000706200000, 0x0000000706400000|  0%| F|  |TAMS 0x0000000706200000, 0x0000000706200000| Untracked 
|  28|0x0000000706400000, 0x0000000706400000, 0x0000000706600000|  0%| F|  |TAMS 0x0000000706400000, 0x0000000706400000| Untracked 
|  29|0x0000000706600000, 0x0000000706600000, 0x0000000706800000|  0%| F|  |TAMS 0x0000000706600000, 0x0000000706600000| Untracked 
|  30|0x0000000706800000, 0x0000000706800000, 0x0000000706a00000|  0%| F|  |TAMS 0x0000000706800000, 0x0000000706800000| Untracked 
|  31|0x0000000706a00000, 0x0000000706a00000, 0x0000000706c00000|  0%| F|  |TAMS 0x0000000706a00000, 0x0000000706a00000| Untracked 
|  32|0x0000000706c00000, 0x0000000706c00000, 0x0000000706e00000|  0%| F|  |TAMS 0x0000000706c00000, 0x0000000706c00000| Untracked 
|  33|0x0000000706e00000, 0x0000000706e00000, 0x0000000707000000|  0%| F|  |TAMS 0x0000000706e00000, 0x0000000706e00000| Untracked 
|  34|0x0000000707000000, 0x0000000707000000, 0x0000000707200000|  0%| F|  |TAMS 0x0000000707000000, 0x0000000707000000| Untracked 
|  35|0x0000000707200000, 0x0000000707200000, 0x0000000707400000|  0%| F|  |TAMS 0x0000000707200000, 0x0000000707200000| Untracked 
|  36|0x0000000707400000, 0x0000000707400000, 0x0000000707600000|  0%| F|  |TAMS 0x0000000707400000, 0x0000000707400000| Untracked 
|  37|0x0000000707600000, 0x0000000707600000, 0x0000000707800000|  0%| F|  |TAMS 0x0000000707600000, 0x0000000707600000| Untracked 
|  38|0x0000000707800000, 0x0000000707800000, 0x0000000707a00000|  0%| F|  |TAMS 0x0000000707800000, 0x0000000707800000| Untracked 
|  39|0x0000000707a00000, 0x0000000707a00000, 0x0000000707c00000|  0%| F|  |TAMS 0x0000000707a00000, 0x0000000707a00000| Untracked 
|  40|0x0000000707c00000, 0x0000000707c00000, 0x0000000707e00000|  0%| F|  |TAMS 0x0000000707c00000, 0x0000000707c00000| Untracked 
|  41|0x0000000707e00000, 0x0000000707e00000, 0x0000000708000000|  0%| F|  |TAMS 0x0000000707e00000, 0x0000000707e00000| Untracked 
|  42|0x0000000708000000, 0x0000000708000000, 0x0000000708200000|  0%| F|  |TAMS 0x0000000708000000, 0x0000000708000000| Untracked 
|  43|0x0000000708200000, 0x0000000708200000, 0x0000000708400000|  0%| F|  |TAMS 0x0000000708200000, 0x0000000708200000| Untracked 
|  44|0x0000000708400000, 0x0000000708400000, 0x0000000708600000|  0%| F|  |TAMS 0x0000000708400000, 0x0000000708400000| Untracked 
|  45|0x0000000708600000, 0x0000000708600000, 0x0000000708800000|  0%| F|  |TAMS 0x0000000708600000, 0x0000000708600000| Untracked 
|  46|0x0000000708800000, 0x0000000708800000, 0x0000000708a00000|  0%| F|  |TAMS 0x0000000708800000, 0x0000000708800000| Untracked 
|  47|0x0000000708a00000, 0x0000000708a00000, 0x0000000708c00000|  0%| F|  |TAMS 0x0000000708a00000, 0x0000000708a00000| Untracked 
|  48|0x0000000708c00000, 0x0000000708c00000, 0x0000000708e00000|  0%| F|  |TAMS 0x0000000708c00000, 0x0000000708c00000| Untracked 
|  49|0x0000000708e00000, 0x0000000708e00000, 0x0000000709000000|  0%| F|  |TAMS 0x0000000708e00000, 0x0000000708e00000| Untracked 
|  50|0x0000000709000000, 0x0000000709000000, 0x0000000709200000|  0%| F|  |TAMS 0x0000000709000000, 0x0000000709000000| Untracked 
|  51|0x0000000709200000, 0x0000000709200000, 0x0000000709400000|  0%| F|  |TAMS 0x0000000709200000, 0x0000000709200000| Untracked 
|  52|0x0000000709400000, 0x0000000709400000, 0x0000000709600000|  0%| F|  |TAMS 0x0000000709400000, 0x0000000709400000| Untracked 
|  53|0x0000000709600000, 0x0000000709600000, 0x0000000709800000|  0%| F|  |TAMS 0x0000000709600000, 0x0000000709600000| Untracked 
|  54|0x0000000709800000, 0x0000000709800000, 0x0000000709a00000|  0%| F|  |TAMS 0x0000000709800000, 0x0000000709800000| Untracked 
|  55|0x0000000709a00000, 0x0000000709a00000, 0x0000000709c00000|  0%| F|  |TAMS 0x0000000709a00000, 0x0000000709a00000| Untracked 
|  56|0x0000000709c00000, 0x0000000709d06678, 0x0000000709e00000| 51%| E|  |TAMS 0x0000000709c00000, 0x0000000709c00000| Complete 
|  57|0x0000000709e00000, 0x000000070a000000, 0x000000070a000000|100%| E|CS|TAMS 0x0000000709e00000, 0x0000000709e00000| Complete 
|  58|0x000000070a000000, 0x000000070a200000, 0x000000070a200000|100%| E|CS|TAMS 0x000000070a000000, 0x000000070a000000| Complete 
|  59|0x000000070a200000, 0x000000070a400000, 0x000000070a400000|100%| E|CS|TAMS 0x000000070a200000, 0x000000070a200000| Complete 
|  60|0x000000070a400000, 0x000000070a600000, 0x000000070a600000|100%| E|CS|TAMS 0x000000070a400000, 0x000000070a400000| Complete 
|  61|0x000000070a600000, 0x000000070a800000, 0x000000070a800000|100%| E|CS|TAMS 0x000000070a600000, 0x000000070a600000| Complete 
|  62|0x000000070a800000, 0x000000070aa00000, 0x000000070aa00000|100%| E|CS|TAMS 0x000000070a800000, 0x000000070a800000| Complete 
|  63|0x000000070aa00000, 0x000000070ac00000, 0x000000070ac00000|100%| E|CS|TAMS 0x000000070aa00000, 0x000000070aa00000| Complete 
|  64|0x000000070ac00000, 0x000000070ae00000, 0x000000070ae00000|100%| E|CS|TAMS 0x000000070ac00000, 0x000000070ac00000| Complete 
|  65|0x000000070ae00000, 0x000000070b000000, 0x000000070b000000|100%| E|CS|TAMS 0x000000070ae00000, 0x000000070ae00000| Complete 
|  66|0x000000070b000000, 0x000000070b200000, 0x000000070b200000|100%| E|CS|TAMS 0x000000070b000000, 0x000000070b000000| Complete 
|  67|0x000000070b200000, 0x000000070b400000, 0x000000070b400000|100%| E|CS|TAMS 0x000000070b200000, 0x000000070b200000| Complete 
|  68|0x000000070b400000, 0x000000070b600000, 0x000000070b600000|100%| E|CS|TAMS 0x000000070b400000, 0x000000070b400000| Complete 
|  69|0x000000070b600000, 0x000000070b800000, 0x000000070b800000|100%| E|CS|TAMS 0x000000070b600000, 0x000000070b600000| Complete 
|  70|0x000000070b800000, 0x000000070ba00000, 0x000000070ba00000|100%| E|CS|TAMS 0x000000070b800000, 0x000000070b800000| Complete 
|  71|0x000000070ba00000, 0x000000070bc00000, 0x000000070bc00000|100%| E|CS|TAMS 0x000000070ba00000, 0x000000070ba00000| Complete 
| 103|0x000000070fa00000, 0x000000070fc00000, 0x000000070fc00000|100%| E|CS|TAMS 0x000000070fa00000, 0x000000070fa00000| Complete 
| 104|0x000000070fc00000, 0x000000070fe00000, 0x000000070fe00000|100%| E|CS|TAMS 0x000000070fc00000, 0x000000070fc00000| Complete 
| 126|0x0000000712800000, 0x0000000712a00000, 0x0000000712a00000|100%| E|CS|TAMS 0x0000000712800000, 0x0000000712800000| Complete 

Card table byte_map: [0x000001a97b770000,0x000001a97bf60000] _byte_map_base: 0x000001a977f5a000

Marking Bits (Prev, Next): (CMBitMap*) 0x000001a967d4a300, (CMBitMap*) 0x000001a967d4a2c0
 Prev Bits: [0x000001a903f50000, 0x000001a907ea0000)
 Next Bits: [0x000001a900000000, 0x000001a903f50000)

Polling page: 0x000001a965cf0000

Metaspace:

Usage:
  Non-class:     29.30 MB capacity,    29.08 MB (>99%) used,   188.56 KB ( <1%) free+waste,    38.38 KB ( <1%) overhead. 
      Class:      3.99 MB capacity,     3.89 MB ( 97%) used,    93.05 KB (  2%) free+waste,    13.88 KB ( <1%) overhead. 
       Both:     33.30 MB capacity,    32.97 MB (>99%) used,   281.62 KB ( <1%) free+waste,    52.25 KB ( <1%) overhead. 

Virtual space:
  Non-class space:       30.00 MB reserved,      29.50 MB ( 98%) committed 
      Class space:        1.00 GB reserved,       4.00 MB ( <1%) committed 
             Both:        1.03 GB reserved,      33.50 MB (  3%) committed 

Chunk freelists:
   Non-Class:  8.00 KB
       Class:  7.00 KB
        Both:  15.00 KB

MaxMetaspaceSize: 17179869184.00 GB
CompressedClassSpaceSize: 1.00 GB

CodeHeap 'non-profiled nmethods': size=119168Kb used=2566Kb max_used=2566Kb free=116601Kb
 bounds [0x000001a9732a0000, 0x000001a973530000, 0x000001a97a700000]
CodeHeap 'profiled nmethods': size=119104Kb used=6761Kb max_used=6761Kb free=112342Kb
 bounds [0x000001a96be50000, 0x000001a96c4f0000, 0x000001a9732a0000]
CodeHeap 'non-nmethods': size=7488Kb used=1374Kb max_used=3226Kb free=6113Kb
 bounds [0x000001a96b700000, 0x000001a96ba50000, 0x000001a96be50000]
 total_blobs=3825 nmethods=3255 adapters=482
 compilation: enabled
              stopped_count=0, restarted_count=0
 full_count=0

Compilation events (20 events):
Event: 2.076 Thread 0x000001a97f7e9fe0 3252       3       java.lang.reflect.Constructor::checkCanSetAccessible (29 bytes)
Event: 2.076 Thread 0x000001a97f7e9fe0 nmethod 3252 0x000001a96c4e7f10 code [0x000001a96c4e80e0, 0x000001a96c4e83d8]
Event: 2.079 Thread 0x000001a90c0e5250 nmethod 3247 0x000001a9734ba110 code [0x000001a9734ba2c0, 0x000001a9734ba7c8]
Event: 2.079 Thread 0x000001a90c0e5250 3219       4       sun.security.util.DisabledAlgorithmConstraints::permits (56 bytes)
Event: 2.086 Thread 0x000001a908a6b5b0 nmethod 3146 0x000001a9734bab90 code [0x000001a9734bafc0, 0x000001a9734bfb98]
Event: 2.126 Thread 0x000001a90b348680 nmethod 3189 0x000001a9734c2110 code [0x000001a9734c2420, 0x000001a9734c5a38]
Event: 2.177 Thread 0x000001a908195130 nmethod 3180 0x000001a9734c7890 code [0x000001a9734c8000, 0x000001a9734cd110]
Event: 2.293 Thread 0x000001a907f7a740 nmethod 2271% 0x000001a9734d0010 code [0x000001a9734d0780, 0x000001a9734f5780]
Event: 2.357 Thread 0x000001a909a98bf0 nmethod 3026 0x000001a973501110 code [0x000001a9735017c0, 0x000001a97350be60]
Event: 2.466 Thread 0x000001a90c0e5250 nmethod 3219 0x000001a973511490 code [0x000001a973511e80, 0x000001a97351ca80]
Event: 116.706 Thread 0x000001a97f7e9fe0 3253       3       java.lang.ClassLoader::getResource (41 bytes)
Event: 116.706 Thread 0x000001a97f7e9fe0 nmethod 3253 0x000001a96c4e8510 code [0x000001a96c4e8720, 0x000001a96c4e8d38]
Event: 317.094 Thread 0x000001a97f7e9fe0 3254       3       java.lang.Thread::getContextClassLoader (32 bytes)
Event: 317.097 Thread 0x000001a97f7e9fe0 nmethod 3254 0x000001a96c4e8f10 code [0x000001a96c4e9140, 0x000001a96c4e9b38]
Event: 552.446 Thread 0x000001a97f7e9fe0 3255       3       jdk.internal.loader.URLClassPath::findResource (38 bytes)
Event: 552.447 Thread 0x000001a97f7e9fe0 nmethod 3255 0x000001a96c4e9e90 code [0x000001a96c4ea060, 0x000001a96c4ea398]
Event: 627.553 Thread 0x000001a97f7e9fe0 3256       1       jdk.internal.loader.URLClassPath$FileLoader$1::getURL (5 bytes)
Event: 627.553 Thread 0x000001a97f7e9fe0 nmethod 3256 0x000001a973521210 code [0x000001a9735213a0, 0x000001a973521458]
Event: 707.675 Thread 0x000001a907f7a740 3257       4       java.lang.StringLatin1::indexOf (25 bytes)
Event: 707.676 Thread 0x000001a907f7a740 nmethod 3257 0x000001a973521510 code [0x000001a9735216a0, 0x000001a9735218d8]

GC Heap History (14 events):
Event: 0.482 GC heap before
{Heap before GC invocations=0 (full 0):
 garbage-first heap   total 260096K, used 22528K [0x0000000702c00000, 0x0000000800000000)
  region size 2048K, 11 young (22528K), 0 survivors (0K)
 Metaspace       used 12042K, capacity 12256K, committed 12416K, reserved 1060864K
  class space    used 1068K, capacity 1119K, committed 1152K, reserved 1048576K
}
Event: 0.485 GC heap after
{Heap after GC invocations=1 (full 0):
 garbage-first heap   total 260096K, used 4489K [0x0000000702c00000, 0x0000000800000000)
  region size 2048K, 2 young (4096K), 2 survivors (4096K)
 Metaspace       used 12042K, capacity 12256K, committed 12416K, reserved 1060864K
  class space    used 1068K, capacity 1119K, committed 1152K, reserved 1048576K
}
Event: 0.755 GC heap before
{Heap before GC invocations=1 (full 0):
 garbage-first heap   total 260096K, used 33161K [0x0000000702c00000, 0x0000000800000000)
  region size 2048K, 16 young (32768K), 2 survivors (4096K)
 Metaspace       used 16129K, capacity 16288K, committed 16640K, reserved 1064960K
  class space    used 1609K, capacity 1695K, committed 1792K, reserved 1048576K
}
Event: 0.759 GC heap after
{Heap after GC invocations=2 (full 0):
 garbage-first heap   total 260096K, used 5298K [0x0000000702c00000, 0x0000000800000000)
  region size 2048K, 1 young (2048K), 1 survivors (2048K)
 Metaspace       used 16129K, capacity 16288K, committed 16640K, reserved 1064960K
  class space    used 1609K, capacity 1695K, committed 1792K, reserved 1048576K
}
Event: 1.070 GC heap before
{Heap before GC invocations=2 (full 0):
 garbage-first heap   total 260096K, used 46258K [0x0000000702c00000, 0x0000000800000000)
  region size 2048K, 22 young (45056K), 1 survivors (2048K)
 Metaspace       used 20805K, capacity 21037K, committed 21248K, reserved 1069056K
  class space    used 2198K, capacity 2289K, committed 2304K, reserved 1048576K
}
Event: 1.072 GC heap after
{Heap after GC invocations=3 (full 0):
 garbage-first heap   total 260096K, used 6599K [0x0000000702c00000, 0x0000000800000000)
  region size 2048K, 2 young (4096K), 2 survivors (4096K)
 Metaspace       used 20805K, capacity 21037K, committed 21248K, reserved 1069056K
  class space    used 2198K, capacity 2289K, committed 2304K, reserved 1048576K
}
Event: 1.289 GC heap before
{Heap before GC invocations=4 (full 0):
 garbage-first heap   total 40960K, used 35271K [0x0000000702c00000, 0x0000000800000000)
  region size 2048K, 17 young (34816K), 2 survivors (4096K)
 Metaspace       used 24439K, capacity 24727K, committed 24960K, reserved 1071104K
  class space    used 2578K, capacity 2663K, committed 2688K, reserved 1048576K
}
Event: 1.292 GC heap after
{Heap after GC invocations=5 (full 0):
 garbage-first heap   total 45056K, used 8441K [0x0000000702c00000, 0x0000000800000000)
  region size 2048K, 2 young (4096K), 2 survivors (4096K)
 Metaspace       used 24439K, capacity 24727K, committed 24960K, reserved 1071104K
  class space    used 2578K, capacity 2663K, committed 2688K, reserved 1048576K
}
Event: 1.540 GC heap before
{Heap before GC invocations=5 (full 0):
 garbage-first heap   total 45056K, used 28921K [0x0000000702c00000, 0x0000000800000000)
  region size 2048K, 12 young (24576K), 2 survivors (4096K)
 Metaspace       used 28542K, capacity 28792K, committed 29056K, reserved 1075200K
  class space    used 3066K, capacity 3181K, committed 3200K, reserved 1048576K
}
Event: 1.544 GC heap after
{Heap after GC invocations=6 (full 0):
 garbage-first heap   total 45056K, used 10497K [0x0000000702c00000, 0x0000000800000000)
  region size 2048K, 2 young (4096K), 2 survivors (4096K)
 Metaspace       used 28542K, capacity 28792K, committed 29056K, reserved 1075200K
  class space    used 3066K, capacity 3181K, committed 3200K, reserved 1048576K
}
Event: 1.657 GC heap before
{Heap before GC invocations=6 (full 0):
 garbage-first heap   total 45056K, used 26881K [0x0000000702c00000, 0x0000000800000000)
  region size 2048K, 10 young (20480K), 2 survivors (4096K)
 Metaspace       used 30223K, capacity 30520K, committed 30720K, reserved 1077248K
  class space    used 3388K, capacity 3501K, committed 3584K, reserved 1048576K
}
Event: 1.659 GC heap after
{Heap after GC invocations=7 (full 0):
 garbage-first heap   total 45056K, used 10927K [0x0000000702c00000, 0x0000000800000000)
  region size 2048K, 2 young (4096K), 2 survivors (4096K)
 Metaspace       used 30223K, capacity 30520K, committed 30720K, reserved 1077248K
  class space    used 3388K, capacity 3501K, committed 3584K, reserved 1048576K
}
Event: 1.793 GC heap before
{Heap before GC invocations=7 (full 0):
 garbage-first heap   total 45056K, used 29359K [0x0000000702c00000, 0x0000000800000000)
  region size 2048K, 11 young (22528K), 2 survivors (4096K)
 Metaspace       used 31799K, capacity 32083K, committed 32256K, reserved 1077248K
  class space    used 3705K, capacity 3827K, committed 3840K, reserved 1048576K
}
Event: 1.795 GC heap after
{Heap after GC invocations=8 (full 0):
 garbage-first heap   total 153600K, used 11053K [0x0000000702c00000, 0x0000000800000000)
  region size 2048K, 1 young (2048K), 1 survivors (2048K)
 Metaspace       used 31799K, capacity 32083K, committed 32256K, reserved 1077248K
  class space    used 3705K, capacity 3827K, committed 3840K, reserved 1048576K
}

Deoptimization events (20 events):
Event: 2.056 Thread 0x000001a967cf6bd0 DEOPT PACKING pc=0x000001a96c48a3d3 sp=0x00000032018fc540
Event: 2.056 Thread 0x000001a967cf6bd0 DEOPT UNPACKING pc=0x000001a96b74e23f sp=0x00000032018fba08 mode 0
Event: 2.056 Thread 0x000001a967cf6bd0 DEOPT PACKING pc=0x000001a96c48a3f9 sp=0x00000032018fc5b0
Event: 2.056 Thread 0x000001a967cf6bd0 DEOPT UNPACKING pc=0x000001a96b74e23f sp=0x00000032018fba78 mode 0
Event: 2.057 Thread 0x000001a967cf6bd0 DEOPT PACKING pc=0x000001a96c48a3d3 sp=0x00000032018fc5b0
Event: 2.057 Thread 0x000001a967cf6bd0 DEOPT UNPACKING pc=0x000001a96b74e23f sp=0x00000032018fba78 mode 0
Event: 2.057 Thread 0x000001a967cf6bd0 DEOPT PACKING pc=0x000001a96c48a3d3 sp=0x00000032018fc5b0
Event: 2.057 Thread 0x000001a967cf6bd0 DEOPT UNPACKING pc=0x000001a96b74e23f sp=0x00000032018fba78 mode 0
Event: 2.063 Thread 0x000001a967cf6bd0 Uncommon trap: trap_request=0xffffff76 fr.pc=0x000001a9734af290 relative=0x0000000000000d70
Event: 2.063 Thread 0x000001a967cf6bd0 Uncommon trap: reason=predicate action=maybe_recompile pc=0x000001a9734af290 method=java.util.AbstractCollection.addAll(Ljava/util/Collection;)Z @ 15 c2
Event: 2.063 Thread 0x000001a967cf6bd0 DEOPT PACKING pc=0x000001a9734af290 sp=0x00000032018fd010
Event: 2.063 Thread 0x000001a967cf6bd0 DEOPT UNPACKING pc=0x000001a96b74e42f sp=0x00000032018fcff8 mode 2
Event: 2.065 Thread 0x000001a967cf6bd0 Uncommon trap: trap_request=0xffffff45 fr.pc=0x000001a9732b948c relative=0x000000000000044c
Event: 2.065 Thread 0x000001a967cf6bd0 Uncommon trap: reason=unstable_if action=reinterpret pc=0x000001a9732b948c method=java.lang.StringLatin1.canEncode(I)Z @ 4 c2
Event: 2.065 Thread 0x000001a967cf6bd0 DEOPT PACKING pc=0x000001a9732b948c sp=0x00000032018fd2e0
Event: 2.065 Thread 0x000001a967cf6bd0 DEOPT UNPACKING pc=0x000001a96b74e42f sp=0x00000032018fd228 mode 2
Event: 2.065 Thread 0x000001a967cf6bd0 Uncommon trap: trap_request=0xffffff45 fr.pc=0x000001a9732b9eb8 relative=0x00000000000003f8
Event: 2.065 Thread 0x000001a967cf6bd0 Uncommon trap: reason=unstable_if action=reinterpret pc=0x000001a9732b9eb8 method=java.lang.AbstractStringBuilder.isLatin1()Z @ 10 c2
Event: 2.065 Thread 0x000001a967cf6bd0 DEOPT PACKING pc=0x000001a9732b9eb8 sp=0x00000032018fd220
Event: 2.065 Thread 0x000001a967cf6bd0 DEOPT UNPACKING pc=0x000001a96b74e42f sp=0x00000032018fd1c0 mode 2

Classes unloaded (0 events):
No events

Classes redefined (8 events):
Event: 343.372 Thread 0x000001a907f2e6b0 redefined class name=com.parkit.parkingsystem.integration.ParkingDataBaseIT, count=1
Event: 385.411 Thread 0x000001a907f2e6b0 redefined class name=com.parkit.parkingsystem.integration.ParkingDataBaseIT, count=2
Event: 400.993 Thread 0x000001a907f2e6b0 redefined class name=com.parkit.parkingsystem.integration.ParkingDataBaseIT, count=3
Event: 454.544 Thread 0x000001a907f2e6b0 redefined class name=com.parkit.parkingsystem.integration.ParkingDataBaseIT, count=4
Event: 478.508 Thread 0x000001a907f2e6b0 redefined class name=com.parkit.parkingsystem.integration.ParkingDataBaseIT, count=5
Event: 746.801 Thread 0x000001a907f2e6b0 redefined class name=com.parkit.parkingsystem.integration.ParkingDataBaseIT, count=6
Event: 785.897 Thread 0x000001a907f2e6b0 redefined class name=com.parkit.parkingsystem.integration.ParkingDataBaseIT, count=7
Event: 853.988 Thread 0x000001a907f2e6b0 redefined class name=com.parkit.parkingsystem.integration.ParkingDataBaseIT, count=8

Internal exceptions (20 events):
Event: 0.519 Thread 0x000001a967cf6bd0 Exception <a 'java/lang/NoSuchMethodError'{0x00000007127d3d30}: 'java.lang.Object java.lang.invoke.DirectMethodHandle$Holder.invokeSpecialIFC(java.lang.Object, java.lang.Object, java.lang.Object, java.lang.Object)'> (0x00000007127d3d30) 
thrown [./open/src/hotspot/share/interpreter/linkResolver.cpp, line 782]
Event: 0.541 Thread 0x000001a967cf6bd0 Exception <a 'java/lang/NoSuchMethodError'{0x0000000712588260}: 'int java.lang.invoke.DirectMethodHandle$Holder.invokeVirtual(java.lang.Object, java.lang.Object, java.lang.Object)'> (0x0000000712588260) 
thrown [./open/src/hotspot/share/interpreter/linkResolver.cpp, line 782]
Event: 0.543 Thread 0x000001a967cf6bd0 Exception <a 'java/lang/NoSuchMethodError'{0x00000007125aac60}: 'void java.lang.invoke.DirectMethodHandle$Holder.invokeInterface(java.lang.Object, java.lang.Object)'> (0x00000007125aac60) 
thrown [./open/src/hotspot/share/interpreter/linkResolver.cpp, line 782]
Event: 0.543 Thread 0x000001a967cf6bd0 Exception <a 'java/lang/IncompatibleClassChangeError'{0x00000007125ae118}: Found class java.lang.Object, but interface was expected> (0x00000007125ae118) 
thrown [./open/src/hotspot/share/interpreter/linkResolver.cpp, line 848]
Event: 0.544 Thread 0x000001a967cf6bd0 Exception <a 'java/lang/NoSuchMethodError'{0x00000007125c13b0}: 'void java.lang.invoke.DirectMethodHandle$Holder.invokeStatic(java.lang.Object, java.lang.Object, java.lang.Object, java.lang.Object)'> (0x00000007125c13b0) 
thrown [./open/src/hotspot/share/interpreter/linkResolver.cpp, line 782]
Event: 0.558 Thread 0x000001a967cf6bd0 Exception <a 'java/lang/NoSuchMethodError'{0x00000007122c5250}: 'void java.lang.invoke.DirectMethodHandle$Holder.invokeInterface(java.lang.Object, java.lang.Object, java.lang.Object, java.lang.Object)'> (0x00000007122c5250) 
thrown [./open/src/hotspot/share/interpreter/linkResolver.cpp, line 782]
Event: 0.558 Thread 0x000001a967cf6bd0 Exception <a 'java/lang/IncompatibleClassChangeError'{0x00000007122c88b0}: Found class java.lang.Object, but interface was expected> (0x00000007122c88b0) 
thrown [./open/src/hotspot/share/interpreter/linkResolver.cpp, line 848]
Event: 0.564 Thread 0x000001a967cf6bd0 Exception <a 'java/lang/NoSuchMethodError'{0x000000071237fb00}: 'int java.lang.invoke.DirectMethodHandle$Holder.invokeStatic(java.lang.Object, java.lang.Object, java.lang.Object, java.lang.Object)'> (0x000000071237fb00) 
thrown [./open/src/hotspot/share/interpreter/linkResolver.cpp, line 782]
Event: 0.564 Thread 0x000001a967cf6bd0 Exception <a 'java/lang/NoSuchMethodError'{0x0000000712383658}: 'java.lang.Object java.lang.invoke.Invokers$Holder.invokeExact_MT(java.lang.Object, java.lang.Object, java.lang.Object, java.lang.Object, java.lang.Object, java.lang.Object)'> (0x0000000712383658) 
thrown [./open/src/hotspot/share/interpreter/linkResolver.cpp, line 782]
Event: 0.575 Thread 0x000001a967cf6bd0 Exception <a 'java/lang/NoSuchMethodError'{0x00000007120da908}: 'int java.lang.invoke.DirectMethodHandle$Holder.invokeStatic(java.lang.Object, java.lang.Object, java.lang.Object, java.lang.Object, java.lang.Object)'> (0x00000007120da908) 
thrown [./open/src/hotspot/share/interpreter/linkResolver.cpp, line 782]
Event: 0.603 Thread 0x000001a967cf6bd0 Exception <a 'java/lang/NoSuchMethodError'{0x0000000711f80b80}: 'void java.lang.invoke.DirectMethodHandle$Holder.invokeInterface(java.lang.Object, java.lang.Object, java.lang.Object)'> (0x0000000711f80b80) 
thrown [./open/src/hotspot/share/interpreter/linkResolver.cpp, line 782]
Event: 0.712 Thread 0x000001a967cf6bd0 Exception <a 'java/lang/NoSuchMethodError'{0x0000000710da5760}: 'java.lang.Object java.lang.invoke.DirectMethodHandle$Holder.invokeStaticInit(java.lang.Object, int, int, int, int)'> (0x0000000710da5760) 
thrown [./open/src/hotspot/share/interpreter/linkResolver.cpp, line 782]
Event: 0.743 Thread 0x000001a967cf6bd0 Exception <a 'java/lang/NoSuchMethodError'{0x0000000710a721b8}: 'java.lang.Object java.lang.invoke.DirectMethodHandle$Holder.invokeStaticInit(java.lang.Object, java.lang.Object, int, int, int, int)'> (0x0000000710a721b8) 
thrown [./open/src/hotspot/share/interpreter/linkResolver.cpp, line 782]
Event: 1.016 Thread 0x000001a967cf6bd0 Implicit null exception at 0x000001a97332506e to 0x000001a973325190
Event: 1.086 Thread 0x000001a967cf6bd0 Exception <a 'java/lang/NoSuchMethodError'{0x0000000712850b50}: 'int java.lang.invoke.DirectMethodHandle$Holder.invokeInterface(java.lang.Object, java.lang.Object)'> (0x0000000712850b50) 
thrown [./open/src/hotspot/share/interpreter/linkResolver.cpp, line 782]
Event: 1.086 Thread 0x000001a967cf6bd0 Exception <a 'java/lang/IncompatibleClassChangeError'{0x00000007128542b0}: Found class java.lang.Object, but interface was expected> (0x00000007128542b0) 
thrown [./open/src/hotspot/share/interpreter/linkResolver.cpp, line 848]
Event: 1.171 Thread 0x000001a967cf6bd0 Exception <a 'java/lang/NoSuchMethodError'{0x0000000704741228}: 'java.lang.Object java.lang.invoke.DirectMethodHandle$Holder.invokeVirtual(java.lang.Object, java.lang.Object, java.lang.Object)'> (0x0000000704741228) 
thrown [./open/src/hotspot/share/interpreter/linkResolver.cpp, line 782]
Event: 1.346 Thread 0x000001a967cf6bd0 Exception <a 'sun/nio/fs/WindowsException'{0x0000000704c1ce80}> (0x0000000704c1ce80) 
thrown [./open/src/hotspot/share/prims/jni.cpp, line 578]
Event: 1.356 Thread 0x000001a967cf6bd0 Exception <a 'java/lang/NoSuchMethodError'{0x0000000704c6a7f8}: 'int java.lang.invoke.DirectMethodHandle$Holder.invokeStaticInit(java.lang.Object, java.lang.Object, java.lang.Object, java.lang.Object)'> (0x0000000704c6a7f8) 
thrown [./open/src/hotspot/share/interpreter/linkResolver.cpp, line 782]
Event: 900.298 Thread 0x000001a90829e4a0 Exception <a 'java/lang/LinkageError'{0x0000000709c87dc8}> (0x0000000709c87dc8) 
thrown [./open/src/hotspot/share/oops/generateOopMap.cpp, line 2137]

Events (20 events):
Event: 859.999 Executing VM operation: GetFrameCount
Event: 859.999 Executing VM operation: GetFrameCount done
Event: 861.889 Executing VM operation: GetFrameCount
Event: 861.890 Executing VM operation: GetFrameCount done
Event: 882.329 Executing VM operation: ChangeBreakpoints
Event: 882.330 Executing VM operation: ChangeBreakpoints done
Event: 888.251 Executing VM operation: GetFrameCount
Event: 888.251 Executing VM operation: GetFrameCount done
Event: 900.298 Executing VM operation: GetFrameCount
Event: 900.298 Executing VM operation: GetFrameCount done
Event: 900.298 Executing VM operation: SetFramePop
Event: 900.298 Executing VM operation: SetFramePop done
Event: 900.298 Executing VM operation: GetFrameLocation
Event: 900.298 Executing VM operation: GetFrameLocation done
Event: 900.298 Executing VM operation: GetCurrentLocation
Event: 900.298 Executing VM operation: GetCurrentLocation done
Event: 900.298 Executing VM operation: ChangeSingleStep
Event: 900.298 Executing VM operation: ChangeSingleStep done
Event: 900.298 Executing VM operation: GetFrameLocation
Event: 900.298 Executing VM operation: GetFrameLocation done


Dynamic libraries:
0x00007ff64bd80000 - 0x00007ff64bd8d000 	C:\Users\Kikine\OneDrive\Documents\mes cours de programmation\programmes\eclipse\plugins\org.eclipse.justj.openjdk.hotspot.jre.full.win32.x86_64_15.0.1.v20201027-0507\jre\bin\javaw.exe
0x00007ff8249b0000 - 0x00007ff824ba5000 	C:\WINDOWS\SYSTEM32\ntdll.dll
0x00007ff822f00000 - 0x00007ff822fbd000 	C:\WINDOWS\System32\KERNEL32.DLL
0x00007ff822430000 - 0x00007ff8226f9000 	C:\WINDOWS\System32\KERNELBASE.dll
0x00007ff822860000 - 0x00007ff822960000 	C:\WINDOWS\System32\ucrtbase.dll
0x00007ff81ab80000 - 0x00007ff81ab98000 	C:\Users\Kikine\OneDrive\Documents\mes cours de programmation\programmes\eclipse\plugins\org.eclipse.justj.openjdk.hotspot.jre.full.win32.x86_64_15.0.1.v20201027-0507\jre\bin\jli.dll
0x00007ff80ae80000 - 0x00007ff80ae99000 	C:\Users\Kikine\OneDrive\Documents\mes cours de programmation\programmes\eclipse\plugins\org.eclipse.justj.openjdk.hotspot.jre.full.win32.x86_64_15.0.1.v20201027-0507\jre\bin\VCRUNTIME140.dll
0x00007ff823630000 - 0x00007ff8237d0000 	C:\WINDOWS\System32\USER32.dll
0x00007ff822380000 - 0x00007ff8223a2000 	C:\WINDOWS\System32\win32u.dll
0x00007ff811610000 - 0x00007ff8118aa000 	C:\WINDOWS\WinSxS\amd64_microsoft.windows.common-controls_6595b64144ccf1df_6.0.19041.844_none_ca00b6081b84eb1d\COMCTL32.dll
0x00007ff823bc0000 - 0x00007ff823bea000 	C:\WINDOWS\System32\GDI32.dll
0x00007ff824350000 - 0x00007ff8243ee000 	C:\WINDOWS\System32\msvcrt.dll
0x00007ff822270000 - 0x00007ff82237b000 	C:\WINDOWS\System32\gdi32full.dll
0x00007ff822120000 - 0x00007ff8221bd000 	C:\WINDOWS\System32\msvcp_win.dll
0x00007ff824890000 - 0x00007ff8248c0000 	C:\WINDOWS\System32\IMM32.DLL
0x00007ff81bfe0000 - 0x00007ff81bfec000 	C:\Users\Kikine\OneDrive\Documents\mes cours de programmation\programmes\eclipse\plugins\org.eclipse.justj.openjdk.hotspot.jre.full.win32.x86_64_15.0.1.v20201027-0507\jre\bin\vcruntime140_1.dll
0x00007ff804bf0000 - 0x00007ff804c81000 	C:\Users\Kikine\OneDrive\Documents\mes cours de programmation\programmes\eclipse\plugins\org.eclipse.justj.openjdk.hotspot.jre.full.win32.x86_64_15.0.1.v20201027-0507\jre\bin\msvcp140.dll
0x00007fffb1a10000 - 0x00007fffb256e000 	C:\Users\Kikine\OneDrive\Documents\mes cours de programmation\programmes\eclipse\plugins\org.eclipse.justj.openjdk.hotspot.jre.full.win32.x86_64_15.0.1.v20201027-0507\jre\bin\server\jvm.dll
0x00007ff824710000 - 0x00007ff8247bc000 	C:\WINDOWS\System32\ADVAPI32.dll
0x00007ff822a10000 - 0x00007ff822aac000 	C:\WINDOWS\System32\sechost.dll
0x00007ff8234f0000 - 0x00007ff82361b000 	C:\WINDOWS\System32\RPCRT4.dll
0x00007ff823620000 - 0x00007ff823628000 	C:\WINDOWS\System32\PSAPI.DLL
0x00007ff81e260000 - 0x00007ff81e269000 	C:\WINDOWS\SYSTEM32\WSOCK32.dll
0x00007ff811a60000 - 0x00007ff811a87000 	C:\WINDOWS\SYSTEM32\WINMM.dll
0x00007ff81b130000 - 0x00007ff81b13a000 	C:\WINDOWS\SYSTEM32\VERSION.dll
0x00007ff8247c0000 - 0x00007ff82482b000 	C:\WINDOWS\System32\WS2_32.dll
0x00007ff820050000 - 0x00007ff820062000 	C:\WINDOWS\SYSTEM32\kernel.appcore.dll
0x00007ff81dce0000 - 0x00007ff81dcea000 	C:\Users\Kikine\OneDrive\Documents\mes cours de programmation\programmes\eclipse\plugins\org.eclipse.justj.openjdk.hotspot.jre.full.win32.x86_64_15.0.1.v20201027-0507\jre\bin\jimage.dll
0x00007ff80cec0000 - 0x00007ff80d0a4000 	C:\WINDOWS\SYSTEM32\DBGHELP.DLL
0x00007ff80bd20000 - 0x00007ff80bd4c000 	C:\WINDOWS\SYSTEM32\dbgcore.DLL
0x00007ff8223b0000 - 0x00007ff822430000 	C:\WINDOWS\System32\bcryptPrimitives.dll
0x00007ff804fa0000 - 0x00007ff804fd9000 	C:\Users\Kikine\OneDrive\Documents\mes cours de programmation\programmes\eclipse\plugins\org.eclipse.justj.openjdk.hotspot.jre.full.win32.x86_64_15.0.1.v20201027-0507\jre\bin\jdwp.dll
0x00007ff81c620000 - 0x00007ff81c62e000 	C:\Users\Kikine\OneDrive\Documents\mes cours de programmation\programmes\eclipse\plugins\org.eclipse.justj.openjdk.hotspot.jre.full.win32.x86_64_15.0.1.v20201027-0507\jre\bin\instrument.dll
0x00007ff802260000 - 0x00007ff802285000 	C:\Users\Kikine\OneDrive\Documents\mes cours de programmation\programmes\eclipse\plugins\org.eclipse.justj.openjdk.hotspot.jre.full.win32.x86_64_15.0.1.v20201027-0507\jre\bin\java.dll
0x00007ff802bf0000 - 0x00007ff802c08000 	C:\Users\Kikine\OneDrive\Documents\mes cours de programmation\programmes\eclipse\plugins\org.eclipse.justj.openjdk.hotspot.jre.full.win32.x86_64_15.0.1.v20201027-0507\jre\bin\zip.dll
0x00007ff823bf0000 - 0x00007ff824332000 	C:\WINDOWS\System32\SHELL32.dll
0x00007ff820250000 - 0x00007ff8209e0000 	C:\WINDOWS\SYSTEM32\windows.storage.dll
0x00007ff8237d0000 - 0x00007ff823b25000 	C:\WINDOWS\System32\combase.dll
0x00007ff821b60000 - 0x00007ff821b8c000 	C:\WINDOWS\SYSTEM32\Wldp.dll
0x00007ff822c10000 - 0x00007ff822cbe000 	C:\WINDOWS\System32\SHCORE.dll
0x00007ff822ab0000 - 0x00007ff822b05000 	C:\WINDOWS\System32\shlwapi.dll
0x00007ff822030000 - 0x00007ff82204f000 	C:\WINDOWS\SYSTEM32\profapi.dll
0x00007ff81c610000 - 0x00007ff81c61b000 	C:\Users\Kikine\OneDrive\Documents\mes cours de programmation\programmes\eclipse\plugins\org.eclipse.justj.openjdk.hotspot.jre.full.win32.x86_64_15.0.1.v20201027-0507\jre\bin\dt_socket.dll
0x00007ff821580000 - 0x00007ff8215bb000 	C:\WINDOWS\SYSTEM32\IPHLPAPI.DLL
0x00007ff8218e0000 - 0x00007ff82194a000 	C:\WINDOWS\system32\mswsock.dll
0x00007ff8215c0000 - 0x00007ff82168b000 	C:\WINDOWS\SYSTEM32\DNSAPI.dll
0x00007ff823b30000 - 0x00007ff823b38000 	C:\WINDOWS\System32\NSI.dll
0x00007ff819fa0000 - 0x00007ff819faa000 	C:\Windows\System32\rasadhlp.dll
0x00007ff810c80000 - 0x00007ff810cff000 	C:\WINDOWS\System32\fwpuclnt.dll
0x00007ff8220f0000 - 0x00007ff822117000 	C:\WINDOWS\System32\bcrypt.dll
0x00007ff802240000 - 0x00007ff802259000 	C:\Users\Kikine\OneDrive\Documents\mes cours de programmation\programmes\eclipse\plugins\org.eclipse.justj.openjdk.hotspot.jre.full.win32.x86_64_15.0.1.v20201027-0507\jre\bin\net.dll
0x00007ff815c20000 - 0x00007ff815d2c000 	C:\WINDOWS\SYSTEM32\WINHTTP.dll
0x00007ff802220000 - 0x00007ff802232000 	C:\Users\Kikine\OneDrive\Documents\mes cours de programmation\programmes\eclipse\plugins\org.eclipse.justj.openjdk.hotspot.jre.full.win32.x86_64_15.0.1.v20201027-0507\jre\bin\nio.dll
0x00007ff81df50000 - 0x00007ff81df60000 	C:\Users\Kikine\OneDrive\Documents\mes cours de programmation\programmes\eclipse\plugins\org.eclipse.justj.openjdk.hotspot.jre.full.win32.x86_64_15.0.1.v20201027-0507\jre\bin\verify.dll
0x00007ff819400000 - 0x00007ff819417000 	C:\WINDOWS\SYSTEM32\dhcpcsvc6.DLL
0x00007ff8199c0000 - 0x00007ff8199dd000 	C:\WINDOWS\SYSTEM32\dhcpcsvc.DLL
0x00007ff81c5e0000 - 0x00007ff81c5e9000 	C:\Users\Kikine\OneDrive\Documents\mes cours de programmation\programmes\eclipse\plugins\org.eclipse.justj.openjdk.hotspot.jre.full.win32.x86_64_15.0.1.v20201027-0507\jre\bin\management.dll
0x00007ff81bf60000 - 0x00007ff81bf6b000 	C:\Users\Kikine\OneDrive\Documents\mes cours de programmation\programmes\eclipse\plugins\org.eclipse.justj.openjdk.hotspot.jre.full.win32.x86_64_15.0.1.v20201027-0507\jre\bin\management_ext.dll
0x00007ff806290000 - 0x00007ff8062a7000 	C:\WINDOWS\system32\napinsp.dll
0x00007ff805d70000 - 0x00007ff805d8b000 	C:\WINDOWS\system32\pnrpnsp.dll
0x00007ff81cc00000 - 0x00007ff81cc15000 	C:\WINDOWS\system32\wshbth.dll
0x00007ff81de80000 - 0x00007ff81de9d000 	C:\WINDOWS\system32\NLAapi.dll
0x00007ff805d50000 - 0x00007ff805d62000 	C:\WINDOWS\System32\winrnr.dll
0x00007ff821ab0000 - 0x00007ff821ac8000 	C:\WINDOWS\SYSTEM32\CRYPTSP.dll
0x00007ff821210000 - 0x00007ff821244000 	C:\WINDOWS\system32\rsaenh.dll
0x00007ff821fb0000 - 0x00007ff821fde000 	C:\WINDOWS\SYSTEM32\USERENV.dll
0x00007ff821ad0000 - 0x00007ff821adc000 	C:\WINDOWS\SYSTEM32\CRYPTBASE.dll
0x00007ff81b4c0000 - 0x00007ff81b4cd000 	C:\Users\Kikine\OneDrive\Documents\mes cours de programmation\programmes\eclipse\plugins\org.eclipse.justj.openjdk.hotspot.jre.full.win32.x86_64_15.0.1.v20201027-0507\jre\bin\sunmscapi.dll
0x00007ff822700000 - 0x00007ff82285f000 	C:\WINDOWS\System32\CRYPT32.dll
0x00007ff821bd0000 - 0x00007ff821bf7000 	C:\WINDOWS\SYSTEM32\ncrypt.dll
0x00007ff821b90000 - 0x00007ff821bcb000 	C:\WINDOWS\SYSTEM32\NTASN1.dll

dbghelp: loaded successfully - version: 4.0.5 - missing functions: none
symbol engine: initialized successfully - sym options: 0x614 - pdb path: .;C:\Users\Kikine\OneDrive\Documents\mes cours de programmation\programmes\eclipse\plugins\org.eclipse.justj.openjdk.hotspot.jre.full.win32.x86_64_15.0.1.v20201027-0507\jre\bin;C:\WINDOWS\SYSTEM32;C:\WINDOWS\WinSxS\amd64_microsoft.windows.common-controls_6595b64144ccf1df_6.0.19041.844_none_ca00b6081b84eb1d;C:\Users\Kikine\OneDrive\Documents\mes cours de programmation\programmes\eclipse\plugins\org.eclipse.justj.openjdk.hotspot.jre.full.win32.x86_64_15.0.1.v20201027-0507\jre\bin\server

VM Arguments:
jvm_args: -XX:+ShowCodeDetailsInExceptionMessages -agentlib:jdwp=transport=dt_socket,suspend=y,address=localhost:52648 -ea -javaagent:C:\Users\Kikine\OneDrive\Documents\mes cours de programmation\programmes\eclipse\configuration\org.eclipse.osgi\405\0\.cp\lib\javaagent-shaded.jar -Dfile.encoding=UTF-8 
java_command: org.eclipse.jdt.internal.junit.runner.RemoteTestRunner -version 3 -port 52647 -testLoaderClass org.eclipse.jdt.internal.junit5.runner.JUnit5TestLoader -loaderpluginname org.eclipse.jdt.junit5.runtime -classNames com.parkit.parkingsystem.integration.ParkingDataBaseIT
java_class_path (initial): C:\Users\Kikine\eclipse-workspace\MoveIt\target\test-classes;C:\Users\Kikine\eclipse-workspace\MoveIt\target\classes;C:\Users\Kikine\.m2\repository\org\apache\logging\log4j\log4j-api\2.12.1\log4j-api-2.12.1.jar;C:\Users\Kikine\.m2\repository\org\apache\logging\log4j\log4j-core\2.12.1\log4j-core-2.12.1.jar;C:\Users\Kikine\.m2\repository\mysql\mysql-connector-java\8.0.17\mysql-connector-java-8.0.17.jar;C:\Users\Kikine\.m2\repository\com\google\protobuf\protobuf-java\3.6.1\protobuf-java-3.6.1.jar;C:\Users\Kikine\.m2\repository\org\junit\jupiter\junit-jupiter-api\5.3.2\junit-jupiter-api-5.3.2.jar;C:\Users\Kikine\.m2\repository\org\apiguardian\apiguardian-api\1.0.0\apiguardian-api-1.0.0.jar;C:\Users\Kikine\.m2\repository\org\opentest4j\opentest4j\1.1.1\opentest4j-1.1.1.jar;C:\Users\Kikine\.m2\repository\org\junit\platform\junit-platform-commons\1.3.2\junit-platform-commons-1.3.2.jar;C:\Users\Kikine\.m2\repository\org\junit\jupiter\junit-jupiter-engine\5.3.2\junit-jupiter-engine-5.3.2.jar;C:\Users\Kikine\.m2\repository\org\junit\platform\junit-platform-engine\1.3.2\junit-platform-engine-1.3.2.jar;C:\Users\Kikine\.m2\repository\org\mockito\mockito-junit-jupiter\2.23.4\mockito-junit-jupiter-2.23.4.jar;C:\Users\Kikine\.m2\repository\org\mockito\mockito-core\2.23.4\mockito-core-2.23.4.jar;C:\Users\Kikine\.m2\repository\net\bytebuddy\byte-buddy\1.9.3\byte-buddy-1.9.3.jar;C:\Users\Kikine\.m2\repository\net\bytebuddy\byte-buddy-agent\1.9.3\byte-buddy-agent-1.9.3.jar;C:\Users\Kikine\.m2\repository\org\objenesis\objenesis\2.6\objenesis-2.6.jar;C:\Users\Kikine\.m2\repository\org\assertj\assertj-core\3.13.2\assertj-core-3.13.2.jar;C:\Users\Kikine\.m2\repository\org\jacoco\jacoco-maven-plugin\0.8.5\jacoco-maven-plugin-0.8.5.jar;C:\Users\Kikine\.m2\repository\org\apache\maven\maven-plugin-api\3.0\maven-plugin-api-3.0.jar;C:\Users\Kikine\.m2\repository\org\sonatype\sisu\sisu-inject-plexus\1.4.2\sisu-inject-plexus-1.4.2.jar;C:\Users\Kikine\.m2\repository\org
Launcher Type: SUN_STANDARD

[Global flags]
     intx CICompilerCount                          = 12                                        {product} {ergonomic}
     uint ConcGCThreads                            = 3                                         {product} {ergonomic}
     uint G1ConcRefinementThreads                  = 13                                        {product} {ergonomic}
   size_t G1HeapRegionSize                         = 2097152                                   {product} {ergonomic}
    uintx GCDrainStackTargetSize                   = 64                                        {product} {ergonomic}
   size_t InitialHeapSize                          = 266338304                                 {product} {ergonomic}
   size_t MarkStackSize                            = 4194304                                   {product} {ergonomic}
   size_t MaxHeapSize                              = 4248829952                                {product} {ergonomic}
   size_t MaxNewSize                               = 2548039680                                {product} {ergonomic}
   size_t MinHeapDeltaBytes                        = 2097152                                   {product} {ergonomic}
   size_t MinHeapSize                              = 8388608                                   {product} {ergonomic}
    uintx NonNMethodCodeHeapSize                   = 7602480                                {pd product} {ergonomic}
    uintx NonProfiledCodeHeapSize                  = 122027880                              {pd product} {ergonomic}
    uintx ProfiledCodeHeapSize                     = 122027880                              {pd product} {ergonomic}
    uintx ReservedCodeCacheSize                    = 251658240                              {pd product} {ergonomic}
     bool SegmentedCodeCache                       = true                                      {product} {ergonomic}
     bool ShowCodeDetailsInExceptionMessages       = true                                   {manageable} {command line}
   size_t SoftMaxHeapSize                          = 4248829952                             {manageable} {ergonomic}
     bool UseCompressedClassPointers               = true                                 {lp64_product} {ergonomic}
     bool UseCompressedOops                        = true                                 {lp64_product} {ergonomic}
     bool UseG1GC                                  = true                                      {product} {ergonomic}
     bool UseLargePagesIndividualAllocation        = false                                  {pd product} {ergonomic}

Logging:
Log output configuration:
 #0: stdout all=warning uptime,level,tags
 #1: stderr all=off uptime,level,tags

Environment Variables:
JAVA_HOME=C:\Program Files\Java\jdk1.8.0_281
PATH=C:\Users\Kikine\OneDrive\Documents\mes cours de programmation\programmes\eclipse\plugins\org.eclipse.justj.openjdk.hotspot.jre.full.win32.x86_64_15.0.1.v20201027-0507\jre\bin;C:/Users/Kikine/OneDrive/Documents/mes cours de programmation/programmes/eclipse//plugins/org.eclipse.justj.openjdk.hotspot.jre.full.win32.x86_64_15.0.1.v20201027-0507/jre/bin/server;C:/Users/Kikine/OneDrive/Documents/mes cours de programmation/programmes/eclipse//plugins/org.eclipse.justj.openjdk.hotspot.jre.full.win32.x86_64_15.0.1.v20201027-0507/jre/bin;C:\Program Files\Common Files\Oracle\Java\javapath;C:\Program Files (x86)\Common Files\Oracle\Java\javapath;C:\Windows\system32;C:\Windows;C:\Windows\System32\Wbem;C:\Windows\System32\WindowsPowerShell\v1.0\;C:\Windows\System32\OpenSSH\;C:\Program Files (x86)\NVIDIA Corporation\PhysX\Common;C:\Program Files\NVIDIA Corporation\NVIDIA NvDLISR;C:\Program Files\nodejs\;C:\Program Files\Microsoft SQL Server\120\Tools\Binn\;C:\Program Files\Common Files\Autodesk Shared\;C:\WINDOWS\system32;C:\WINDOWS;C:\WINDOWS\System32\Wbem;C:\WINDOWS\System32\WindowsPowerShell\v1.0\;C:\WINDOWS\System32\OpenSSH\;C:\Program Files\Git\cmd;C:\Program Files\dotnet\;C:\Program Files\Microsoft SQL Server\130\Tools\Binn\;C:\Program Files\Microsoft SQL Server\Client SDK\ODBC\170\Tools\Binn\;C:\apache-maven-3.6.3\bin;C:\Program Files\Java\jdk-11.0.10\bin;C:\Program Files\Java\jdk1.8.0_281\bin;C:\Program Files\MySQL\MySQL Shell 8.0\bin\;C:\Users\Kikine\AppData\Local\Microsoft\WindowsApps;C:\Users\Kikine\AppData\Roaming\npm;C:\Users\Kikine\AppData\Local\Programs\Microsoft VS Code\bin;C:\Users\Kikine\.dotnet\tools;;C:\Users\Kikine\OneDrive\Documents\mes cours de programmation\programmes\eclipse;
USERNAME=Kikine
OS=Windows_NT
PROCESSOR_IDENTIFIER=Intel64 Family 6 Model 165 Stepping 2, GenuineIntel



---------------  S Y S T E M  ---------------

OS:
 Windows 10 , 64 bit Build 19041 (10.0.19041.804)
OS uptime: 3 days 4:59 hours

CPU: total 16 (initial active 16) (8 cores per cpu, 2 threads per core) family 6 model 165 stepping 2 microcode 0xe0, cmov, cx8, fxsr, mmx, sse, sse2, sse3, ssse3, sse4.1, sse4.2, popcnt, vzeroupper, avx, avx2, aes, clmul, erms, 3dnowpref, lzcnt, ht, tsc, tscinvbit, bmi1, bmi2, adx, fma, clflush, clflushopt

Memory: 4k page, system-wide physical 16203M (5084M free)
TotalPageFile size 28076M (AvailPageFile size 3607M)
current process WorkingSet (physical memory assigned to process): 170M, peak: 339M
current process commit charge ("private bytes"): 293M, peak: 464M

vm_info: OpenJDK 64-Bit Server VM (15.0.1+9-18) for windows-amd64 JRE (15.0.1+9-18), built on Sep 15 2020 14:39:31 by "mach5one" with unknown MS VC++:1925

END.
