#
# A fatal error has been detected by the Java Runtime Environment:
#
#  EXCEPTION_ACCESS_VIOLATION (0xc0000005) at pc=0x00007ffba7d6fcc5, pid=13420, tid=11652
#
# JRE version: OpenJDK Runtime Environment (15.0.1+9) (build 15.0.1+9-18)
# Java VM: OpenJDK 64-Bit Server VM (15.0.1+9-18, mixed mode, tiered, compressed oops, g1 gc, windows-amd64)
# Problematic frame:
# V  [jvm.dll+0x2ffcc5]
#
# No core dump will be written. Minidumps are not enabled by default on client versions of Windows
#
# If you would like to submit a bug report, please visit:
#   https://bugreport.java.com/bugreport/crash.jsp
#

---------------  S U M M A R Y ------------

Command Line: -XX:+ShowCodeDetailsInExceptionMessages -agentlib:jdwp=transport=dt_socket,suspend=y,address=localhost:65001 -ea -javaagent:C:\Users\Kikine\OneDrive\Documents\mes cours de programmation\programmes\eclipse\configuration\org.eclipse.osgi\405\0\.cp\lib\javaagent-shaded.jar -Dfile.encoding=UTF-8 org.eclipse.jdt.internal.junit.runner.RemoteTestRunner -version 3 -port 64999 -testLoaderClass org.eclipse.jdt.internal.junit5.runner.JUnit5TestLoader -loaderpluginname org.eclipse.jdt.junit5.runtime -classNames com.parkit.parkingsystem.InteractiveShellTest

Host: Intel(R) Core(TM) i7-10875H CPU @ 2.30GHz, 16 cores, 15G,  Windows 10 , 64 bit Build 19041 (10.0.19041.804)
Time: Thu Apr  8 16:24:03 2021 Paris, Madrid (heure d’été) elapsed time: 81.937928 seconds (0d 0h 1m 21s)

---------------  T H R E A D  ---------------

Current thread (0x0000023fb04f53c0):  JavaThread "JDWP Transport Listener: dt_socket" daemon [_thread_in_vm, id=11652, stack(0x000000a282100000,0x000000a282200000)] _threads_hazard_ptr=0x0000023fb3baea00

Stack: [0x000000a282100000,0x000000a282200000],  sp=0x000000a2821fee90,  free space=1019k
Native frames: (J=compiled Java code, j=interpreted, Vv=VM code, C=native code)
V  [jvm.dll+0x2ffcc5]
V  [jvm.dll+0x3021e2]
V  [jvm.dll+0x3028ee]
V  [jvm.dll+0x2fff9f]
V  [jvm.dll+0x2ff24a]
V  [jvm.dll+0x619c80]
V  [jvm.dll+0x619963]
V  [jvm.dll+0x5df038]
V  [jvm.dll+0x7783ef]
V  [jvm.dll+0x4f04b1]
V  [jvm.dll+0x787e95]
V  [jvm.dll+0x4d430a]
V  [jvm.dll+0x49548b]
C  [jdwp.dll+0x796b]


siginfo: EXCEPTION_ACCESS_VIOLATION (0xc0000005), reading address 0x0000000000000006


Register to memory mapping:

RIP=0x00007ffba7d6fcc5 jvm.dll
RAX=0x0 is NULL
RBX=0x000000a2821ff130 is pointing into the stack for thread: 0x0000023fb04f53c0
RCX=0x0 is NULL
RDX=0x000000000000b047 is an unknown value
RSP=0x000000a2821fee90 is pointing into the stack for thread: 0x0000023fb04f53c0
RBP=0x0000000000000001 is an unknown value
RSI=0x0000000000000001 is an unknown value
RDI=0x0000023fb1339a78 is pointing into metadata
R8 =0x0 is NULL
R9 =0x0000023fb1339a78 is pointing into metadata
R10=0x0000023fb42eaad0 points into unknown readable memory: 0x0000000047000000 | 00 00 00 47 00 00 00 00
R11=0x0000023fb42eaab0 points into unknown readable memory: 0x0000000047000000 | 00 00 00 47 00 00 00 00
R12=0x00007ffba7a70000 jvm.dll
R13=0x0000023fb42eaa80 points into unknown readable memory: 0x0000000002c50100 | 00 01 c5 02 00 00 00 00
R14=0x0000023fb133a19b is pointing into metadata
R15=0x0000000000000014 is an unknown value


Registers:
RAX=0x0000000000000000, RBX=0x000000a2821ff130, RCX=0x0000000000000000, RDX=0x000000000000b047
RSP=0x000000a2821fee90, RBP=0x0000000000000001, RSI=0x0000000000000001, RDI=0x0000023fb1339a78
R8 =0x0000000000000000, R9 =0x0000023fb1339a78, R10=0x0000023fb42eaad0, R11=0x0000023fb42eaab0
R12=0x00007ffba7a70000, R13=0x0000023fb42eaa80, R14=0x0000023fb133a19b, R15=0x0000000000000014
RIP=0x00007ffba7d6fcc5, EFLAGS=0x0000000000010206

Top of Stack: (sp=0x000000a2821fee90)
0x000000a2821fee90:   0000000800014688 00007ffba7b79cfe
0x000000a2821feea0:   000000a2821fef00 00007ffba7b7201e
0x000000a2821feeb0:   0000023fb133a1c8 0000000000000000
0x000000a2821feec0:   000000a2821ff130 00007ffba7d709b3
0x000000a2821feed0:   0000bf89496f4f74 00007ffba7d7343c
0x000000a2821feee0:   0000023fb133a19b 00000000000000b2
0x000000a2821feef0:   000000a2821ff130 00007ffba7d721e2
0x000000a2821fef00:   0000023fb133a1c8 000000a2821fefa0
0x000000a2821fef10:   0000000000000001 00007ffba7b79cfe
0x000000a2821fef20:   000000a200000003 0000000000000000
0x000000a2821fef30:   00000000000003d8 000000a2821fefa0
0x000000a2821fef40:   0000000000000000 00007ffba7a7c1a6
0x000000a2821fef50:   0000023fb133a1c8 000000a2821ff130
0x000000a2821fef60:   0000000000000014 00000000000000b2
0x000000a2821fef70:   000000a2821ff130 00007ffba7d728ee
0x000000a2821fef80:   000000a2821fefd0 00000000000000b2 

Instructions: (pc=0x00007ffba7d6fcc5)
0x00007ffba7d6fbc5:   42 8b 1c 81 4e 8d 34 81 8b 75 58 41 81 e0 ff ff
0x00007ffba7d6fbd5:   ff 00 41 81 c8 00 00 00 47 48 8b cd 45 89 06 c7
0x00007ffba7d6fbe5:   45 58 01 00 00 00 e8 80 38 00 00 66 83 7c 24 68
0x00007ffba7d6fbf5:   00 41 89 1e 89 75 58 74 40 8b 4c 24 70 49 ff c7
0x00007ffba7d6fc05:   0f b7 c1 48 83 c7 08 4c 3b f8 0f 8c 4b ff ff ff
0x00007ffba7d6fc15:   83 7d 5c 00 74 23 48 83 3d 6d 32 78 00 00 74 15
0x00007ffba7d6fc25:   80 7d 42 00 74 0f 48 8d 15 86 f2 58 00 48 8b cd
0x00007ffba7d6fc35:   e8 a6 42 00 00 c6 45 42 00 4c 8b 74 24 28 4c 8b
0x00007ffba7d6fc45:   6c 24 30 4c 8b 64 24 38 48 8b 7c 24 40 48 8b 74
0x00007ffba7d6fc55:   24 48 48 8b 5c 24 60 4c 8b 7c 24 20 48 83 c4 50
0x00007ffba7d6fc65:   5d c3 cc cc cc cc cc cc cc cc cc 48 89 5c 24 10
0x00007ffba7d6fc75:   48 89 6c 24 18 56 57 41 56 48 83 ec 50 48 8b 05
0x00007ffba7d6fc85:   8f 01 73 00 48 33 c4 48 89 44 24 40 48 8b 41 08
0x00007ffba7d6fc95:   48 8b d9 41 8b e8 8b f2 45 33 c0 41 8b d1 48 8b
0x00007ffba7d6fca5:   48 08 48 8b 79 08 48 8b cf e8 8d eb f0 ff 8b d0
0x00007ffba7d6fcb5:   48 8b cf e8 43 16 f1 ff 48 63 c8 48 8b 44 cf 48
0x00007ffba7d6fcc5:   0f be 48 06 e8 f2 79 3a 00 8b 0d b0 30 78 00 48
0x00007ffba7d6fcd5:   8d 3d ad 30 78 00 8d 50 f4 83 fa 01 76 27 8d 50
0x00007ffba7d6fce5:   f9 f7 c2 fb ff ff ff 74 13 83 f8 0e 48 8d 15 a0
0x00007ffba7d6fcf5:   30 78 00 4c 8b d7 4c 0f 45 d2 eb 27 4c 8d 15 c0
0x00007ffba7d6fd05:   30 78 00 eb 1e 8b 84 24 90 00 00 00 4c 8d 54 24
0x00007ffba7d6fd15:   30 25 ff ff ff 00 89 4c 24 34 0d 00 00 00 46 89
0x00007ffba7d6fd25:   44 24 30 45 33 c0 85 f6 74 05 49 8b fa eb 29 41
0x00007ffba7d6fd35:   8b 02 85 c0 74 22 49 8b d0 4d 8b c8 42 89 44 0c
0x00007ffba7d6fd45:   20 48 8d 52 01 4c 8d 0c 95 00 00 00 00 41 ff c0
0x00007ffba7d6fd55:   43 8b 04 11 85 c0 75 e4 85 ed 75 10 8b 05 6d cc
0x00007ffba7d6fd65:   6f 00 49 63 d0 41 ff c0 89 44 94 20 49 63 c0 4c
0x00007ffba7d6fd75:   8d 74 24 20 89 4c 84 20 8b 74 24 20 85 f6 74 4c
0x00007ffba7d6fd85:   48 63 53 58 85 d2 7f 18 48 8d 15 ac 07 55 00 48
0x00007ffba7d6fd95:   8b cb e8 14 48 00 00 44 8b 05 ed 2f 78 00 eb 16
0x00007ffba7d6fda5:   48 63 4b 20 8d 42 ff 89 43 58 48 03 ca 48 8b 43
0x00007ffba7d6fdb5:   48 44 8b 44 88 fc 8b d6 48 8b cb e8 5b f0 ff ff 


Stack slot to memory mapping:
stack at sp + 0 slots: 0x0000000800014688 is a pointer to class: 
stack at sp + 1 slots: 0x00007ffba7b79cfe jvm.dll
stack at sp + 2 slots: 0x000000a2821fef00 is pointing into the stack for thread: 0x0000023fb04f53c0
stack at sp + 3 slots: 0x00007ffba7b7201e jvm.dll
stack at sp + 4 slots: {method} {0x0000023fb133a1d0} 'loadInterfaceTest' '()V' in 'com/parkit/parkingsystem/InteractiveShellTest'
stack at sp + 5 slots: 0x0 is NULL
stack at sp + 6 slots: 0x000000a2821ff130 is pointing into the stack for thread: 0x0000023fb04f53c0
stack at sp + 7 slots: 0x00007ffba7d709b3 jvm.dll


---------------  P R O C E S S  ---------------

Threads class SMR info:
_java_thread_list=0x0000023fb3baea00, length=15, elements={
0x0000023f90066760, 0x0000023fb0212130, 0x0000023fb0212c10, 0x0000023fb0239000,
0x0000023fb023b8d0, 0x0000023fb023c8a0, 0x0000023fb023d540, 0x0000023faf96a8a0,
0x0000023fb024e6d0, 0x0000023fb038f330, 0x0000023fb04f53c0, 0x0000023fb06d2c40,
0x0000023fb04a7690, 0x0000023fb0cab020, 0x0000023fb19613e0
}

Java Threads: ( => current thread )
  0x0000023f90066760 JavaThread "main" [_thread_blocked, id=25840, stack(0x000000a280f00000,0x000000a281000000)]
  0x0000023fb0212130 JavaThread "Reference Handler" daemon [_thread_blocked, id=18980, stack(0x000000a281600000,0x000000a281700000)]
  0x0000023fb0212c10 JavaThread "Finalizer" daemon [_thread_blocked, id=23368, stack(0x000000a281700000,0x000000a281800000)]
  0x0000023fb0239000 JavaThread "Signal Dispatcher" daemon [_thread_blocked, id=21364, stack(0x000000a281800000,0x000000a281900000)]
  0x0000023fb023b8d0 JavaThread "Attach Listener" daemon [_thread_blocked, id=26008, stack(0x000000a281900000,0x000000a281a00000)]
  0x0000023fb023c8a0 JavaThread "Service Thread" daemon [_thread_blocked, id=11152, stack(0x000000a281a00000,0x000000a281b00000)]
  0x0000023fb023d540 JavaThread "C2 CompilerThread0" daemon [_thread_blocked, id=19572, stack(0x000000a281b00000,0x000000a281c00000)]
  0x0000023faf96a8a0 JavaThread "C1 CompilerThread0" daemon [_thread_blocked, id=24312, stack(0x000000a281c00000,0x000000a281d00000)]
  0x0000023fb024e6d0 JavaThread "Sweeper thread" daemon [_thread_blocked, id=21208, stack(0x000000a281d00000,0x000000a281e00000)]
  0x0000023fb038f330 JavaThread "Common-Cleaner" daemon [_thread_blocked, id=9704, stack(0x000000a281e00000,0x000000a281f00000)]
=>0x0000023fb04f53c0 JavaThread "JDWP Transport Listener: dt_socket" daemon [_thread_in_vm, id=11652, stack(0x000000a282100000,0x000000a282200000)]
  0x0000023fb06d2c40 JavaThread "JDWP Event Helper Thread" daemon [_thread_blocked, id=17868, stack(0x000000a282200000,0x000000a282300000)]
  0x0000023fb04a7690 JavaThread "JDWP Command Reader" daemon [_thread_in_native, id=7760, stack(0x000000a282300000,0x000000a282400000)]
  0x0000023fb0cab020 JavaThread "Notification Thread" daemon [_thread_blocked, id=24876, stack(0x000000a282700000,0x000000a282800000)]
  0x0000023fb19613e0 JavaThread "ReaderThread" [_thread_in_native, id=25056, stack(0x000000a282900000,0x000000a282a00000)]

Other Threads:
  0x0000023fb01ff410 VMThread "VM Thread" [stack: 0x000000a281500000,0x000000a281600000] [id=24748]
  0x0000023fb0ceebb0 WatcherThread [stack: 0x000000a282800000,0x000000a282900000] [id=21644]
  0x0000023f900b96a0 GCTaskThread "GC Thread#0" [stack: 0x000000a281000000,0x000000a281100000] [id=21672]
  0x0000023fb0496130 GCTaskThread "GC Thread#1" [stack: 0x000000a282a00000,0x000000a282b00000] [id=25684]
  0x0000023fb0496ac0 GCTaskThread "GC Thread#2" [stack: 0x000000a282b00000,0x000000a282c00000] [id=25720]
  0x0000023fb0498440 GCTaskThread "GC Thread#3" [stack: 0x000000a282c00000,0x000000a282d00000] [id=24036]
  0x0000023fb0497120 GCTaskThread "GC Thread#4" [stack: 0x000000a282d00000,0x000000a282e00000] [id=24860]
  0x0000023fb0497450 GCTaskThread "GC Thread#5" [stack: 0x000000a282e00000,0x000000a282f00000] [id=10984]
  0x0000023f900cad60 ConcurrentGCThread "G1 Main Marker" [stack: 0x000000a281100000,0x000000a281200000] [id=18960]
  0x0000023f900cb8e0 ConcurrentGCThread "G1 Conc#0" [stack: 0x000000a281200000,0x000000a281300000] [id=3268]
  0x0000023fb0495ad0 ConcurrentGCThread "G1 Conc#1" [stack: 0x000000a283100000,0x000000a283200000] [id=6712]
  0x0000023fb0496df0 ConcurrentGCThread "G1 Conc#2" [stack: 0x000000a283200000,0x000000a283300000] [id=20668]
  0x0000023faf7fa510 ConcurrentGCThread "G1 Refine#0" [stack: 0x000000a281300000,0x000000a281400000] [id=14756]
  0x0000023f9012e160 ConcurrentGCThread "G1 Young RemSet Sampling" [stack: 0x000000a281400000,0x000000a281500000] [id=22020]

Threads with active compile tasks:

VM state: not at safepoint (normal execution)

VM Mutex/Monitor currently owned by a thread: None

Heap address: 0x0000000702c00000, size: 4052 MB, Compressed Oops mode: Zero based, Oop shift amount: 3
CDS disabled.
Compressed class space mapped at: 0x0000000800000000-0x0000000840000000, size: 1073741824
Narrow klass base: 0x0000000800000000, Narrow klass shift: 0, Narrow klass range: 0x40000000

GC Precious Log:
 CPUs: 16 total, 16 available
 Memory: 16203M
 Large Page Support: Disabled
 NUMA Support: Disabled
 Compressed Oops: Enabled (Zero based)
 Heap Region Size: 2M
 Heap Min Capacity: 8M
 Heap Initial Capacity: 254M
 Heap Max Capacity: 4052M
 Pre-touch: Disabled
 Parallel Workers: 13
 Concurrent Workers: 3
 Concurrent Refinement Workers: 13
 Periodic GC: Disabled

Heap:
 garbage-first heap   total 45056K, used 14244K [0x0000000702c00000, 0x0000000800000000)
  region size 2048K, 5 young (10240K), 1 survivors (2048K)
 Metaspace       used 27152K, capacity 27459K, committed 27772K, reserved 1073152K
  class space    used 3270K, capacity 3389K, committed 3452K, reserved 1048576K

Heap Regions: E=young(eden), S=young(survivor), O=old, HS=humongous(starts), HC=humongous(continues), CS=collection set, F=free, OA=open archive, CA=closed archive, TAMS=top-at-mark-start (previous, next)
|   0|0x0000000702c00000, 0x0000000702e00000, 0x0000000702e00000|100%| O|  |TAMS 0x0000000702e00000, 0x0000000702c00000| Untracked 
|   1|0x0000000702e00000, 0x0000000703000000, 0x0000000703000000|100%| O|  |TAMS 0x0000000703000000, 0x0000000702e00000| Untracked 
|   2|0x0000000703000000, 0x0000000703070e00, 0x0000000703200000| 22%| O|  |TAMS 0x0000000703070e00, 0x0000000703000000| Untracked 
|   3|0x0000000703200000, 0x0000000703400000, 0x0000000703400000|100%| O|  |TAMS 0x0000000703200000, 0x0000000703200000| Untracked 
|   4|0x0000000703400000, 0x000000070340a000, 0x0000000703600000|  1%| O|  |TAMS 0x0000000703400000, 0x0000000703400000| Untracked 
|   5|0x0000000703600000, 0x0000000703600000, 0x0000000703800000|  0%| F|  |TAMS 0x0000000703600000, 0x0000000703600000| Untracked 
|   6|0x0000000703800000, 0x0000000703800000, 0x0000000703a00000|  0%| F|  |TAMS 0x0000000703800000, 0x0000000703800000| Untracked 
|   7|0x0000000703a00000, 0x0000000703a00000, 0x0000000703c00000|  0%| F|  |TAMS 0x0000000703a00000, 0x0000000703a00000| Untracked 
|   8|0x0000000703c00000, 0x0000000703c00000, 0x0000000703e00000|  0%| F|  |TAMS 0x0000000703c00000, 0x0000000703c00000| Untracked 
|   9|0x0000000703e00000, 0x0000000703f6e3e8, 0x0000000704000000| 71%| S|CS|TAMS 0x0000000703e00000, 0x0000000703e00000| Complete 
|  10|0x0000000704000000, 0x0000000704000000, 0x0000000704200000|  0%| F|  |TAMS 0x0000000704000000, 0x0000000704000000| Untracked 
|  11|0x0000000704200000, 0x0000000704200000, 0x0000000704400000|  0%| F|  |TAMS 0x0000000704200000, 0x0000000704200000| Untracked 
|  12|0x0000000704400000, 0x0000000704400000, 0x0000000704600000|  0%| F|  |TAMS 0x0000000704400000, 0x0000000704400000| Untracked 
|  13|0x0000000704600000, 0x0000000704600000, 0x0000000704800000|  0%| F|  |TAMS 0x0000000704600000, 0x0000000704600000| Untracked 
|  14|0x0000000704800000, 0x0000000704800000, 0x0000000704a00000|  0%| F|  |TAMS 0x0000000704800000, 0x0000000704800000| Untracked 
|  15|0x0000000704a00000, 0x0000000704a00000, 0x0000000704c00000|  0%| F|  |TAMS 0x0000000704a00000, 0x0000000704a00000| Untracked 
|  16|0x0000000704c00000, 0x0000000704c00000, 0x0000000704e00000|  0%| F|  |TAMS 0x0000000704c00000, 0x0000000704c00000| Untracked 
|  17|0x0000000704e00000, 0x0000000704e00000, 0x0000000705000000|  0%| F|  |TAMS 0x0000000704e00000, 0x0000000704e00000| Untracked 
|  18|0x0000000705000000, 0x0000000705161058, 0x0000000705200000| 68%| E|  |TAMS 0x0000000705000000, 0x0000000705000000| Complete 
| 104|0x000000070fc00000, 0x000000070fe00000, 0x000000070fe00000|100%| E|CS|TAMS 0x000000070fc00000, 0x000000070fc00000| Complete 
| 105|0x000000070fe00000, 0x0000000710000000, 0x0000000710000000|100%| E|CS|TAMS 0x000000070fe00000, 0x000000070fe00000| Complete 
| 126|0x0000000712800000, 0x0000000712a00000, 0x0000000712a00000|100%| E|CS|TAMS 0x0000000712800000, 0x0000000712800000| Complete 

Card table byte_map: [0x0000023fa3b00000,0x0000023fa42f0000] _byte_map_base: 0x0000023fa02ea000

Marking Bits (Prev, Next): (CMBitMap*) 0x0000023f900b9e60, (CMBitMap*) 0x0000023f900b9e20
 Prev Bits: [0x0000023fa8a30000, 0x0000023fac980000)
 Next Bits: [0x0000023fa4ae0000, 0x0000023fa8a30000)

Polling page: 0x0000023f8e050000

Metaspace:

Usage:
  Non-class:     23.51 MB capacity,    23.32 MB (>99%) used,   154.98 KB ( <1%) free+waste,    33.06 KB ( <1%) overhead. 
      Class:      3.31 MB capacity,     3.19 MB ( 96%) used,   105.97 KB (  3%) free+waste,    12.75 KB ( <1%) overhead. 
       Both:     26.82 MB capacity,    26.52 MB ( 99%) used,   260.95 KB ( <1%) free+waste,    45.81 KB ( <1%) overhead. 

Virtual space:
  Non-class space:       24.00 MB reserved,      23.75 MB ( 99%) committed 
      Class space:        1.00 GB reserved,       3.37 MB ( <1%) committed 
             Both:        1.02 GB reserved,      27.12 MB (  3%) committed 

Chunk freelists:
   Non-Class:  58.00 KB
       Class:  3.00 KB
        Both:  61.00 KB

MaxMetaspaceSize: 17179869184.00 GB
CompressedClassSpaceSize: 1.00 GB

CodeHeap 'non-profiled nmethods': size=119168Kb used=1729Kb max_used=1729Kb free=117438Kb
 bounds [0x0000023f9b610000, 0x0000023f9b880000, 0x0000023fa2a70000]
CodeHeap 'profiled nmethods': size=119104Kb used=5462Kb max_used=5462Kb free=113641Kb
 bounds [0x0000023f941c0000, 0x0000023f94720000, 0x0000023f9b610000]
CodeHeap 'non-nmethods': size=7488Kb used=1320Kb max_used=3106Kb free=6168Kb
 bounds [0x0000023f93a70000, 0x0000023f93d90000, 0x0000023f941c0000]
 total_blobs=3240 nmethods=2741 adapters=409
 compilation: enabled
              stopped_count=0, restarted_count=0
 full_count=0

Compilation events (20 events):
Event: 1.497 Thread 0x0000023fb19bc920 2733       3       net.bytebuddy.description.method.MethodDescription$SignatureToken::<init> (20 bytes)
Event: 1.498 Thread 0x0000023fb19bc920 nmethod 2733 0x0000023f94711b10 code [0x0000023f94711cc0, 0x0000023f94711f58]
Event: 1.498 Thread 0x0000023faf96a8a0 2734       1       net.bytebuddy.implementation.Implementation$Context$Default$CacheValueField::getType (5 bytes)
Event: 1.498 Thread 0x0000023faf96a8a0 nmethod 2734 0x0000023f9b790a10 code [0x0000023f9b790ba0, 0x0000023f9b790c58]
Event: 1.498 Thread 0x0000023faf96a8a0 2735       1       net.bytebuddy.implementation.bytecode.StackManipulation$Size::getMaximalSize (5 bytes)
Event: 1.498 Thread 0x0000023faf96a8a0 nmethod 2735 0x0000023f9b790d10 code [0x0000023f9b790ea0, 0x0000023f9b790f58]
Event: 1.498 Thread 0x0000023fb19bc920 2736       3       net.bytebuddy.description.type.TypeList$Generic$AbstractBase::asRawTypes (61 bytes)
Event: 1.498 Thread 0x0000023fb1a16030 2737       1       net.bytebuddy.implementation.Implementation$Context$Default$DelegationRecord::getMethod (5 bytes)
Event: 1.498 Thread 0x0000023fb1a16030 nmethod 2737 0x0000023f9b791010 code [0x0000023f9b7911a0, 0x0000023f9b791258]
Event: 1.498 Thread 0x0000023fb1a16030 2738       3       net.bytebuddy.description.type.TypeList$Generic$AbstractBase::getStackSize (43 bytes)
Event: 1.498 Thread 0x0000023fb1a16030 nmethod 2738 0x0000023f94712010 code [0x0000023f94712220, 0x0000023f94712b48]
Event: 1.498 Thread 0x0000023fb19bc920 nmethod 2736 0x0000023f94712e10 code [0x0000023f947130e0, 0x0000023f94714408]
Event: 1.507 Thread 0x0000023fb06ffc00 2739       4       org.eclipse.jdt.launching.internal.org.objectweb.asm.FieldWriter::putFieldInfo (269 bytes)
Event: 1.507 Thread 0x0000023fb1a16030 2740       3       org.eclipse.jdt.launching.internal.org.objectweb.asm.Attribute::putAttributes (78 bytes)
Event: 1.508 Thread 0x0000023fb1a16030 nmethod 2740 0x0000023f94714a90 code [0x0000023f94714ce0, 0x0000023f94715178]
Event: 1.508 Thread 0x0000023fb19bc920 2741       3       org.eclipse.jdt.launching.internal.org.objectweb.asm.Attribute::computeAttributesSize (62 bytes)
Event: 1.508 Thread 0x0000023fb19bc920 nmethod 2741 0x0000023f94715490 code [0x0000023f94715660, 0x0000023f94715988]
Event: 1.530 Thread 0x0000023fb06ffc00 nmethod 2739 0x0000023f9b791310 code [0x0000023f9b791660, 0x0000023f9b793700]
Event: 1.583 Thread 0x0000023fb0524550 nmethod 2455 0x0000023f9b794a90 code [0x0000023f9b794ee0, 0x0000023f9b79f2f0]
Event: 1.743 Thread 0x0000023fb0734710 nmethod 2196 0x0000023f9b7a3590 code [0x0000023f9b7a3d20, 0x0000023f9b7b85c8]

GC Heap History (10 events):
Event: 0.490 GC heap before
{Heap before GC invocations=0 (full 0):
 garbage-first heap   total 260096K, used 20480K [0x0000000702c00000, 0x0000000800000000)
  region size 2048K, 11 young (22528K), 0 survivors (0K)
 Metaspace       used 12040K, capacity 12256K, committed 12416K, reserved 1060864K
  class space    used 1068K, capacity 1119K, committed 1152K, reserved 1048576K
}
Event: 0.493 GC heap after
{Heap after GC invocations=1 (full 0):
 garbage-first heap   total 260096K, used 4650K [0x0000000702c00000, 0x0000000800000000)
  region size 2048K, 2 young (4096K), 2 survivors (4096K)
 Metaspace       used 12040K, capacity 12256K, committed 12416K, reserved 1060864K
  class space    used 1068K, capacity 1119K, committed 1152K, reserved 1048576K
}
Event: 0.762 GC heap before
{Heap before GC invocations=1 (full 0):
 garbage-first heap   total 260096K, used 35370K [0x0000000702c00000, 0x0000000800000000)
  region size 2048K, 17 young (34816K), 2 survivors (4096K)
 Metaspace       used 16183K, capacity 16320K, committed 16512K, reserved 1064960K
  class space    used 1621K, capacity 1663K, committed 1664K, reserved 1048576K
}
Event: 0.764 GC heap after
{Heap after GC invocations=2 (full 0):
 garbage-first heap   total 260096K, used 5523K [0x0000000702c00000, 0x0000000800000000)
  region size 2048K, 1 young (2048K), 1 survivors (2048K)
 Metaspace       used 16183K, capacity 16320K, committed 16512K, reserved 1064960K
  class space    used 1621K, capacity 1663K, committed 1664K, reserved 1048576K
}
Event: 1.059 GC heap before
{Heap before GC invocations=2 (full 0):
 garbage-first heap   total 260096K, used 44435K [0x0000000702c00000, 0x0000000800000000)
  region size 2048K, 21 young (43008K), 1 survivors (2048K)
 Metaspace       used 21049K, capacity 21229K, committed 21248K, reserved 1069056K
  class space    used 2224K, capacity 2289K, committed 2304K, reserved 1048576K
}
Event: 1.062 GC heap after
{Heap after GC invocations=3 (full 0):
 garbage-first heap   total 260096K, used 6795K [0x0000000702c00000, 0x0000000800000000)
  region size 2048K, 2 young (4096K), 2 survivors (4096K)
 Metaspace       used 21049K, capacity 21229K, committed 21248K, reserved 1069056K
  class space    used 2224K, capacity 2289K, committed 2304K, reserved 1048576K
}
Event: 1.298 GC heap before
{Heap before GC invocations=4 (full 0):
 garbage-first heap   total 40960K, used 37515K [0x0000000702c00000, 0x0000000800000000)
  region size 2048K, 17 young (34816K), 2 survivors (4096K)
 Metaspace       used 24765K, capacity 25039K, committed 25340K, reserved 1071104K
  class space    used 2853K, capacity 2956K, committed 3068K, reserved 1048576K
}
Event: 1.301 GC heap after
{Heap after GC invocations=5 (full 0):
 garbage-first heap   total 45056K, used 7740K [0x0000000702c00000, 0x0000000800000000)
  region size 2048K, 2 young (4096K), 2 survivors (4096K)
 Metaspace       used 24765K, capacity 25039K, committed 25340K, reserved 1071104K
  class space    used 2853K, capacity 2956K, committed 3068K, reserved 1048576K
}
Event: 1.435 GC heap before
{Heap before GC invocations=5 (full 0):
 garbage-first heap   total 45056K, used 28220K [0x0000000702c00000, 0x0000000800000000)
  region size 2048K, 12 young (24576K), 2 survivors (4096K)
 Metaspace       used 26520K, capacity 26779K, committed 26876K, reserved 1073152K
  class space    used 3184K, capacity 3279K, committed 3324K, reserved 1048576K
}
Event: 1.438 GC heap after
{Heap after GC invocations=6 (full 0):
 garbage-first heap   total 45056K, used 8100K [0x0000000702c00000, 0x0000000800000000)
  region size 2048K, 1 young (2048K), 1 survivors (2048K)
 Metaspace       used 26520K, capacity 26779K, committed 26876K, reserved 1073152K
  class space    used 3184K, capacity 3279K, committed 3324K, reserved 1048576K
}

Deoptimization events (20 events):
Event: 1.487 Thread 0x0000023f90066760 Uncommon trap: trap_request=0xffffff45 fr.pc=0x0000023f9b646d8c relative=0x00000000000005cc
Event: 1.487 Thread 0x0000023f90066760 Uncommon trap: reason=unstable_if action=reinterpret pc=0x0000023f9b646d8c method=java.lang.AbstractStringBuilder.putStringAt(ILjava/lang/String;)V @ 8 c2
Event: 1.487 Thread 0x0000023f90066760 DEOPT PACKING pc=0x0000023f9b646d8c sp=0x000000a280ffcce0
Event: 1.487 Thread 0x0000023f90066760 DEOPT UNPACKING pc=0x0000023f93abe42f sp=0x000000a280ffcc18 mode 2
Event: 1.487 Thread 0x0000023f90066760 Uncommon trap: trap_request=0xffffff45 fr.pc=0x0000023f9b65df00 relative=0x00000000000005c0
Event: 1.487 Thread 0x0000023f90066760 Uncommon trap: reason=unstable_if action=reinterpret pc=0x0000023f9b65df00 method=java.lang.AbstractStringBuilder.putStringAt(ILjava/lang/String;)V @ 8 c2
Event: 1.487 Thread 0x0000023f90066760 DEOPT PACKING pc=0x0000023f9b65df00 sp=0x000000a280ffcc80
Event: 1.487 Thread 0x0000023f90066760 DEOPT UNPACKING pc=0x0000023f93abe42f sp=0x000000a280ffcc10 mode 2
Event: 1.487 Thread 0x0000023f90066760 Uncommon trap: trap_request=0xffffff45 fr.pc=0x0000023f9b6278dc relative=0x000000000000005c
Event: 1.487 Thread 0x0000023f90066760 Uncommon trap: reason=unstable_if action=reinterpret pc=0x0000023f9b6278dc method=java.lang.AbstractStringBuilder.isLatin1()Z @ 10 c2
Event: 1.487 Thread 0x0000023f90066760 DEOPT PACKING pc=0x0000023f9b6278dc sp=0x000000a280ffcba0
Event: 1.487 Thread 0x0000023f90066760 DEOPT UNPACKING pc=0x0000023f93abe42f sp=0x000000a280ffcb40 mode 2
Event: 1.487 Thread 0x0000023f90066760 Uncommon trap: trap_request=0xffffff45 fr.pc=0x0000023f9b64270c relative=0x000000000000016c
Event: 1.487 Thread 0x0000023f90066760 Uncommon trap: reason=unstable_if action=reinterpret pc=0x0000023f9b64270c method=java.lang.String.getBytes([BIB)V @ 5 c2
Event: 1.487 Thread 0x0000023f90066760 DEOPT PACKING pc=0x0000023f9b64270c sp=0x000000a280ffcbb0
Event: 1.487 Thread 0x0000023f90066760 DEOPT UNPACKING pc=0x0000023f93abe42f sp=0x000000a280ffcb88 mode 2
Event: 1.487 Thread 0x0000023f90066760 Uncommon trap: trap_request=0xffffff45 fr.pc=0x0000023f9b67e1f8 relative=0x0000000000000358
Event: 1.487 Thread 0x0000023f90066760 Uncommon trap: reason=unstable_if action=reinterpret pc=0x0000023f9b67e1f8 method=java.lang.AbstractStringBuilder.isLatin1()Z @ 10 c2
Event: 1.487 Thread 0x0000023f90066760 DEOPT PACKING pc=0x0000023f9b67e1f8 sp=0x000000a280ffcd10
Event: 1.487 Thread 0x0000023f90066760 DEOPT UNPACKING pc=0x0000023f93abe42f sp=0x000000a280ffcca0 mode 2

Classes unloaded (0 events):
No events

Classes redefined (2 events):
Event: 47.336 Thread 0x0000023fb01ff410 redefined class name=com.parkit.parkingsystem.InteractiveShellTest, count=1
Event: 78.364 Thread 0x0000023fb01ff410 redefined class name=com.parkit.parkingsystem.InteractiveShellTest, count=2

Internal exceptions (20 events):
Event: 0.499 Thread 0x0000023f90066760 Exception <a 'java/lang/NoSuchMethodError'{0x00000007128ac2b8}: 'java.lang.Object java.lang.invoke.DirectMethodHandle$Holder.invokeInterface(java.lang.Object, java.lang.Object)'> (0x00000007128ac2b8) 
thrown [./open/src/hotspot/share/interpreter/linkResolver.cpp, line 782]
Event: 0.499 Thread 0x0000023f90066760 Exception <a 'java/lang/IncompatibleClassChangeError'{0x00000007128afcb0}: Found class java.lang.Object, but interface was expected> (0x00000007128afcb0) 
thrown [./open/src/hotspot/share/interpreter/linkResolver.cpp, line 848]
Event: 0.505 Thread 0x0000023f90066760 Exception <a 'java/lang/NoSuchMethodError'{0x000000071298c948}: 'int java.lang.invoke.DirectMethodHandle$Holder.invokeStaticInit(java.lang.Object, java.lang.Object)'> (0x000000071298c948) 
thrown [./open/src/hotspot/share/interpreter/linkResolver.cpp, line 782]
Event: 0.513 Thread 0x0000023f90066760 Exception <a 'java/lang/NoSuchMethodError'{0x000000071263a2a0}: 'java.lang.Object java.lang.invoke.DirectMethodHandle$Holder.newInvokeSpecial(java.lang.Object, java.lang.Object, java.lang.Object, java.lang.Object, java.lang.Object)'> (0x000000071263a2a0) 
thrown [./open/src/hotspot/share/interpreter/linkResolver.cpp, line 782]
Event: 0.526 Thread 0x0000023f90066760 Exception <a 'java/lang/NoSuchMethodError'{0x00000007127bc660}: 'java.lang.Object java.lang.invoke.DirectMethodHandle$Holder.invokeSpecialIFC(java.lang.Object, java.lang.Object, java.lang.Object, java.lang.Object)'> (0x00000007127bc660) 
thrown [./open/src/hotspot/share/interpreter/linkResolver.cpp, line 782]
Event: 0.548 Thread 0x0000023f90066760 Exception <a 'java/lang/NoSuchMethodError'{0x0000000712526b60}: 'int java.lang.invoke.DirectMethodHandle$Holder.invokeVirtual(java.lang.Object, java.lang.Object, java.lang.Object)'> (0x0000000712526b60) 
thrown [./open/src/hotspot/share/interpreter/linkResolver.cpp, line 782]
Event: 0.549 Thread 0x0000023f90066760 Exception <a 'java/lang/NoSuchMethodError'{0x00000007125499c0}: 'void java.lang.invoke.DirectMethodHandle$Holder.invokeInterface(java.lang.Object, java.lang.Object)'> (0x00000007125499c0) 
thrown [./open/src/hotspot/share/interpreter/linkResolver.cpp, line 782]
Event: 0.550 Thread 0x0000023f90066760 Exception <a 'java/lang/IncompatibleClassChangeError'{0x000000071254ce78}: Found class java.lang.Object, but interface was expected> (0x000000071254ce78) 
thrown [./open/src/hotspot/share/interpreter/linkResolver.cpp, line 848]
Event: 0.551 Thread 0x0000023f90066760 Exception <a 'java/lang/NoSuchMethodError'{0x000000071255ff58}: 'void java.lang.invoke.DirectMethodHandle$Holder.invokeStatic(java.lang.Object, java.lang.Object, java.lang.Object, java.lang.Object)'> (0x000000071255ff58) 
thrown [./open/src/hotspot/share/interpreter/linkResolver.cpp, line 782]
Event: 0.564 Thread 0x0000023f90066760 Exception <a 'java/lang/NoSuchMethodError'{0x000000071225d698}: 'void java.lang.invoke.DirectMethodHandle$Holder.invokeInterface(java.lang.Object, java.lang.Object, java.lang.Object, java.lang.Object)'> (0x000000071225d698) 
thrown [./open/src/hotspot/share/interpreter/linkResolver.cpp, line 782]
Event: 0.564 Thread 0x0000023f90066760 Exception <a 'java/lang/IncompatibleClassChangeError'{0x0000000712260cf8}: Found class java.lang.Object, but interface was expected> (0x0000000712260cf8) 
thrown [./open/src/hotspot/share/interpreter/linkResolver.cpp, line 848]
Event: 0.570 Thread 0x0000023f90066760 Exception <a 'java/lang/NoSuchMethodError'{0x0000000712315920}: 'int java.lang.invoke.DirectMethodHandle$Holder.invokeStatic(java.lang.Object, java.lang.Object, java.lang.Object, java.lang.Object)'> (0x0000000712315920) 
thrown [./open/src/hotspot/share/interpreter/linkResolver.cpp, line 782]
Event: 0.570 Thread 0x0000023f90066760 Exception <a 'java/lang/NoSuchMethodError'{0x0000000712319478}: 'java.lang.Object java.lang.invoke.Invokers$Holder.invokeExact_MT(java.lang.Object, java.lang.Object, java.lang.Object, java.lang.Object, java.lang.Object, java.lang.Object)'> (0x0000000712319478) 
thrown [./open/src/hotspot/share/interpreter/linkResolver.cpp, line 782]
Event: 0.582 Thread 0x0000023f90066760 Exception <a 'java/lang/NoSuchMethodError'{0x0000000712070098}: 'int java.lang.invoke.DirectMethodHandle$Holder.invokeStatic(java.lang.Object, java.lang.Object, java.lang.Object, java.lang.Object, java.lang.Object)'> (0x0000000712070098) 
thrown [./open/src/hotspot/share/interpreter/linkResolver.cpp, line 782]
Event: 0.611 Thread 0x0000023f90066760 Exception <a 'java/lang/NoSuchMethodError'{0x0000000711f29e68}: 'void java.lang.invoke.DirectMethodHandle$Holder.invokeInterface(java.lang.Object, java.lang.Object, java.lang.Object)'> (0x0000000711f29e68) 
thrown [./open/src/hotspot/share/interpreter/linkResolver.cpp, line 782]
Event: 0.715 Thread 0x0000023f90066760 Exception <a 'java/lang/NoSuchMethodError'{0x0000000710d01800}: 'java.lang.Object java.lang.invoke.DirectMethodHandle$Holder.invokeStaticInit(java.lang.Object, int, int, int, int)'> (0x0000000710d01800) 
thrown [./open/src/hotspot/share/interpreter/linkResolver.cpp, line 782]
Event: 0.743 Thread 0x0000023f90066760 Exception <a 'java/lang/NoSuchMethodError'{0x0000000710dce1b0}: 'java.lang.Object java.lang.invoke.DirectMethodHandle$Holder.invokeStaticInit(java.lang.Object, java.lang.Object, int, int, int, int)'> (0x0000000710dce1b0) 
thrown [./open/src/hotspot/share/interpreter/linkResolver.cpp, line 782]
Event: 0.999 Thread 0x0000023f90066760 Implicit null exception at 0x0000023f9b6971ee to 0x0000023f9b697310
Event: 1.064 Thread 0x0000023f90066760 Exception <a 'java/lang/NoSuchMethodError'{0x000000071280f638}: 'int java.lang.invoke.DirectMethodHandle$Holder.invokeInterface(java.lang.Object, java.lang.Object)'> (0x000000071280f638) 
thrown [./open/src/hotspot/share/interpreter/linkResolver.cpp, line 782]
Event: 1.064 Thread 0x0000023f90066760 Exception <a 'java/lang/IncompatibleClassChangeError'{0x0000000712813040}: Found class java.lang.Object, but interface was expected> (0x0000000712813040) 
thrown [./open/src/hotspot/share/interpreter/linkResolver.cpp, line 848]

Events (20 events):
Event: 47.407 Executing VM operation: GetFrameCount
Event: 47.407 Executing VM operation: GetFrameCount done
Event: 49.572 Executing VM operation: GetFrameCount
Event: 49.572 Executing VM operation: GetFrameCount done
Event: 78.362 Executing VM operation: RedefineClasses
Event: 78.369 Executing VM operation: RedefineClasses done
Event: 78.376 Executing VM operation: ChangeBreakpoints
Event: 78.377 Executing VM operation: ChangeBreakpoints done
Event: 78.383 Executing VM operation: ChangeBreakpoints
Event: 78.384 Executing VM operation: ChangeBreakpoints done
Event: 78.385 Executing VM operation: GetFrameCount
Event: 78.385 Executing VM operation: GetFrameCount done
Event: 78.385 Executing VM operation: GetStackTrace
Event: 78.385 Executing VM operation: GetStackTrace done
Event: 78.553 Executing VM operation: GetFrameCount
Event: 78.554 Executing VM operation: GetFrameCount done
Event: 81.925 Executing VM operation: GetFrameCount
Event: 81.925 Executing VM operation: GetFrameCount done
Event: 81.934 Executing VM operation: GetFrameLocation
Event: 81.934 Executing VM operation: GetFrameLocation done


Dynamic libraries:
0x00007ff7d5e80000 - 0x00007ff7d5e8d000 	C:\Users\Kikine\OneDrive\Documents\mes cours de programmation\programmes\eclipse\plugins\org.eclipse.justj.openjdk.hotspot.jre.full.win32.x86_64_15.0.1.v20201027-0507\jre\bin\javaw.exe
0x00007ffc0cc90000 - 0x00007ffc0ce85000 	C:\WINDOWS\SYSTEM32\ntdll.dll
0x00007ffc0bce0000 - 0x00007ffc0bd9d000 	C:\WINDOWS\System32\KERNEL32.DLL
0x00007ffc0a530000 - 0x00007ffc0a7f9000 	C:\WINDOWS\System32\KERNELBASE.dll
0x00007ffc0a800000 - 0x00007ffc0a900000 	C:\WINDOWS\System32\ucrtbase.dll
0x00007ffc06290000 - 0x00007ffc062a8000 	C:\Users\Kikine\OneDrive\Documents\mes cours de programmation\programmes\eclipse\plugins\org.eclipse.justj.openjdk.hotspot.jre.full.win32.x86_64_15.0.1.v20201027-0507\jre\bin\jli.dll
0x00007ffc06270000 - 0x00007ffc06289000 	C:\Users\Kikine\OneDrive\Documents\mes cours de programmation\programmes\eclipse\plugins\org.eclipse.justj.openjdk.hotspot.jre.full.win32.x86_64_15.0.1.v20201027-0507\jre\bin\VCRUNTIME140.dll
0x00007ffc0b830000 - 0x00007ffc0b9d0000 	C:\WINDOWS\System32\USER32.dll
0x00007ffc0aa10000 - 0x00007ffc0aa32000 	C:\WINDOWS\System32\win32u.dll
0x00007ffbf7cc0000 - 0x00007ffbf7f5a000 	C:\WINDOWS\WinSxS\amd64_microsoft.windows.common-controls_6595b64144ccf1df_6.0.19041.844_none_ca00b6081b84eb1d\COMCTL32.dll
0x00007ffc0bc80000 - 0x00007ffc0bcaa000 	C:\WINDOWS\System32\GDI32.dll
0x00007ffc0b5d0000 - 0x00007ffc0b66e000 	C:\WINDOWS\System32\msvcrt.dll
0x00007ffc0ab40000 - 0x00007ffc0ac4b000 	C:\WINDOWS\System32\gdi32full.dll
0x00007ffc0ac50000 - 0x00007ffc0aced000 	C:\WINDOWS\System32\msvcp_win.dll
0x00007ffc0bcb0000 - 0x00007ffc0bce0000 	C:\WINDOWS\System32\IMM32.DLL
0x00007ffc06230000 - 0x00007ffc0623c000 	C:\Users\Kikine\OneDrive\Documents\mes cours de programmation\programmes\eclipse\plugins\org.eclipse.justj.openjdk.hotspot.jre.full.win32.x86_64_15.0.1.v20201027-0507\jre\bin\vcruntime140_1.dll
0x00007ffbf5c60000 - 0x00007ffbf5cf1000 	C:\Users\Kikine\OneDrive\Documents\mes cours de programmation\programmes\eclipse\plugins\org.eclipse.justj.openjdk.hotspot.jre.full.win32.x86_64_15.0.1.v20201027-0507\jre\bin\msvcp140.dll
0x00007ffba7a70000 - 0x00007ffba85ce000 	C:\Users\Kikine\OneDrive\Documents\mes cours de programmation\programmes\eclipse\plugins\org.eclipse.justj.openjdk.hotspot.jre.full.win32.x86_64_15.0.1.v20201027-0507\jre\bin\server\jvm.dll
0x00007ffc0c970000 - 0x00007ffc0ca1c000 	C:\WINDOWS\System32\ADVAPI32.dll
0x00007ffc0b720000 - 0x00007ffc0b7bc000 	C:\WINDOWS\System32\sechost.dll
0x00007ffc0c840000 - 0x00007ffc0c96b000 	C:\WINDOWS\System32\RPCRT4.dll
0x00007ffc0cc40000 - 0x00007ffc0cc48000 	C:\WINDOWS\System32\PSAPI.DLL
0x00007ffbfdf70000 - 0x00007ffbfdf97000 	C:\WINDOWS\SYSTEM32\WINMM.dll
0x00007ffbd3270000 - 0x00007ffbd3279000 	C:\WINDOWS\SYSTEM32\WSOCK32.dll
0x00007ffc035e0000 - 0x00007ffc035ea000 	C:\WINDOWS\SYSTEM32\VERSION.dll
0x00007ffc0ca20000 - 0x00007ffc0ca8b000 	C:\WINDOWS\System32\WS2_32.dll
0x00007ffc08330000 - 0x00007ffc08342000 	C:\WINDOWS\SYSTEM32\kernel.appcore.dll
0x00007ffbe3bf0000 - 0x00007ffbe3bfa000 	C:\Users\Kikine\OneDrive\Documents\mes cours de programmation\programmes\eclipse\plugins\org.eclipse.justj.openjdk.hotspot.jre.full.win32.x86_64_15.0.1.v20201027-0507\jre\bin\jimage.dll
0x00007ffbf3870000 - 0x00007ffbf3a54000 	C:\WINDOWS\SYSTEM32\DBGHELP.DLL
0x00007ffbf2770000 - 0x00007ffbf279c000 	C:\WINDOWS\SYSTEM32\dbgcore.DLL
0x00007ffc0aa40000 - 0x00007ffc0aac0000 	C:\WINDOWS\System32\bcryptPrimitives.dll
0x00007ffbf5d00000 - 0x00007ffbf5d39000 	C:\Users\Kikine\OneDrive\Documents\mes cours de programmation\programmes\eclipse\plugins\org.eclipse.justj.openjdk.hotspot.jre.full.win32.x86_64_15.0.1.v20201027-0507\jre\bin\jdwp.dll
0x00007ffc02650000 - 0x00007ffc0265e000 	C:\Users\Kikine\OneDrive\Documents\mes cours de programmation\programmes\eclipse\plugins\org.eclipse.justj.openjdk.hotspot.jre.full.win32.x86_64_15.0.1.v20201027-0507\jre\bin\instrument.dll
0x00007ffbe3b70000 - 0x00007ffbe3b95000 	C:\Users\Kikine\OneDrive\Documents\mes cours de programmation\programmes\eclipse\plugins\org.eclipse.justj.openjdk.hotspot.jre.full.win32.x86_64_15.0.1.v20201027-0507\jre\bin\java.dll
0x00007ffbe3bd0000 - 0x00007ffbe3be8000 	C:\Users\Kikine\OneDrive\Documents\mes cours de programmation\programmes\eclipse\plugins\org.eclipse.justj.openjdk.hotspot.jre.full.win32.x86_64_15.0.1.v20201027-0507\jre\bin\zip.dll
0x00007ffc0acf0000 - 0x00007ffc0b432000 	C:\WINDOWS\System32\SHELL32.dll
0x00007ffc08530000 - 0x00007ffc08cc0000 	C:\WINDOWS\SYSTEM32\windows.storage.dll
0x00007ffc0be80000 - 0x00007ffc0c1d5000 	C:\WINDOWS\System32\combase.dll
0x00007ffc09e40000 - 0x00007ffc09e6c000 	C:\WINDOWS\SYSTEM32\Wldp.dll
0x00007ffc0b670000 - 0x00007ffc0b71e000 	C:\WINDOWS\System32\SHCORE.dll
0x00007ffc0b9e0000 - 0x00007ffc0ba35000 	C:\WINDOWS\System32\shlwapi.dll
0x00007ffc0a310000 - 0x00007ffc0a32f000 	C:\WINDOWS\SYSTEM32\profapi.dll
0x00007ffbf5db0000 - 0x00007ffbf5dbb000 	C:\Users\Kikine\OneDrive\Documents\mes cours de programmation\programmes\eclipse\plugins\org.eclipse.justj.openjdk.hotspot.jre.full.win32.x86_64_15.0.1.v20201027-0507\jre\bin\dt_socket.dll
0x00007ffc09860000 - 0x00007ffc0989b000 	C:\WINDOWS\SYSTEM32\IPHLPAPI.DLL
0x00007ffc09bc0000 - 0x00007ffc09c2a000 	C:\WINDOWS\system32\mswsock.dll
0x00007ffc098a0000 - 0x00007ffc0996b000 	C:\WINDOWS\SYSTEM32\DNSAPI.dll
0x00007ffc0b7c0000 - 0x00007ffc0b7c8000 	C:\WINDOWS\System32\NSI.dll
0x00007ffc01c80000 - 0x00007ffc01c8a000 	C:\Windows\System32\rasadhlp.dll
0x00007ffbf6410000 - 0x00007ffbf648f000 	C:\WINDOWS\System32\fwpuclnt.dll
0x00007ffc0ab10000 - 0x00007ffc0ab37000 	C:\WINDOWS\System32\bcrypt.dll
0x00007ffbe3b50000 - 0x00007ffbe3b69000 	C:\Users\Kikine\OneDrive\Documents\mes cours de programmation\programmes\eclipse\plugins\org.eclipse.justj.openjdk.hotspot.jre.full.win32.x86_64_15.0.1.v20201027-0507\jre\bin\net.dll
0x00007ffbfe6e0000 - 0x00007ffbfe7ec000 	C:\WINDOWS\SYSTEM32\WINHTTP.dll
0x00007ffbe3b30000 - 0x00007ffbe3b42000 	C:\Users\Kikine\OneDrive\Documents\mes cours de programmation\programmes\eclipse\plugins\org.eclipse.justj.openjdk.hotspot.jre.full.win32.x86_64_15.0.1.v20201027-0507\jre\bin\nio.dll
0x00007ffbe3a20000 - 0x00007ffbe3a30000 	C:\Users\Kikine\OneDrive\Documents\mes cours de programmation\programmes\eclipse\plugins\org.eclipse.justj.openjdk.hotspot.jre.full.win32.x86_64_15.0.1.v20201027-0507\jre\bin\verify.dll
0x00007ffc017d0000 - 0x00007ffc017e7000 	C:\WINDOWS\SYSTEM32\dhcpcsvc6.DLL
0x00007ffc02010000 - 0x00007ffc0202d000 	C:\WINDOWS\SYSTEM32\dhcpcsvc.DLL
0x00007ffc02670000 - 0x00007ffc02679000 	C:\Users\Kikine\OneDrive\Documents\mes cours de programmation\programmes\eclipse\plugins\org.eclipse.justj.openjdk.hotspot.jre.full.win32.x86_64_15.0.1.v20201027-0507\jre\bin\management.dll
0x00007ffc02610000 - 0x00007ffc0261b000 	C:\Users\Kikine\OneDrive\Documents\mes cours de programmation\programmes\eclipse\plugins\org.eclipse.justj.openjdk.hotspot.jre.full.win32.x86_64_15.0.1.v20201027-0507\jre\bin\management_ext.dll
0x00007ffbeab30000 - 0x00007ffbeab47000 	C:\WINDOWS\system32\napinsp.dll
0x00007ffbeab10000 - 0x00007ffbeab2b000 	C:\WINDOWS\system32\pnrpnsp.dll
0x00007ffc05080000 - 0x00007ffc05095000 	C:\WINDOWS\system32\wshbth.dll
0x00007ffc06160000 - 0x00007ffc0617d000 	C:\WINDOWS\system32\NLAapi.dll
0x00007ffbeaa10000 - 0x00007ffbeaa22000 	C:\WINDOWS\System32\winrnr.dll
0x00007ffc09d90000 - 0x00007ffc09da8000 	C:\WINDOWS\SYSTEM32\CRYPTSP.dll
0x00007ffc094f0000 - 0x00007ffc09524000 	C:\WINDOWS\system32\rsaenh.dll
0x00007ffc0a290000 - 0x00007ffc0a2be000 	C:\WINDOWS\SYSTEM32\USERENV.dll
0x00007ffc09db0000 - 0x00007ffc09dbc000 	C:\WINDOWS\SYSTEM32\CRYPTBASE.dll

dbghelp: loaded successfully - version: 4.0.5 - missing functions: none
symbol engine: initialized successfully - sym options: 0x614 - pdb path: .;C:\Users\Kikine\OneDrive\Documents\mes cours de programmation\programmes\eclipse\plugins\org.eclipse.justj.openjdk.hotspot.jre.full.win32.x86_64_15.0.1.v20201027-0507\jre\bin;C:\WINDOWS\SYSTEM32;C:\WINDOWS\WinSxS\amd64_microsoft.windows.common-controls_6595b64144ccf1df_6.0.19041.844_none_ca00b6081b84eb1d;C:\Users\Kikine\OneDrive\Documents\mes cours de programmation\programmes\eclipse\plugins\org.eclipse.justj.openjdk.hotspot.jre.full.win32.x86_64_15.0.1.v20201027-0507\jre\bin\server

VM Arguments:
jvm_args: -XX:+ShowCodeDetailsInExceptionMessages -agentlib:jdwp=transport=dt_socket,suspend=y,address=localhost:65001 -ea -javaagent:C:\Users\Kikine\OneDrive\Documents\mes cours de programmation\programmes\eclipse\configuration\org.eclipse.osgi\405\0\.cp\lib\javaagent-shaded.jar -Dfile.encoding=UTF-8 
java_command: org.eclipse.jdt.internal.junit.runner.RemoteTestRunner -version 3 -port 64999 -testLoaderClass org.eclipse.jdt.internal.junit5.runner.JUnit5TestLoader -loaderpluginname org.eclipse.jdt.junit5.runtime -classNames com.parkit.parkingsystem.InteractiveShellTest
java_class_path (initial): C:\Users\Kikine\eclipse-workspace\MoveIt\target\test-classes;C:\Users\Kikine\eclipse-workspace\MoveIt\target\classes;C:\Users\Kikine\.m2\repository\org\apache\logging\log4j\log4j-api\2.12.1\log4j-api-2.12.1.jar;C:\Users\Kikine\.m2\repository\org\apache\logging\log4j\log4j-core\2.12.1\log4j-core-2.12.1.jar;C:\Users\Kikine\.m2\repository\mysql\mysql-connector-java\8.0.17\mysql-connector-java-8.0.17.jar;C:\Users\Kikine\.m2\repository\com\google\protobuf\protobuf-java\3.6.1\protobuf-java-3.6.1.jar;C:\Users\Kikine\.m2\repository\org\junit\jupiter\junit-jupiter-api\5.3.2\junit-jupiter-api-5.3.2.jar;C:\Users\Kikine\.m2\repository\org\apiguardian\apiguardian-api\1.0.0\apiguardian-api-1.0.0.jar;C:\Users\Kikine\.m2\repository\org\opentest4j\opentest4j\1.1.1\opentest4j-1.1.1.jar;C:\Users\Kikine\.m2\repository\org\junit\platform\junit-platform-commons\1.3.2\junit-platform-commons-1.3.2.jar;C:\Users\Kikine\.m2\repository\org\junit\jupiter\junit-jupiter-engine\5.3.2\junit-jupiter-engine-5.3.2.jar;C:\Users\Kikine\.m2\repository\org\junit\platform\junit-platform-engine\1.3.2\junit-platform-engine-1.3.2.jar;C:\Users\Kikine\.m2\repository\org\mockito\mockito-junit-jupiter\2.23.4\mockito-junit-jupiter-2.23.4.jar;C:\Users\Kikine\.m2\repository\org\mockito\mockito-core\2.23.4\mockito-core-2.23.4.jar;C:\Users\Kikine\.m2\repository\net\bytebuddy\byte-buddy\1.9.3\byte-buddy-1.9.3.jar;C:\Users\Kikine\.m2\repository\net\bytebuddy\byte-buddy-agent\1.9.3\byte-buddy-agent-1.9.3.jar;C:\Users\Kikine\.m2\repository\org\objenesis\objenesis\2.6\objenesis-2.6.jar;C:\Users\Kikine\.m2\repository\org\assertj\assertj-core\3.13.2\assertj-core-3.13.2.jar;C:\Users\Kikine\.m2\repository\org\jacoco\jacoco-maven-plugin\0.8.5\jacoco-maven-plugin-0.8.5.jar;C:\Users\Kikine\.m2\repository\org\apache\maven\maven-plugin-api\3.0\maven-plugin-api-3.0.jar;C:\Users\Kikine\.m2\repository\org\sonatype\sisu\sisu-inject-plexus\1.4.2\sisu-inject-plexus-1.4.2.jar;C:\Users\Kikine\.m2\repository\org
Launcher Type: SUN_STANDARD

[Global flags]
     intx CICompilerCount                          = 12                                        {product} {ergonomic}
     uint ConcGCThreads                            = 3                                         {product} {ergonomic}
     uint G1ConcRefinementThreads                  = 13                                        {product} {ergonomic}
   size_t G1HeapRegionSize                         = 2097152                                   {product} {ergonomic}
    uintx GCDrainStackTargetSize                   = 64                                        {product} {ergonomic}
   size_t InitialHeapSize                          = 266338304                                 {product} {ergonomic}
   size_t MarkStackSize                            = 4194304                                   {product} {ergonomic}
   size_t MaxHeapSize                              = 4248829952                                {product} {ergonomic}
   size_t MaxNewSize                               = 2548039680                                {product} {ergonomic}
   size_t MinHeapDeltaBytes                        = 2097152                                   {product} {ergonomic}
   size_t MinHeapSize                              = 8388608                                   {product} {ergonomic}
    uintx NonNMethodCodeHeapSize                   = 7602480                                {pd product} {ergonomic}
    uintx NonProfiledCodeHeapSize                  = 122027880                              {pd product} {ergonomic}
    uintx ProfiledCodeHeapSize                     = 122027880                              {pd product} {ergonomic}
    uintx ReservedCodeCacheSize                    = 251658240                              {pd product} {ergonomic}
     bool SegmentedCodeCache                       = true                                      {product} {ergonomic}
     bool ShowCodeDetailsInExceptionMessages       = true                                   {manageable} {command line}
   size_t SoftMaxHeapSize                          = 4248829952                             {manageable} {ergonomic}
     bool UseCompressedClassPointers               = true                                 {lp64_product} {ergonomic}
     bool UseCompressedOops                        = true                                 {lp64_product} {ergonomic}
     bool UseG1GC                                  = true                                      {product} {ergonomic}
     bool UseLargePagesIndividualAllocation        = false                                  {pd product} {ergonomic}

Logging:
Log output configuration:
 #0: stdout all=warning uptime,level,tags
 #1: stderr all=off uptime,level,tags

Environment Variables:
JAVA_HOME=C:\Program Files\Java\jdk1.8.0_281
PATH=C:\Users\Kikine\OneDrive\Documents\mes cours de programmation\programmes\eclipse\plugins\org.eclipse.justj.openjdk.hotspot.jre.full.win32.x86_64_15.0.1.v20201027-0507\jre\bin;C:/Users/Kikine/OneDrive/Documents/mes cours de programmation/programmes/eclipse//plugins/org.eclipse.justj.openjdk.hotspot.jre.full.win32.x86_64_15.0.1.v20201027-0507/jre/bin/server;C:/Users/Kikine/OneDrive/Documents/mes cours de programmation/programmes/eclipse//plugins/org.eclipse.justj.openjdk.hotspot.jre.full.win32.x86_64_15.0.1.v20201027-0507/jre/bin;C:\Program Files\Common Files\Oracle\Java\javapath;C:\Program Files (x86)\Common Files\Oracle\Java\javapath;C:\Windows\system32;C:\Windows;C:\Windows\System32\Wbem;C:\Windows\System32\WindowsPowerShell\v1.0\;C:\Windows\System32\OpenSSH\;C:\Program Files (x86)\NVIDIA Corporation\PhysX\Common;C:\Program Files\NVIDIA Corporation\NVIDIA NvDLISR;C:\Program Files\nodejs\;C:\Program Files\Microsoft SQL Server\120\Tools\Binn\;C:\Program Files\Common Files\Autodesk Shared\;C:\WINDOWS\system32;C:\WINDOWS;C:\WINDOWS\System32\Wbem;C:\WINDOWS\System32\WindowsPowerShell\v1.0\;C:\WINDOWS\System32\OpenSSH\;C:\Program Files\Git\cmd;C:\Program Files\dotnet\;C:\Program Files\Microsoft SQL Server\130\Tools\Binn\;C:\Program Files\Microsoft SQL Server\Client SDK\ODBC\170\Tools\Binn\;C:\apache-maven-3.6.3\bin;C:\Program Files\Java\jdk1.8.0_281\bin;C:\Program Files\Java\jre1.8.0_281\bin;C:\Program Files\MySQL\MySQL Shell 8.0\bin\;C:\Users\Kikine\AppData\Local\Microsoft\WindowsApps;C:\Users\Kikine\AppData\Roaming\npm;C:\Users\Kikine\AppData\Local\Programs\Microsoft VS Code\bin;C:\Users\Kikine\.dotnet\tools;;C:\Users\Kikine\OneDrive\Documents\mes cours de programmation\programmes\eclipse;
USERNAME=Kikine
OS=Windows_NT
PROCESSOR_IDENTIFIER=Intel64 Family 6 Model 165 Stepping 2, GenuineIntel



---------------  S Y S T E M  ---------------

OS:
 Windows 10 , 64 bit Build 19041 (10.0.19041.804)
OS uptime: 0 days 17:23 hours

CPU: total 16 (initial active 16) (8 cores per cpu, 2 threads per core) family 6 model 165 stepping 2 microcode 0xe0, cmov, cx8, fxsr, mmx, sse, sse2, sse3, ssse3, sse4.1, sse4.2, popcnt, vzeroupper, avx, avx2, aes, clmul, erms, 3dnowpref, lzcnt, ht, tsc, tscinvbit, bmi1, bmi2, adx, fma, clflush, clflushopt

Memory: 4k page, system-wide physical 16203M (6559M free)
TotalPageFile size 31563M (AvailPageFile size 9677M)
current process WorkingSet (physical memory assigned to process): 123M, peak: 195M
current process commit charge ("private bytes"): 170M, peak: 429M

vm_info: OpenJDK 64-Bit Server VM (15.0.1+9-18) for windows-amd64 JRE (15.0.1+9-18), built on Sep 15 2020 14:39:31 by "mach5one" with unknown MS VC++:1925

END.
