#
# A fatal error has been detected by the Java Runtime Environment:
#
#  Internal Error (./open/src/hotspot/share/interpreter/oopMapCache.cpp:111), pid=29652, tid=11924
#  Error: ShouldNotReachHere()
#
# JRE version: OpenJDK Runtime Environment (15.0.1+9) (build 15.0.1+9-18)
# Java VM: OpenJDK 64-Bit Server VM (15.0.1+9-18, mixed mode, tiered, compressed oops, g1 gc, windows-amd64)
# No core dump will be written. Minidumps are not enabled by default on client versions of Windows
#
# If you would like to submit a bug report, please visit:
#   https://bugreport.java.com/bugreport/crash.jsp
#

---------------  S U M M A R Y ------------

Command Line: -XX:+ShowCodeDetailsInExceptionMessages -agentlib:jdwp=transport=dt_socket,suspend=y,address=localhost:52802 -ea -javaagent:C:\Users\Kikine\OneDrive\Documents\mes cours de programmation\programmes\eclipse\configuration\org.eclipse.osgi\405\0\.cp\lib\javaagent-shaded.jar -Dfile.encoding=UTF-8 org.eclipse.jdt.internal.junit.runner.RemoteTestRunner -version 3 -port 52800 -testLoaderClass org.eclipse.jdt.internal.junit5.runner.JUnit5TestLoader -loaderpluginname org.eclipse.jdt.junit5.runtime -classNames com.parkit.parkingsystem.integration.ParkingDataBaseIT

Host: Intel(R) Core(TM) i7-10875H CPU @ 2.30GHz, 16 cores, 15G,  Windows 10 , 64 bit Build 19041 (10.0.19041.804)
Time: Sat Apr  3 21:23:24 2021 Paris, Madrid (heure d’été) elapsed time: 554.132312 seconds (0d 0h 9m 14s)

---------------  T H R E A D  ---------------

Current thread (0x000002ae177230a0):  JavaThread "JDWP Transport Listener: dt_socket" daemon [_thread_in_vm, id=11924, stack(0x000000e1d6100000,0x000000e1d6200000)] _threads_hazard_ptr=0x000002ae1a8b4e60

Stack: [0x000000e1d6100000,0x000000e1d6200000]
Native frames: (J=compiled Java code, j=interpreted, Vv=VM code, C=native code)
V  [jvm.dll+0x62ae9a]
V  [jvm.dll+0x781389]
V  [jvm.dll+0x782ae3]
V  [jvm.dll+0x7830f7]
V  [jvm.dll+0x2161cc]
V  [jvm.dll+0x216113]
V  [jvm.dll+0x619caa]
V  [jvm.dll+0x619963]
V  [jvm.dll+0x5df038]
V  [jvm.dll+0x7783ef]
V  [jvm.dll+0x4f04b1]
V  [jvm.dll+0x787e95]
V  [jvm.dll+0x4d430a]
V  [jvm.dll+0x49548b]
C  [jdwp.dll+0x796b]


---------------  P R O C E S S  ---------------

Threads class SMR info:
_java_thread_list=0x000002ae1a8b4e60, length=16, elements={
0x000002ae74e36410, 0x000002ae7f8f2130, 0x000002ae7f8f2c10, 0x000002ae7f9212b0,
0x000002ae7f923c80, 0x000002ae7f924640, 0x000002ae7f9253e0, 0x000002ae7f84c880,
0x000002ae7f84d570, 0x000002ae7faad8d0, 0x000002ae177230a0, 0x000002ae176b9290,
0x000002ae176b9b10, 0x000002ae17b8e840, 0x000002ae17d944c0, 0x000002ae18aa59d0
}

Java Threads: ( => current thread )
  0x000002ae74e36410 JavaThread "main" [_thread_blocked, id=26640, stack(0x000000e1d4d00000,0x000000e1d4e00000)]
  0x000002ae7f8f2130 JavaThread "Reference Handler" daemon [_thread_blocked, id=19292, stack(0x000000e1d5400000,0x000000e1d5500000)]
  0x000002ae7f8f2c10 JavaThread "Finalizer" daemon [_thread_blocked, id=7340, stack(0x000000e1d5500000,0x000000e1d5600000)]
  0x000002ae7f9212b0 JavaThread "Signal Dispatcher" daemon [_thread_blocked, id=27268, stack(0x000000e1d5600000,0x000000e1d5700000)]
  0x000002ae7f923c80 JavaThread "Attach Listener" daemon [_thread_blocked, id=29772, stack(0x000000e1d5700000,0x000000e1d5800000)]
  0x000002ae7f924640 JavaThread "Service Thread" daemon [_thread_blocked, id=30328, stack(0x000000e1d5800000,0x000000e1d5900000)]
  0x000002ae7f9253e0 JavaThread "C2 CompilerThread0" daemon [_thread_blocked, id=23628, stack(0x000000e1d5900000,0x000000e1d5a00000)]
  0x000002ae7f84c880 JavaThread "C1 CompilerThread0" daemon [_thread_blocked, id=26812, stack(0x000000e1d5a00000,0x000000e1d5b00000)]
  0x000002ae7f84d570 JavaThread "Sweeper thread" daemon [_thread_blocked, id=2468, stack(0x000000e1d5b00000,0x000000e1d5c00000)]
  0x000002ae7faad8d0 JavaThread "Common-Cleaner" daemon [_thread_blocked, id=10992, stack(0x000000e1d5c00000,0x000000e1d5d00000)]
=>0x000002ae177230a0 JavaThread "JDWP Transport Listener: dt_socket" daemon [_thread_in_vm, id=11924, stack(0x000000e1d6100000,0x000000e1d6200000)] _threads_hazard_ptr=0x000002ae1a8b4e60
  0x000002ae176b9290 JavaThread "JDWP Event Helper Thread" daemon [_thread_blocked, id=15252, stack(0x000000e1d6200000,0x000000e1d6300000)]
  0x000002ae176b9b10 JavaThread "JDWP Command Reader" daemon [_thread_in_native, id=6804, stack(0x000000e1d6300000,0x000000e1d6400000)]
  0x000002ae17b8e840 JavaThread "Notification Thread" daemon [_thread_blocked, id=5916, stack(0x000000e1d6400000,0x000000e1d6500000)]
  0x000002ae17d944c0 JavaThread "ReaderThread" [_thread_in_native, id=15948, stack(0x000000e1d6600000,0x000000e1d6700000)]
  0x000002ae18aa59d0 JavaThread "mysql-cj-abandoned-connection-cleanup" daemon [_thread_blocked, id=15352, stack(0x000000e1d7100000,0x000000e1d7200000)]

Other Threads:
  0x000002ae7f8df820 VMThread "VM Thread" [stack: 0x000000e1d5300000,0x000000e1d5400000] [id=21860]
  0x000002ae17761fa0 WatcherThread [stack: 0x000000e1d6500000,0x000000e1d6600000] [id=31528]
  0x000002ae74e88260 GCTaskThread "GC Thread#0" [stack: 0x000000e1d4e00000,0x000000e1d4f00000] [id=30652]
  0x000002ae7fbc22a0 GCTaskThread "GC Thread#1" [stack: 0x000000e1d6800000,0x000000e1d6900000] [id=30456]
  0x000002ae7fbc1f70 GCTaskThread "GC Thread#2" [stack: 0x000000e1d6900000,0x000000e1d6a00000] [id=6260]
  0x000002ae7fbc15e0 GCTaskThread "GC Thread#3" [stack: 0x000000e1d6a00000,0x000000e1d6b00000] [id=24692]
  0x000002ae7fbc4280 GCTaskThread "GC Thread#4" [stack: 0x000000e1d6b00000,0x000000e1d6c00000] [id=27780]
  0x000002ae7fbc25d0 GCTaskThread "GC Thread#5" [stack: 0x000000e1d6c00000,0x000000e1d6d00000] [id=21224]
  0x000002ae74e9a190 ConcurrentGCThread "G1 Main Marker" [stack: 0x000000e1d4f00000,0x000000e1d5000000] [id=11484]
  0x000002ae74e9b4b0 ConcurrentGCThread "G1 Conc#0" [stack: 0x000000e1d5000000,0x000000e1d5100000] [id=29216]
  0x000002ae7fbc38f0 ConcurrentGCThread "G1 Conc#1" [stack: 0x000000e1d6f00000,0x000000e1d7000000] [id=18356]
  0x000002ae7fbc3f50 ConcurrentGCThread "G1 Conc#2" [stack: 0x000000e1d7000000,0x000000e1d7100000] [id=12100]
  0x000002ae74efe810 ConcurrentGCThread "G1 Refine#0" [stack: 0x000000e1d5100000,0x000000e1d5200000] [id=22536]
  0x000002ae7f6dc8f0 ConcurrentGCThread "G1 Young RemSet Sampling" [stack: 0x000000e1d5200000,0x000000e1d5300000] [id=13212]

Threads with active compile tasks:

VM state: not at safepoint (normal execution)

VM Mutex/Monitor currently owned by a thread: None

Heap address: 0x0000000702c00000, size: 4052 MB, Compressed Oops mode: Zero based, Oop shift amount: 3
CDS disabled.
Compressed class space mapped at: 0x0000000800000000-0x0000000840000000, size: 1073741824
Narrow klass base: 0x0000000800000000, Narrow klass shift: 0, Narrow klass range: 0x40000000

GC Precious Log:
 CPUs: 16 total, 16 available
 Memory: 16203M
 Large Page Support: Disabled
 NUMA Support: Disabled
 Compressed Oops: Enabled (Zero based)
 Heap Region Size: 2M
 Heap Min Capacity: 8M
 Heap Initial Capacity: 254M
 Heap Max Capacity: 4052M
 Pre-touch: Disabled
 Parallel Workers: 13
 Concurrent Workers: 3
 Concurrent Refinement Workers: 13
 Periodic GC: Disabled

Heap:
 garbage-first heap   total 151552K, used 56059K [0x0000000702c00000, 0x0000000800000000)
  region size 2048K, 24 young (49152K), 1 survivors (2048K)
 Metaspace       used 33754K, capacity 34033K, committed 34048K, reserved 1079296K
  class space    used 3981K, capacity 4089K, committed 4096K, reserved 1048576K

Heap Regions: E=young(eden), S=young(survivor), O=old, HS=humongous(starts), HC=humongous(continues), CS=collection set, F=free, OA=open archive, CA=closed archive, TAMS=top-at-mark-start (previous, next)
|   0|0x0000000702c00000, 0x0000000702e00000, 0x0000000702e00000|100%| O|  |TAMS 0x0000000702e00000, 0x0000000702c00000| Untracked 
|   1|0x0000000702e00000, 0x0000000703000000, 0x0000000703000000|100%| O|  |TAMS 0x0000000703000000, 0x0000000702e00000| Untracked 
|   2|0x0000000703000000, 0x000000070303ca00, 0x0000000703200000| 11%| O|  |TAMS 0x000000070303ca00, 0x0000000703000000| Untracked 
|   3|0x0000000703200000, 0x0000000703400000, 0x0000000703400000|100%| O|  |TAMS 0x0000000703200000, 0x0000000703200000| Untracked 
|   4|0x0000000703400000, 0x000000070355a600, 0x0000000703600000| 67%| O|  |TAMS 0x0000000703400000, 0x0000000703400000| Untracked 
|   5|0x0000000703600000, 0x0000000703800000, 0x0000000703800000|100%| O|  |TAMS 0x0000000703600000, 0x0000000703600000| Untracked 
|   6|0x0000000703800000, 0x0000000703800000, 0x0000000703a00000|  0%| F|  |TAMS 0x0000000703800000, 0x0000000703800000| Untracked 
|   7|0x0000000703a00000, 0x0000000703a00000, 0x0000000703c00000|  0%| F|  |TAMS 0x0000000703a00000, 0x0000000703a00000| Untracked 
|   8|0x0000000703c00000, 0x0000000703c00000, 0x0000000703e00000|  0%| F|  |TAMS 0x0000000703c00000, 0x0000000703c00000| Untracked 
|   9|0x0000000703e00000, 0x0000000703e00000, 0x0000000704000000|  0%| F|  |TAMS 0x0000000703e00000, 0x0000000703e00000| Untracked 
|  10|0x0000000704000000, 0x0000000704000000, 0x0000000704200000|  0%| F|  |TAMS 0x0000000704000000, 0x0000000704000000| Untracked 
|  11|0x0000000704200000, 0x0000000704327f20, 0x0000000704400000| 57%| S|CS|TAMS 0x0000000704200000, 0x0000000704200000| Complete 
|  12|0x0000000704400000, 0x0000000704400000, 0x0000000704600000|  0%| F|  |TAMS 0x0000000704400000, 0x0000000704400000| Untracked 
|  13|0x0000000704600000, 0x0000000704600000, 0x0000000704800000|  0%| F|  |TAMS 0x0000000704600000, 0x0000000704600000| Untracked 
|  14|0x0000000704800000, 0x0000000704800000, 0x0000000704a00000|  0%| F|  |TAMS 0x0000000704800000, 0x0000000704800000| Untracked 
|  15|0x0000000704a00000, 0x0000000704a00000, 0x0000000704c00000|  0%| F|  |TAMS 0x0000000704a00000, 0x0000000704a00000| Untracked 
|  16|0x0000000704c00000, 0x0000000704c00000, 0x0000000704e00000|  0%| F|  |TAMS 0x0000000704c00000, 0x0000000704c00000| Untracked 
|  17|0x0000000704e00000, 0x0000000704e00000, 0x0000000705000000|  0%| F|  |TAMS 0x0000000704e00000, 0x0000000704e00000| Untracked 
|  18|0x0000000705000000, 0x0000000705000000, 0x0000000705200000|  0%| F|  |TAMS 0x0000000705000000, 0x0000000705000000| Untracked 
|  19|0x0000000705200000, 0x0000000705200000, 0x0000000705400000|  0%| F|  |TAMS 0x0000000705200000, 0x0000000705200000| Untracked 
|  20|0x0000000705400000, 0x0000000705400000, 0x0000000705600000|  0%| F|  |TAMS 0x0000000705400000, 0x0000000705400000| Untracked 
|  21|0x0000000705600000, 0x0000000705600000, 0x0000000705800000|  0%| F|  |TAMS 0x0000000705600000, 0x0000000705600000| Untracked 
|  22|0x0000000705800000, 0x0000000705800000, 0x0000000705a00000|  0%| F|  |TAMS 0x0000000705800000, 0x0000000705800000| Untracked 
|  23|0x0000000705a00000, 0x0000000705a00000, 0x0000000705c00000|  0%| F|  |TAMS 0x0000000705a00000, 0x0000000705a00000| Untracked 
|  24|0x0000000705c00000, 0x0000000705c00000, 0x0000000705e00000|  0%| F|  |TAMS 0x0000000705c00000, 0x0000000705c00000| Untracked 
|  25|0x0000000705e00000, 0x0000000705e00000, 0x0000000706000000|  0%| F|  |TAMS 0x0000000705e00000, 0x0000000705e00000| Untracked 
|  26|0x0000000706000000, 0x0000000706000000, 0x0000000706200000|  0%| F|  |TAMS 0x0000000706000000, 0x0000000706000000| Untracked 
|  27|0x0000000706200000, 0x0000000706200000, 0x0000000706400000|  0%| F|  |TAMS 0x0000000706200000, 0x0000000706200000| Untracked 
|  28|0x0000000706400000, 0x0000000706400000, 0x0000000706600000|  0%| F|  |TAMS 0x0000000706400000, 0x0000000706400000| Untracked 
|  29|0x0000000706600000, 0x0000000706600000, 0x0000000706800000|  0%| F|  |TAMS 0x0000000706600000, 0x0000000706600000| Untracked 
|  30|0x0000000706800000, 0x0000000706800000, 0x0000000706a00000|  0%| F|  |TAMS 0x0000000706800000, 0x0000000706800000| Untracked 
|  31|0x0000000706a00000, 0x0000000706a00000, 0x0000000706c00000|  0%| F|  |TAMS 0x0000000706a00000, 0x0000000706a00000| Untracked 
|  32|0x0000000706c00000, 0x0000000706c00000, 0x0000000706e00000|  0%| F|  |TAMS 0x0000000706c00000, 0x0000000706c00000| Untracked 
|  33|0x0000000706e00000, 0x0000000706e00000, 0x0000000707000000|  0%| F|  |TAMS 0x0000000706e00000, 0x0000000706e00000| Untracked 
|  34|0x0000000707000000, 0x0000000707000000, 0x0000000707200000|  0%| F|  |TAMS 0x0000000707000000, 0x0000000707000000| Untracked 
|  35|0x0000000707200000, 0x0000000707200000, 0x0000000707400000|  0%| F|  |TAMS 0x0000000707200000, 0x0000000707200000| Untracked 
|  36|0x0000000707400000, 0x0000000707400000, 0x0000000707600000|  0%| F|  |TAMS 0x0000000707400000, 0x0000000707400000| Untracked 
|  37|0x0000000707600000, 0x0000000707600000, 0x0000000707800000|  0%| F|  |TAMS 0x0000000707600000, 0x0000000707600000| Untracked 
|  38|0x0000000707800000, 0x0000000707800000, 0x0000000707a00000|  0%| F|  |TAMS 0x0000000707800000, 0x0000000707800000| Untracked 
|  39|0x0000000707a00000, 0x0000000707a00000, 0x0000000707c00000|  0%| F|  |TAMS 0x0000000707a00000, 0x0000000707a00000| Untracked 
|  40|0x0000000707c00000, 0x0000000707c00000, 0x0000000707e00000|  0%| F|  |TAMS 0x0000000707c00000, 0x0000000707c00000| Untracked 
|  41|0x0000000707e00000, 0x0000000707e00000, 0x0000000708000000|  0%| F|  |TAMS 0x0000000707e00000, 0x0000000707e00000| Untracked 
|  42|0x0000000708000000, 0x0000000708000000, 0x0000000708200000|  0%| F|  |TAMS 0x0000000708000000, 0x0000000708000000| Untracked 
|  43|0x0000000708200000, 0x0000000708200000, 0x0000000708400000|  0%| F|  |TAMS 0x0000000708200000, 0x0000000708200000| Untracked 
|  44|0x0000000708400000, 0x0000000708400000, 0x0000000708600000|  0%| F|  |TAMS 0x0000000708400000, 0x0000000708400000| Untracked 
|  45|0x0000000708600000, 0x0000000708600000, 0x0000000708800000|  0%| F|  |TAMS 0x0000000708600000, 0x0000000708600000| Untracked 
|  46|0x0000000708800000, 0x0000000708800000, 0x0000000708a00000|  0%| F|  |TAMS 0x0000000708800000, 0x0000000708800000| Untracked 
|  47|0x0000000708a00000, 0x0000000708a00000, 0x0000000708c00000|  0%| F|  |TAMS 0x0000000708a00000, 0x0000000708a00000| Untracked 
|  48|0x0000000708c00000, 0x0000000708c00000, 0x0000000708e00000|  0%| F|  |TAMS 0x0000000708c00000, 0x0000000708c00000| Untracked 
|  49|0x0000000708e00000, 0x0000000708e00000, 0x0000000709000000|  0%| F|  |TAMS 0x0000000708e00000, 0x0000000708e00000| Untracked 
|  50|0x0000000709000000, 0x0000000709000000, 0x0000000709200000|  0%| F|  |TAMS 0x0000000709000000, 0x0000000709000000| Untracked 
|  51|0x0000000709200000, 0x00000007092f94a0, 0x0000000709400000| 48%| E|  |TAMS 0x0000000709200000, 0x0000000709200000| Complete 
|  52|0x0000000709400000, 0x0000000709600000, 0x0000000709600000|100%| E|CS|TAMS 0x0000000709400000, 0x0000000709400000| Complete 
|  53|0x0000000709600000, 0x0000000709800000, 0x0000000709800000|100%| E|CS|TAMS 0x0000000709600000, 0x0000000709600000| Complete 
|  54|0x0000000709800000, 0x0000000709a00000, 0x0000000709a00000|100%| E|CS|TAMS 0x0000000709800000, 0x0000000709800000| Complete 
|  55|0x0000000709a00000, 0x0000000709c00000, 0x0000000709c00000|100%| E|CS|TAMS 0x0000000709a00000, 0x0000000709a00000| Complete 
|  56|0x0000000709c00000, 0x0000000709e00000, 0x0000000709e00000|100%| E|CS|TAMS 0x0000000709c00000, 0x0000000709c00000| Complete 
|  57|0x0000000709e00000, 0x000000070a000000, 0x000000070a000000|100%| E|CS|TAMS 0x0000000709e00000, 0x0000000709e00000| Complete 
|  58|0x000000070a000000, 0x000000070a200000, 0x000000070a200000|100%| E|CS|TAMS 0x000000070a000000, 0x000000070a000000| Complete 
|  59|0x000000070a200000, 0x000000070a400000, 0x000000070a400000|100%| E|CS|TAMS 0x000000070a200000, 0x000000070a200000| Complete 
|  60|0x000000070a400000, 0x000000070a600000, 0x000000070a600000|100%| E|CS|TAMS 0x000000070a400000, 0x000000070a400000| Complete 
|  61|0x000000070a600000, 0x000000070a800000, 0x000000070a800000|100%| E|CS|TAMS 0x000000070a600000, 0x000000070a600000| Complete 
|  62|0x000000070a800000, 0x000000070aa00000, 0x000000070aa00000|100%| E|CS|TAMS 0x000000070a800000, 0x000000070a800000| Complete 
|  63|0x000000070aa00000, 0x000000070ac00000, 0x000000070ac00000|100%| E|CS|TAMS 0x000000070aa00000, 0x000000070aa00000| Complete 
|  64|0x000000070ac00000, 0x000000070ae00000, 0x000000070ae00000|100%| E|CS|TAMS 0x000000070ac00000, 0x000000070ac00000| Complete 
|  65|0x000000070ae00000, 0x000000070b000000, 0x000000070b000000|100%| E|CS|TAMS 0x000000070ae00000, 0x000000070ae00000| Complete 
|  66|0x000000070b000000, 0x000000070b200000, 0x000000070b200000|100%| E|CS|TAMS 0x000000070b000000, 0x000000070b000000| Complete 
|  67|0x000000070b200000, 0x000000070b400000, 0x000000070b400000|100%| E|CS|TAMS 0x000000070b200000, 0x000000070b200000| Complete 
|  68|0x000000070b400000, 0x000000070b600000, 0x000000070b600000|100%| E|CS|TAMS 0x000000070b400000, 0x000000070b400000| Complete 
|  69|0x000000070b600000, 0x000000070b800000, 0x000000070b800000|100%| E|CS|TAMS 0x000000070b600000, 0x000000070b600000| Complete 
|  70|0x000000070b800000, 0x000000070ba00000, 0x000000070ba00000|100%| E|CS|TAMS 0x000000070b800000, 0x000000070b800000| Complete 
| 102|0x000000070f800000, 0x000000070fa00000, 0x000000070fa00000|100%| E|CS|TAMS 0x000000070f800000, 0x000000070f800000| Complete 
| 103|0x000000070fa00000, 0x000000070fc00000, 0x000000070fc00000|100%| E|CS|TAMS 0x000000070fa00000, 0x000000070fa00000| Complete 
| 126|0x0000000712800000, 0x0000000712a00000, 0x0000000712a00000|100%| E|CS|TAMS 0x0000000712800000, 0x0000000712800000| Complete 

Card table byte_map: [0x000002ae7b7d0000,0x000002ae7bfc0000] _byte_map_base: 0x000002ae77fba000

Marking Bits (Prev, Next): (CMBitMap*) 0x000002ae74e89a30, (CMBitMap*) 0x000002ae74e899f0
 Prev Bits: [0x000002ae12f50000, 0x000002ae16ea0000)
 Next Bits: [0x000002ae0f000000, 0x000002ae12f50000)

Polling page: 0x000002ae74f00000

Metaspace:

Usage:
  Non-class:     29.24 MB capacity,    29.07 MB (>99%) used,   133.16 KB ( <1%) free+waste,    38.31 KB ( <1%) overhead. 
      Class:      3.99 MB capacity,     3.89 MB ( 97%) used,    93.41 KB (  2%) free+waste,    13.88 KB ( <1%) overhead. 
       Both:     33.24 MB capacity,    32.96 MB (>99%) used,   226.56 KB ( <1%) free+waste,    52.19 KB ( <1%) overhead. 

Virtual space:
  Non-class space:       30.00 MB reserved,      29.25 MB ( 98%) committed 
      Class space:        1.00 GB reserved,       4.00 MB ( <1%) committed 
             Both:        1.03 GB reserved,      33.25 MB (  3%) committed 

Chunk freelists:
   Non-Class:  8.00 KB
       Class:  7.00 KB
        Both:  15.00 KB

MaxMetaspaceSize: 17179869184.00 GB
CompressedClassSpaceSize: 1.00 GB

CodeHeap 'non-profiled nmethods': size=119168Kb used=2524Kb max_used=2524Kb free=116643Kb
 bounds [0x000002ae07ba0000, 0x000002ae07e20000, 0x000002ae0f000000]
CodeHeap 'profiled nmethods': size=119104Kb used=6754Kb max_used=6754Kb free=112349Kb
 bounds [0x000002ae00750000, 0x000002ae00df0000, 0x000002ae07ba0000]
CodeHeap 'non-nmethods': size=7488Kb used=1372Kb max_used=3225Kb free=6115Kb
 bounds [0x000002ae00000000, 0x000002ae00350000, 0x000002ae00750000]
 total_blobs=3808 nmethods=3238 adapters=482
 compilation: enabled
              stopped_count=0, restarted_count=0
 full_count=0

Compilation events (20 events):
Event: 2.098 Thread 0x000002ae7f9253e0 nmethod 3126 0x000002ae07dc8590 code [0x000002ae07dc8980, 0x000002ae07dcc928]
Event: 2.131 Thread 0x000002ae1a067ae0 nmethod 3171 0x000002ae07dcea10 code [0x000002ae07dced20, 0x000002ae07dd2338]
Event: 2.255 Thread 0x000002ae1f756f40 nmethod 3018 0x000002ae07dd4190 code [0x000002ae07dd4880, 0x000002ae07ddf190]
Event: 2.300 Thread 0x000002ae1a508b70 nmethod 2267% 0x000002ae07de5310 code [0x000002ae07de5a80, 0x000002ae07e0aaa0]
Event: 39.078 Thread 0x000002ae7f9253e0 3237       4       java.lang.String::getBytes (44 bytes)
Event: 39.089 Thread 0x000002ae7f9253e0 

Event: 39.089 Thread 0x000002ae7f9253e0 3238       4       java.lang.StringBuilder::append (8 bytes)
Event: 39.093 Thread 0x000002ae7f9253e0 nmethod 3238 0x000002ae07e16110 code [0x000002ae07e162c0, 0x000002ae07e16b88]
Event: 108.202 Thread 0x000002ae7f9253e0 3239       4       java.lang.AbstractStringBuilder::append (45 bytes)
Event: 108.216 Thread 0x000002ae7f9253e0 

Event: 116.836 Thread 0x000002ae7f84c880 3240       3       java.lang.ClassLoader::getResource (41 bytes)
Event: 116.836 Thread 0x000002ae7f84c880 nmethod 3240 0x000002ae00de6490 code [0x000002ae00de66a0, 0x000002ae00de6cb8]
Event: 277.053 Thread 0x000002ae7f84c880 3241       3       java.lang.StringLatin1::indexOf (25 bytes)
Event: 277.054 Thread 0x000002ae7f84c880 nmethod 3241 0x000002ae00de6e90 code [0x000002ae00de7040, 0x000002ae00de7228]
Event: 317.107 Thread 0x000002ae7f84c880 3242       3       java.lang.Thread::getContextClassLoader (32 bytes)
Event: 317.107 Thread 0x000002ae7f84c880 nmethod 3242 0x000002ae00de7310 code [0x000002ae00de7540, 0x000002ae00de7f38]
Event: 400.461 Thread 0x000002ae7f9253e0 3243       4       org.eclipse.jdt.launching.internal.org.objectweb.asm.ClassWriter::toByteArray (1535 bytes)
Event: 400.659 Thread 0x000002ae7f9253e0 

Event: 552.520 Thread 0x000002ae7f84c880 3244       3       jdk.internal.loader.URLClassPath::findResource (38 bytes)
Event: 552.520 Thread 0x000002ae7f84c880 nmethod 3244 0x000002ae00de8290 code [0x000002ae00de8460, 0x000002ae00de8798]

GC Heap History (14 events):
Event: 0.493 GC heap before
{Heap before GC invocations=0 (full 0):
 garbage-first heap   total 260096K, used 20480K [0x0000000702c00000, 0x0000000800000000)
  region size 2048K, 11 young (22528K), 0 survivors (0K)
 Metaspace       used 12028K, capacity 12192K, committed 12416K, reserved 1060864K
  class space    used 1065K, capacity 1119K, committed 1152K, reserved 1048576K
}
Event: 0.495 GC heap after
{Heap after GC invocations=1 (full 0):
 garbage-first heap   total 260096K, used 4346K [0x0000000702c00000, 0x0000000800000000)
  region size 2048K, 2 young (4096K), 2 survivors (4096K)
 Metaspace       used 12028K, capacity 12192K, committed 12416K, reserved 1060864K
  class space    used 1065K, capacity 1119K, committed 1152K, reserved 1048576K
}
Event: 0.749 GC heap before
{Heap before GC invocations=1 (full 0):
 garbage-first heap   total 260096K, used 28922K [0x0000000702c00000, 0x0000000800000000)
  region size 2048K, 15 young (30720K), 2 survivors (4096K)
 Metaspace       used 15968K, capacity 16186K, committed 16256K, reserved 1064960K
  class space    used 1589K, capacity 1661K, committed 1664K, reserved 1048576K
}
Event: 0.752 GC heap after
{Heap after GC invocations=2 (full 0):
 garbage-first heap   total 260096K, used 5246K [0x0000000702c00000, 0x0000000800000000)
  region size 2048K, 1 young (2048K), 1 survivors (2048K)
 Metaspace       used 15968K, capacity 16186K, committed 16256K, reserved 1064960K
  class space    used 1589K, capacity 1661K, committed 1664K, reserved 1048576K
}
Event: 1.074 GC heap before
{Heap before GC invocations=2 (full 0):
 garbage-first heap   total 260096K, used 48254K [0x0000000702c00000, 0x0000000800000000)
  region size 2048K, 23 young (47104K), 1 survivors (2048K)
 Metaspace       used 20826K, capacity 21037K, committed 21248K, reserved 1069056K
  class space    used 2198K, capacity 2289K, committed 2304K, reserved 1048576K
}
Event: 1.076 GC heap after
{Heap after GC invocations=3 (full 0):
 garbage-first heap   total 260096K, used 6553K [0x0000000702c00000, 0x0000000800000000)
  region size 2048K, 2 young (4096K), 2 survivors (4096K)
 Metaspace       used 20826K, capacity 21037K, committed 21248K, reserved 1069056K
  class space    used 2198K, capacity 2289K, committed 2304K, reserved 1048576K
}
Event: 1.290 GC heap before
{Heap before GC invocations=4 (full 0):
 garbage-first heap   total 40960K, used 33177K [0x0000000702c00000, 0x0000000800000000)
  region size 2048K, 15 young (30720K), 2 survivors (4096K)
 Metaspace       used 24414K, capacity 24727K, committed 24960K, reserved 1071104K
  class space    used 2577K, capacity 2663K, committed 2688K, reserved 1048576K
}
Event: 1.293 GC heap after
{Heap after GC invocations=5 (full 0):
 garbage-first heap   total 43008K, used 8510K [0x0000000702c00000, 0x0000000800000000)
  region size 2048K, 2 young (4096K), 2 survivors (4096K)
 Metaspace       used 24414K, capacity 24727K, committed 24960K, reserved 1071104K
  class space    used 2577K, capacity 2663K, committed 2688K, reserved 1048576K
}
Event: 1.433 GC heap before
{Heap before GC invocations=5 (full 0):
 garbage-first heap   total 43008K, used 22846K [0x0000000702c00000, 0x0000000800000000)
  region size 2048K, 10 young (20480K), 2 survivors (4096K)
 Metaspace       used 26961K, capacity 27256K, committed 27520K, reserved 1073152K
  class space    used 2847K, capacity 2925K, committed 2944K, reserved 1048576K
}
Event: 1.436 GC heap after
{Heap after GC invocations=6 (full 0):
 garbage-first heap   total 43008K, used 9961K [0x0000000702c00000, 0x0000000800000000)
  region size 2048K, 2 young (4096K), 2 survivors (4096K)
 Metaspace       used 26961K, capacity 27256K, committed 27520K, reserved 1073152K
  class space    used 2847K, capacity 2925K, committed 2944K, reserved 1048576K
}
Event: 1.623 GC heap before
{Heap before GC invocations=6 (full 0):
 garbage-first heap   total 43008K, used 26345K [0x0000000702c00000, 0x0000000800000000)
  region size 2048K, 10 young (20480K), 2 survivors (4096K)
 Metaspace       used 29491K, capacity 29752K, committed 29952K, reserved 1075200K
  class space    used 3224K, capacity 3309K, committed 3328K, reserved 1048576K
}
Event: 1.626 GC heap after
{Heap after GC invocations=7 (full 0):
 garbage-first heap   total 43008K, used 10770K [0x0000000702c00000, 0x0000000800000000)
  region size 2048K, 2 young (4096K), 2 survivors (4096K)
 Metaspace       used 29491K, capacity 29752K, committed 29952K, reserved 1075200K
  class space    used 3224K, capacity 3309K, committed 3328K, reserved 1048576K
}
Event: 1.746 GC heap before
{Heap before GC invocations=7 (full 0):
 garbage-first heap   total 43008K, used 27154K [0x0000000702c00000, 0x0000000800000000)
  region size 2048K, 10 young (20480K), 2 survivors (4096K)
 Metaspace       used 31063K, capacity 31347K, committed 31616K, reserved 1077248K
  class space    used 3549K, capacity 3667K, committed 3712K, reserved 1048576K
}
Event: 1.748 GC heap after
{Heap after GC invocations=8 (full 0):
 garbage-first heap   total 151552K, used 11003K [0x0000000702c00000, 0x0000000800000000)
  region size 2048K, 1 young (2048K), 1 survivors (2048K)
 Metaspace       used 31063K, capacity 31347K, committed 31616K, reserved 1077248K
  class space    used 3549K, capacity 3667K, committed 3712K, reserved 1048576K
}

Deoptimization events (20 events):
Event: 2.041 Thread 0x000002ae74e36410 DEOPT PACKING pc=0x000002ae00cecdcc sp=0x000000e1d4dfb9d0
Event: 2.041 Thread 0x000002ae74e36410 DEOPT UNPACKING pc=0x000002ae0004e23f sp=0x000000e1d4dfae10 mode 0
Event: 2.042 Thread 0x000002ae74e36410 DEOPT PACKING pc=0x000002ae00cecdff sp=0x000000e1d4dfb7d0
Event: 2.042 Thread 0x000002ae74e36410 DEOPT UNPACKING pc=0x000002ae0004e23f sp=0x000000e1d4dfac10 mode 0
Event: 2.081 Thread 0x000002ae74e36410 Uncommon trap: trap_request=0xffffff76 fr.pc=0x000002ae07db9498 relative=0x0000000000000cf8
Event: 2.082 Thread 0x000002ae74e36410 Uncommon trap: reason=predicate action=maybe_recompile pc=0x000002ae07db9498 method=java.util.AbstractCollection.addAll(Ljava/util/Collection;)Z @ 15 c2
Event: 2.082 Thread 0x000002ae74e36410 DEOPT PACKING pc=0x000002ae07db9498 sp=0x000000e1d4dfca60
Event: 2.082 Thread 0x000002ae74e36410 DEOPT UNPACKING pc=0x000002ae0004e42f sp=0x000000e1d4dfca48 mode 2
Event: 2.084 Thread 0x000002ae74e36410 Uncommon trap: trap_request=0xffffff45 fr.pc=0x000002ae07bb910c relative=0x000000000000044c
Event: 2.084 Thread 0x000002ae74e36410 Uncommon trap: reason=unstable_if action=reinterpret pc=0x000002ae07bb910c method=java.lang.StringLatin1.canEncode(I)Z @ 4 c2
Event: 2.084 Thread 0x000002ae74e36410 DEOPT PACKING pc=0x000002ae07bb910c sp=0x000000e1d4dfcd30
Event: 2.084 Thread 0x000002ae74e36410 DEOPT UNPACKING pc=0x000002ae0004e42f sp=0x000000e1d4dfcc78 mode 2
Event: 2.084 Thread 0x000002ae74e36410 Uncommon trap: trap_request=0xffffff45 fr.pc=0x000002ae07bb9b38 relative=0x00000000000003f8
Event: 2.084 Thread 0x000002ae74e36410 Uncommon trap: reason=unstable_if action=reinterpret pc=0x000002ae07bb9b38 method=java.lang.AbstractStringBuilder.isLatin1()Z @ 10 c2
Event: 2.084 Thread 0x000002ae74e36410 DEOPT PACKING pc=0x000002ae07bb9b38 sp=0x000000e1d4dfcc70
Event: 2.084 Thread 0x000002ae74e36410 DEOPT UNPACKING pc=0x000002ae0004e42f sp=0x000000e1d4dfcc10 mode 2
Event: 6.629 Thread 0x000002ae18aa59d0 Uncommon trap: trap_request=0xffffff45 fr.pc=0x000002ae07c80f94 relative=0x00000000000001f4
Event: 6.629 Thread 0x000002ae18aa59d0 Uncommon trap: reason=unstable_if action=reinterpret pc=0x000002ae07c80f94 method=java.lang.StringLatin1.indexOf([B[B)I @ 9 c2
Event: 6.629 Thread 0x000002ae18aa59d0 DEOPT PACKING pc=0x000002ae07c80f94 sp=0x000000e1d71feaa0
Event: 6.629 Thread 0x000002ae18aa59d0 DEOPT UNPACKING pc=0x000002ae0004e42f sp=0x000000e1d71fea30 mode 2

Classes unloaded (0 events):
No events

Classes redefined (7 events):
Event: 39.082 Thread 0x000002ae7f8df820 redefined class name=com.parkit.parkingsystem.integration.ParkingDataBaseIT, count=1
Event: 54.656 Thread 0x000002ae7f8df820 redefined class name=com.parkit.parkingsystem.integration.ParkingDataBaseIT, count=2
Event: 108.206 Thread 0x000002ae7f8df820 redefined class name=com.parkit.parkingsystem.integration.ParkingDataBaseIT, count=3
Event: 132.174 Thread 0x000002ae7f8df820 redefined class name=com.parkit.parkingsystem.integration.ParkingDataBaseIT, count=4
Event: 400.464 Thread 0x000002ae7f8df820 redefined class name=com.parkit.parkingsystem.integration.ParkingDataBaseIT, count=5
Event: 439.558 Thread 0x000002ae7f8df820 redefined class name=com.parkit.parkingsystem.integration.ParkingDataBaseIT, count=6
Event: 507.652 Thread 0x000002ae7f8df820 redefined class name=com.parkit.parkingsystem.integration.ParkingDataBaseIT, count=7

Internal exceptions (20 events):
Event: 0.530 Thread 0x000002ae74e36410 Exception <a 'java/lang/NoSuchMethodError'{0x00000007127f1348}: 'java.lang.Object java.lang.invoke.DirectMethodHandle$Holder.invokeSpecialIFC(java.lang.Object, java.lang.Object, java.lang.Object, java.lang.Object)'> (0x00000007127f1348) 
thrown [./open/src/hotspot/share/interpreter/linkResolver.cpp, line 782]
Event: 0.551 Thread 0x000002ae74e36410 Exception <a 'java/lang/NoSuchMethodError'{0x00000007125a13e0}: 'int java.lang.invoke.DirectMethodHandle$Holder.invokeVirtual(java.lang.Object, java.lang.Object, java.lang.Object)'> (0x00000007125a13e0) 
thrown [./open/src/hotspot/share/interpreter/linkResolver.cpp, line 782]
Event: 0.553 Thread 0x000002ae74e36410 Exception <a 'java/lang/NoSuchMethodError'{0x00000007125c4040}: 'void java.lang.invoke.DirectMethodHandle$Holder.invokeInterface(java.lang.Object, java.lang.Object)'> (0x00000007125c4040) 
thrown [./open/src/hotspot/share/interpreter/linkResolver.cpp, line 782]
Event: 0.553 Thread 0x000002ae74e36410 Exception <a 'java/lang/IncompatibleClassChangeError'{0x00000007125c74f8}: Found class java.lang.Object, but interface was expected> (0x00000007125c74f8) 
thrown [./open/src/hotspot/share/interpreter/linkResolver.cpp, line 848]
Event: 0.554 Thread 0x000002ae74e36410 Exception <a 'java/lang/NoSuchMethodError'{0x00000007125da790}: 'void java.lang.invoke.DirectMethodHandle$Holder.invokeStatic(java.lang.Object, java.lang.Object, java.lang.Object, java.lang.Object)'> (0x00000007125da790) 
thrown [./open/src/hotspot/share/interpreter/linkResolver.cpp, line 782]
Event: 0.568 Thread 0x000002ae74e36410 Exception <a 'java/lang/NoSuchMethodError'{0x00000007122deaa0}: 'void java.lang.invoke.DirectMethodHandle$Holder.invokeInterface(java.lang.Object, java.lang.Object, java.lang.Object, java.lang.Object)'> (0x00000007122deaa0) 
thrown [./open/src/hotspot/share/interpreter/linkResolver.cpp, line 782]
Event: 0.568 Thread 0x000002ae74e36410 Exception <a 'java/lang/IncompatibleClassChangeError'{0x00000007122e2100}: Found class java.lang.Object, but interface was expected> (0x00000007122e2100) 
thrown [./open/src/hotspot/share/interpreter/linkResolver.cpp, line 848]
Event: 0.574 Thread 0x000002ae74e36410 Exception <a 'java/lang/NoSuchMethodError'{0x0000000712398f90}: 'int java.lang.invoke.DirectMethodHandle$Holder.invokeStatic(java.lang.Object, java.lang.Object, java.lang.Object, java.lang.Object)'> (0x0000000712398f90) 
thrown [./open/src/hotspot/share/interpreter/linkResolver.cpp, line 782]
Event: 0.574 Thread 0x000002ae74e36410 Exception <a 'java/lang/NoSuchMethodError'{0x000000071239cae8}: 'java.lang.Object java.lang.invoke.Invokers$Holder.invokeExact_MT(java.lang.Object, java.lang.Object, java.lang.Object, java.lang.Object, java.lang.Object, java.lang.Object)'> (0x000000071239cae8) 
thrown [./open/src/hotspot/share/interpreter/linkResolver.cpp, line 782]
Event: 0.587 Thread 0x000002ae74e36410 Exception <a 'java/lang/NoSuchMethodError'{0x00000007120f5c58}: 'int java.lang.invoke.DirectMethodHandle$Holder.invokeStatic(java.lang.Object, java.lang.Object, java.lang.Object, java.lang.Object, java.lang.Object)'> (0x00000007120f5c58) 
thrown [./open/src/hotspot/share/interpreter/linkResolver.cpp, line 782]
Event: 0.615 Thread 0x000002ae74e36410 Exception <a 'java/lang/NoSuchMethodError'{0x0000000711f9c598}: 'void java.lang.invoke.DirectMethodHandle$Holder.invokeInterface(java.lang.Object, java.lang.Object, java.lang.Object)'> (0x0000000711f9c598) 
thrown [./open/src/hotspot/share/interpreter/linkResolver.cpp, line 782]
Event: 0.725 Thread 0x000002ae74e36410 Exception <a 'java/lang/NoSuchMethodError'{0x0000000710dbf850}: 'java.lang.Object java.lang.invoke.DirectMethodHandle$Holder.invokeStaticInit(java.lang.Object, int, int, int, int)'> (0x0000000710dbf850) 
thrown [./open/src/hotspot/share/interpreter/linkResolver.cpp, line 782]
Event: 0.756 Thread 0x000002ae74e36410 Exception <a 'java/lang/NoSuchMethodError'{0x000000071288d0e8}: 'java.lang.Object java.lang.invoke.DirectMethodHandle$Holder.invokeStaticInit(java.lang.Object, java.lang.Object, int, int, int, int)'> (0x000000071288d0e8) 
thrown [./open/src/hotspot/share/interpreter/linkResolver.cpp, line 782]
Event: 1.018 Thread 0x000002ae74e36410 Implicit null exception at 0x000002ae07c26d6e to 0x000002ae07c26e90
Event: 1.090 Thread 0x000002ae74e36410 Exception <a 'java/lang/NoSuchMethodError'{0x0000000712850a50}: 'int java.lang.invoke.DirectMethodHandle$Holder.invokeInterface(java.lang.Object, java.lang.Object)'> (0x0000000712850a50) 
thrown [./open/src/hotspot/share/interpreter/linkResolver.cpp, line 782]
Event: 1.090 Thread 0x000002ae74e36410 Exception <a 'java/lang/IncompatibleClassChangeError'{0x00000007128541b0}: Found class java.lang.Object, but interface was expected> (0x00000007128541b0) 
thrown [./open/src/hotspot/share/interpreter/linkResolver.cpp, line 848]
Event: 1.175 Thread 0x000002ae74e36410 Exception <a 'java/lang/NoSuchMethodError'{0x000000070461af08}: 'java.lang.Object java.lang.invoke.DirectMethodHandle$Holder.invokeVirtual(java.lang.Object, java.lang.Object, java.lang.Object)'> (0x000000070461af08) 
thrown [./open/src/hotspot/share/interpreter/linkResolver.cpp, line 782]
Event: 1.364 Thread 0x000002ae74e36410 Exception <a 'sun/nio/fs/WindowsException'{0x0000000704826228}> (0x0000000704826228) 
thrown [./open/src/hotspot/share/prims/jni.cpp, line 578]
Event: 1.372 Thread 0x000002ae74e36410 Exception <a 'java/lang/NoSuchMethodError'{0x0000000704873ea0}: 'int java.lang.invoke.DirectMethodHandle$Holder.invokeStaticInit(java.lang.Object, java.lang.Object, java.lang.Object, java.lang.Object)'> (0x0000000704873ea0) 
thrown [./open/src/hotspot/share/interpreter/linkResolver.cpp, line 782]
Event: 554.131 Thread 0x000002ae177230a0 Exception <a 'java/lang/LinkageError'{0x0000000709273518}> (0x0000000709273518) 
thrown [./open/src/hotspot/share/oops/generateOopMap.cpp, line 2137]

Events (20 events):
Event: 507.664 Executing VM operation: ChangeBreakpoints
Event: 507.665 Executing VM operation: ChangeBreakpoints done
Event: 507.666 Executing VM operation: GetFrameCount
Event: 507.666 Executing VM operation: GetFrameCount done
Event: 507.666 Executing VM operation: GetStackTrace
Event: 507.666 Executing VM operation: GetStackTrace done
Event: 507.865 Executing VM operation: GetFrameCount
Event: 507.865 Executing VM operation: GetFrameCount done
Event: 510.654 Executing VM operation: GetFrameCount
Event: 510.654 Executing VM operation: GetFrameCount done
Event: 513.642 Executing VM operation: GetFrameCount
Event: 513.642 Executing VM operation: GetFrameCount done
Event: 515.534 Executing VM operation: GetFrameCount
Event: 515.534 Executing VM operation: GetFrameCount done
Event: 535.969 Executing VM operation: ChangeBreakpoints
Event: 535.970 Executing VM operation: ChangeBreakpoints done
Event: 541.896 Executing VM operation: GetFrameCount
Event: 541.896 Executing VM operation: GetFrameCount done
Event: 554.131 Executing VM operation: GetFrameLocation
Event: 554.131 Executing VM operation: GetFrameLocation done


Dynamic libraries:
0x00007ff64bd80000 - 0x00007ff64bd8d000 	C:\Users\Kikine\OneDrive\Documents\mes cours de programmation\programmes\eclipse\plugins\org.eclipse.justj.openjdk.hotspot.jre.full.win32.x86_64_15.0.1.v20201027-0507\jre\bin\javaw.exe
0x00007ff8249b0000 - 0x00007ff824ba5000 	C:\WINDOWS\SYSTEM32\ntdll.dll
0x00007ff822f00000 - 0x00007ff822fbd000 	C:\WINDOWS\System32\KERNEL32.DLL
0x00007ff822430000 - 0x00007ff8226f9000 	C:\WINDOWS\System32\KERNELBASE.dll
0x00007ff822860000 - 0x00007ff822960000 	C:\WINDOWS\System32\ucrtbase.dll
0x00007ff81ab80000 - 0x00007ff81ab98000 	C:\Users\Kikine\OneDrive\Documents\mes cours de programmation\programmes\eclipse\plugins\org.eclipse.justj.openjdk.hotspot.jre.full.win32.x86_64_15.0.1.v20201027-0507\jre\bin\jli.dll
0x00007ff80ae80000 - 0x00007ff80ae99000 	C:\Users\Kikine\OneDrive\Documents\mes cours de programmation\programmes\eclipse\plugins\org.eclipse.justj.openjdk.hotspot.jre.full.win32.x86_64_15.0.1.v20201027-0507\jre\bin\VCRUNTIME140.dll
0x00007ff823630000 - 0x00007ff8237d0000 	C:\WINDOWS\System32\USER32.dll
0x00007ff822380000 - 0x00007ff8223a2000 	C:\WINDOWS\System32\win32u.dll
0x00007ff811610000 - 0x00007ff8118aa000 	C:\WINDOWS\WinSxS\amd64_microsoft.windows.common-controls_6595b64144ccf1df_6.0.19041.844_none_ca00b6081b84eb1d\COMCTL32.dll
0x00007ff823bc0000 - 0x00007ff823bea000 	C:\WINDOWS\System32\GDI32.dll
0x00007ff824350000 - 0x00007ff8243ee000 	C:\WINDOWS\System32\msvcrt.dll
0x00007ff822270000 - 0x00007ff82237b000 	C:\WINDOWS\System32\gdi32full.dll
0x00007ff822120000 - 0x00007ff8221bd000 	C:\WINDOWS\System32\msvcp_win.dll
0x00007ff824890000 - 0x00007ff8248c0000 	C:\WINDOWS\System32\IMM32.DLL
0x00007ff81bfe0000 - 0x00007ff81bfec000 	C:\Users\Kikine\OneDrive\Documents\mes cours de programmation\programmes\eclipse\plugins\org.eclipse.justj.openjdk.hotspot.jre.full.win32.x86_64_15.0.1.v20201027-0507\jre\bin\vcruntime140_1.dll
0x00007ff804bf0000 - 0x00007ff804c81000 	C:\Users\Kikine\OneDrive\Documents\mes cours de programmation\programmes\eclipse\plugins\org.eclipse.justj.openjdk.hotspot.jre.full.win32.x86_64_15.0.1.v20201027-0507\jre\bin\msvcp140.dll
0x00007fffb1a10000 - 0x00007fffb256e000 	C:\Users\Kikine\OneDrive\Documents\mes cours de programmation\programmes\eclipse\plugins\org.eclipse.justj.openjdk.hotspot.jre.full.win32.x86_64_15.0.1.v20201027-0507\jre\bin\server\jvm.dll
0x00007ff824710000 - 0x00007ff8247bc000 	C:\WINDOWS\System32\ADVAPI32.dll
0x00007ff822a10000 - 0x00007ff822aac000 	C:\WINDOWS\System32\sechost.dll
0x00007ff8234f0000 - 0x00007ff82361b000 	C:\WINDOWS\System32\RPCRT4.dll
0x00007ff823620000 - 0x00007ff823628000 	C:\WINDOWS\System32\PSAPI.DLL
0x00007ff811a60000 - 0x00007ff811a87000 	C:\WINDOWS\SYSTEM32\WINMM.dll
0x00007ff81b130000 - 0x00007ff81b13a000 	C:\WINDOWS\SYSTEM32\VERSION.dll
0x00007ff81e260000 - 0x00007ff81e269000 	C:\WINDOWS\SYSTEM32\WSOCK32.dll
0x00007ff8247c0000 - 0x00007ff82482b000 	C:\WINDOWS\System32\WS2_32.dll
0x00007ff820050000 - 0x00007ff820062000 	C:\WINDOWS\SYSTEM32\kernel.appcore.dll
0x00007ff81dce0000 - 0x00007ff81dcea000 	C:\Users\Kikine\OneDrive\Documents\mes cours de programmation\programmes\eclipse\plugins\org.eclipse.justj.openjdk.hotspot.jre.full.win32.x86_64_15.0.1.v20201027-0507\jre\bin\jimage.dll
0x00007ff80cec0000 - 0x00007ff80d0a4000 	C:\WINDOWS\SYSTEM32\DBGHELP.DLL
0x00007ff80bd20000 - 0x00007ff80bd4c000 	C:\WINDOWS\SYSTEM32\dbgcore.DLL
0x00007ff8223b0000 - 0x00007ff822430000 	C:\WINDOWS\System32\bcryptPrimitives.dll
0x00007ff804fa0000 - 0x00007ff804fd9000 	C:\Users\Kikine\OneDrive\Documents\mes cours de programmation\programmes\eclipse\plugins\org.eclipse.justj.openjdk.hotspot.jre.full.win32.x86_64_15.0.1.v20201027-0507\jre\bin\jdwp.dll
0x00007ff81c620000 - 0x00007ff81c62e000 	C:\Users\Kikine\OneDrive\Documents\mes cours de programmation\programmes\eclipse\plugins\org.eclipse.justj.openjdk.hotspot.jre.full.win32.x86_64_15.0.1.v20201027-0507\jre\bin\instrument.dll
0x00007ff802260000 - 0x00007ff802285000 	C:\Users\Kikine\OneDrive\Documents\mes cours de programmation\programmes\eclipse\plugins\org.eclipse.justj.openjdk.hotspot.jre.full.win32.x86_64_15.0.1.v20201027-0507\jre\bin\java.dll
0x00007ff802bf0000 - 0x00007ff802c08000 	C:\Users\Kikine\OneDrive\Documents\mes cours de programmation\programmes\eclipse\plugins\org.eclipse.justj.openjdk.hotspot.jre.full.win32.x86_64_15.0.1.v20201027-0507\jre\bin\zip.dll
0x00007ff823bf0000 - 0x00007ff824332000 	C:\WINDOWS\System32\SHELL32.dll
0x00007ff820250000 - 0x00007ff8209e0000 	C:\WINDOWS\SYSTEM32\windows.storage.dll
0x00007ff8237d0000 - 0x00007ff823b25000 	C:\WINDOWS\System32\combase.dll
0x00007ff821b60000 - 0x00007ff821b8c000 	C:\WINDOWS\SYSTEM32\Wldp.dll
0x00007ff822c10000 - 0x00007ff822cbe000 	C:\WINDOWS\System32\SHCORE.dll
0x00007ff822ab0000 - 0x00007ff822b05000 	C:\WINDOWS\System32\shlwapi.dll
0x00007ff822030000 - 0x00007ff82204f000 	C:\WINDOWS\SYSTEM32\profapi.dll
0x00007ff81c610000 - 0x00007ff81c61b000 	C:\Users\Kikine\OneDrive\Documents\mes cours de programmation\programmes\eclipse\plugins\org.eclipse.justj.openjdk.hotspot.jre.full.win32.x86_64_15.0.1.v20201027-0507\jre\bin\dt_socket.dll
0x00007ff821580000 - 0x00007ff8215bb000 	C:\WINDOWS\SYSTEM32\IPHLPAPI.DLL
0x00007ff8218e0000 - 0x00007ff82194a000 	C:\WINDOWS\system32\mswsock.dll
0x00007ff8215c0000 - 0x00007ff82168b000 	C:\WINDOWS\SYSTEM32\DNSAPI.dll
0x00007ff823b30000 - 0x00007ff823b38000 	C:\WINDOWS\System32\NSI.dll
0x00007ff819fa0000 - 0x00007ff819faa000 	C:\Windows\System32\rasadhlp.dll
0x00007ff810c80000 - 0x00007ff810cff000 	C:\WINDOWS\System32\fwpuclnt.dll
0x00007ff8220f0000 - 0x00007ff822117000 	C:\WINDOWS\System32\bcrypt.dll
0x00007ff802240000 - 0x00007ff802259000 	C:\Users\Kikine\OneDrive\Documents\mes cours de programmation\programmes\eclipse\plugins\org.eclipse.justj.openjdk.hotspot.jre.full.win32.x86_64_15.0.1.v20201027-0507\jre\bin\net.dll
0x00007ff815c20000 - 0x00007ff815d2c000 	C:\WINDOWS\SYSTEM32\WINHTTP.dll
0x00007ff802220000 - 0x00007ff802232000 	C:\Users\Kikine\OneDrive\Documents\mes cours de programmation\programmes\eclipse\plugins\org.eclipse.justj.openjdk.hotspot.jre.full.win32.x86_64_15.0.1.v20201027-0507\jre\bin\nio.dll
0x00007ff81df50000 - 0x00007ff81df60000 	C:\Users\Kikine\OneDrive\Documents\mes cours de programmation\programmes\eclipse\plugins\org.eclipse.justj.openjdk.hotspot.jre.full.win32.x86_64_15.0.1.v20201027-0507\jre\bin\verify.dll
0x00007ff819400000 - 0x00007ff819417000 	C:\WINDOWS\SYSTEM32\dhcpcsvc6.DLL
0x00007ff8199c0000 - 0x00007ff8199dd000 	C:\WINDOWS\SYSTEM32\dhcpcsvc.DLL
0x00007ff81c5e0000 - 0x00007ff81c5e9000 	C:\Users\Kikine\OneDrive\Documents\mes cours de programmation\programmes\eclipse\plugins\org.eclipse.justj.openjdk.hotspot.jre.full.win32.x86_64_15.0.1.v20201027-0507\jre\bin\management.dll
0x00007ff81bf60000 - 0x00007ff81bf6b000 	C:\Users\Kikine\OneDrive\Documents\mes cours de programmation\programmes\eclipse\plugins\org.eclipse.justj.openjdk.hotspot.jre.full.win32.x86_64_15.0.1.v20201027-0507\jre\bin\management_ext.dll
0x00007ff806290000 - 0x00007ff8062a7000 	C:\WINDOWS\system32\napinsp.dll
0x00007ff805d70000 - 0x00007ff805d8b000 	C:\WINDOWS\system32\pnrpnsp.dll
0x00007ff81cc00000 - 0x00007ff81cc15000 	C:\WINDOWS\system32\wshbth.dll
0x00007ff81de80000 - 0x00007ff81de9d000 	C:\WINDOWS\system32\NLAapi.dll
0x00007ff805d50000 - 0x00007ff805d62000 	C:\WINDOWS\System32\winrnr.dll
0x00007ff821ab0000 - 0x00007ff821ac8000 	C:\WINDOWS\SYSTEM32\CRYPTSP.dll
0x00007ff821210000 - 0x00007ff821244000 	C:\WINDOWS\system32\rsaenh.dll
0x00007ff821fb0000 - 0x00007ff821fde000 	C:\WINDOWS\SYSTEM32\USERENV.dll
0x00007ff821ad0000 - 0x00007ff821adc000 	C:\WINDOWS\SYSTEM32\CRYPTBASE.dll
0x00007ff81b4c0000 - 0x00007ff81b4cd000 	C:\Users\Kikine\OneDrive\Documents\mes cours de programmation\programmes\eclipse\plugins\org.eclipse.justj.openjdk.hotspot.jre.full.win32.x86_64_15.0.1.v20201027-0507\jre\bin\sunmscapi.dll
0x00007ff822700000 - 0x00007ff82285f000 	C:\WINDOWS\System32\CRYPT32.dll
0x00007ff821bd0000 - 0x00007ff821bf7000 	C:\WINDOWS\SYSTEM32\ncrypt.dll
0x00007ff821b90000 - 0x00007ff821bcb000 	C:\WINDOWS\SYSTEM32\NTASN1.dll

dbghelp: loaded successfully - version: 4.0.5 - missing functions: none
symbol engine: initialized successfully - sym options: 0x614 - pdb path: .;C:\Users\Kikine\OneDrive\Documents\mes cours de programmation\programmes\eclipse\plugins\org.eclipse.justj.openjdk.hotspot.jre.full.win32.x86_64_15.0.1.v20201027-0507\jre\bin;C:\WINDOWS\SYSTEM32;C:\WINDOWS\WinSxS\amd64_microsoft.windows.common-controls_6595b64144ccf1df_6.0.19041.844_none_ca00b6081b84eb1d;C:\Users\Kikine\OneDrive\Documents\mes cours de programmation\programmes\eclipse\plugins\org.eclipse.justj.openjdk.hotspot.jre.full.win32.x86_64_15.0.1.v20201027-0507\jre\bin\server

VM Arguments:
jvm_args: -XX:+ShowCodeDetailsInExceptionMessages -agentlib:jdwp=transport=dt_socket,suspend=y,address=localhost:52802 -ea -javaagent:C:\Users\Kikine\OneDrive\Documents\mes cours de programmation\programmes\eclipse\configuration\org.eclipse.osgi\405\0\.cp\lib\javaagent-shaded.jar -Dfile.encoding=UTF-8 
java_command: org.eclipse.jdt.internal.junit.runner.RemoteTestRunner -version 3 -port 52800 -testLoaderClass org.eclipse.jdt.internal.junit5.runner.JUnit5TestLoader -loaderpluginname org.eclipse.jdt.junit5.runtime -classNames com.parkit.parkingsystem.integration.ParkingDataBaseIT
java_class_path (initial): C:\Users\Kikine\eclipse-workspace\MoveIt\target\test-classes;C:\Users\Kikine\eclipse-workspace\MoveIt\target\classes;C:\Users\Kikine\.m2\repository\org\apache\logging\log4j\log4j-api\2.12.1\log4j-api-2.12.1.jar;C:\Users\Kikine\.m2\repository\org\apache\logging\log4j\log4j-core\2.12.1\log4j-core-2.12.1.jar;C:\Users\Kikine\.m2\repository\mysql\mysql-connector-java\8.0.17\mysql-connector-java-8.0.17.jar;C:\Users\Kikine\.m2\repository\com\google\protobuf\protobuf-java\3.6.1\protobuf-java-3.6.1.jar;C:\Users\Kikine\.m2\repository\org\junit\jupiter\junit-jupiter-api\5.3.2\junit-jupiter-api-5.3.2.jar;C:\Users\Kikine\.m2\repository\org\apiguardian\apiguardian-api\1.0.0\apiguardian-api-1.0.0.jar;C:\Users\Kikine\.m2\repository\org\opentest4j\opentest4j\1.1.1\opentest4j-1.1.1.jar;C:\Users\Kikine\.m2\repository\org\junit\platform\junit-platform-commons\1.3.2\junit-platform-commons-1.3.2.jar;C:\Users\Kikine\.m2\repository\org\junit\jupiter\junit-jupiter-engine\5.3.2\junit-jupiter-engine-5.3.2.jar;C:\Users\Kikine\.m2\repository\org\junit\platform\junit-platform-engine\1.3.2\junit-platform-engine-1.3.2.jar;C:\Users\Kikine\.m2\repository\org\mockito\mockito-junit-jupiter\2.23.4\mockito-junit-jupiter-2.23.4.jar;C:\Users\Kikine\.m2\repository\org\mockito\mockito-core\2.23.4\mockito-core-2.23.4.jar;C:\Users\Kikine\.m2\repository\net\bytebuddy\byte-buddy\1.9.3\byte-buddy-1.9.3.jar;C:\Users\Kikine\.m2\repository\net\bytebuddy\byte-buddy-agent\1.9.3\byte-buddy-agent-1.9.3.jar;C:\Users\Kikine\.m2\repository\org\objenesis\objenesis\2.6\objenesis-2.6.jar;C:\Users\Kikine\.m2\repository\org\assertj\assertj-core\3.13.2\assertj-core-3.13.2.jar;C:\Users\Kikine\.m2\repository\org\jacoco\jacoco-maven-plugin\0.8.5\jacoco-maven-plugin-0.8.5.jar;C:\Users\Kikine\.m2\repository\org\apache\maven\maven-plugin-api\3.0\maven-plugin-api-3.0.jar;C:\Users\Kikine\.m2\repository\org\sonatype\sisu\sisu-inject-plexus\1.4.2\sisu-inject-plexus-1.4.2.jar;C:\Users\Kikine\.m2\repository\org
Launcher Type: SUN_STANDARD

[Global flags]
     intx CICompilerCount                          = 12                                        {product} {ergonomic}
     uint ConcGCThreads                            = 3                                         {product} {ergonomic}
     uint G1ConcRefinementThreads                  = 13                                        {product} {ergonomic}
   size_t G1HeapRegionSize                         = 2097152                                   {product} {ergonomic}
    uintx GCDrainStackTargetSize                   = 64                                        {product} {ergonomic}
   size_t InitialHeapSize                          = 266338304                                 {product} {ergonomic}
   size_t MarkStackSize                            = 4194304                                   {product} {ergonomic}
   size_t MaxHeapSize                              = 4248829952                                {product} {ergonomic}
   size_t MaxNewSize                               = 2548039680                                {product} {ergonomic}
   size_t MinHeapDeltaBytes                        = 2097152                                   {product} {ergonomic}
   size_t MinHeapSize                              = 8388608                                   {product} {ergonomic}
    uintx NonNMethodCodeHeapSize                   = 7602480                                {pd product} {ergonomic}
    uintx NonProfiledCodeHeapSize                  = 122027880                              {pd product} {ergonomic}
    uintx ProfiledCodeHeapSize                     = 122027880                              {pd product} {ergonomic}
    uintx ReservedCodeCacheSize                    = 251658240                              {pd product} {ergonomic}
     bool SegmentedCodeCache                       = true                                      {product} {ergonomic}
     bool ShowCodeDetailsInExceptionMessages       = true                                   {manageable} {command line}
   size_t SoftMaxHeapSize                          = 4248829952                             {manageable} {ergonomic}
     bool UseCompressedClassPointers               = true                                 {lp64_product} {ergonomic}
     bool UseCompressedOops                        = true                                 {lp64_product} {ergonomic}
     bool UseG1GC                                  = true                                      {product} {ergonomic}
     bool UseLargePagesIndividualAllocation        = false                                  {pd product} {ergonomic}

Logging:
Log output configuration:
 #0: stdout all=warning uptime,level,tags
 #1: stderr all=off uptime,level,tags

Environment Variables:
JAVA_HOME=C:\Program Files\Java\jdk1.8.0_281
PATH=C:\Users\Kikine\OneDrive\Documents\mes cours de programmation\programmes\eclipse\plugins\org.eclipse.justj.openjdk.hotspot.jre.full.win32.x86_64_15.0.1.v20201027-0507\jre\bin;C:/Users/Kikine/OneDrive/Documents/mes cours de programmation/programmes/eclipse//plugins/org.eclipse.justj.openjdk.hotspot.jre.full.win32.x86_64_15.0.1.v20201027-0507/jre/bin/server;C:/Users/Kikine/OneDrive/Documents/mes cours de programmation/programmes/eclipse//plugins/org.eclipse.justj.openjdk.hotspot.jre.full.win32.x86_64_15.0.1.v20201027-0507/jre/bin;C:\Program Files\Common Files\Oracle\Java\javapath;C:\Program Files (x86)\Common Files\Oracle\Java\javapath;C:\Windows\system32;C:\Windows;C:\Windows\System32\Wbem;C:\Windows\System32\WindowsPowerShell\v1.0\;C:\Windows\System32\OpenSSH\;C:\Program Files (x86)\NVIDIA Corporation\PhysX\Common;C:\Program Files\NVIDIA Corporation\NVIDIA NvDLISR;C:\Program Files\nodejs\;C:\Program Files\Microsoft SQL Server\120\Tools\Binn\;C:\Program Files\Common Files\Autodesk Shared\;C:\WINDOWS\system32;C:\WINDOWS;C:\WINDOWS\System32\Wbem;C:\WINDOWS\System32\WindowsPowerShell\v1.0\;C:\WINDOWS\System32\OpenSSH\;C:\Program Files\Git\cmd;C:\Program Files\dotnet\;C:\Program Files\Microsoft SQL Server\130\Tools\Binn\;C:\Program Files\Microsoft SQL Server\Client SDK\ODBC\170\Tools\Binn\;C:\apache-maven-3.6.3\bin;C:\Program Files\Java\jdk-11.0.10\bin;C:\Program Files\Java\jdk1.8.0_281\bin;C:\Program Files\MySQL\MySQL Shell 8.0\bin\;C:\Users\Kikine\AppData\Local\Microsoft\WindowsApps;C:\Users\Kikine\AppData\Roaming\npm;C:\Users\Kikine\AppData\Local\Programs\Microsoft VS Code\bin;C:\Users\Kikine\.dotnet\tools;;C:\Users\Kikine\OneDrive\Documents\mes cours de programmation\programmes\eclipse;
USERNAME=Kikine
OS=Windows_NT
PROCESSOR_IDENTIFIER=Intel64 Family 6 Model 165 Stepping 2, GenuineIntel



---------------  S Y S T E M  ---------------

OS:
 Windows 10 , 64 bit Build 19041 (10.0.19041.804)
OS uptime: 3 days 4:59 hours

CPU: total 16 (initial active 16) (8 cores per cpu, 2 threads per core) family 6 model 165 stepping 2 microcode 0xe0, cmov, cx8, fxsr, mmx, sse, sse2, sse3, ssse3, sse4.1, sse4.2, popcnt, vzeroupper, avx, avx2, aes, clmul, erms, 3dnowpref, lzcnt, ht, tsc, tscinvbit, bmi1, bmi2, adx, fma, clflush, clflushopt

Memory: 4k page, system-wide physical 16203M (5213M free)
TotalPageFile size 28076M (AvailPageFile size 3878M)
current process WorkingSet (physical memory assigned to process): 178M, peak: 322M
current process commit charge ("private bytes"): 292M, peak: 439M

vm_info: OpenJDK 64-Bit Server VM (15.0.1+9-18) for windows-amd64 JRE (15.0.1+9-18), built on Sep 15 2020 14:39:31 by "mach5one" with unknown MS VC++:1925

END.
