#
# A fatal error has been detected by the Java Runtime Environment:
#
#  EXCEPTION_ACCESS_VIOLATION (0xc0000005) at pc=0x00007fffb20b7ffc, pid=18900, tid=2824
#
# JRE version: OpenJDK Runtime Environment (15.0.1+9) (build 15.0.1+9-18)
# Java VM: OpenJDK 64-Bit Server VM (15.0.1+9-18, mixed mode, tiered, compressed oops, g1 gc, windows-amd64)
# Problematic frame:
# V  [jvm.dll+0x6a7ffc]
#
# No core dump will be written. Minidumps are not enabled by default on client versions of Windows
#
# If you would like to submit a bug report, please visit:
#   https://bugreport.java.com/bugreport/crash.jsp
#

---------------  S U M M A R Y ------------

Command Line: -XX:+ShowCodeDetailsInExceptionMessages -agentlib:jdwp=transport=dt_socket,suspend=y,address=localhost:53232 -ea -javaagent:C:\Users\Kikine\OneDrive\Documents\mes cours de programmation\programmes\eclipse\configuration\org.eclipse.osgi\405\0\.cp\lib\javaagent-shaded.jar -Dfile.encoding=UTF-8 org.eclipse.jdt.internal.junit.runner.RemoteTestRunner -version 3 -port 53231 -testLoaderClass org.eclipse.jdt.internal.junit5.runner.JUnit5TestLoader -loaderpluginname org.eclipse.jdt.junit5.runtime -classNames com.parkit.parkingsystem.integration.ParkingDataBaseIT

Host: Intel(R) Core(TM) i7-10875H CPU @ 2.30GHz, 16 cores, 15G,  Windows 10 , 64 bit Build 19041 (10.0.19041.804)
Time: Sat Apr  3 21:30:59 2021 Paris, Madrid (heure d’été) elapsed time: 267.257084 seconds (0d 0h 4m 27s)

---------------  T H R E A D  ---------------

Current thread (0x000002042baeb070):  JavaThread "JDWP Transport Listener: dt_socket" daemon [_thread_in_vm, id=2824, stack(0x00000068c0100000,0x00000068c0200000)] _threads_hazard_ptr=0x000002043550fa60

Stack: [0x00000068c0100000,0x00000068c0200000],  sp=0x00000068c01fe1f0,  free space=1016k
Native frames: (J=compiled Java code, j=interpreted, Vv=VM code, C=native code)
V  [jvm.dll+0x6a7ffc]
V  [jvm.dll+0x30015f]
V  [jvm.dll+0x302275]
V  [jvm.dll+0x3028ee]
V  [jvm.dll+0x2fff9f]
V  [jvm.dll+0x2ff24a]
V  [jvm.dll+0x619c80]
V  [jvm.dll+0x619963]
V  [jvm.dll+0x5df038]
V  [jvm.dll+0x7783ef]
V  [jvm.dll+0x4f04b1]
V  [jvm.dll+0x787e95]
V  [jvm.dll+0x4d430a]
V  [jvm.dll+0x49548b]
C  [jdwp.dll+0x796b]


siginfo: EXCEPTION_ACCESS_VIOLATION (0xc0000005), reading address 0x0000000000000004


Register to memory mapping:

RIP=0x00007fffb20b7ffc jvm.dll
RAX=0x0 is NULL
RBX=0x0 is NULL
RCX=0x00000068c01fe210 is pointing into the stack for thread: 0x000002042baeb070
RDX=0x0 is NULL
RSP=0x00000068c01fe1f0 is pointing into the stack for thread: 0x000002042baeb070
RBP=0x00000068c01fe350 is pointing into the stack for thread: 0x000002042baeb070
RSI=0x0 is NULL
RDI=0x00000068c01fe960 is pointing into the stack for thread: 0x000002042baeb070
R8 =0x0 is NULL
R9 =0x000002042c755fa8 is pointing into metadata
R10=0x00000068c01fe6f0 is pointing into the stack for thread: 0x000002042baeb070
R11={method} {0x000002042c757058} 'testParkingLotExit' '()V' in 'com/parkit/parkingsystem/integration/ParkingDataBaseIT'
R12=0x00007fffb1a10000 jvm.dll
R13=0x00000204323267e0 points into unknown readable memory: 0x000000000320e400 | 00 e4 20 03 00 00 00 00
R14=0x00000068c01fe280 is pointing into the stack for thread: 0x000002042baeb070
R15=0x0000000000000057 is an unknown value


Registers:
RAX=0x0000000000000000, RBX=0x0000000000000000, RCX=0x00000068c01fe210, RDX=0x0000000000000000
RSP=0x00000068c01fe1f0, RBP=0x00000068c01fe350, RSI=0x0000000000000000, RDI=0x00000068c01fe960
R8 =0x0000000000000000, R9 =0x000002042c755fa8, R10=0x00000068c01fe6f0, R11=0x000002042c757050
R12=0x00007fffb1a10000, R13=0x00000204323267e0, R14=0x00000068c01fe280, R15=0x0000000000000057
RIP=0x00007fffb20b7ffc, EFLAGS=0x0000000000010246

Top of Stack: (sp=0x00000068c01fe1f0)
0x00000068c01fe1f0:   0000000000000000 0000000000000000
0x00000068c01fe200:   00000068c01fe960 0000000000000000
0x00000068c01fe210:   0000000000000000 00007fffb1c1e8fe
0x00000068c01fe220:   0000000000000001 0000000000000000
0x00000068c01fe230:   000002042acc4550 0000000000000000
0x00000068c01fe240:   000002042c756fb9 00007fffb1d1015f
0x00000068c01fe250:   0000000000000000 0000000000000000
0x00000068c01fe260:   0000000000000000 0000000000000000
0x00000068c01fe270:   0000000000000000 0000000000000000
0x00000068c01fe280:   0000000000000000 0000000000000063
0x00000068c01fe290:   0000000000000000 00000068c01fe2d8
0x00000068c01fe2a0:   0000000000000000 000002042b7e13c0
0x00000068c01fe2b0:   0000001300000012 0000000000000013
0x00000068c01fe2c0:   000000030000000e 000002042acc4550
0x00000068c01fe2d0:   0000000000000000 0000000000000000
0x00000068c01fe2e0:   0000000000000000 0000000000000000 

Instructions: (pc=0x00007fffb20b7ffc)
0x00007fffb20b7efc:   47 1c 03 00 00 00 44 89 47 0c 44 89 47 08 44 3b
0x00007fffb20b7f0c:   c3 7c 17 c7 47 1c ff ff ff ff 48 8b 5c 24 30 48
0x00007fffb20b7f1c:   8b 74 24 38 48 83 c4 20 5f c3 0f be 4c 30 07 e8
0x00007fffb20b7f2c:   e0 fb ff ff 48 83 c6 06 89 47 18 83 e8 0c 74 50
0x00007fffb20b7f3c:   83 f8 01 75 34 49 63 c0 48 3b c3 7d 18 0f 1f 80
0x00007fffb20b7f4c:   00 00 00 00 80 3c 30 5b 75 0b 41 ff c0 48 ff c0
0x00007fffb20b7f5c:   48 3b c3 7c ef 49 63 c8 41 8b c0 2b 47 0c 48 03
0x00007fffb20b7f6c:   ce 89 47 14 80 39 4c 74 1d 41 8d 58 01 89 5f 0c
0x00007fffb20b7f7c:   48 8b 5c 24 30 48 8b 74 24 38 48 83 c4 20 5f c3
0x00007fffb20b7f8c:   49 63 c8 48 03 ce 8b c3 ba 3b 00 00 00 41 2b c0
0x00007fffb20b7f9c:   4c 63 c0 e8 bc 19 13 00 48 85 c0 74 06 8b d8 2b
0x00007fffb20b7fac:   de ff c3 48 8b 74 24 38 89 5f 0c 48 8b 5c 24 30
0x00007fffb20b7fbc:   48 83 c4 20 5f c3 cc cc cc cc cc cc cc cc cc cc
0x00007fffb20b7fcc:   cc cc cc cc 41 56 48 83 ec 50 83 79 08 63 4c 8b
0x00007fffb20b7fdc:   f1 0f 85 d3 00 00 00 48 8b 01 48 8d 4c 24 20 48
0x00007fffb20b7fec:   89 44 24 20 48 89 5c 24 60 33 db 48 89 74 24 68
0x00007fffb20b7ffc:   0f b7 40 04 89 44 24 30 48 8b 05 1d 02 42 00 48
0x00007fffb20b800c:   89 44 24 40 c7 44 24 3c 01 00 00 00 c7 44 24 2c
0x00007fffb20b801c:   01 00 00 00 c7 44 24 28 01 00 00 00 89 5c 24 34
0x00007fffb20b802c:   48 89 5c 24 48 e8 7a fe ff ff 48 8d 4c 24 20 e8
0x00007fffb20b803c:   b0 00 00 00 8b 44 24 38 48 8b 4c 24 40 41 89 46
0x00007fffb20b804c:   08 e8 fe e8 04 00 48 8b 74 24 48 48 85 f6 74 45
0x00007fffb20b805c:   39 1e 7e 41 48 89 7c 24 70 8b fb 66 0f 1f 84 00
0x00007fffb20b806c:   00 00 00 00 48 8b 4e 18 48 8b 0c 39 e8 d3 e8 04
0x00007fffb20b807c:   00 ff c3 48 8d 7f 08 3b 1e 7c e9 41 8b 46 08 48
0x00007fffb20b808c:   8b 7c 24 70 48 8b 5c 24 60 48 8b 74 24 68 48 83
0x00007fffb20b809c:   c4 50 41 5e c3 41 8b 46 08 48 8b 5c 24 60 48 8b
0x00007fffb20b80ac:   74 24 68 48 83 c4 50 41 5e c3 8b 41 08 48 83 c4
0x00007fffb20b80bc:   50 41 5e c3 48 8d 42 ff 48 83 f8 fd 77 14 48 3b
0x00007fffb20b80cc:   51 10 74 19 48 89 51 10 48 d1 ea 83 e2 0f 89 51
0x00007fffb20b80dc:   08 c3 48 89 51 10 c7 41 08 63 00 00 00 c3 cc cc
0x00007fffb20b80ec:   cc cc cc cc 40 53 48 83 ec 20 8b 41 1c 48 8b d9 


Stack slot to memory mapping:
stack at sp + 0 slots: 0x0 is NULL
stack at sp + 1 slots: 0x0 is NULL
stack at sp + 2 slots: 0x00000068c01fe960 is pointing into the stack for thread: 0x000002042baeb070
stack at sp + 3 slots: 0x0 is NULL
stack at sp + 4 slots: 0x0 is NULL
stack at sp + 5 slots: 0x00007fffb1c1e8fe jvm.dll
stack at sp + 6 slots: 0x0000000000000001 is an unknown value
stack at sp + 7 slots: 0x0 is NULL


---------------  P R O C E S S  ---------------

Threads class SMR info:
_java_thread_list=0x000002043550fa60, length=16, elements={
0x000002040b4b5540, 0x000002042b643130, 0x000002042b64bc60, 0x000002042ad9d2a0,
0x000002042ad9dc60, 0x000002042ad9e620, 0x000002042b661010, 0x000002042b687660,
0x000002042b663920, 0x000002042ad208a0, 0x000002042baeb070, 0x000002042b8eaaa0,
0x000002042b8eaf90, 0x000002042c034310, 0x000002042c1c3570, 0x000002042d19ae00
}

Java Threads: ( => current thread )
  0x000002040b4b5540 JavaThread "main" [_thread_blocked, id=30828, stack(0x00000068bed00000,0x00000068bee00000)]
  0x000002042b643130 JavaThread "Reference Handler" daemon [_thread_blocked, id=12916, stack(0x00000068bf400000,0x00000068bf500000)]
  0x000002042b64bc60 JavaThread "Finalizer" daemon [_thread_blocked, id=20368, stack(0x00000068bf500000,0x00000068bf600000)]
  0x000002042ad9d2a0 JavaThread "Signal Dispatcher" daemon [_thread_blocked, id=4388, stack(0x00000068bf600000,0x00000068bf700000)]
  0x000002042ad9dc60 JavaThread "Attach Listener" daemon [_thread_blocked, id=30084, stack(0x00000068bf700000,0x00000068bf800000)]
  0x000002042ad9e620 JavaThread "Service Thread" daemon [_thread_blocked, id=5044, stack(0x00000068bf800000,0x00000068bf900000)]
  0x000002042b661010 JavaThread "C2 CompilerThread0" daemon [_thread_blocked, id=10204, stack(0x00000068bf900000,0x00000068bfa00000)]
  0x000002042b687660 JavaThread "C1 CompilerThread0" daemon [_thread_blocked, id=9068, stack(0x00000068bfa00000,0x00000068bfb00000)]
  0x000002042b663920 JavaThread "Sweeper thread" daemon [_thread_blocked, id=19700, stack(0x00000068bfb00000,0x00000068bfc00000)]
  0x000002042ad208a0 JavaThread "Common-Cleaner" daemon [_thread_blocked, id=21448, stack(0x00000068bfc00000,0x00000068bfd00000)]
=>0x000002042baeb070 JavaThread "JDWP Transport Listener: dt_socket" daemon [_thread_in_vm, id=2824, stack(0x00000068c0100000,0x00000068c0200000)]
  0x000002042b8eaaa0 JavaThread "JDWP Event Helper Thread" daemon [_thread_blocked, id=23520, stack(0x00000068c0200000,0x00000068c0300000)]
  0x000002042b8eaf90 JavaThread "JDWP Command Reader" daemon [_thread_in_native, id=16612, stack(0x00000068c0300000,0x00000068c0400000)]
  0x000002042c034310 JavaThread "Notification Thread" daemon [_thread_blocked, id=21724, stack(0x00000068c0400000,0x00000068c0500000)]
  0x000002042c1c3570 JavaThread "ReaderThread" [_thread_in_native, id=14144, stack(0x00000068c0600000,0x00000068c0700000)]
  0x000002042d19ae00 JavaThread "mysql-cj-abandoned-connection-cleanup" daemon [_thread_blocked, id=20200, stack(0x00000068c1100000,0x00000068c1200000)]

Other Threads:
  0x000002042b62e940 VMThread "VM Thread" [stack: 0x00000068bf300000,0x00000068bf400000] [id=7436]
  0x000002040b4b6580 WatcherThread [stack: 0x00000068c0500000,0x00000068c0600000] [id=10336]
  0x000002040b508480 GCTaskThread "GC Thread#0" [stack: 0x00000068bee00000,0x00000068bef00000] [id=19104]
  0x000002042b8e26b0 GCTaskThread "GC Thread#1" [stack: 0x00000068c0800000,0x00000068c0900000] [id=20224]
  0x000002042b8e4030 GCTaskThread "GC Thread#2" [stack: 0x00000068c0900000,0x00000068c0a00000] [id=29760]
  0x000002042b8e49c0 GCTaskThread "GC Thread#3" [stack: 0x00000068c0a00000,0x00000068c0b00000] [id=29976]
  0x000002042b8e4690 GCTaskThread "GC Thread#4" [stack: 0x00000068c0b00000,0x00000068c0c00000] [id=17404]
  0x000002042b8e3d00 GCTaskThread "GC Thread#5" [stack: 0x00000068c0c00000,0x00000068c0d00000] [id=21244]
  0x000002040b51ab50 ConcurrentGCThread "G1 Main Marker" [stack: 0x00000068bef00000,0x00000068bf000000] [id=26464]
  0x000002040b51b6d0 ConcurrentGCThread "G1 Conc#0" [stack: 0x00000068bf000000,0x00000068bf100000] [id=7600]
  0x000002042b8e29e0 ConcurrentGCThread "G1 Conc#1" [stack: 0x00000068c0f00000,0x00000068c1000000] [id=29040]
  0x000002042b8e3370 ConcurrentGCThread "G1 Conc#2" [stack: 0x00000068c1000000,0x00000068c1100000] [id=14704]
  0x000002040b57e5d0 ConcurrentGCThread "G1 Refine#0" [stack: 0x00000068bf100000,0x00000068bf200000] [id=3620]
  0x000002042ac2a3d0 ConcurrentGCThread "G1 Young RemSet Sampling" [stack: 0x00000068bf200000,0x00000068bf300000] [id=21792]

Threads with active compile tasks:

VM state: not at safepoint (normal execution)

VM Mutex/Monitor currently owned by a thread: None

Heap address: 0x0000000702c00000, size: 4052 MB, Compressed Oops mode: Zero based, Oop shift amount: 3
CDS disabled.
Compressed class space mapped at: 0x0000000800000000-0x0000000840000000, size: 1073741824
Narrow klass base: 0x0000000800000000, Narrow klass shift: 0, Narrow klass range: 0x40000000

GC Precious Log:
 CPUs: 16 total, 16 available
 Memory: 16203M
 Large Page Support: Disabled
 NUMA Support: Disabled
 Compressed Oops: Enabled (Zero based)
 Heap Region Size: 2M
 Heap Min Capacity: 8M
 Heap Initial Capacity: 254M
 Heap Max Capacity: 4052M
 Pre-touch: Disabled
 Parallel Workers: 13
 Concurrent Workers: 3
 Concurrent Refinement Workers: 13
 Periodic GC: Disabled

Heap:
 garbage-first heap   total 153600K, used 70284K [0x0000000702c00000, 0x0000000800000000)
  region size 2048K, 32 young (65536K), 2 survivors (4096K)
 Metaspace       used 33752K, capacity 34033K, committed 34048K, reserved 1079296K
  class space    used 3982K, capacity 4089K, committed 4096K, reserved 1048576K

Heap Regions: E=young(eden), S=young(survivor), O=old, HS=humongous(starts), HC=humongous(continues), CS=collection set, F=free, OA=open archive, CA=closed archive, TAMS=top-at-mark-start (previous, next)
|   0|0x0000000702c00000, 0x0000000702e00000, 0x0000000702e00000|100%| O|  |TAMS 0x0000000702e00000, 0x0000000702c00000| Untracked 
|   1|0x0000000702e00000, 0x0000000703000000, 0x0000000703000000|100%| O|  |TAMS 0x0000000703000000, 0x0000000702e00000| Untracked 
|   2|0x0000000703000000, 0x0000000703047200, 0x0000000703200000| 13%| O|  |TAMS 0x0000000703047200, 0x0000000703000000| Untracked 
|   3|0x0000000703200000, 0x0000000703400000, 0x0000000703400000|100%| O|  |TAMS 0x0000000703200000, 0x0000000703200000| Untracked 
|   4|0x0000000703400000, 0x00000007035ae400, 0x0000000703600000| 84%| O|  |TAMS 0x0000000703400000, 0x0000000703400000| Untracked 
|   5|0x0000000703600000, 0x0000000703600000, 0x0000000703800000|  0%| F|  |TAMS 0x0000000703600000, 0x0000000703600000| Untracked 
|   6|0x0000000703800000, 0x0000000703800000, 0x0000000703a00000|  0%| F|  |TAMS 0x0000000703800000, 0x0000000703800000| Untracked 
|   7|0x0000000703a00000, 0x0000000703a00000, 0x0000000703c00000|  0%| F|  |TAMS 0x0000000703a00000, 0x0000000703a00000| Untracked 
|   8|0x0000000703c00000, 0x0000000703c00000, 0x0000000703e00000|  0%| F|  |TAMS 0x0000000703c00000, 0x0000000703c00000| Untracked 
|   9|0x0000000703e00000, 0x0000000703e00000, 0x0000000704000000|  0%| F|  |TAMS 0x0000000703e00000, 0x0000000703e00000| Untracked 
|  10|0x0000000704000000, 0x0000000704000000, 0x0000000704200000|  0%| F|  |TAMS 0x0000000704000000, 0x0000000704000000| Untracked 
|  11|0x0000000704200000, 0x0000000704200000, 0x0000000704400000|  0%| F|  |TAMS 0x0000000704200000, 0x0000000704200000| Untracked 
|  12|0x0000000704400000, 0x00000007044adad8, 0x0000000704600000| 33%| S|CS|TAMS 0x0000000704400000, 0x0000000704400000| Complete 
|  13|0x0000000704600000, 0x0000000704800000, 0x0000000704800000|100%| S|CS|TAMS 0x0000000704600000, 0x0000000704600000| Complete 
|  14|0x0000000704800000, 0x0000000704800000, 0x0000000704a00000|  0%| F|  |TAMS 0x0000000704800000, 0x0000000704800000| Untracked 
|  15|0x0000000704a00000, 0x0000000704a00000, 0x0000000704c00000|  0%| F|  |TAMS 0x0000000704a00000, 0x0000000704a00000| Untracked 
|  16|0x0000000704c00000, 0x0000000704c00000, 0x0000000704e00000|  0%| F|  |TAMS 0x0000000704c00000, 0x0000000704c00000| Untracked 
|  17|0x0000000704e00000, 0x0000000704e00000, 0x0000000705000000|  0%| F|  |TAMS 0x0000000704e00000, 0x0000000704e00000| Untracked 
|  18|0x0000000705000000, 0x0000000705000000, 0x0000000705200000|  0%| F|  |TAMS 0x0000000705000000, 0x0000000705000000| Untracked 
|  19|0x0000000705200000, 0x0000000705200000, 0x0000000705400000|  0%| F|  |TAMS 0x0000000705200000, 0x0000000705200000| Untracked 
|  20|0x0000000705400000, 0x0000000705400000, 0x0000000705600000|  0%| F|  |TAMS 0x0000000705400000, 0x0000000705400000| Untracked 
|  21|0x0000000705600000, 0x0000000705600000, 0x0000000705800000|  0%| F|  |TAMS 0x0000000705600000, 0x0000000705600000| Untracked 
|  22|0x0000000705800000, 0x0000000705800000, 0x0000000705a00000|  0%| F|  |TAMS 0x0000000705800000, 0x0000000705800000| Untracked 
|  23|0x0000000705a00000, 0x0000000705a00000, 0x0000000705c00000|  0%| F|  |TAMS 0x0000000705a00000, 0x0000000705a00000| Untracked 
|  24|0x0000000705c00000, 0x0000000705c00000, 0x0000000705e00000|  0%| F|  |TAMS 0x0000000705c00000, 0x0000000705c00000| Untracked 
|  25|0x0000000705e00000, 0x0000000705e00000, 0x0000000706000000|  0%| F|  |TAMS 0x0000000705e00000, 0x0000000705e00000| Untracked 
|  26|0x0000000706000000, 0x0000000706000000, 0x0000000706200000|  0%| F|  |TAMS 0x0000000706000000, 0x0000000706000000| Untracked 
|  27|0x0000000706200000, 0x0000000706200000, 0x0000000706400000|  0%| F|  |TAMS 0x0000000706200000, 0x0000000706200000| Untracked 
|  28|0x0000000706400000, 0x0000000706400000, 0x0000000706600000|  0%| F|  |TAMS 0x0000000706400000, 0x0000000706400000| Untracked 
|  29|0x0000000706600000, 0x0000000706600000, 0x0000000706800000|  0%| F|  |TAMS 0x0000000706600000, 0x0000000706600000| Untracked 
|  30|0x0000000706800000, 0x0000000706800000, 0x0000000706a00000|  0%| F|  |TAMS 0x0000000706800000, 0x0000000706800000| Untracked 
|  31|0x0000000706a00000, 0x0000000706a00000, 0x0000000706c00000|  0%| F|  |TAMS 0x0000000706a00000, 0x0000000706a00000| Untracked 
|  32|0x0000000706c00000, 0x0000000706c00000, 0x0000000706e00000|  0%| F|  |TAMS 0x0000000706c00000, 0x0000000706c00000| Untracked 
|  33|0x0000000706e00000, 0x0000000706e00000, 0x0000000707000000|  0%| F|  |TAMS 0x0000000706e00000, 0x0000000706e00000| Untracked 
|  34|0x0000000707000000, 0x0000000707000000, 0x0000000707200000|  0%| F|  |TAMS 0x0000000707000000, 0x0000000707000000| Untracked 
|  35|0x0000000707200000, 0x0000000707200000, 0x0000000707400000|  0%| F|  |TAMS 0x0000000707200000, 0x0000000707200000| Untracked 
|  36|0x0000000707400000, 0x0000000707400000, 0x0000000707600000|  0%| F|  |TAMS 0x0000000707400000, 0x0000000707400000| Untracked 
|  37|0x0000000707600000, 0x0000000707600000, 0x0000000707800000|  0%| F|  |TAMS 0x0000000707600000, 0x0000000707600000| Untracked 
|  38|0x0000000707800000, 0x0000000707800000, 0x0000000707a00000|  0%| F|  |TAMS 0x0000000707800000, 0x0000000707800000| Untracked 
|  39|0x0000000707a00000, 0x0000000707a00000, 0x0000000707c00000|  0%| F|  |TAMS 0x0000000707a00000, 0x0000000707a00000| Untracked 
|  40|0x0000000707c00000, 0x0000000707c00000, 0x0000000707e00000|  0%| F|  |TAMS 0x0000000707c00000, 0x0000000707c00000| Untracked 
|  41|0x0000000707e00000, 0x0000000707e00000, 0x0000000708000000|  0%| F|  |TAMS 0x0000000707e00000, 0x0000000707e00000| Untracked 
|  42|0x0000000708000000, 0x0000000708000000, 0x0000000708200000|  0%| F|  |TAMS 0x0000000708000000, 0x0000000708000000| Untracked 
|  43|0x0000000708200000, 0x0000000708200000, 0x0000000708400000|  0%| F|  |TAMS 0x0000000708200000, 0x0000000708200000| Untracked 
|  44|0x0000000708400000, 0x0000000708400000, 0x0000000708600000|  0%| F|  |TAMS 0x0000000708400000, 0x0000000708400000| Untracked 
|  45|0x0000000708600000, 0x00000007086ddc88, 0x0000000708800000| 43%| E|  |TAMS 0x0000000708600000, 0x0000000708600000| Complete 
|  46|0x0000000708800000, 0x0000000708a00000, 0x0000000708a00000|100%| E|CS|TAMS 0x0000000708800000, 0x0000000708800000| Complete 
|  47|0x0000000708a00000, 0x0000000708c00000, 0x0000000708c00000|100%| E|CS|TAMS 0x0000000708a00000, 0x0000000708a00000| Complete 
|  48|0x0000000708c00000, 0x0000000708e00000, 0x0000000708e00000|100%| E|CS|TAMS 0x0000000708c00000, 0x0000000708c00000| Complete 
|  49|0x0000000708e00000, 0x0000000709000000, 0x0000000709000000|100%| E|CS|TAMS 0x0000000708e00000, 0x0000000708e00000| Complete 
|  50|0x0000000709000000, 0x0000000709200000, 0x0000000709200000|100%| E|CS|TAMS 0x0000000709000000, 0x0000000709000000| Complete 
|  51|0x0000000709200000, 0x0000000709400000, 0x0000000709400000|100%| E|CS|TAMS 0x0000000709200000, 0x0000000709200000| Complete 
|  52|0x0000000709400000, 0x0000000709600000, 0x0000000709600000|100%| E|CS|TAMS 0x0000000709400000, 0x0000000709400000| Complete 
|  53|0x0000000709600000, 0x0000000709800000, 0x0000000709800000|100%| E|CS|TAMS 0x0000000709600000, 0x0000000709600000| Complete 
|  54|0x0000000709800000, 0x0000000709a00000, 0x0000000709a00000|100%| E|CS|TAMS 0x0000000709800000, 0x0000000709800000| Complete 
|  55|0x0000000709a00000, 0x0000000709c00000, 0x0000000709c00000|100%| E|CS|TAMS 0x0000000709a00000, 0x0000000709a00000| Complete 
|  56|0x0000000709c00000, 0x0000000709e00000, 0x0000000709e00000|100%| E|CS|TAMS 0x0000000709c00000, 0x0000000709c00000| Complete 
|  57|0x0000000709e00000, 0x000000070a000000, 0x000000070a000000|100%| E|CS|TAMS 0x0000000709e00000, 0x0000000709e00000| Complete 
|  58|0x000000070a000000, 0x000000070a200000, 0x000000070a200000|100%| E|CS|TAMS 0x000000070a000000, 0x000000070a000000| Complete 
|  59|0x000000070a200000, 0x000000070a400000, 0x000000070a400000|100%| E|CS|TAMS 0x000000070a200000, 0x000000070a200000| Complete 
|  60|0x000000070a400000, 0x000000070a600000, 0x000000070a600000|100%| E|CS|TAMS 0x000000070a400000, 0x000000070a400000| Complete 
|  61|0x000000070a600000, 0x000000070a800000, 0x000000070a800000|100%| E|CS|TAMS 0x000000070a600000, 0x000000070a600000| Complete 
|  62|0x000000070a800000, 0x000000070aa00000, 0x000000070aa00000|100%| E|CS|TAMS 0x000000070a800000, 0x000000070a800000| Complete 
|  63|0x000000070aa00000, 0x000000070ac00000, 0x000000070ac00000|100%| E|CS|TAMS 0x000000070aa00000, 0x000000070aa00000| Complete 
|  64|0x000000070ac00000, 0x000000070ae00000, 0x000000070ae00000|100%| E|CS|TAMS 0x000000070ac00000, 0x000000070ac00000| Complete 
|  65|0x000000070ae00000, 0x000000070b000000, 0x000000070b000000|100%| E|CS|TAMS 0x000000070ae00000, 0x000000070ae00000| Complete 
|  66|0x000000070b000000, 0x000000070b200000, 0x000000070b200000|100%| E|CS|TAMS 0x000000070b000000, 0x000000070b000000| Complete 
|  67|0x000000070b200000, 0x000000070b400000, 0x000000070b400000|100%| E|CS|TAMS 0x000000070b200000, 0x000000070b200000| Complete 
|  68|0x000000070b400000, 0x000000070b600000, 0x000000070b600000|100%| E|CS|TAMS 0x000000070b400000, 0x000000070b400000| Complete 
|  69|0x000000070b600000, 0x000000070b800000, 0x000000070b800000|100%| E|CS|TAMS 0x000000070b600000, 0x000000070b600000| Complete 
|  70|0x000000070b800000, 0x000000070ba00000, 0x000000070ba00000|100%| E|CS|TAMS 0x000000070b800000, 0x000000070b800000| Complete 
|  71|0x000000070ba00000, 0x000000070bc00000, 0x000000070bc00000|100%| E|CS|TAMS 0x000000070ba00000, 0x000000070ba00000| Complete 
| 102|0x000000070f800000, 0x000000070fa00000, 0x000000070fa00000|100%| E|CS|TAMS 0x000000070f800000, 0x000000070f800000| Complete 
| 103|0x000000070fa00000, 0x000000070fc00000, 0x000000070fc00000|100%| E|CS|TAMS 0x000000070fa00000, 0x000000070fa00000| Complete 
| 126|0x0000000712800000, 0x0000000712a00000, 0x0000000712a00000|100%| E|CS|TAMS 0x0000000712800000, 0x0000000712800000| Complete 

Card table byte_map: [0x000002041ef30000,0x000002041f720000] _byte_map_base: 0x000002041b71a000

Marking Bits (Prev, Next): (CMBitMap*) 0x000002040b509c50, (CMBitMap*) 0x000002040b509c10
 Prev Bits: [0x0000020423e60000, 0x0000020427db0000)
 Next Bits: [0x000002041ff10000, 0x0000020423e60000)

Polling page: 0x0000020409460000

Metaspace:

Usage:
  Non-class:     29.24 MB capacity,    29.07 MB (>99%) used,   135.73 KB ( <1%) free+waste,    38.31 KB ( <1%) overhead. 
      Class:      3.99 MB capacity,     3.89 MB ( 97%) used,    92.93 KB (  2%) free+waste,    13.88 KB ( <1%) overhead. 
       Both:     33.24 MB capacity,    32.96 MB (>99%) used,   228.66 KB ( <1%) free+waste,    52.19 KB ( <1%) overhead. 

Virtual space:
  Non-class space:       30.00 MB reserved,      29.25 MB ( 98%) committed 
      Class space:        1.00 GB reserved,       4.00 MB ( <1%) committed 
             Both:        1.03 GB reserved,      33.25 MB (  3%) committed 

Chunk freelists:
   Non-Class:  8.00 KB
       Class:  7.00 KB
        Both:  15.00 KB

MaxMetaspaceSize: 17179869184.00 GB
CompressedClassSpaceSize: 1.00 GB

CodeHeap 'non-profiled nmethods': size=119168Kb used=2412Kb max_used=2412Kb free=116755Kb
 bounds [0x0000020416a60000, 0x0000020416cd0000, 0x000002041dec0000]
CodeHeap 'profiled nmethods': size=119104Kb used=6707Kb max_used=6707Kb free=112396Kb
 bounds [0x000002040f610000, 0x000002040fca0000, 0x0000020416a60000]
CodeHeap 'non-nmethods': size=7488Kb used=1373Kb max_used=3205Kb free=6114Kb
 bounds [0x000002040eec0000, 0x000002040f210000, 0x000002040f610000]
 total_blobs=3799 nmethods=3229 adapters=482
 compilation: enabled
              stopped_count=0, restarted_count=0
 full_count=0

Compilation events (20 events):
Event: 2.054 Thread 0x000002042b84a2f0 nmethod 3226 0x000002040fc99d10 code [0x000002040fc99ee0, 0x000002040fc9a338]
Event: 2.055 Thread 0x000002042b846d10 3228       3       java.util.concurrent.ConcurrentHashMap::<init> (5 bytes)
Event: 2.055 Thread 0x000002042b846d10 nmethod 3228 0x000002040fc9a490 code [0x000002040fc9a640, 0x000002040fc9a7f8]
Event: 2.056 Thread 0x000002042b84a2f0 3229       3       java.lang.ClassLoader::getPlatformClassLoader (21 bytes)
Event: 2.056 Thread 0x000002042b84a2f0 nmethod 3229 0x000002040fc9a910 code [0x000002040fc9ab60, 0x000002040fc9b578]
Event: 2.057 Thread 0x000002042b84a2f0 3230       3       java.util.Locale::hashCode (41 bytes)
Event: 2.057 Thread 0x000002042b84a2f0 nmethod 3230 0x000002040fc9b910 code [0x000002040fc9bae0, 0x000002040fc9bd78]
Event: 2.061 Thread 0x000002042b835ac0 nmethod 3198 0x0000020416c71910 code [0x0000020416c71ac0, 0x0000020416c72638]
Event: 2.061 Thread 0x000002042b835ac0 3227       4       java.util.StringTokenizer::scanToken (179 bytes)
Event: 2.061 Thread 0x000002042b84a2f0 3231       3       java.lang.reflect.Constructor::checkCanSetAccessible (29 bytes)
Event: 2.061 Thread 0x000002042b84a2f0 nmethod 3231 0x000002040fc9bf10 code [0x000002040fc9c0e0, 0x000002040fc9c3d8]
Event: 2.066 Thread 0x000002042b835ac0 nmethod 3227 0x0000020416c72910 code [0x0000020416c72ac0, 0x0000020416c73008]
Event: 2.073 Thread 0x000002042b661010 nmethod 3127 0x0000020416c73410 code [0x0000020416c73840, 0x0000020416c78418]
Event: 2.095 Thread 0x000002042ccccc90 nmethod 2253% 0x0000020416c7a990 code [0x0000020416c7b0e0, 0x0000020416c9ae00]
Event: 2.101 Thread 0x000002042d1b55f0 nmethod 3205 0x0000020416ca5b90 code [0x0000020416ca5e80, 0x0000020416ca8db8]
Event: 2.294 Thread 0x000002042c221ad0 nmethod 3020 0x0000020416caaa10 code [0x0000020416cab0c0, 0x0000020416cb54c0]
Event: 61.733 Thread 0x000002042b661010 3232       4       java.lang.String::getBytes (44 bytes)
Event: 61.735 Thread 0x000002042b661010 nmethod 3232 0x0000020416cbac10 code [0x0000020416cbada0, 0x0000020416cbb0b8]
Event: 116.827 Thread 0x000002042b687660 3233       3       java.lang.ClassLoader::getResource (41 bytes)
Event: 116.828 Thread 0x000002042b687660 nmethod 3233 0x000002040fc9c510 code [0x000002040fc9c720, 0x000002040fc9cd38]

GC Heap History (12 events):
Event: 0.486 GC heap before
{Heap before GC invocations=0 (full 0):
 garbage-first heap   total 260096K, used 22528K [0x0000000702c00000, 0x0000000800000000)
  region size 2048K, 11 young (22528K), 0 survivors (0K)
 Metaspace       used 12021K, capacity 12192K, committed 12416K, reserved 1060864K
  class space    used 1065K, capacity 1119K, committed 1152K, reserved 1048576K
}
Event: 0.489 GC heap after
{Heap after GC invocations=1 (full 0):
 garbage-first heap   total 260096K, used 4393K [0x0000000702c00000, 0x0000000800000000)
  region size 2048K, 2 young (4096K), 2 survivors (4096K)
 Metaspace       used 12021K, capacity 12192K, committed 12416K, reserved 1060864K
  class space    used 1065K, capacity 1119K, committed 1152K, reserved 1048576K
}
Event: 0.757 GC heap before
{Heap before GC invocations=1 (full 0):
 garbage-first heap   total 260096K, used 33065K [0x0000000702c00000, 0x0000000800000000)
  region size 2048K, 16 young (32768K), 2 survivors (4096K)
 Metaspace       used 16082K, capacity 16288K, committed 16640K, reserved 1064960K
  class space    used 1604K, capacity 1695K, committed 1792K, reserved 1048576K
}
Event: 0.760 GC heap after
{Heap after GC invocations=2 (full 0):
 garbage-first heap   total 260096K, used 5522K [0x0000000702c00000, 0x0000000800000000)
  region size 2048K, 1 young (2048K), 1 survivors (2048K)
 Metaspace       used 16082K, capacity 16288K, committed 16640K, reserved 1064960K
  class space    used 1604K, capacity 1695K, committed 1792K, reserved 1048576K
}
Event: 1.070 GC heap before
{Heap before GC invocations=2 (full 0):
 garbage-first heap   total 260096K, used 46482K [0x0000000702c00000, 0x0000000800000000)
  region size 2048K, 23 young (47104K), 1 survivors (2048K)
 Metaspace       used 20805K, capacity 21037K, committed 21248K, reserved 1069056K
  class space    used 2198K, capacity 2289K, committed 2304K, reserved 1048576K
}
Event: 1.072 GC heap after
{Heap after GC invocations=3 (full 0):
 garbage-first heap   total 260096K, used 6649K [0x0000000702c00000, 0x0000000800000000)
  region size 2048K, 2 young (4096K), 2 survivors (4096K)
 Metaspace       used 20805K, capacity 21037K, committed 21248K, reserved 1069056K
  class space    used 2198K, capacity 2289K, committed 2304K, reserved 1048576K
}
Event: 1.284 GC heap before
{Heap before GC invocations=4 (full 0):
 garbage-first heap   total 40960K, used 35321K [0x0000000702c00000, 0x0000000800000000)
  region size 2048K, 16 young (32768K), 2 survivors (4096K)
 Metaspace       used 24417K, capacity 24727K, committed 24960K, reserved 1071104K
  class space    used 2580K, capacity 2663K, committed 2688K, reserved 1048576K
}
Event: 1.287 GC heap after
{Heap after GC invocations=5 (full 0):
 garbage-first heap   total 45056K, used 8577K [0x0000000702c00000, 0x0000000800000000)
  region size 2048K, 2 young (4096K), 2 survivors (4096K)
 Metaspace       used 24417K, capacity 24727K, committed 24960K, reserved 1071104K
  class space    used 2580K, capacity 2663K, committed 2688K, reserved 1048576K
}
Event: 1.440 GC heap before
{Heap before GC invocations=5 (full 0):
 garbage-first heap   total 45056K, used 24961K [0x0000000702c00000, 0x0000000800000000)
  region size 2048K, 11 young (22528K), 2 survivors (4096K)
 Metaspace       used 27681K, capacity 28024K, committed 28160K, reserved 1075200K
  class space    used 2963K, capacity 3053K, committed 3072K, reserved 1048576K
}
Event: 1.443 GC heap after
{Heap after GC invocations=6 (full 0):
 garbage-first heap   total 45056K, used 10067K [0x0000000702c00000, 0x0000000800000000)
  region size 2048K, 2 young (4096K), 2 survivors (4096K)
 Metaspace       used 27681K, capacity 28024K, committed 28160K, reserved 1075200K
  class space    used 2963K, capacity 3053K, committed 3072K, reserved 1048576K
}
Event: 1.618 GC heap before
{Heap before GC invocations=6 (full 0):
 garbage-first heap   total 45056K, used 26451K [0x0000000702c00000, 0x0000000800000000)
  region size 2048K, 10 young (20480K), 2 survivors (4096K)
 Metaspace       used 29630K, capacity 29912K, committed 30080K, reserved 1075200K
  class space    used 3253K, capacity 3341K, committed 3456K, reserved 1048576K
}
Event: 1.621 GC heap after
{Heap after GC invocations=7 (full 0):
 garbage-first heap   total 153600K, used 10892K [0x0000000702c00000, 0x0000000800000000)
  region size 2048K, 2 young (4096K), 2 survivors (4096K)
 Metaspace       used 29630K, capacity 29912K, committed 30080K, reserved 1075200K
  class space    used 3253K, capacity 3341K, committed 3456K, reserved 1048576K
}

Deoptimization events (20 events):
Event: 1.987 Thread 0x000002040b4b5540 DEOPT PACKING pc=0x000002040fb9cd4c sp=0x00000068bedfb8b0
Event: 1.987 Thread 0x000002040b4b5540 DEOPT UNPACKING pc=0x000002040ef0e23f sp=0x00000068bedfacf0 mode 0
Event: 2.012 Thread 0x000002040b4b5540 DEOPT PACKING pc=0x000002040fb9cd4c sp=0x00000068bedfbce0
Event: 2.012 Thread 0x000002040b4b5540 DEOPT UNPACKING pc=0x000002040ef0e23f sp=0x00000068bedfb120 mode 0
Event: 2.012 Thread 0x000002040b4b5540 DEOPT PACKING pc=0x000002040fb9cd7f sp=0x00000068bedfb8f0
Event: 2.012 Thread 0x000002040b4b5540 DEOPT UNPACKING pc=0x000002040ef0e23f sp=0x00000068bedfad30 mode 0
Event: 2.014 Thread 0x000002040b4b5540 DEOPT PACKING pc=0x000002040fb9cd4c sp=0x00000068bedfb6f0
Event: 2.014 Thread 0x000002040b4b5540 DEOPT UNPACKING pc=0x000002040ef0e23f sp=0x00000068bedfab30 mode 0
Event: 2.048 Thread 0x000002040b4b5540 Uncommon trap: trap_request=0xffffff76 fr.pc=0x0000020416c6570c relative=0x0000000000000d6c
Event: 2.048 Thread 0x000002040b4b5540 Uncommon trap: reason=predicate action=maybe_recompile pc=0x0000020416c6570c method=java.util.AbstractCollection.addAll(Ljava/util/Collection;)Z @ 15 c2
Event: 2.048 Thread 0x000002040b4b5540 DEOPT PACKING pc=0x0000020416c6570c sp=0x00000068bedfc980
Event: 2.048 Thread 0x000002040b4b5540 DEOPT UNPACKING pc=0x000002040ef0e42f sp=0x00000068bedfc968 mode 2
Event: 2.051 Thread 0x000002040b4b5540 Uncommon trap: trap_request=0xffffff45 fr.pc=0x0000020416a78e0c relative=0x000000000000044c
Event: 2.051 Thread 0x000002040b4b5540 Uncommon trap: reason=unstable_if action=reinterpret pc=0x0000020416a78e0c method=java.lang.StringLatin1.canEncode(I)Z @ 4 c2
Event: 2.051 Thread 0x000002040b4b5540 DEOPT PACKING pc=0x0000020416a78e0c sp=0x00000068bedfcc50
Event: 2.051 Thread 0x000002040b4b5540 DEOPT UNPACKING pc=0x000002040ef0e42f sp=0x00000068bedfcb98 mode 2
Event: 2.051 Thread 0x000002040b4b5540 Uncommon trap: trap_request=0xffffff45 fr.pc=0x0000020416a79838 relative=0x00000000000003f8
Event: 2.051 Thread 0x000002040b4b5540 Uncommon trap: reason=unstable_if action=reinterpret pc=0x0000020416a79838 method=java.lang.AbstractStringBuilder.isLatin1()Z @ 10 c2
Event: 2.051 Thread 0x000002040b4b5540 DEOPT PACKING pc=0x0000020416a79838 sp=0x00000068bedfcb90
Event: 2.051 Thread 0x000002040b4b5540 DEOPT UNPACKING pc=0x000002040ef0e42f sp=0x00000068bedfcb30 mode 2

Classes unloaded (0 events):
No events

Classes redefined (2 events):
Event: 179.102 Thread 0x000002042b62e940 redefined class name=com.parkit.parkingsystem.integration.ParkingDataBaseIT, count=1
Event: 267.150 Thread 0x000002042b62e940 redefined class name=com.parkit.parkingsystem.integration.ParkingDataBaseIT, count=2

Internal exceptions (20 events):
Event: 0.512 Thread 0x000002040b4b5540 Exception <a 'java/lang/NoSuchMethodError'{0x00000007126d2aa8}: 'java.lang.Object java.lang.invoke.DirectMethodHandle$Holder.newInvokeSpecial(java.lang.Object, java.lang.Object, java.lang.Object, java.lang.Object, java.lang.Object)'> (0x00000007126d2aa8) 
thrown [./open/src/hotspot/share/interpreter/linkResolver.cpp, line 782]
Event: 0.526 Thread 0x000002040b4b5540 Exception <a 'java/lang/NoSuchMethodError'{0x000000071244af38}: 'java.lang.Object java.lang.invoke.DirectMethodHandle$Holder.invokeSpecialIFC(java.lang.Object, java.lang.Object, java.lang.Object, java.lang.Object)'> (0x000000071244af38) 
thrown [./open/src/hotspot/share/interpreter/linkResolver.cpp, line 782]
Event: 0.549 Thread 0x000002040b4b5540 Exception <a 'java/lang/NoSuchMethodError'{0x00000007125ff890}: 'int java.lang.invoke.DirectMethodHandle$Holder.invokeVirtual(java.lang.Object, java.lang.Object, java.lang.Object)'> (0x00000007125ff890) 
thrown [./open/src/hotspot/share/interpreter/linkResolver.cpp, line 782]
Event: 0.550 Thread 0x000002040b4b5540 Exception <a 'java/lang/NoSuchMethodError'{0x00000007122227b0}: 'void java.lang.invoke.DirectMethodHandle$Holder.invokeInterface(java.lang.Object, java.lang.Object)'> (0x00000007122227b0) 
thrown [./open/src/hotspot/share/interpreter/linkResolver.cpp, line 782]
Event: 0.550 Thread 0x000002040b4b5540 Exception <a 'java/lang/IncompatibleClassChangeError'{0x0000000712225c68}: Found class java.lang.Object, but interface was expected> (0x0000000712225c68) 
thrown [./open/src/hotspot/share/interpreter/linkResolver.cpp, line 848]
Event: 0.551 Thread 0x000002040b4b5540 Exception <a 'java/lang/NoSuchMethodError'{0x0000000712238f00}: 'void java.lang.invoke.DirectMethodHandle$Holder.invokeStatic(java.lang.Object, java.lang.Object, java.lang.Object, java.lang.Object)'> (0x0000000712238f00) 
thrown [./open/src/hotspot/share/interpreter/linkResolver.cpp, line 782]
Event: 0.565 Thread 0x000002040b4b5540 Exception <a 'java/lang/NoSuchMethodError'{0x000000071233bc38}: 'void java.lang.invoke.DirectMethodHandle$Holder.invokeInterface(java.lang.Object, java.lang.Object, java.lang.Object, java.lang.Object)'> (0x000000071233bc38) 
thrown [./open/src/hotspot/share/interpreter/linkResolver.cpp, line 782]
Event: 0.565 Thread 0x000002040b4b5540 Exception <a 'java/lang/IncompatibleClassChangeError'{0x000000071233f298}: Found class java.lang.Object, but interface was expected> (0x000000071233f298) 
thrown [./open/src/hotspot/share/interpreter/linkResolver.cpp, line 848]
Event: 0.571 Thread 0x000002040b4b5540 Exception <a 'java/lang/NoSuchMethodError'{0x00000007123f5e20}: 'int java.lang.invoke.DirectMethodHandle$Holder.invokeStatic(java.lang.Object, java.lang.Object, java.lang.Object, java.lang.Object)'> (0x00000007123f5e20) 
thrown [./open/src/hotspot/share/interpreter/linkResolver.cpp, line 782]
Event: 0.571 Thread 0x000002040b4b5540 Exception <a 'java/lang/NoSuchMethodError'{0x00000007123f9978}: 'java.lang.Object java.lang.invoke.Invokers$Holder.invokeExact_MT(java.lang.Object, java.lang.Object, java.lang.Object, java.lang.Object, java.lang.Object, java.lang.Object)'> (0x00000007123f9978) 
thrown [./open/src/hotspot/share/interpreter/linkResolver.cpp, line 782]
Event: 0.583 Thread 0x000002040b4b5540 Exception <a 'java/lang/NoSuchMethodError'{0x0000000712150f30}: 'int java.lang.invoke.DirectMethodHandle$Holder.invokeStatic(java.lang.Object, java.lang.Object, java.lang.Object, java.lang.Object, java.lang.Object)'> (0x0000000712150f30) 
thrown [./open/src/hotspot/share/interpreter/linkResolver.cpp, line 782]
Event: 0.610 Thread 0x000002040b4b5540 Exception <a 'java/lang/NoSuchMethodError'{0x0000000711ff7dc8}: 'void java.lang.invoke.DirectMethodHandle$Holder.invokeInterface(java.lang.Object, java.lang.Object, java.lang.Object)'> (0x0000000711ff7dc8) 
thrown [./open/src/hotspot/share/interpreter/linkResolver.cpp, line 782]
Event: 0.721 Thread 0x000002040b4b5540 Exception <a 'java/lang/NoSuchMethodError'{0x0000000710a146f8}: 'java.lang.Object java.lang.invoke.DirectMethodHandle$Holder.invokeStaticInit(java.lang.Object, int, int, int, int)'> (0x0000000710a146f8) 
thrown [./open/src/hotspot/share/interpreter/linkResolver.cpp, line 782]
Event: 0.749 Thread 0x000002040b4b5540 Exception <a 'java/lang/NoSuchMethodError'{0x0000000710ae1ca8}: 'java.lang.Object java.lang.invoke.DirectMethodHandle$Holder.invokeStaticInit(java.lang.Object, java.lang.Object, int, int, int, int)'> (0x0000000710ae1ca8) 
thrown [./open/src/hotspot/share/interpreter/linkResolver.cpp, line 782]
Event: 1.016 Thread 0x000002040b4b5540 Implicit null exception at 0x0000020416ae836e to 0x0000020416ae8490
Event: 1.085 Thread 0x000002040b4b5540 Exception <a 'java/lang/NoSuchMethodError'{0x0000000712850b50}: 'int java.lang.invoke.DirectMethodHandle$Holder.invokeInterface(java.lang.Object, java.lang.Object)'> (0x0000000712850b50) 
thrown [./open/src/hotspot/share/interpreter/linkResolver.cpp, line 782]
Event: 1.086 Thread 0x000002040b4b5540 Exception <a 'java/lang/IncompatibleClassChangeError'{0x00000007128542b0}: Found class java.lang.Object, but interface was expected> (0x00000007128542b0) 
thrown [./open/src/hotspot/share/interpreter/linkResolver.cpp, line 848]
Event: 1.167 Thread 0x000002040b4b5540 Exception <a 'java/lang/NoSuchMethodError'{0x0000000704717e98}: 'java.lang.Object java.lang.invoke.DirectMethodHandle$Holder.invokeVirtual(java.lang.Object, java.lang.Object, java.lang.Object)'> (0x0000000704717e98) 
thrown [./open/src/hotspot/share/interpreter/linkResolver.cpp, line 782]
Event: 1.348 Thread 0x000002040b4b5540 Exception <a 'sun/nio/fs/WindowsException'{0x0000000704bf7908}> (0x0000000704bf7908) 
thrown [./open/src/hotspot/share/prims/jni.cpp, line 578]
Event: 1.355 Thread 0x000002040b4b5540 Exception <a 'java/lang/NoSuchMethodError'{0x0000000704845240}: 'int java.lang.invoke.DirectMethodHandle$Holder.invokeStaticInit(java.lang.Object, java.lang.Object, java.lang.Object, java.lang.Object)'> (0x0000000704845240) 
thrown [./open/src/hotspot/share/interpreter/linkResolver.cpp, line 782]

Events (20 events):
Event: 186.001 Executing VM operation: get/set locals
Event: 186.001 Executing VM operation: get/set locals done
Event: 186.001 Executing VM operation: GetFrameLocation
Event: 186.001 Executing VM operation: GetFrameLocation done
Event: 186.001 Executing VM operation: get/set locals
Event: 186.001 Executing VM operation: get/set locals done
Event: 267.147 Executing VM operation: RedefineClasses
Event: 267.156 Executing VM operation: RedefineClasses done
Event: 267.163 Executing VM operation: ChangeBreakpoints
Event: 267.164 Executing VM operation: ChangeBreakpoints done
Event: 267.176 Executing VM operation: ChangeBreakpoints
Event: 267.177 Executing VM operation: ChangeBreakpoints done
Event: 267.179 Executing VM operation: GetFrameCount
Event: 267.179 Executing VM operation: GetFrameCount done
Event: 267.179 Executing VM operation: GetStackTrace
Event: 267.179 Executing VM operation: GetStackTrace done
Event: 267.243 Executing VM operation: GetFrameCount
Event: 267.243 Executing VM operation: GetFrameCount done
Event: 267.254 Executing VM operation: GetFrameLocation
Event: 267.254 Executing VM operation: GetFrameLocation done


Dynamic libraries:
0x00007ff64bd80000 - 0x00007ff64bd8d000 	C:\Users\Kikine\OneDrive\Documents\mes cours de programmation\programmes\eclipse\plugins\org.eclipse.justj.openjdk.hotspot.jre.full.win32.x86_64_15.0.1.v20201027-0507\jre\bin\javaw.exe
0x00007ff8249b0000 - 0x00007ff824ba5000 	C:\WINDOWS\SYSTEM32\ntdll.dll
0x00007ff822f00000 - 0x00007ff822fbd000 	C:\WINDOWS\System32\KERNEL32.DLL
0x00007ff822430000 - 0x00007ff8226f9000 	C:\WINDOWS\System32\KERNELBASE.dll
0x00007ff822860000 - 0x00007ff822960000 	C:\WINDOWS\System32\ucrtbase.dll
0x00007ff81ab80000 - 0x00007ff81ab98000 	C:\Users\Kikine\OneDrive\Documents\mes cours de programmation\programmes\eclipse\plugins\org.eclipse.justj.openjdk.hotspot.jre.full.win32.x86_64_15.0.1.v20201027-0507\jre\bin\jli.dll
0x00007ff80ae80000 - 0x00007ff80ae99000 	C:\Users\Kikine\OneDrive\Documents\mes cours de programmation\programmes\eclipse\plugins\org.eclipse.justj.openjdk.hotspot.jre.full.win32.x86_64_15.0.1.v20201027-0507\jre\bin\VCRUNTIME140.dll
0x00007ff823630000 - 0x00007ff8237d0000 	C:\WINDOWS\System32\USER32.dll
0x00007ff822380000 - 0x00007ff8223a2000 	C:\WINDOWS\System32\win32u.dll
0x00007ff811610000 - 0x00007ff8118aa000 	C:\WINDOWS\WinSxS\amd64_microsoft.windows.common-controls_6595b64144ccf1df_6.0.19041.844_none_ca00b6081b84eb1d\COMCTL32.dll
0x00007ff823bc0000 - 0x00007ff823bea000 	C:\WINDOWS\System32\GDI32.dll
0x00007ff824350000 - 0x00007ff8243ee000 	C:\WINDOWS\System32\msvcrt.dll
0x00007ff822270000 - 0x00007ff82237b000 	C:\WINDOWS\System32\gdi32full.dll
0x00007ff822120000 - 0x00007ff8221bd000 	C:\WINDOWS\System32\msvcp_win.dll
0x00007ff824890000 - 0x00007ff8248c0000 	C:\WINDOWS\System32\IMM32.DLL
0x00007ff81bfe0000 - 0x00007ff81bfec000 	C:\Users\Kikine\OneDrive\Documents\mes cours de programmation\programmes\eclipse\plugins\org.eclipse.justj.openjdk.hotspot.jre.full.win32.x86_64_15.0.1.v20201027-0507\jre\bin\vcruntime140_1.dll
0x00007ff804bf0000 - 0x00007ff804c81000 	C:\Users\Kikine\OneDrive\Documents\mes cours de programmation\programmes\eclipse\plugins\org.eclipse.justj.openjdk.hotspot.jre.full.win32.x86_64_15.0.1.v20201027-0507\jre\bin\msvcp140.dll
0x00007fffb1a10000 - 0x00007fffb256e000 	C:\Users\Kikine\OneDrive\Documents\mes cours de programmation\programmes\eclipse\plugins\org.eclipse.justj.openjdk.hotspot.jre.full.win32.x86_64_15.0.1.v20201027-0507\jre\bin\server\jvm.dll
0x00007ff824710000 - 0x00007ff8247bc000 	C:\WINDOWS\System32\ADVAPI32.dll
0x00007ff822a10000 - 0x00007ff822aac000 	C:\WINDOWS\System32\sechost.dll
0x00007ff8234f0000 - 0x00007ff82361b000 	C:\WINDOWS\System32\RPCRT4.dll
0x00007ff823620000 - 0x00007ff823628000 	C:\WINDOWS\System32\PSAPI.DLL
0x00007ff81e260000 - 0x00007ff81e269000 	C:\WINDOWS\SYSTEM32\WSOCK32.dll
0x00007ff811a60000 - 0x00007ff811a87000 	C:\WINDOWS\SYSTEM32\WINMM.dll
0x00007ff81b130000 - 0x00007ff81b13a000 	C:\WINDOWS\SYSTEM32\VERSION.dll
0x00007ff8247c0000 - 0x00007ff82482b000 	C:\WINDOWS\System32\WS2_32.dll
0x00007ff820050000 - 0x00007ff820062000 	C:\WINDOWS\SYSTEM32\kernel.appcore.dll
0x00007ff81dce0000 - 0x00007ff81dcea000 	C:\Users\Kikine\OneDrive\Documents\mes cours de programmation\programmes\eclipse\plugins\org.eclipse.justj.openjdk.hotspot.jre.full.win32.x86_64_15.0.1.v20201027-0507\jre\bin\jimage.dll
0x00007ff80cec0000 - 0x00007ff80d0a4000 	C:\WINDOWS\SYSTEM32\DBGHELP.DLL
0x00007ff80bd20000 - 0x00007ff80bd4c000 	C:\WINDOWS\SYSTEM32\dbgcore.DLL
0x00007ff8223b0000 - 0x00007ff822430000 	C:\WINDOWS\System32\bcryptPrimitives.dll
0x00007ff804fa0000 - 0x00007ff804fd9000 	C:\Users\Kikine\OneDrive\Documents\mes cours de programmation\programmes\eclipse\plugins\org.eclipse.justj.openjdk.hotspot.jre.full.win32.x86_64_15.0.1.v20201027-0507\jre\bin\jdwp.dll
0x00007ff81c620000 - 0x00007ff81c62e000 	C:\Users\Kikine\OneDrive\Documents\mes cours de programmation\programmes\eclipse\plugins\org.eclipse.justj.openjdk.hotspot.jre.full.win32.x86_64_15.0.1.v20201027-0507\jre\bin\instrument.dll
0x00007ff802260000 - 0x00007ff802285000 	C:\Users\Kikine\OneDrive\Documents\mes cours de programmation\programmes\eclipse\plugins\org.eclipse.justj.openjdk.hotspot.jre.full.win32.x86_64_15.0.1.v20201027-0507\jre\bin\java.dll
0x00007ff802bf0000 - 0x00007ff802c08000 	C:\Users\Kikine\OneDrive\Documents\mes cours de programmation\programmes\eclipse\plugins\org.eclipse.justj.openjdk.hotspot.jre.full.win32.x86_64_15.0.1.v20201027-0507\jre\bin\zip.dll
0x00007ff823bf0000 - 0x00007ff824332000 	C:\WINDOWS\System32\SHELL32.dll
0x00007ff820250000 - 0x00007ff8209e0000 	C:\WINDOWS\SYSTEM32\windows.storage.dll
0x00007ff8237d0000 - 0x00007ff823b25000 	C:\WINDOWS\System32\combase.dll
0x00007ff821b60000 - 0x00007ff821b8c000 	C:\WINDOWS\SYSTEM32\Wldp.dll
0x00007ff822c10000 - 0x00007ff822cbe000 	C:\WINDOWS\System32\SHCORE.dll
0x00007ff822ab0000 - 0x00007ff822b05000 	C:\WINDOWS\System32\shlwapi.dll
0x00007ff822030000 - 0x00007ff82204f000 	C:\WINDOWS\SYSTEM32\profapi.dll
0x00007ff81c610000 - 0x00007ff81c61b000 	C:\Users\Kikine\OneDrive\Documents\mes cours de programmation\programmes\eclipse\plugins\org.eclipse.justj.openjdk.hotspot.jre.full.win32.x86_64_15.0.1.v20201027-0507\jre\bin\dt_socket.dll
0x00007ff821580000 - 0x00007ff8215bb000 	C:\WINDOWS\SYSTEM32\IPHLPAPI.DLL
0x00007ff8218e0000 - 0x00007ff82194a000 	C:\WINDOWS\system32\mswsock.dll
0x00007ff8215c0000 - 0x00007ff82168b000 	C:\WINDOWS\SYSTEM32\DNSAPI.dll
0x00007ff823b30000 - 0x00007ff823b38000 	C:\WINDOWS\System32\NSI.dll
0x00007ff819fa0000 - 0x00007ff819faa000 	C:\Windows\System32\rasadhlp.dll
0x00007ff810c80000 - 0x00007ff810cff000 	C:\WINDOWS\System32\fwpuclnt.dll
0x00007ff8220f0000 - 0x00007ff822117000 	C:\WINDOWS\System32\bcrypt.dll
0x00007ff802240000 - 0x00007ff802259000 	C:\Users\Kikine\OneDrive\Documents\mes cours de programmation\programmes\eclipse\plugins\org.eclipse.justj.openjdk.hotspot.jre.full.win32.x86_64_15.0.1.v20201027-0507\jre\bin\net.dll
0x00007ff815c20000 - 0x00007ff815d2c000 	C:\WINDOWS\SYSTEM32\WINHTTP.dll
0x00007ff802220000 - 0x00007ff802232000 	C:\Users\Kikine\OneDrive\Documents\mes cours de programmation\programmes\eclipse\plugins\org.eclipse.justj.openjdk.hotspot.jre.full.win32.x86_64_15.0.1.v20201027-0507\jre\bin\nio.dll
0x00007ff81df50000 - 0x00007ff81df60000 	C:\Users\Kikine\OneDrive\Documents\mes cours de programmation\programmes\eclipse\plugins\org.eclipse.justj.openjdk.hotspot.jre.full.win32.x86_64_15.0.1.v20201027-0507\jre\bin\verify.dll
0x00007ff819400000 - 0x00007ff819417000 	C:\WINDOWS\SYSTEM32\dhcpcsvc6.DLL
0x00007ff8199c0000 - 0x00007ff8199dd000 	C:\WINDOWS\SYSTEM32\dhcpcsvc.DLL
0x00007ff81c5e0000 - 0x00007ff81c5e9000 	C:\Users\Kikine\OneDrive\Documents\mes cours de programmation\programmes\eclipse\plugins\org.eclipse.justj.openjdk.hotspot.jre.full.win32.x86_64_15.0.1.v20201027-0507\jre\bin\management.dll
0x00007ff81bf60000 - 0x00007ff81bf6b000 	C:\Users\Kikine\OneDrive\Documents\mes cours de programmation\programmes\eclipse\plugins\org.eclipse.justj.openjdk.hotspot.jre.full.win32.x86_64_15.0.1.v20201027-0507\jre\bin\management_ext.dll
0x00007ff806290000 - 0x00007ff8062a7000 	C:\WINDOWS\system32\napinsp.dll
0x00007ff805d70000 - 0x00007ff805d8b000 	C:\WINDOWS\system32\pnrpnsp.dll
0x00007ff81cc00000 - 0x00007ff81cc15000 	C:\WINDOWS\system32\wshbth.dll
0x00007ff81de80000 - 0x00007ff81de9d000 	C:\WINDOWS\system32\NLAapi.dll
0x00007ff805d50000 - 0x00007ff805d62000 	C:\WINDOWS\System32\winrnr.dll
0x00007ff821ab0000 - 0x00007ff821ac8000 	C:\WINDOWS\SYSTEM32\CRYPTSP.dll
0x00007ff821210000 - 0x00007ff821244000 	C:\WINDOWS\system32\rsaenh.dll
0x00007ff821fb0000 - 0x00007ff821fde000 	C:\WINDOWS\SYSTEM32\USERENV.dll
0x00007ff821ad0000 - 0x00007ff821adc000 	C:\WINDOWS\SYSTEM32\CRYPTBASE.dll
0x00007ff81b4c0000 - 0x00007ff81b4cd000 	C:\Users\Kikine\OneDrive\Documents\mes cours de programmation\programmes\eclipse\plugins\org.eclipse.justj.openjdk.hotspot.jre.full.win32.x86_64_15.0.1.v20201027-0507\jre\bin\sunmscapi.dll
0x00007ff822700000 - 0x00007ff82285f000 	C:\WINDOWS\System32\CRYPT32.dll
0x00007ff821bd0000 - 0x00007ff821bf7000 	C:\WINDOWS\SYSTEM32\ncrypt.dll
0x00007ff821b90000 - 0x00007ff821bcb000 	C:\WINDOWS\SYSTEM32\NTASN1.dll

dbghelp: loaded successfully - version: 4.0.5 - missing functions: none
symbol engine: initialized successfully - sym options: 0x614 - pdb path: .;C:\Users\Kikine\OneDrive\Documents\mes cours de programmation\programmes\eclipse\plugins\org.eclipse.justj.openjdk.hotspot.jre.full.win32.x86_64_15.0.1.v20201027-0507\jre\bin;C:\WINDOWS\SYSTEM32;C:\WINDOWS\WinSxS\amd64_microsoft.windows.common-controls_6595b64144ccf1df_6.0.19041.844_none_ca00b6081b84eb1d;C:\Users\Kikine\OneDrive\Documents\mes cours de programmation\programmes\eclipse\plugins\org.eclipse.justj.openjdk.hotspot.jre.full.win32.x86_64_15.0.1.v20201027-0507\jre\bin\server

VM Arguments:
jvm_args: -XX:+ShowCodeDetailsInExceptionMessages -agentlib:jdwp=transport=dt_socket,suspend=y,address=localhost:53232 -ea -javaagent:C:\Users\Kikine\OneDrive\Documents\mes cours de programmation\programmes\eclipse\configuration\org.eclipse.osgi\405\0\.cp\lib\javaagent-shaded.jar -Dfile.encoding=UTF-8 
java_command: org.eclipse.jdt.internal.junit.runner.RemoteTestRunner -version 3 -port 53231 -testLoaderClass org.eclipse.jdt.internal.junit5.runner.JUnit5TestLoader -loaderpluginname org.eclipse.jdt.junit5.runtime -classNames com.parkit.parkingsystem.integration.ParkingDataBaseIT
java_class_path (initial): C:\Users\Kikine\eclipse-workspace\MoveIt\target\test-classes;C:\Users\Kikine\eclipse-workspace\MoveIt\target\classes;C:\Users\Kikine\.m2\repository\org\apache\logging\log4j\log4j-api\2.12.1\log4j-api-2.12.1.jar;C:\Users\Kikine\.m2\repository\org\apache\logging\log4j\log4j-core\2.12.1\log4j-core-2.12.1.jar;C:\Users\Kikine\.m2\repository\mysql\mysql-connector-java\8.0.17\mysql-connector-java-8.0.17.jar;C:\Users\Kikine\.m2\repository\com\google\protobuf\protobuf-java\3.6.1\protobuf-java-3.6.1.jar;C:\Users\Kikine\.m2\repository\org\junit\jupiter\junit-jupiter-api\5.3.2\junit-jupiter-api-5.3.2.jar;C:\Users\Kikine\.m2\repository\org\apiguardian\apiguardian-api\1.0.0\apiguardian-api-1.0.0.jar;C:\Users\Kikine\.m2\repository\org\opentest4j\opentest4j\1.1.1\opentest4j-1.1.1.jar;C:\Users\Kikine\.m2\repository\org\junit\platform\junit-platform-commons\1.3.2\junit-platform-commons-1.3.2.jar;C:\Users\Kikine\.m2\repository\org\junit\jupiter\junit-jupiter-engine\5.3.2\junit-jupiter-engine-5.3.2.jar;C:\Users\Kikine\.m2\repository\org\junit\platform\junit-platform-engine\1.3.2\junit-platform-engine-1.3.2.jar;C:\Users\Kikine\.m2\repository\org\mockito\mockito-junit-jupiter\2.23.4\mockito-junit-jupiter-2.23.4.jar;C:\Users\Kikine\.m2\repository\org\mockito\mockito-core\2.23.4\mockito-core-2.23.4.jar;C:\Users\Kikine\.m2\repository\net\bytebuddy\byte-buddy\1.9.3\byte-buddy-1.9.3.jar;C:\Users\Kikine\.m2\repository\net\bytebuddy\byte-buddy-agent\1.9.3\byte-buddy-agent-1.9.3.jar;C:\Users\Kikine\.m2\repository\org\objenesis\objenesis\2.6\objenesis-2.6.jar;C:\Users\Kikine\.m2\repository\org\assertj\assertj-core\3.13.2\assertj-core-3.13.2.jar;C:\Users\Kikine\.m2\repository\org\jacoco\jacoco-maven-plugin\0.8.5\jacoco-maven-plugin-0.8.5.jar;C:\Users\Kikine\.m2\repository\org\apache\maven\maven-plugin-api\3.0\maven-plugin-api-3.0.jar;C:\Users\Kikine\.m2\repository\org\sonatype\sisu\sisu-inject-plexus\1.4.2\sisu-inject-plexus-1.4.2.jar;C:\Users\Kikine\.m2\repository\org
Launcher Type: SUN_STANDARD

[Global flags]
     intx CICompilerCount                          = 12                                        {product} {ergonomic}
     uint ConcGCThreads                            = 3                                         {product} {ergonomic}
     uint G1ConcRefinementThreads                  = 13                                        {product} {ergonomic}
   size_t G1HeapRegionSize                         = 2097152                                   {product} {ergonomic}
    uintx GCDrainStackTargetSize                   = 64                                        {product} {ergonomic}
   size_t InitialHeapSize                          = 266338304                                 {product} {ergonomic}
   size_t MarkStackSize                            = 4194304                                   {product} {ergonomic}
   size_t MaxHeapSize                              = 4248829952                                {product} {ergonomic}
   size_t MaxNewSize                               = 2548039680                                {product} {ergonomic}
   size_t MinHeapDeltaBytes                        = 2097152                                   {product} {ergonomic}
   size_t MinHeapSize                              = 8388608                                   {product} {ergonomic}
    uintx NonNMethodCodeHeapSize                   = 7602480                                {pd product} {ergonomic}
    uintx NonProfiledCodeHeapSize                  = 122027880                              {pd product} {ergonomic}
    uintx ProfiledCodeHeapSize                     = 122027880                              {pd product} {ergonomic}
    uintx ReservedCodeCacheSize                    = 251658240                              {pd product} {ergonomic}
     bool SegmentedCodeCache                       = true                                      {product} {ergonomic}
     bool ShowCodeDetailsInExceptionMessages       = true                                   {manageable} {command line}
   size_t SoftMaxHeapSize                          = 4248829952                             {manageable} {ergonomic}
     bool UseCompressedClassPointers               = true                                 {lp64_product} {ergonomic}
     bool UseCompressedOops                        = true                                 {lp64_product} {ergonomic}
     bool UseG1GC                                  = true                                      {product} {ergonomic}
     bool UseLargePagesIndividualAllocation        = false                                  {pd product} {ergonomic}

Logging:
Log output configuration:
 #0: stdout all=warning uptime,level,tags
 #1: stderr all=off uptime,level,tags

Environment Variables:
JAVA_HOME=C:\Program Files\Java\jdk1.8.0_281
PATH=C:\Users\Kikine\OneDrive\Documents\mes cours de programmation\programmes\eclipse\plugins\org.eclipse.justj.openjdk.hotspot.jre.full.win32.x86_64_15.0.1.v20201027-0507\jre\bin;C:/Users/Kikine/OneDrive/Documents/mes cours de programmation/programmes/eclipse//plugins/org.eclipse.justj.openjdk.hotspot.jre.full.win32.x86_64_15.0.1.v20201027-0507/jre/bin/server;C:/Users/Kikine/OneDrive/Documents/mes cours de programmation/programmes/eclipse//plugins/org.eclipse.justj.openjdk.hotspot.jre.full.win32.x86_64_15.0.1.v20201027-0507/jre/bin;C:\Program Files\Common Files\Oracle\Java\javapath;C:\Program Files (x86)\Common Files\Oracle\Java\javapath;C:\Windows\system32;C:\Windows;C:\Windows\System32\Wbem;C:\Windows\System32\WindowsPowerShell\v1.0\;C:\Windows\System32\OpenSSH\;C:\Program Files (x86)\NVIDIA Corporation\PhysX\Common;C:\Program Files\NVIDIA Corporation\NVIDIA NvDLISR;C:\Program Files\nodejs\;C:\Program Files\Microsoft SQL Server\120\Tools\Binn\;C:\Program Files\Common Files\Autodesk Shared\;C:\WINDOWS\system32;C:\WINDOWS;C:\WINDOWS\System32\Wbem;C:\WINDOWS\System32\WindowsPowerShell\v1.0\;C:\WINDOWS\System32\OpenSSH\;C:\Program Files\Git\cmd;C:\Program Files\dotnet\;C:\Program Files\Microsoft SQL Server\130\Tools\Binn\;C:\Program Files\Microsoft SQL Server\Client SDK\ODBC\170\Tools\Binn\;C:\apache-maven-3.6.3\bin;C:\Program Files\Java\jdk-11.0.10\bin;C:\Program Files\Java\jdk1.8.0_281\bin;C:\Program Files\MySQL\MySQL Shell 8.0\bin\;C:\Users\Kikine\AppData\Local\Microsoft\WindowsApps;C:\Users\Kikine\AppData\Roaming\npm;C:\Users\Kikine\AppData\Local\Programs\Microsoft VS Code\bin;C:\Users\Kikine\.dotnet\tools;;C:\Users\Kikine\OneDrive\Documents\mes cours de programmation\programmes\eclipse;
USERNAME=Kikine
OS=Windows_NT
PROCESSOR_IDENTIFIER=Intel64 Family 6 Model 165 Stepping 2, GenuineIntel



---------------  S Y S T E M  ---------------

OS:
 Windows 10 , 64 bit Build 19041 (10.0.19041.804)
OS uptime: 3 days 5:07 hours

CPU: total 16 (initial active 16) (8 cores per cpu, 2 threads per core) family 6 model 165 stepping 2 microcode 0xe0, cmov, cx8, fxsr, mmx, sse, sse2, sse3, ssse3, sse4.1, sse4.2, popcnt, vzeroupper, avx, avx2, aes, clmul, erms, 3dnowpref, lzcnt, ht, tsc, tscinvbit, bmi1, bmi2, adx, fma, clflush, clflushopt

Memory: 4k page, system-wide physical 16203M (5319M free)
TotalPageFile size 28076M (AvailPageFile size 4171M)
current process WorkingSet (physical memory assigned to process): 193M, peak: 330M
current process commit charge ("private bytes"): 297M, peak: 433M

vm_info: OpenJDK 64-Bit Server VM (15.0.1+9-18) for windows-amd64 JRE (15.0.1+9-18), built on Sep 15 2020 14:39:31 by "mach5one" with unknown MS VC++:1925

END.
