#
# A fatal error has been detected by the Java Runtime Environment:
#
#  EXCEPTION_ACCESS_VIOLATION (0xc0000005) at pc=0x00007ffb27a8fcc5, pid=30616, tid=25760
#
# JRE version: OpenJDK Runtime Environment (15.0.1+9) (build 15.0.1+9-18)
# Java VM: OpenJDK 64-Bit Server VM (15.0.1+9-18, mixed mode, tiered, compressed oops, g1 gc, windows-amd64)
# Problematic frame:
# V  [jvm.dll+0x2ffcc5]
#
# No core dump will be written. Minidumps are not enabled by default on client versions of Windows
#
# If you would like to submit a bug report, please visit:
#   https://bugreport.java.com/bugreport/crash.jsp
#

---------------  S U M M A R Y ------------

Command Line: -XX:+ShowCodeDetailsInExceptionMessages -agentlib:jdwp=transport=dt_socket,suspend=y,address=localhost:49651 -ea -javaagent:C:\Users\Kikine\OneDrive\Documents\mes cours de programmation\programmes\eclipse\configuration\org.eclipse.osgi\405\0\.cp\lib\javaagent-shaded.jar -Dfile.encoding=UTF-8 org.eclipse.jdt.internal.junit.runner.RemoteTestRunner -version 3 -port 49650 -testLoaderClass org.eclipse.jdt.internal.junit5.runner.JUnit5TestLoader -loaderpluginname org.eclipse.jdt.junit5.runtime -classNames com.parkit.parkingsystem.integration.ParkingDataBaseIT

Host: Intel(R) Core(TM) i7-10875H CPU @ 2.30GHz, 16 cores, 15G,  Windows 10 , 64 bit Build 19041 (10.0.19041.804)
Time: Mon Mar 29 09:34:56 2021 Paris, Madrid (heure d’été) elapsed time: 32100.821453 seconds (0d 8h 55m 0s)

---------------  T H R E A D  ---------------

Current thread (0x0000021879cf0e30):  JavaThread "JDWP Transport Listener: dt_socket" daemon [_thread_in_vm, id=25760, stack(0x000000f25b000000,0x000000f25b100000)] _threads_hazard_ptr=0x00000218011f44f0

Stack: [0x000000f25b000000,0x000000f25b100000],  sp=0x000000f25b0fea90,  free space=1018k
Native frames: (J=compiled Java code, j=interpreted, Vv=VM code, C=native code)
V  [jvm.dll+0x2ffcc5]
V  [jvm.dll+0x3021e2]
V  [jvm.dll+0x3028ee]
V  [jvm.dll+0x2fff9f]
V  [jvm.dll+0x2ff24a]
V  [jvm.dll+0x619c80]
V  [jvm.dll+0x619963]
V  [jvm.dll+0x5df038]
V  [jvm.dll+0x7783ef]
V  [jvm.dll+0x4f04b1]
V  [jvm.dll+0x787e95]
V  [jvm.dll+0x4d430a]
V  [jvm.dll+0x49548b]
C  [jdwp.dll+0x796b]


siginfo: EXCEPTION_ACCESS_VIOLATION (0xc0000005), reading address 0x00000000000003d4


Register to memory mapping:

RIP=0x00007ffb27a8fcc5 jvm.dll
RAX=0x00000000000003ce is an unknown value
RBX=0x000000f25b0fed30 is pointing into the stack for thread: 0x0000021879cf0e30
RCX=0x0000000000005d21 is an unknown value
RDX=0x000000000000010c is an unknown value
RSP=0x000000f25b0fea90 is pointing into the stack for thread: 0x0000021879cf0e30
RBP=0x0000000000000001 is an unknown value
RSI=0x0000000000000001 is an unknown value
RDI=0x000002187ab55dc0 is pointing into metadata
R8 =0x0 is NULL
R9 =0x000002187ab55dc0 is pointing into metadata
R10=0x000000f25b0fed30 is pointing into the stack for thread: 0x0000021879cf0e30
R11={method} {0x000002187ab56b48} 'testParkingACar' '()V' in 'com/parkit/parkingsystem/integration/ParkingDataBaseIT'
R12=0x00007ffb27790000 jvm.dll
R13=0x0000021879ad68e0 points into unknown readable memory: 0x0000000000000000 | 00 00 00 00 00 00 00 00
R14=0x000002187ab56b03 is pointing into metadata
R15=0x0000000000000045 is an unknown value


Registers:
RAX=0x00000000000003ce, RBX=0x000000f25b0fed30, RCX=0x0000000000005d21, RDX=0x000000000000010c
RSP=0x000000f25b0fea90, RBP=0x0000000000000001, RSI=0x0000000000000001, RDI=0x000002187ab55dc0
R8 =0x0000000000000000, R9 =0x000002187ab55dc0, R10=0x000000f25b0fed30, R11=0x000002187ab56b40
R12=0x00007ffb27790000, R13=0x0000021879ad68e0, R14=0x000002187ab56b03, R15=0x0000000000000045
RIP=0x00007ffb27a8fcc5, EFLAGS=0x0000000000010206

Top of Stack: (sp=0x000000f25b0fea90)
0x000000f25b0fea90:   000000f25b0feb00 00007ffb27a93873
0x000000f25b0feaa0:   000000f25b0feb00 00007ffb2789201e
0x000000f25b0feab0:   0000000046000028 00007ffb2799bd40
0x000000f25b0feac0:   0000000046000028 00007ffb2799caad
0x000000f25b0fead0:   0000c1e0a07eca20 000000f25b0fed30
0x000000f25b0feae0:   000002187ab56b03 00000000000000b2
0x000000f25b0feaf0:   000000f25b0fed30 00007ffb27a921e2
0x000000f25b0feb00:   000002187ab56b40 000000f25b0feba0
0x000000f25b0feb10:   0000000000000001 000002187ab56af1
0x000000f25b0feb20:   000000f20000002b 0000000000000000
0x000000f25b0feb30:   000002187ab56b40 0000021879cf0e30
0x000000f25b0feb40:   000002187ab56afb 00007ffb000000e6
0x000000f25b0feb50:   000002187ab56b40 000000f25b0fed30
0x000000f25b0feb60:   0000000000000045 00000000000000b2
0x000000f25b0feb70:   000000f25b0fed30 00007ffb27a928ee
0x000000f25b0feb80:   000000f25b0febd0 00000000000000b2 

Instructions: (pc=0x00007ffb27a8fcc5)
0x00007ffb27a8fbc5:   42 8b 1c 81 4e 8d 34 81 8b 75 58 41 81 e0 ff ff
0x00007ffb27a8fbd5:   ff 00 41 81 c8 00 00 00 47 48 8b cd 45 89 06 c7
0x00007ffb27a8fbe5:   45 58 01 00 00 00 e8 80 38 00 00 66 83 7c 24 68
0x00007ffb27a8fbf5:   00 41 89 1e 89 75 58 74 40 8b 4c 24 70 49 ff c7
0x00007ffb27a8fc05:   0f b7 c1 48 83 c7 08 4c 3b f8 0f 8c 4b ff ff ff
0x00007ffb27a8fc15:   83 7d 5c 00 74 23 48 83 3d 6d 32 78 00 00 74 15
0x00007ffb27a8fc25:   80 7d 42 00 74 0f 48 8d 15 86 f2 58 00 48 8b cd
0x00007ffb27a8fc35:   e8 a6 42 00 00 c6 45 42 00 4c 8b 74 24 28 4c 8b
0x00007ffb27a8fc45:   6c 24 30 4c 8b 64 24 38 48 8b 7c 24 40 48 8b 74
0x00007ffb27a8fc55:   24 48 48 8b 5c 24 60 4c 8b 7c 24 20 48 83 c4 50
0x00007ffb27a8fc65:   5d c3 cc cc cc cc cc cc cc cc cc 48 89 5c 24 10
0x00007ffb27a8fc75:   48 89 6c 24 18 56 57 41 56 48 83 ec 50 48 8b 05
0x00007ffb27a8fc85:   8f 01 73 00 48 33 c4 48 89 44 24 40 48 8b 41 08
0x00007ffb27a8fc95:   48 8b d9 41 8b e8 8b f2 45 33 c0 41 8b d1 48 8b
0x00007ffb27a8fca5:   48 08 48 8b 79 08 48 8b cf e8 8d eb f0 ff 8b d0
0x00007ffb27a8fcb5:   48 8b cf e8 43 16 f1 ff 48 63 c8 48 8b 44 cf 48
0x00007ffb27a8fcc5:   0f be 48 06 e8 f2 79 3a 00 8b 0d b0 30 78 00 48
0x00007ffb27a8fcd5:   8d 3d ad 30 78 00 8d 50 f4 83 fa 01 76 27 8d 50
0x00007ffb27a8fce5:   f9 f7 c2 fb ff ff ff 74 13 83 f8 0e 48 8d 15 a0
0x00007ffb27a8fcf5:   30 78 00 4c 8b d7 4c 0f 45 d2 eb 27 4c 8d 15 c0
0x00007ffb27a8fd05:   30 78 00 eb 1e 8b 84 24 90 00 00 00 4c 8d 54 24
0x00007ffb27a8fd15:   30 25 ff ff ff 00 89 4c 24 34 0d 00 00 00 46 89
0x00007ffb27a8fd25:   44 24 30 45 33 c0 85 f6 74 05 49 8b fa eb 29 41
0x00007ffb27a8fd35:   8b 02 85 c0 74 22 49 8b d0 4d 8b c8 42 89 44 0c
0x00007ffb27a8fd45:   20 48 8d 52 01 4c 8d 0c 95 00 00 00 00 41 ff c0
0x00007ffb27a8fd55:   43 8b 04 11 85 c0 75 e4 85 ed 75 10 8b 05 6d cc
0x00007ffb27a8fd65:   6f 00 49 63 d0 41 ff c0 89 44 94 20 49 63 c0 4c
0x00007ffb27a8fd75:   8d 74 24 20 89 4c 84 20 8b 74 24 20 85 f6 74 4c
0x00007ffb27a8fd85:   48 63 53 58 85 d2 7f 18 48 8d 15 ac 07 55 00 48
0x00007ffb27a8fd95:   8b cb e8 14 48 00 00 44 8b 05 ed 2f 78 00 eb 16
0x00007ffb27a8fda5:   48 63 4b 20 8d 42 ff 89 43 58 48 03 ca 48 8b 43
0x00007ffb27a8fdb5:   48 44 8b 44 88 fc 8b d6 48 8b cb e8 5b f0 ff ff 


Stack slot to memory mapping:
stack at sp + 0 slots: 0x000000f25b0feb00 is pointing into the stack for thread: 0x0000021879cf0e30
stack at sp + 1 slots: 0x00007ffb27a93873 jvm.dll
stack at sp + 2 slots: 0x000000f25b0feb00 is pointing into the stack for thread: 0x0000021879cf0e30
stack at sp + 3 slots: 0x00007ffb2789201e jvm.dll
stack at sp + 4 slots: 0x0000000046000028 is an unknown value
stack at sp + 5 slots: 0x00007ffb2799bd40 jvm.dll
stack at sp + 6 slots: 0x0000000046000028 is an unknown value
stack at sp + 7 slots: 0x00007ffb2799caad jvm.dll


---------------  P R O C E S S  ---------------

Threads class SMR info:
_java_thread_list=0x00000218011f44f0, length=16, elements={
0x00000218597f7780, 0x0000021879a3c130, 0x0000021879a3d3b0, 0x0000021879a2a7d0,
0x0000021879a5b410, 0x0000021879a5c570, 0x0000021879a6b800, 0x0000021879a6d8b0,
0x0000021879a87100, 0x0000021879b7d2f0, 0x0000021879cf0e30, 0x0000021879d98810,
0x0000021879d98d00, 0x000002187a413aa0, 0x000002187af097a0, 0x000002187c965980
}

Java Threads: ( => current thread )
  0x00000218597f7780 JavaThread "main" [_thread_blocked, id=21896, stack(0x000000f259d00000,0x000000f259e00000)]
  0x0000021879a3c130 JavaThread "Reference Handler" daemon [_thread_blocked, id=1216, stack(0x000000f25a400000,0x000000f25a500000)]
  0x0000021879a3d3b0 JavaThread "Finalizer" daemon [_thread_blocked, id=33200, stack(0x000000f25a500000,0x000000f25a600000)]
  0x0000021879a2a7d0 JavaThread "Signal Dispatcher" daemon [_thread_blocked, id=30180, stack(0x000000f25a600000,0x000000f25a700000)]
  0x0000021879a5b410 JavaThread "Attach Listener" daemon [_thread_blocked, id=18192, stack(0x000000f25a700000,0x000000f25a800000)]
  0x0000021879a5c570 JavaThread "Service Thread" daemon [_thread_blocked, id=28232, stack(0x000000f25a800000,0x000000f25a900000)]
  0x0000021879a6b800 JavaThread "C2 CompilerThread0" daemon [_thread_blocked, id=15396, stack(0x000000f25a900000,0x000000f25aa00000)]
  0x0000021879a6d8b0 JavaThread "C1 CompilerThread0" daemon [_thread_blocked, id=9928, stack(0x000000f25aa00000,0x000000f25ab00000)]
  0x0000021879a87100 JavaThread "Sweeper thread" daemon [_thread_blocked, id=10220, stack(0x000000f25ab00000,0x000000f25ac00000)]
  0x0000021879b7d2f0 JavaThread "Common-Cleaner" daemon [_thread_blocked, id=7900, stack(0x000000f25ac00000,0x000000f25ad00000)]
=>0x0000021879cf0e30 JavaThread "JDWP Transport Listener: dt_socket" daemon [_thread_in_vm, id=25760, stack(0x000000f25b000000,0x000000f25b100000)]
  0x0000021879d98810 JavaThread "JDWP Event Helper Thread" daemon [_thread_blocked, id=21528, stack(0x000000f25b100000,0x000000f25b200000)]
  0x0000021879d98d00 JavaThread "JDWP Command Reader" daemon [_thread_in_native, id=28768, stack(0x000000f25b200000,0x000000f25b300000)]
  0x000002187a413aa0 JavaThread "Notification Thread" daemon [_thread_blocked, id=29480, stack(0x000000f25b300000,0x000000f25b400000)]
  0x000002187af097a0 JavaThread "ReaderThread" [_thread_in_native, id=24304, stack(0x000000f25b500000,0x000000f25b600000)]
  0x000002187c965980 JavaThread "mysql-cj-abandoned-connection-cleanup" daemon [_thread_blocked, id=10648, stack(0x000000f25bf00000,0x000000f25c000000)]

Other Threads:
  0x0000021879a06080 VMThread "VM Thread" [stack: 0x000000f25a300000,0x000000f25a400000] [id=30776]
  0x00000218597f8840 WatcherThread [stack: 0x000000f25b400000,0x000000f25b500000] [id=8116]
  0x000002185984a290 GCTaskThread "GC Thread#0" [stack: 0x000000f259e00000,0x000000f259f00000] [id=32204]
  0x0000021879cda800 GCTaskThread "GC Thread#1" [stack: 0x000000f25b700000,0x000000f25b800000] [id=11116]
  0x0000021879cdb4c0 GCTaskThread "GC Thread#2" [stack: 0x000000f25b800000,0x000000f25b900000] [id=21920]
  0x0000021879cd9810 GCTaskThread "GC Thread#3" [stack: 0x000000f25b900000,0x000000f25ba00000] [id=23976]
  0x0000021879cd9b40 GCTaskThread "GC Thread#4" [stack: 0x000000f25ba00000,0x000000f25bb00000] [id=20320]
  0x0000021879cda1a0 GCTaskThread "GC Thread#5" [stack: 0x000000f25bb00000,0x000000f25bc00000] [id=3576]
  0x000002185985c960 ConcurrentGCThread "G1 Main Marker" [stack: 0x000000f259f00000,0x000000f25a000000] [id=26828]
  0x000002185985d4e0 ConcurrentGCThread "G1 Conc#0" [stack: 0x000000f25a000000,0x000000f25a100000] [id=25184]
  0x0000021879cdb190 ConcurrentGCThread "G1 Conc#1" [stack: 0x000000f25bd00000,0x000000f25be00000] [id=30504]
  0x0000021879cdbb20 ConcurrentGCThread "G1 Conc#2" [stack: 0x000000f25be00000,0x000000f25bf00000] [id=24760]
  0x00000218598beb00 ConcurrentGCThread "G1 Refine#0" [stack: 0x000000f25a100000,0x000000f25a200000] [id=25084]
  0x000002187902c850 ConcurrentGCThread "G1 Young RemSet Sampling" [stack: 0x000000f25a200000,0x000000f25a300000] [id=21256]

Threads with active compile tasks:

VM state: not at safepoint (normal execution)

VM Mutex/Monitor currently owned by a thread: None

Heap address: 0x0000000702c00000, size: 4052 MB, Compressed Oops mode: Zero based, Oop shift amount: 3
CDS disabled.
Compressed class space mapped at: 0x0000000800000000-0x0000000840000000, size: 1073741824
Narrow klass base: 0x0000000800000000, Narrow klass shift: 0, Narrow klass range: 0x40000000

GC Precious Log:
 CPUs: 16 total, 16 available
 Memory: 16203M
 Large Page Support: Disabled
 NUMA Support: Disabled
 Compressed Oops: Enabled (Zero based)
 Heap Region Size: 2M
 Heap Min Capacity: 8M
 Heap Initial Capacity: 254M
 Heap Max Capacity: 4052M
 Pre-touch: Disabled
 Parallel Workers: 13
 Concurrent Workers: 3
 Concurrent Refinement Workers: 13
 Periodic GC: Disabled

Heap:
 garbage-first heap   total 38912K, used 20708K [0x0000000702c00000, 0x0000000800000000)
  region size 2048K, 10 young (20480K), 2 survivors (4096K)
 Metaspace       used 28092K, capacity 28342K, committed 28544K, reserved 1075200K
  class space    used 3296K, capacity 3398K, committed 3456K, reserved 1048576K

Heap Regions: E=young(eden), S=young(survivor), O=old, HS=humongous(starts), HC=humongous(continues), CS=collection set, F=free, OA=open archive, CA=closed archive, TAMS=top-at-mark-start (previous, next)
|   0|0x0000000702c00000, 0x0000000702e00000, 0x0000000702e00000|100%| O|  |TAMS 0x0000000702e00000, 0x0000000702c00000| Untracked 
|   1|0x0000000702e00000, 0x0000000702ff9a00, 0x0000000703000000| 98%| O|  |TAMS 0x0000000702ff9a00, 0x0000000702e00000| Untracked 
|   2|0x0000000703000000, 0x0000000703200000, 0x0000000703200000|100%| O|  |TAMS 0x0000000703000000, 0x0000000703000000| Untracked 
|   3|0x0000000703200000, 0x0000000703218600, 0x0000000703400000|  4%| O|  |TAMS 0x0000000703200000, 0x0000000703200000| Untracked 
|   4|0x0000000703400000, 0x0000000703400000, 0x0000000703600000|  0%| F|  |TAMS 0x0000000703400000, 0x0000000703400000| Untracked 
|   5|0x0000000703600000, 0x0000000703600000, 0x0000000703800000|  0%| F|  |TAMS 0x0000000703600000, 0x0000000703600000| Untracked 
|   6|0x0000000703800000, 0x0000000703800000, 0x0000000703a00000|  0%| F|  |TAMS 0x0000000703800000, 0x0000000703800000| Untracked 
|   7|0x0000000703a00000, 0x0000000703a00000, 0x0000000703c00000|  0%| F|  |TAMS 0x0000000703a00000, 0x0000000703a00000| Untracked 
|   8|0x0000000703c00000, 0x0000000703c27230, 0x0000000703e00000|  7%| S|CS|TAMS 0x0000000703c00000, 0x0000000703c00000| Complete 
|   9|0x0000000703e00000, 0x0000000704000000, 0x0000000704000000|100%| S|CS|TAMS 0x0000000703e00000, 0x0000000703e00000| Complete 
|  10|0x0000000704000000, 0x0000000704000000, 0x0000000704200000|  0%| F|  |TAMS 0x0000000704000000, 0x0000000704000000| Untracked 
|  11|0x0000000704200000, 0x000000070423f428, 0x0000000704400000| 12%| E|  |TAMS 0x0000000704200000, 0x0000000704200000| Complete 
|  12|0x0000000704400000, 0x0000000704600000, 0x0000000704600000|100%| E|CS|TAMS 0x0000000704400000, 0x0000000704400000| Complete 
|  13|0x0000000704600000, 0x0000000704800000, 0x0000000704800000|100%| E|CS|TAMS 0x0000000704600000, 0x0000000704600000| Complete 
|  14|0x0000000704800000, 0x0000000704a00000, 0x0000000704a00000|100%| E|CS|TAMS 0x0000000704800000, 0x0000000704800000| Complete 
|  15|0x0000000704a00000, 0x0000000704c00000, 0x0000000704c00000|100%| E|CS|TAMS 0x0000000704a00000, 0x0000000704a00000| Complete 
| 108|0x0000000710400000, 0x0000000710600000, 0x0000000710600000|100%| E|CS|TAMS 0x0000000710400000, 0x0000000710400000| Complete 
| 110|0x0000000710800000, 0x0000000710a00000, 0x0000000710a00000|100%| E|CS|TAMS 0x0000000710800000, 0x0000000710800000| Complete 
| 126|0x0000000712800000, 0x0000000712a00000, 0x0000000712a00000|100%| E|  |TAMS 0x0000000712800000, 0x0000000712800000| Complete 

Card table byte_map: [0x000002186d280000,0x000002186da70000] _byte_map_base: 0x0000021869a6a000

Marking Bits (Prev, Next): (CMBitMap*) 0x000002185984ba60, (CMBitMap*) 0x000002185984ba20
 Prev Bits: [0x00000218721b0000, 0x0000021876100000)
 Next Bits: [0x000002186e260000, 0x00000218721b0000)

Polling page: 0x00000218577f0000

Metaspace:

Usage:
  Non-class:     24.36 MB capacity,    24.21 MB (>99%) used,   117.66 KB ( <1%) free+waste,    30.88 KB ( <1%) overhead. 
      Class:      3.32 MB capacity,     3.22 MB ( 97%) used,    89.95 KB (  3%) free+waste,    11.38 KB ( <1%) overhead. 
       Both:     27.68 MB capacity,    27.43 MB (>99%) used,   207.61 KB ( <1%) free+waste,    42.25 KB ( <1%) overhead. 

Virtual space:
  Non-class space:       26.00 MB reserved,      24.50 MB ( 94%) committed 
      Class space:        1.00 GB reserved,       3.38 MB ( <1%) committed 
             Both:        1.03 GB reserved,      27.88 MB (  3%) committed 

Chunk freelists:
   Non-Class:  16.00 KB
       Class:  26.00 KB
        Both:  42.00 KB

MaxMetaspaceSize: 17179869184.00 GB
CompressedClassSpaceSize: 1.00 GB

CodeHeap 'non-profiled nmethods': size=119168Kb used=1818Kb max_used=1818Kb free=117349Kb
 bounds [0x0000021864da0000, 0x0000021865010000, 0x000002186c200000]
CodeHeap 'profiled nmethods': size=119104Kb used=5520Kb max_used=5520Kb free=113584Kb
 bounds [0x000002185d950000, 0x000002185dec0000, 0x0000021864da0000]
CodeHeap 'non-nmethods': size=7488Kb used=1336Kb max_used=3130Kb free=6151Kb
 bounds [0x000002185d200000, 0x000002185d530000, 0x000002185d950000]
 total_blobs=3209 nmethods=2684 adapters=437
 compilation: enabled
              stopped_count=0, restarted_count=0
 full_count=0

Compilation events (20 events):
Event: 426.994 Thread 0x0000021879a6d8b0 2674       3       java.lang.Thread::getContextClassLoader (32 bytes)
Event: 426.994 Thread 0x0000021879a6d8b0 nmethod 2674 0x000002185deaf910 code [0x000002185deafb40, 0x000002185deb0538]
Event: 572.222 Thread 0x0000021879a6d8b0 2675       3       jdk.internal.loader.URLClassPath::findResource (38 bytes)
Event: 572.222 Thread 0x0000021879a6d8b0 nmethod 2675 0x000002185deb0890 code [0x000002185deb0a60, 0x000002185deb0d98]
Event: 637.339 Thread 0x0000021879a6d8b0 2676       1       jdk.internal.loader.URLClassPath$FileLoader$1::getURL (5 bytes)
Event: 637.340 Thread 0x0000021879a6d8b0 nmethod 2676 0x0000021864f60b90 code [0x0000021864f60d20, 0x0000021864f60dd8]
Event: 712.472 Thread 0x0000021879a6b800 2677       4       java.io.File::isInvalid (48 bytes)
Event: 712.475 Thread 0x0000021879a6b800 nmethod 2677 0x0000021864f60e90 code [0x0000021864f61020, 0x0000021864f61398]
Event: 952.873 Thread 0x0000021879a6b800 2678       4       sun.net.www.protocol.file.Handler::parseURL (18 bytes)
Event: 952.880 Thread 0x0000021879a6b800 nmethod 2678 0x0000021864f61610 code [0x0000021864f617c0, 0x0000021864f61e28]
Event: 977.913 Thread 0x0000021879a6b800 2679       4       java.io.WinNTFileSystem::prefixLength (91 bytes)
Event: 977.916 Thread 0x0000021879a6b800 nmethod 2679 0x0000021864f62190 code [0x0000021864f62360, 0x0000021864f62928]
Event: 1248.323 Thread 0x0000021879a6d8b0 2681   !   3       jdk.internal.loader.URLClassPath::check (125 bytes)
Event: 1248.323 Thread 0x0000021879a6d8b0 nmethod 2681 0x000002185deb0f10 code [0x000002185deb11c0, 0x000002185deb21e8]
Event: 1278.361 Thread 0x0000021879a6d8b0 2682   !   3       com.mysql.cj.jdbc.AbandonedConnectionCleanupThread::checkThreadContextClassLoader (20 bytes)
Event: 1278.362 Thread 0x0000021879a6d8b0 nmethod 2682 0x000002185deb2710 code [0x000002185deb29c0, 0x000002185deb3998]
Event: 30331.203 Thread 0x0000021879a6b800 2683       4       java.io.WinNTFileSystem::resolve (275 bytes)
Event: 30331.213 Thread 0x0000021879a6b800 nmethod 2683 0x0000021864f63290 code [0x0000021864f634a0, 0x0000021864f64a48]
Event: 30401.318 Thread 0x0000021879a6b800 2684       4       java.io.File::<init> (111 bytes)
Event: 30401.322 Thread 0x0000021879a6b800 nmethod 2684 0x0000021864f65810 code [0x0000021864f65a00, 0x0000021864f66420]

GC Heap History (12 events):
Event: 0.513 GC heap before
{Heap before GC invocations=0 (full 0):
 garbage-first heap   total 260096K, used 22528K [0x0000000702c00000, 0x0000000800000000)
  region size 2048K, 11 young (22528K), 0 survivors (0K)
 Metaspace       used 12836K, capacity 13077K, committed 13312K, reserved 1060864K
  class space    used 1173K, capacity 1222K, committed 1280K, reserved 1048576K
}
Event: 0.515 GC heap after
{Heap after GC invocations=1 (full 0):
 garbage-first heap   total 260096K, used 4253K [0x0000000702c00000, 0x0000000800000000)
  region size 2048K, 2 young (4096K), 2 survivors (4096K)
 Metaspace       used 12836K, capacity 13077K, committed 13312K, reserved 1060864K
  class space    used 1173K, capacity 1222K, committed 1280K, reserved 1048576K
}
Event: 0.754 GC heap before
{Heap before GC invocations=1 (full 0):
 garbage-first heap   total 260096K, used 34973K [0x0000000702c00000, 0x0000000800000000)
  region size 2048K, 17 young (34816K), 2 survivors (4096K)
 Metaspace       used 16464K, capacity 16704K, committed 16896K, reserved 1064960K
  class space    used 1656K, capacity 1727K, committed 1792K, reserved 1048576K
}
Event: 0.756 GC heap after
{Heap after GC invocations=2 (full 0):
 garbage-first heap   total 260096K, used 5030K [0x0000000702c00000, 0x0000000800000000)
  region size 2048K, 1 young (2048K), 1 survivors (2048K)
 Metaspace       used 16464K, capacity 16704K, committed 16896K, reserved 1064960K
  class space    used 1656K, capacity 1727K, committed 1792K, reserved 1048576K
}
Event: 0.984 GC heap before
{Heap before GC invocations=2 (full 0):
 garbage-first heap   total 260096K, used 35750K [0x0000000702c00000, 0x0000000800000000)
  region size 2048K, 17 young (34816K), 1 survivors (2048K)
 Metaspace       used 20811K, capacity 21053K, committed 21248K, reserved 1069056K
  class space    used 2208K, capacity 2297K, committed 2304K, reserved 1048576K
}
Event: 0.986 GC heap after
{Heap after GC invocations=3 (full 0):
 garbage-first heap   total 260096K, used 6285K [0x0000000702c00000, 0x0000000800000000)
  region size 2048K, 2 young (4096K), 2 survivors (4096K)
 Metaspace       used 20811K, capacity 21053K, committed 21248K, reserved 1069056K
  class space    used 2208K, capacity 2297K, committed 2304K, reserved 1048576K
}
Event: 1.174 GC heap before
{Heap before GC invocations=4 (full 0):
 garbage-first heap   total 34816K, used 32909K [0x0000000702c00000, 0x0000000800000000)
  region size 2048K, 15 young (30720K), 2 survivors (4096K)
 Metaspace       used 23089K, capacity 23320K, committed 23552K, reserved 1071104K
  class space    used 2696K, capacity 2815K, committed 2816K, reserved 1048576K
}
Event: 1.176 GC heap after
{Heap after GC invocations=5 (full 0):
 garbage-first heap   total 38912K, used 6847K [0x0000000702c00000, 0x0000000800000000)
  region size 2048K, 2 young (4096K), 2 survivors (4096K)
 Metaspace       used 23089K, capacity 23320K, committed 23552K, reserved 1071104K
  class space    used 2696K, capacity 2815K, committed 2816K, reserved 1048576K
}
Event: 1.312 GC heap before
{Heap before GC invocations=5 (full 0):
 garbage-first heap   total 38912K, used 25279K [0x0000000702c00000, 0x0000000800000000)
  region size 2048K, 11 young (22528K), 2 survivors (4096K)
 Metaspace       used 24903K, capacity 25162K, committed 25472K, reserved 1071104K
  class space    used 2976K, capacity 3107K, committed 3200K, reserved 1048576K
}
Event: 1.314 GC heap after
{Heap after GC invocations=6 (full 0):
 garbage-first heap   total 38912K, used 7253K [0x0000000702c00000, 0x0000000800000000)
  region size 2048K, 2 young (4096K), 2 survivors (4096K)
 Metaspace       used 24903K, capacity 25162K, committed 25472K, reserved 1071104K
  class space    used 2976K, capacity 3107K, committed 3200K, reserved 1048576K
}
Event: 1.424 GC heap before
{Heap before GC invocations=6 (full 0):
 garbage-first heap   total 38912K, used 23637K [0x0000000702c00000, 0x0000000800000000)
  region size 2048K, 11 young (22528K), 2 survivors (4096K)
 Metaspace       used 26778K, capacity 27021K, committed 27136K, reserved 1073152K
  class space    used 3146K, capacity 3236K, committed 3328K, reserved 1048576K
}
Event: 1.427 GC heap after
{Heap after GC invocations=7 (full 0):
 garbage-first heap   total 38912K, used 8420K [0x0000000702c00000, 0x0000000800000000)
  region size 2048K, 2 young (4096K), 2 survivors (4096K)
 Metaspace       used 26778K, capacity 27021K, committed 27136K, reserved 1073152K
  class space    used 3146K, capacity 3236K, committed 3328K, reserved 1048576K
}

Deoptimization events (20 events):
Event: 1.452 Thread 0x00000218597f7780 Uncommon trap: trap_request=0xffffff45 fr.pc=0x0000021864e9e9a8 relative=0x0000000000000308
Event: 1.452 Thread 0x00000218597f7780 Uncommon trap: reason=unstable_if action=reinterpret pc=0x0000021864e9e9a8 method=java.lang.String.getChars(II[CI)V @ 23 c2
Event: 1.452 Thread 0x00000218597f7780 DEOPT PACKING pc=0x0000021864e9e9a8 sp=0x000000f259dfcf40
Event: 1.452 Thread 0x00000218597f7780 DEOPT UNPACKING pc=0x000002185d24e42f sp=0x000000f259dfcf20 mode 2
Event: 1.509 Thread 0x00000218597f7780 Uncommon trap: trap_request=0xffffff45 fr.pc=0x0000021864dc18e0 relative=0x00000000000000c0
Event: 1.509 Thread 0x00000218597f7780 Uncommon trap: reason=unstable_if action=reinterpret pc=0x0000021864dc18e0 method=java.lang.CharacterDataLatin1.digit(II)I @ 12 c2
Event: 1.509 Thread 0x00000218597f7780 DEOPT PACKING pc=0x0000021864dc18e0 sp=0x000000f259dfcf10
Event: 1.509 Thread 0x00000218597f7780 DEOPT UNPACKING pc=0x000002185d24e42f sp=0x000000f259dfce98 mode 2
Event: 1.529 Thread 0x00000218597f7780 Uncommon trap: trap_request=0xffffff45 fr.pc=0x0000021864e386e8 relative=0x0000000000000988
Event: 1.529 Thread 0x00000218597f7780 Uncommon trap: reason=unstable_if action=reinterpret pc=0x0000021864e386e8 method=java.lang.StringLatin1.regionMatchesCI([BI[BII)Z @ 72 c2
Event: 1.529 Thread 0x00000218597f7780 DEOPT PACKING pc=0x0000021864e386e8 sp=0x000000f259dfcea0
Event: 1.529 Thread 0x00000218597f7780 DEOPT UNPACKING pc=0x000002185d24e42f sp=0x000000f259dfcde8 mode 2
Event: 1.532 Thread 0x00000218597f7780 Uncommon trap: trap_request=0xffffff45 fr.pc=0x0000021864db930c relative=0x000000000000044c
Event: 1.532 Thread 0x00000218597f7780 Uncommon trap: reason=unstable_if action=reinterpret pc=0x0000021864db930c method=java.lang.StringLatin1.canEncode(I)Z @ 4 c2
Event: 1.532 Thread 0x00000218597f7780 DEOPT PACKING pc=0x0000021864db930c sp=0x000000f259dfd2e0
Event: 1.532 Thread 0x00000218597f7780 DEOPT UNPACKING pc=0x000002185d24e42f sp=0x000000f259dfd228 mode 2
Event: 1.532 Thread 0x00000218597f7780 Uncommon trap: trap_request=0xffffff45 fr.pc=0x0000021864db9d38 relative=0x00000000000003f8
Event: 1.532 Thread 0x00000218597f7780 Uncommon trap: reason=unstable_if action=reinterpret pc=0x0000021864db9d38 method=java.lang.AbstractStringBuilder.isLatin1()Z @ 10 c2
Event: 1.532 Thread 0x00000218597f7780 DEOPT PACKING pc=0x0000021864db9d38 sp=0x000000f259dfd220
Event: 1.532 Thread 0x00000218597f7780 DEOPT UNPACKING pc=0x000002185d24e42f sp=0x000000f259dfd1c0 mode 2

Classes unloaded (0 events):
No events

Classes redefined (20 events):
Event: 970.502 Thread 0x0000021879a06080 redefined class name=com.parkit.parkingsystem.integration.ParkingDataBaseIT, count=4
Event: 1257.725 Thread 0x0000021879a06080 redefined class name=com.parkit.parkingsystem.integration.ParkingDataBaseIT, count=5
Event: 1403.882 Thread 0x0000021879a06080 redefined class name=com.parkit.parkingsystem.integration.ParkingDataBaseIT, count=6
Event: 1446.377 Thread 0x0000021879a06080 redefined class name=com.parkit.parkingsystem.integration.ParkingDataBaseIT, count=7
Event: 1514.908 Thread 0x0000021879a06080 redefined class name=com.parkit.parkingsystem.integration.ParkingDataBaseIT, count=8
Event: 1603.795 Thread 0x0000021879a06080 redefined class name=com.parkit.parkingsystem.integration.ParkingDataBaseIT, count=9
Event: 1677.097 Thread 0x0000021879a06080 redefined class name=com.parkit.parkingsystem.integration.ParkingDataBaseIT, count=10
Event: 29022.270 Thread 0x0000021879a06080 redefined class name=com.parkit.parkingsystem.integration.ParkingDataBaseIT, count=11
Event: 29038.253 Thread 0x0000021879a06080 redefined class name=com.parkit.parkingsystem.integration.ParkingDataBaseIT, count=12
Event: 29061.288 Thread 0x0000021879a06080 redefined class name=com.parkit.parkingsystem.integration.ParkingDataBaseIT, count=13
Event: 29089.315 Thread 0x0000021879a06080 redefined class name=com.parkit.parkingsystem.integration.ParkingDataBaseIT, count=14
Event: 29278.981 Thread 0x0000021879a06080 redefined class name=com.parkit.parkingsystem.integration.ParkingDataBaseIT, count=15
Event: 29304.552 Thread 0x0000021879a06080 redefined class name=com.parkit.parkingsystem.integration.ParkingDataBaseIT, count=16
Event: 29548.816 Thread 0x0000021879a06080 redefined class name=com.parkit.parkingsystem.integration.ParkingDataBaseIT, count=17
Event: 29598.763 Thread 0x0000021879a06080 redefined class name=com.parkit.parkingsystem.integration.ParkingDataBaseIT, count=18
Event: 29637.196 Thread 0x0000021879a06080 redefined class name=com.parkit.parkingsystem.integration.ParkingDataBaseIT, count=19
Event: 29667.899 Thread 0x0000021879a06080 redefined class name=com.parkit.parkingsystem.integration.ParkingDataBaseIT, count=20
Event: 30790.068 Thread 0x0000021879a06080 redefined class name=com.parkit.parkingsystem.integration.ParkingDataBaseIT, count=21
Event: 31304.938 Thread 0x0000021879a06080 redefined class name=com.parkit.parkingsystem.integration.ParkingDataBaseIT, count=22
Event: 31812.020 Thread 0x0000021879a06080 redefined class name=com.parkit.parkingsystem.integration.ParkingDataBaseIT, count=23

Internal exceptions (20 events):
Event: 0.480 Thread 0x00000218597f7780 Exception <a 'java/lang/NoSuchMethodError'{0x00000007117ec420}: 'int java.lang.invoke.DirectMethodHandle$Holder.invokeStaticInit(java.lang.Object, java.lang.Object)'> (0x00000007117ec420) 
thrown [./open/src/hotspot/share/interpreter/linkResolver.cpp, line 782]
Event: 0.489 Thread 0x00000218597f7780 Exception <a 'java/lang/NoSuchMethodError'{0x0000000711498c50}: 'java.lang.Object java.lang.invoke.DirectMethodHandle$Holder.newInvokeSpecial(java.lang.Object, java.lang.Object, java.lang.Object, java.lang.Object, java.lang.Object)'> (0x0000000711498c50) 
thrown [./open/src/hotspot/share/interpreter/linkResolver.cpp, line 782]
Event: 0.501 Thread 0x00000218597f7780 Exception <a 'java/lang/NoSuchMethodError'{0x00000007115817b8}: 'java.lang.Object java.lang.invoke.DirectMethodHandle$Holder.invokeSpecialIFC(java.lang.Object, java.lang.Object, java.lang.Object, java.lang.Object)'> (0x00000007115817b8) 
thrown [./open/src/hotspot/share/interpreter/linkResolver.cpp, line 782]
Event: 0.525 Thread 0x00000218597f7780 Exception <a 'java/lang/NoSuchMethodError'{0x000000071293abe0}: 'int java.lang.invoke.DirectMethodHandle$Holder.invokeVirtual(java.lang.Object, java.lang.Object, java.lang.Object)'> (0x000000071293abe0) 
thrown [./open/src/hotspot/share/interpreter/linkResolver.cpp, line 782]
Event: 0.526 Thread 0x00000218597f7780 Exception <a 'java/lang/NoSuchMethodError'{0x000000071295d660}: 'void java.lang.invoke.DirectMethodHandle$Holder.invokeInterface(java.lang.Object, java.lang.Object)'> (0x000000071295d660) 
thrown [./open/src/hotspot/share/interpreter/linkResolver.cpp, line 782]
Event: 0.526 Thread 0x00000218597f7780 Exception <a 'java/lang/IncompatibleClassChangeError'{0x0000000712960b18}: Found class java.lang.Object, but interface was expected> (0x0000000712960b18) 
thrown [./open/src/hotspot/share/interpreter/linkResolver.cpp, line 848]
Event: 0.528 Thread 0x00000218597f7780 Exception <a 'java/lang/NoSuchMethodError'{0x0000000712973e30}: 'void java.lang.invoke.DirectMethodHandle$Holder.invokeStatic(java.lang.Object, java.lang.Object, java.lang.Object, java.lang.Object)'> (0x0000000712973e30) 
thrown [./open/src/hotspot/share/interpreter/linkResolver.cpp, line 782]
Event: 0.540 Thread 0x00000218597f7780 Exception <a 'java/lang/NoSuchMethodError'{0x00000007127036d0}: 'void java.lang.invoke.DirectMethodHandle$Holder.invokeInterface(java.lang.Object, java.lang.Object, java.lang.Object, java.lang.Object)'> (0x00000007127036d0) 
thrown [./open/src/hotspot/share/interpreter/linkResolver.cpp, line 782]
Event: 0.540 Thread 0x00000218597f7780 Exception <a 'java/lang/IncompatibleClassChangeError'{0x0000000712706d30}: Found class java.lang.Object, but interface was expected> (0x0000000712706d30) 
thrown [./open/src/hotspot/share/interpreter/linkResolver.cpp, line 848]
Event: 0.545 Thread 0x00000218597f7780 Exception <a 'java/lang/NoSuchMethodError'{0x00000007127bd8e8}: 'int java.lang.invoke.DirectMethodHandle$Holder.invokeStatic(java.lang.Object, java.lang.Object, java.lang.Object, java.lang.Object)'> (0x00000007127bd8e8) 
thrown [./open/src/hotspot/share/interpreter/linkResolver.cpp, line 782]
Event: 0.546 Thread 0x00000218597f7780 Exception <a 'java/lang/NoSuchMethodError'{0x00000007127c1440}: 'java.lang.Object java.lang.invoke.Invokers$Holder.invokeExact_MT(java.lang.Object, java.lang.Object, java.lang.Object, java.lang.Object, java.lang.Object, java.lang.Object)'> (0x00000007127c1440) 
thrown [./open/src/hotspot/share/interpreter/linkResolver.cpp, line 782]
Event: 0.556 Thread 0x00000218597f7780 Exception <a 'java/lang/NoSuchMethodError'{0x00000007125188a8}: 'int java.lang.invoke.DirectMethodHandle$Holder.invokeStatic(java.lang.Object, java.lang.Object, java.lang.Object, java.lang.Object, java.lang.Object)'> (0x00000007125188a8) 
thrown [./open/src/hotspot/share/interpreter/linkResolver.cpp, line 782]
Event: 0.583 Thread 0x00000218597f7780 Exception <a 'java/lang/NoSuchMethodError'{0x00000007123c40d8}: 'void java.lang.invoke.DirectMethodHandle$Holder.invokeInterface(java.lang.Object, java.lang.Object, java.lang.Object)'> (0x00000007123c40d8) 
thrown [./open/src/hotspot/share/interpreter/linkResolver.cpp, line 782]
Event: 0.693 Thread 0x00000218597f7780 Exception <a 'java/lang/NoSuchMethodError'{0x00000007115f1580}: 'java.lang.Object java.lang.invoke.DirectMethodHandle$Holder.invokeStaticInit(java.lang.Object, int, int, int, int)'> (0x00000007115f1580) 
thrown [./open/src/hotspot/share/interpreter/linkResolver.cpp, line 782]
Event: 0.722 Thread 0x00000218597f7780 Exception <a 'java/lang/NoSuchMethodError'{0x0000000710ebf780}: 'java.lang.Object java.lang.invoke.DirectMethodHandle$Holder.invokeStaticInit(java.lang.Object, java.lang.Object, int, int, int, int)'> (0x0000000710ebf780) 
thrown [./open/src/hotspot/share/interpreter/linkResolver.cpp, line 782]
Event: 0.867 Thread 0x00000218597f7780 Exception <a 'java/lang/NoSuchMethodError'{0x00000007116010e8}: 'int java.lang.invoke.DirectMethodHandle$Holder.invokeInterface(java.lang.Object, java.lang.Object)'> (0x00000007116010e8) 
thrown [./open/src/hotspot/share/interpreter/linkResolver.cpp, line 782]
Event: 0.867 Thread 0x00000218597f7780 Exception <a 'java/lang/IncompatibleClassChangeError'{0x0000000711604848}: Found class java.lang.Object, but interface was expected> (0x0000000711604848) 
thrown [./open/src/hotspot/share/interpreter/linkResolver.cpp, line 848]
Event: 1.323 Thread 0x00000218597f7780 Exception <a 'java/lang/NoSuchMethodError'{0x000000071289cf10}: 'java.lang.Object java.lang.invoke.DirectMethodHandle$Holder.invokeVirtual(java.lang.Object, java.lang.Object, java.lang.Object)'> (0x000000071289cf10) 
thrown [./open/src/hotspot/share/interpreter/linkResolver.cpp, line 782]
Event: 1.328 Thread 0x00000218597f7780 Implicit null exception at 0x0000021864e2736e to 0x0000021864e27490
Event: 1.554 Thread 0x00000218597f7780 Exception <a 'java/lang/NoSuchMethodError'{0x00000007046cf3d0}: 'int java.lang.invoke.DirectMethodHandle$Holder.invokeStaticInit(java.lang.Object, java.lang.Object, java.lang.Object, java.lang.Object)'> (0x00000007046cf3d0) 
thrown [./open/src/hotspot/share/interpreter/linkResolver.cpp, line 782]

Events (20 events):
Event: 32100.750 Executing VM operation: get/set locals
Event: 32100.750 Executing VM operation: get/set locals done
Event: 32100.759 Executing VM operation: GetFrameLocation
Event: 32100.759 Executing VM operation: GetFrameLocation done
Event: 32100.759 Executing VM operation: get/set locals
Event: 32100.759 Executing VM operation: get/set locals done
Event: 32100.771 Executing VM operation: GetFrameLocation
Event: 32100.771 Executing VM operation: GetFrameLocation done
Event: 32100.771 Executing VM operation: get/set locals
Event: 32100.771 Executing VM operation: get/set locals done
Event: 32100.777 Executing VM operation: GetFrameLocation
Event: 32100.778 Executing VM operation: GetFrameLocation done
Event: 32100.778 Executing VM operation: get/set locals
Event: 32100.778 Executing VM operation: get/set locals done
Event: 32100.785 Executing VM operation: GetFrameLocation
Event: 32100.785 Executing VM operation: GetFrameLocation done
Event: 32100.785 Executing VM operation: get/set locals
Event: 32100.785 Executing VM operation: get/set locals done
Event: 32100.813 Executing VM operation: GetFrameLocation
Event: 32100.813 Executing VM operation: GetFrameLocation done


Dynamic libraries:
0x00007ff7ffd50000 - 0x00007ff7ffd5d000 	C:\Users\Kikine\OneDrive\Documents\mes cours de programmation\programmes\eclipse\plugins\org.eclipse.justj.openjdk.hotspot.jre.full.win32.x86_64_15.0.1.v20201027-0507\jre\bin\javaw.exe
0x00007ffbcb850000 - 0x00007ffbcba45000 	C:\WINDOWS\SYSTEM32\ntdll.dll
0x00007ffbc98c0000 - 0x00007ffbc997d000 	C:\WINDOWS\System32\KERNEL32.DLL
0x00007ffbc9290000 - 0x00007ffbc9559000 	C:\WINDOWS\System32\KERNELBASE.dll
0x00007ffbc8fe0000 - 0x00007ffbc90e0000 	C:\WINDOWS\System32\ucrtbase.dll
0x00007ffba3a20000 - 0x00007ffba3a38000 	C:\Users\Kikine\OneDrive\Documents\mes cours de programmation\programmes\eclipse\plugins\org.eclipse.justj.openjdk.hotspot.jre.full.win32.x86_64_15.0.1.v20201027-0507\jre\bin\jli.dll
0x00007ffba39c0000 - 0x00007ffba39d9000 	C:\Users\Kikine\OneDrive\Documents\mes cours de programmation\programmes\eclipse\plugins\org.eclipse.justj.openjdk.hotspot.jre.full.win32.x86_64_15.0.1.v20201027-0507\jre\bin\VCRUNTIME140.dll
0x00007ffbcb1f0000 - 0x00007ffbcb390000 	C:\WINDOWS\System32\USER32.dll
0x00007ffbc9880000 - 0x00007ffbc98a2000 	C:\WINDOWS\System32\win32u.dll
0x00007ffbb84c0000 - 0x00007ffbb875a000 	C:\WINDOWS\WinSxS\amd64_microsoft.windows.common-controls_6595b64144ccf1df_6.0.19041.844_none_ca00b6081b84eb1d\COMCTL32.dll
0x00007ffbcb160000 - 0x00007ffbcb18a000 	C:\WINDOWS\System32\GDI32.dll
0x00007ffbcaa40000 - 0x00007ffbcaade000 	C:\WINDOWS\System32\msvcrt.dll
0x00007ffbc9770000 - 0x00007ffbc987b000 	C:\WINDOWS\System32\gdi32full.dll
0x00007ffbc9140000 - 0x00007ffbc91dd000 	C:\WINDOWS\System32\msvcp_win.dll
0x00007ffbcaf30000 - 0x00007ffbcaf60000 	C:\WINDOWS\System32\IMM32.DLL
0x00007ffbb1cd0000 - 0x00007ffbb1cdc000 	C:\Users\Kikine\OneDrive\Documents\mes cours de programmation\programmes\eclipse\plugins\org.eclipse.justj.openjdk.hotspot.jre.full.win32.x86_64_15.0.1.v20201027-0507\jre\bin\vcruntime140_1.dll
0x00007ffb5ea70000 - 0x00007ffb5eb01000 	C:\Users\Kikine\OneDrive\Documents\mes cours de programmation\programmes\eclipse\plugins\org.eclipse.justj.openjdk.hotspot.jre.full.win32.x86_64_15.0.1.v20201027-0507\jre\bin\msvcp140.dll
0x00007ffb27790000 - 0x00007ffb282ee000 	C:\Users\Kikine\OneDrive\Documents\mes cours de programmation\programmes\eclipse\plugins\org.eclipse.justj.openjdk.hotspot.jre.full.win32.x86_64_15.0.1.v20201027-0507\jre\bin\server\jvm.dll
0x00007ffbc9ac0000 - 0x00007ffbc9b6c000 	C:\WINDOWS\System32\ADVAPI32.dll
0x00007ffbcb0c0000 - 0x00007ffbcb15c000 	C:\WINDOWS\System32\sechost.dll
0x00007ffbcaf90000 - 0x00007ffbcb0bb000 	C:\WINDOWS\System32\RPCRT4.dll
0x00007ffbc98b0000 - 0x00007ffbc98b8000 	C:\WINDOWS\System32\PSAPI.DLL
0x00007ffbb8910000 - 0x00007ffbb8937000 	C:\WINDOWS\SYSTEM32\WINMM.dll
0x00007ffbc4df0000 - 0x00007ffbc4df9000 	C:\WINDOWS\SYSTEM32\WSOCK32.dll
0x00007ffbc24a0000 - 0x00007ffbc24aa000 	C:\WINDOWS\SYSTEM32\VERSION.dll
0x00007ffbca9d0000 - 0x00007ffbcaa3b000 	C:\WINDOWS\System32\WS2_32.dll
0x00007ffbc6ef0000 - 0x00007ffbc6f02000 	C:\WINDOWS\SYSTEM32\kernel.appcore.dll
0x00007ffbc4e50000 - 0x00007ffbc4e5a000 	C:\Users\Kikine\OneDrive\Documents\mes cours de programmation\programmes\eclipse\plugins\org.eclipse.justj.openjdk.hotspot.jre.full.win32.x86_64_15.0.1.v20201027-0507\jre\bin\jimage.dll
0x00007ffbb29b0000 - 0x00007ffbb2b94000 	C:\WINDOWS\SYSTEM32\DBGHELP.DLL
0x00007ffbb2400000 - 0x00007ffbb242c000 	C:\WINDOWS\SYSTEM32\dbgcore.DLL
0x00007ffbc9590000 - 0x00007ffbc9610000 	C:\WINDOWS\System32\bcryptPrimitives.dll
0x00007ffb981b0000 - 0x00007ffb981e9000 	C:\Users\Kikine\OneDrive\Documents\mes cours de programmation\programmes\eclipse\plugins\org.eclipse.justj.openjdk.hotspot.jre.full.win32.x86_64_15.0.1.v20201027-0507\jre\bin\jdwp.dll
0x00007ffbc35e0000 - 0x00007ffbc35ee000 	C:\Users\Kikine\OneDrive\Documents\mes cours de programmation\programmes\eclipse\plugins\org.eclipse.justj.openjdk.hotspot.jre.full.win32.x86_64_15.0.1.v20201027-0507\jre\bin\instrument.dll
0x00007ffbb78a0000 - 0x00007ffbb78c5000 	C:\Users\Kikine\OneDrive\Documents\mes cours de programmation\programmes\eclipse\plugins\org.eclipse.justj.openjdk.hotspot.jre.full.win32.x86_64_15.0.1.v20201027-0507\jre\bin\java.dll
0x00007ffbc3530000 - 0x00007ffbc3548000 	C:\Users\Kikine\OneDrive\Documents\mes cours de programmation\programmes\eclipse\plugins\org.eclipse.justj.openjdk.hotspot.jre.full.win32.x86_64_15.0.1.v20201027-0507\jre\bin\zip.dll
0x00007ffbc9ca0000 - 0x00007ffbca3e2000 	C:\WINDOWS\System32\SHELL32.dll
0x00007ffbc70f0000 - 0x00007ffbc7880000 	C:\WINDOWS\SYSTEM32\windows.storage.dll
0x00007ffbcb390000 - 0x00007ffbcb6e5000 	C:\WINDOWS\System32\combase.dll
0x00007ffbc8a00000 - 0x00007ffbc8a2c000 	C:\WINDOWS\SYSTEM32\Wldp.dll
0x00007ffbca860000 - 0x00007ffbca90e000 	C:\WINDOWS\System32\SHCORE.dll
0x00007ffbc9a60000 - 0x00007ffbc9ab5000 	C:\WINDOWS\System32\shlwapi.dll
0x00007ffbc8ed0000 - 0x00007ffbc8eef000 	C:\WINDOWS\SYSTEM32\profapi.dll
0x00007ffbc2df0000 - 0x00007ffbc2dfb000 	C:\Users\Kikine\OneDrive\Documents\mes cours de programmation\programmes\eclipse\plugins\org.eclipse.justj.openjdk.hotspot.jre.full.win32.x86_64_15.0.1.v20201027-0507\jre\bin\dt_socket.dll
0x00007ffbc8420000 - 0x00007ffbc845b000 	C:\WINDOWS\SYSTEM32\IPHLPAPI.DLL
0x00007ffbc8780000 - 0x00007ffbc87ea000 	C:\WINDOWS\system32\mswsock.dll
0x00007ffbc8460000 - 0x00007ffbc852b000 	C:\WINDOWS\SYSTEM32\DNSAPI.dll
0x00007ffbca9c0000 - 0x00007ffbca9c8000 	C:\WINDOWS\System32\NSI.dll
0x00007ffbc0df0000 - 0x00007ffbc0dfa000 	C:\Windows\System32\rasadhlp.dll
0x00007ffbb79f0000 - 0x00007ffbb7a6f000 	C:\WINDOWS\System32\fwpuclnt.dll
0x00007ffbc9560000 - 0x00007ffbc9587000 	C:\WINDOWS\System32\bcrypt.dll
0x00007ffbb7320000 - 0x00007ffbb7339000 	C:\Users\Kikine\OneDrive\Documents\mes cours de programmation\programmes\eclipse\plugins\org.eclipse.justj.openjdk.hotspot.jre.full.win32.x86_64_15.0.1.v20201027-0507\jre\bin\net.dll
0x00007ffbb8ec0000 - 0x00007ffbb8fcc000 	C:\WINDOWS\SYSTEM32\WINHTTP.dll
0x00007ffbb7300000 - 0x00007ffbb7312000 	C:\Users\Kikine\OneDrive\Documents\mes cours de programmation\programmes\eclipse\plugins\org.eclipse.justj.openjdk.hotspot.jre.full.win32.x86_64_15.0.1.v20201027-0507\jre\bin\nio.dll
0x00007ffbc2dc0000 - 0x00007ffbc2dd0000 	C:\Users\Kikine\OneDrive\Documents\mes cours de programmation\programmes\eclipse\plugins\org.eclipse.justj.openjdk.hotspot.jre.full.win32.x86_64_15.0.1.v20201027-0507\jre\bin\verify.dll
0x00007ffbc0ae0000 - 0x00007ffbc0af7000 	C:\WINDOWS\SYSTEM32\dhcpcsvc6.DLL
0x00007ffbc0e10000 - 0x00007ffbc0e2d000 	C:\WINDOWS\SYSTEM32\dhcpcsvc.DLL
0x00007ffbb7590000 - 0x00007ffbb7599000 	C:\Users\Kikine\OneDrive\Documents\mes cours de programmation\programmes\eclipse\plugins\org.eclipse.justj.openjdk.hotspot.jre.full.win32.x86_64_15.0.1.v20201027-0507\jre\bin\management.dll
0x00007ffbb7540000 - 0x00007ffbb754b000 	C:\Users\Kikine\OneDrive\Documents\mes cours de programmation\programmes\eclipse\plugins\org.eclipse.justj.openjdk.hotspot.jre.full.win32.x86_64_15.0.1.v20201027-0507\jre\bin\management_ext.dll
0x00007ffb8e980000 - 0x00007ffb8e997000 	C:\WINDOWS\system32\napinsp.dll
0x00007ffb8b2b0000 - 0x00007ffb8b2cb000 	C:\WINDOWS\system32\pnrpnsp.dll
0x00007ffbc3b30000 - 0x00007ffbc3b45000 	C:\WINDOWS\system32\wshbth.dll
0x00007ffbc4d20000 - 0x00007ffbc4d3d000 	C:\WINDOWS\system32\NLAapi.dll
0x00007ffb8acd0000 - 0x00007ffb8ace2000 	C:\WINDOWS\System32\winrnr.dll
0x00007ffbc8950000 - 0x00007ffbc8968000 	C:\WINDOWS\SYSTEM32\CRYPTSP.dll
0x00007ffbc80b0000 - 0x00007ffbc80e4000 	C:\WINDOWS\system32\rsaenh.dll
0x00007ffbc8e50000 - 0x00007ffbc8e7e000 	C:\WINDOWS\SYSTEM32\USERENV.dll
0x00007ffbc8970000 - 0x00007ffbc897c000 	C:\WINDOWS\SYSTEM32\CRYPTBASE.dll

dbghelp: loaded successfully - version: 4.0.5 - missing functions: none
symbol engine: initialized successfully - sym options: 0x614 - pdb path: .;C:\Users\Kikine\OneDrive\Documents\mes cours de programmation\programmes\eclipse\plugins\org.eclipse.justj.openjdk.hotspot.jre.full.win32.x86_64_15.0.1.v20201027-0507\jre\bin;C:\WINDOWS\SYSTEM32;C:\WINDOWS\WinSxS\amd64_microsoft.windows.common-controls_6595b64144ccf1df_6.0.19041.844_none_ca00b6081b84eb1d;C:\Users\Kikine\OneDrive\Documents\mes cours de programmation\programmes\eclipse\plugins\org.eclipse.justj.openjdk.hotspot.jre.full.win32.x86_64_15.0.1.v20201027-0507\jre\bin\server

VM Arguments:
jvm_args: -XX:+ShowCodeDetailsInExceptionMessages -agentlib:jdwp=transport=dt_socket,suspend=y,address=localhost:49651 -ea -javaagent:C:\Users\Kikine\OneDrive\Documents\mes cours de programmation\programmes\eclipse\configuration\org.eclipse.osgi\405\0\.cp\lib\javaagent-shaded.jar -Dfile.encoding=UTF-8 
java_command: org.eclipse.jdt.internal.junit.runner.RemoteTestRunner -version 3 -port 49650 -testLoaderClass org.eclipse.jdt.internal.junit5.runner.JUnit5TestLoader -loaderpluginname org.eclipse.jdt.junit5.runtime -classNames com.parkit.parkingsystem.integration.ParkingDataBaseIT
java_class_path (initial): C:\Users\Kikine\eclipse-workspace\MoveIt\target\test-classes;C:\Users\Kikine\eclipse-workspace\MoveIt\target\classes;C:\Users\Kikine\.m2\repository\org\apache\logging\log4j\log4j-api\2.12.1\log4j-api-2.12.1.jar;C:\Users\Kikine\.m2\repository\org\apache\logging\log4j\log4j-core\2.12.1\log4j-core-2.12.1.jar;C:\Users\Kikine\.m2\repository\mysql\mysql-connector-java\8.0.17\mysql-connector-java-8.0.17.jar;C:\Users\Kikine\.m2\repository\com\google\protobuf\protobuf-java\3.6.1\protobuf-java-3.6.1.jar;C:\Users\Kikine\.m2\repository\org\junit\jupiter\junit-jupiter-api\5.3.2\junit-jupiter-api-5.3.2.jar;C:\Users\Kikine\.m2\repository\org\apiguardian\apiguardian-api\1.0.0\apiguardian-api-1.0.0.jar;C:\Users\Kikine\.m2\repository\org\opentest4j\opentest4j\1.1.1\opentest4j-1.1.1.jar;C:\Users\Kikine\.m2\repository\org\junit\platform\junit-platform-commons\1.3.2\junit-platform-commons-1.3.2.jar;C:\Users\Kikine\.m2\repository\org\junit\jupiter\junit-jupiter-engine\5.3.2\junit-jupiter-engine-5.3.2.jar;C:\Users\Kikine\.m2\repository\org\junit\platform\junit-platform-engine\1.3.2\junit-platform-engine-1.3.2.jar;C:\Users\Kikine\.m2\repository\org\mockito\mockito-junit-jupiter\2.23.4\mockito-junit-jupiter-2.23.4.jar;C:\Users\Kikine\.m2\repository\org\mockito\mockito-core\2.23.4\mockito-core-2.23.4.jar;C:\Users\Kikine\.m2\repository\net\bytebuddy\byte-buddy\1.9.3\byte-buddy-1.9.3.jar;C:\Users\Kikine\.m2\repository\net\bytebuddy\byte-buddy-agent\1.9.3\byte-buddy-agent-1.9.3.jar;C:\Users\Kikine\.m2\repository\org\objenesis\objenesis\2.6\objenesis-2.6.jar;C:\Users\Kikine\.m2\repository\org\jacoco\jacoco-maven-plugin\0.8.5\jacoco-maven-plugin-0.8.5.jar;C:\Users\Kikine\.m2\repository\org\apache\maven\maven-plugin-api\3.0\maven-plugin-api-3.0.jar;C:\Users\Kikine\.m2\repository\org\sonatype\sisu\sisu-inject-plexus\1.4.2\sisu-inject-plexus-1.4.2.jar;C:\Users\Kikine\.m2\repository\org\sonatype\sisu\sisu-inject-bean\1.4.2\sisu-inject-bean-1.4.2.jar;C:\Users\Kikine\.m2\re
Launcher Type: SUN_STANDARD

[Global flags]
     intx CICompilerCount                          = 12                                        {product} {ergonomic}
     uint ConcGCThreads                            = 3                                         {product} {ergonomic}
     uint G1ConcRefinementThreads                  = 13                                        {product} {ergonomic}
   size_t G1HeapRegionSize                         = 2097152                                   {product} {ergonomic}
    uintx GCDrainStackTargetSize                   = 64                                        {product} {ergonomic}
   size_t InitialHeapSize                          = 266338304                                 {product} {ergonomic}
   size_t MarkStackSize                            = 4194304                                   {product} {ergonomic}
   size_t MaxHeapSize                              = 4248829952                                {product} {ergonomic}
   size_t MaxNewSize                               = 2548039680                                {product} {ergonomic}
   size_t MinHeapDeltaBytes                        = 2097152                                   {product} {ergonomic}
   size_t MinHeapSize                              = 8388608                                   {product} {ergonomic}
    uintx NonNMethodCodeHeapSize                   = 7602480                                {pd product} {ergonomic}
    uintx NonProfiledCodeHeapSize                  = 122027880                              {pd product} {ergonomic}
    uintx ProfiledCodeHeapSize                     = 122027880                              {pd product} {ergonomic}
    uintx ReservedCodeCacheSize                    = 251658240                              {pd product} {ergonomic}
     bool SegmentedCodeCache                       = true                                      {product} {ergonomic}
     bool ShowCodeDetailsInExceptionMessages       = true                                   {manageable} {command line}
   size_t SoftMaxHeapSize                          = 4248829952                             {manageable} {ergonomic}
     bool UseCompressedClassPointers               = true                                 {lp64_product} {ergonomic}
     bool UseCompressedOops                        = true                                 {lp64_product} {ergonomic}
     bool UseG1GC                                  = true                                      {product} {ergonomic}
     bool UseLargePagesIndividualAllocation        = false                                  {pd product} {ergonomic}

Logging:
Log output configuration:
 #0: stdout all=warning uptime,level,tags
 #1: stderr all=off uptime,level,tags

Environment Variables:
JAVA_HOME=C:\Program Files\Java\jdk1.8.0_281
PATH=C:\Users\Kikine\OneDrive\Documents\mes cours de programmation\programmes\eclipse\plugins\org.eclipse.justj.openjdk.hotspot.jre.full.win32.x86_64_15.0.1.v20201027-0507\jre\bin;C:/Users/Kikine/OneDrive/Documents/mes cours de programmation/programmes/eclipse//plugins/org.eclipse.justj.openjdk.hotspot.jre.full.win32.x86_64_15.0.1.v20201027-0507/jre/bin/server;C:/Users/Kikine/OneDrive/Documents/mes cours de programmation/programmes/eclipse//plugins/org.eclipse.justj.openjdk.hotspot.jre.full.win32.x86_64_15.0.1.v20201027-0507/jre/bin;C:\Program Files\Common Files\Oracle\Java\javapath;C:\Program Files (x86)\Common Files\Oracle\Java\javapath;C:\Windows\system32;C:\Windows;C:\Windows\System32\Wbem;C:\Windows\System32\WindowsPowerShell\v1.0\;C:\Windows\System32\OpenSSH\;C:\Program Files (x86)\NVIDIA Corporation\PhysX\Common;C:\Program Files\NVIDIA Corporation\NVIDIA NvDLISR;C:\Program Files\nodejs\;C:\Program Files\Microsoft SQL Server\120\Tools\Binn\;C:\Program Files\Common Files\Autodesk Shared\;C:\WINDOWS\system32;C:\WINDOWS;C:\WINDOWS\System32\Wbem;C:\WINDOWS\System32\WindowsPowerShell\v1.0\;C:\WINDOWS\System32\OpenSSH\;C:\Program Files\Git\cmd;C:\Program Files\dotnet\;C:\Program Files\Microsoft SQL Server\130\Tools\Binn\;C:\Program Files\Microsoft SQL Server\Client SDK\ODBC\170\Tools\Binn\;C:\apache-maven-3.6.3\bin;C:\Program Files\Java\jdk-11.0.10\bin;C:\Program Files\Java\jdk1.8.0_281\bin;C:\Program Files\MySQL\MySQL Shell 8.0\bin\;C:\Users\Kikine\AppData\Local\Microsoft\WindowsApps;C:\Users\Kikine\AppData\Roaming\npm;C:\Users\Kikine\AppData\Local\Programs\Microsoft VS Code\bin;C:\Users\Kikine\.dotnet\tools;;C:\Users\Kikine\OneDrive\Documents\mes cours de programmation\programmes\eclipse;
USERNAME=Kikine
LANG=FR
OS=Windows_NT
PROCESSOR_IDENTIFIER=Intel64 Family 6 Model 165 Stepping 2, GenuineIntel



---------------  S Y S T E M  ---------------

OS:
 Windows 10 , 64 bit Build 19041 (10.0.19041.804)
OS uptime: 2 days 18:08 hours

CPU: total 16 (initial active 16) (8 cores per cpu, 2 threads per core) family 6 model 165 stepping 2 microcode 0xe0, cmov, cx8, fxsr, mmx, sse, sse2, sse3, ssse3, sse4.1, sse4.2, popcnt, vzeroupper, avx, avx2, aes, clmul, erms, 3dnowpref, lzcnt, ht, tsc, tscinvbit, bmi1, bmi2, adx, fma, clflush, clflushopt

Memory: 4k page, system-wide physical 16203M (3917M free)
TotalPageFile size 26443M (AvailPageFile size 7222M)
current process WorkingSet (physical memory assigned to process): 120M, peak: 228M
current process commit charge ("private bytes"): 167M, peak: 410M

vm_info: OpenJDK 64-Bit Server VM (15.0.1+9-18) for windows-amd64 JRE (15.0.1+9-18), built on Sep 15 2020 14:39:31 by "mach5one" with unknown MS VC++:1925

END.
