#
# A fatal error has been detected by the Java Runtime Environment:
#
#  EXCEPTION_ACCESS_VIOLATION (0xc0000005) at pc=0x00007ffba7c7e878, pid=27372, tid=26440
#
# JRE version: OpenJDK Runtime Environment (15.0.1+9) (build 15.0.1+9-18)
# Java VM: OpenJDK 64-Bit Server VM (15.0.1+9-18, mixed mode, tiered, compressed oops, g1 gc, windows-amd64)
# Problematic frame:
# V  [jvm.dll+0x20e878]
#
# No core dump will be written. Minidumps are not enabled by default on client versions of Windows
#
# If you would like to submit a bug report, please visit:
#   https://bugreport.java.com/bugreport/crash.jsp
#

---------------  S U M M A R Y ------------

Command Line: -XX:+ShowCodeDetailsInExceptionMessages -agentlib:jdwp=transport=dt_socket,suspend=y,address=localhost:60437 -ea -javaagent:C:\Users\Kikine\OneDrive\Documents\mes cours de programmation\programmes\eclipse\configuration\org.eclipse.osgi\405\0\.cp\lib\javaagent-shaded.jar -Dfile.encoding=UTF-8 org.eclipse.jdt.internal.junit.runner.RemoteTestRunner -version 3 -port 60436 -testLoaderClass org.eclipse.jdt.internal.junit5.runner.JUnit5TestLoader -loaderpluginname org.eclipse.jdt.junit5.runtime -classNames com.parkit.parkingsytem.dao.TicketDAOTest

Host: Intel(R) Core(TM) i7-10875H CPU @ 2.30GHz, 16 cores, 15G,  Windows 10 , 64 bit Build 19041 (10.0.19041.804)
Time: Thu Apr  8 21:40:17 2021 Paris, Madrid (heure d’été) elapsed time: 111.095995 seconds (0d 0h 1m 51s)

---------------  T H R E A D  ---------------

Current thread (0x000001eaa676cfb0):  JavaThread "JDWP Transport Listener: dt_socket" daemon [_thread_in_vm, id=26440, stack(0x00000096a9900000,0x00000096a9a00000)] _threads_hazard_ptr=0x000001eaa93103d0

Stack: [0x00000096a9900000,0x00000096a9a00000],  sp=0x00000096a99fe5f8,  free space=1017k
Native frames: (J=compiled Java code, j=interpreted, Vv=VM code, C=native code)
V  [jvm.dll+0x20e878]


siginfo: EXCEPTION_ACCESS_VIOLATION (0xc0000005), reading address 0x000001eaa8919840


Register to memory mapping:

RIP=0x00007ffba7c7e878 jvm.dll
RAX=0x0000000000194200 is an unknown value
RBX=0x000001eaa7595c20 is pointing into metadata
RCX=0x000001eaa8785640 is pointing into metadata
RDX=0x000000000000ca0f is an unknown value
RSP=0x00000096a99fe5f8 is pointing into the stack for thread: 0x000001eaa676cfb0
RBP=0x00000096a99fe730 is pointing into the stack for thread: 0x000001eaa676cfb0
RSI=0x0 is NULL
RDI=0x00000096a99fed40 is pointing into the stack for thread: 0x000001eaa676cfb0
R8 =0x0 is NULL
R9 =0x000001eaa7595c20 is pointing into metadata
R10=0x00000096a99fed40 is pointing into the stack for thread: 0x000001eaa676cfb0
R11=0x000001eaaaeed140 points into unknown readable memory: 0x4600000047000000 | 00 00 00 47 00 00 00 46
R12=0x00007ffba7a70000 jvm.dll
R13=0x000001eaaaeed110 points into unknown readable memory: 0x00000000a64bba00 | 00 ba 4b a6 00 00 00 00
R14=0x000001eaa75964c3 is pointing into metadata
R15=0x0000000000000049 is an unknown value


Registers:
RAX=0x0000000000194200, RBX=0x000001eaa7595c20, RCX=0x000001eaa8785640, RDX=0x000000000000ca0f
RSP=0x00000096a99fe5f8, RBP=0x00000096a99fe730, RSI=0x0000000000000000, RDI=0x00000096a99fed40
R8 =0x0000000000000000, R9 =0x000001eaa7595c20, R10=0x00000096a99fed40, R11=0x000001eaaaeed140
R12=0x00007ffba7a70000, R13=0x000001eaaaeed110, R14=0x000001eaa75964c3, R15=0x0000000000000049
RIP=0x00007ffba7c7e878, EFLAGS=0x0000000000010206

Top of Stack: (sp=0x00000096a99fe5f8)
0x00000096a99fe5f8:   00007ffba7c7e8fe 0000000000000001
0x00000096a99fe608:   0000000000000000 000001eaa5b02740
0x00000096a99fe618:   0000000000000000 00000096a99febb0
0x00000096a99fe628:   00007ffba7d70134 0000000000000001
0x00000096a99fe638:   0000000000000000 0000000000000000
0x00000096a99fe648:   0000000000000000 0000000000000000
0x00000096a99fe658:   0000000000000000 000001eaa5b08438
0x00000096a99fe668:   000000000000000e 0000000000000000
0x00000096a99fe678:   00000096a99fe6d0 0000000000000003
0x00000096a99fe688:   000001eaa5b08438 0000000400000003
0x00000096a99fe698:   0000000000000004 000000030000000e
0x00000096a99fe6a8:   000001eaa5b02740 0000000000000000
0x00000096a99fe6b8:   0000000000000000 0000000000000000
0x00000096a99fe6c8:   0000000000000000 2fffffff4fffffff
0x00000096a99fe6d8:   2fffffff2fffffff 0000000000000000
0x00000096a99fe6e8:   0000000000000000 00000096a99fed40 

Instructions: (pc=0x00007ffba7c7e878)
0x00007ffba7c7e778:   03 03 03 03 03 03 03 03 03 03 03 03 03 03 03 03
0x00007ffba7c7e788:   03 03 03 03 03 03 03 03 03 03 03 03 03 03 03 03
0x00007ffba7c7e798:   03 03 03 03 03 03 03 03 03 03 03 03 03 03 03 03
0x00007ffba7c7e7a8:   03 03 03 03 03 03 03 03 03 03 03 03 03 03 03 03
0x00007ffba7c7e7b8:   03 03 03 02 03 03 02 cc 48 89 5c 24 08 48 89 74
0x00007ffba7c7e7c8:   24 10 57 48 83 ec 20 48 63 da 41 0f b6 f0 48 8b
0x00007ffba7c7e7d8:   f9 85 d2 79 24 4c 8d 0d 9c 97 66 00 ba af 02 00
0x00007ffba7c7e7e8:   00 4c 8d 05 c8 97 66 00 48 8d 0d 41 97 66 00 e8
0x00007ffba7c7e7f8:   54 79 00 00 e8 3f c1 41 00 40 84 f6 75 18 48 8b
0x00007ffba7c7e808:   4f 10 48 85 c9 74 0f 48 8d 43 01 48 c1 e0 05 48
0x00007ffba7c7e818:   8b 04 08 0f b7 d8 48 8b 74 24 38 48 63 c3 48 8b
0x00007ffba7c7e828:   5c 24 30 0f b7 44 c7 48 48 83 c4 20 5f c3 cc cc
0x00007ffba7c7e838:   cc cc cc cc cc cc cc cc 4c 8b c9 45 84 c0 75 41
0x00007ffba7c7e848:   48 8b 49 10 48 85 c9 74 38 85 d2 79 19 f7 d2 8b
0x00007ffba7c7e858:   c2 48 ff c0 48 c1 e0 05 48 8b 04 08 0f b7 c8 41
0x00007ffba7c7e868:   0f b7 44 c9 4a c3 48 63 c2 48 ff c0 48 c1 e0 05
0x00007ffba7c7e878:   48 8b 04 08 0f b7 d0 48 63 c2 41 0f b7 44 c1 4a
0x00007ffba7c7e888:   c3 49 8b 41 08 4c 63 c2 42 0f b6 44 00 04 8d 48
0x00007ffba7c7e898:   ef 80 f9 01 76 0e 3c 6a 74 0a 48 63 c2 41 0f b7
0x00007ffba7c7e8a8:   44 c1 4a c3 43 0f b7 44 c1 4a c3 cc cc cc cc cc
0x00007ffba7c7e8b8:   cc cc cc cc cc cc cc cc 40 53 48 83 ec 20 48 8b
0x00007ffba7c7e8c8:   d9 e8 72 ff ff ff 48 63 d0 0f b7 44 d3 48 48 8b
0x00007ffba7c7e8d8:   44 c3 48 48 83 c4 20 5b c3 cc cc cc cc cc cc cc
0x00007ffba7c7e8e8:   cc cc cc cc cc cc cc cc 40 53 48 83 ec 20 48 8b
0x00007ffba7c7e8f8:   d9 e8 42 ff ff ff 48 63 d0 0f b7 44 d3 4a 48 8b
0x00007ffba7c7e908:   44 c3 48 48 83 c4 20 5b c3 cc cc cc cc cc cc cc
0x00007ffba7c7e918:   cc cc cc cc cc cc cc cc 4c 8b d1 45 84 c9 75 28
0x00007ffba7c7e928:   4c 8b 49 10 4d 85 c9 74 1f 45 85 c0 79 08 41 f7
0x00007ffba7c7e938:   d0 41 8b c0 eb 03 49 63 c0 48 ff c0 48 c1 e0 05
0x00007ffba7c7e948:   4a 8b 04 08 44 0f b7 c0 49 8b 42 08 49 63 c8 0f
0x00007ffba7c7e958:   b6 4c 08 04 48 8b c2 88 0a c3 cc cc cc cc cc cc
0x00007ffba7c7e968:   cc cc cc cc cc cc cc cc 40 56 57 41 54 41 56 41 


Stack slot to memory mapping:
stack at sp + 0 slots: 0x00007ffba7c7e8fe jvm.dll
stack at sp + 1 slots: 0x0000000000000001 is an unknown value
stack at sp + 2 slots: 0x0 is NULL
stack at sp + 3 slots: 0x000001eaa5b02740 points into unknown readable memory: 0x616a00106e30ffff | ff ff 30 6e 10 00 6a 61
stack at sp + 4 slots: 0x0 is NULL
stack at sp + 5 slots: 0x00000096a99febb0 is pointing into the stack for thread: 0x000001eaa676cfb0
stack at sp + 6 slots: 0x00007ffba7d70134 jvm.dll
stack at sp + 7 slots: 0x0000000000000001 is an unknown value


---------------  P R O C E S S  ---------------

Threads class SMR info:
_java_thread_list=0x000001eaa93103d0, length=15, elements={
0x000001ea862e78c0, 0x000001eaa5bd9390, 0x000001eaa5bd9e70, 0x000001eaa64a7000,
0x000001eaa64a9cd0, 0x000001eaa64aa590, 0x000001eaa64ab230, 0x000001eaa64b10f0,
0x000001eaa646e5d0, 0x000001eaa6600070, 0x000001eaa676cfb0, 0x000001eaa6ca03f0,
0x000001eaa6708f00, 0x000001eaa6e87c60, 0x000001eaa736b080
}

Java Threads: ( => current thread )
  0x000001ea862e78c0 JavaThread "main" [_thread_blocked, id=26068, stack(0x00000096a8700000,0x00000096a8800000)]
  0x000001eaa5bd9390 JavaThread "Reference Handler" daemon [_thread_blocked, id=30196, stack(0x00000096a8e00000,0x00000096a8f00000)]
  0x000001eaa5bd9e70 JavaThread "Finalizer" daemon [_thread_blocked, id=24836, stack(0x00000096a8f00000,0x00000096a9000000)]
  0x000001eaa64a7000 JavaThread "Signal Dispatcher" daemon [_thread_blocked, id=29188, stack(0x00000096a9000000,0x00000096a9100000)]
  0x000001eaa64a9cd0 JavaThread "Attach Listener" daemon [_thread_blocked, id=30172, stack(0x00000096a9100000,0x00000096a9200000)]
  0x000001eaa64aa590 JavaThread "Service Thread" daemon [_thread_blocked, id=26536, stack(0x00000096a9200000,0x00000096a9300000)]
  0x000001eaa64ab230 JavaThread "C2 CompilerThread0" daemon [_thread_blocked, id=29932, stack(0x00000096a9300000,0x00000096a9400000)]
  0x000001eaa64b10f0 JavaThread "C1 CompilerThread0" daemon [_thread_blocked, id=26320, stack(0x00000096a9400000,0x00000096a9500000)]
  0x000001eaa646e5d0 JavaThread "Sweeper thread" daemon [_thread_blocked, id=1904, stack(0x00000096a9500000,0x00000096a9600000)]
  0x000001eaa6600070 JavaThread "Common-Cleaner" daemon [_thread_blocked, id=19408, stack(0x00000096a9600000,0x00000096a9700000)]
=>0x000001eaa676cfb0 JavaThread "JDWP Transport Listener: dt_socket" daemon [_thread_in_vm, id=26440, stack(0x00000096a9900000,0x00000096a9a00000)]
  0x000001eaa6ca03f0 JavaThread "JDWP Event Helper Thread" daemon [_thread_blocked, id=26304, stack(0x00000096a9a00000,0x00000096a9b00000)]
  0x000001eaa6708f00 JavaThread "JDWP Command Reader" daemon [_thread_in_native, id=30200, stack(0x00000096a9b00000,0x00000096a9c00000)]
  0x000001eaa6e87c60 JavaThread "Notification Thread" daemon [_thread_blocked, id=27956, stack(0x00000096a9c00000,0x00000096a9d00000)]
  0x000001eaa736b080 JavaThread "ReaderThread" [_thread_in_native, id=29152, stack(0x00000096a9e00000,0x00000096a9f00000)]

Other Threads:
  0x000001eaa5bc1750 VMThread "VM Thread" [stack: 0x00000096a8d00000,0x00000096a8e00000] [id=30988]
  0x000001eaa71af700 WatcherThread [stack: 0x00000096a9d00000,0x00000096a9e00000] [id=23396]
  0x000001ea8633b9e0 GCTaskThread "GC Thread#0" [stack: 0x00000096a8800000,0x00000096a8900000] [id=28948]
  0x000001eaa66ff5a0 GCTaskThread "GC Thread#1" [stack: 0x00000096a9f00000,0x00000096aa000000] [id=17648]
  0x000001eaa66fff30 GCTaskThread "GC Thread#2" [stack: 0x00000096aa000000,0x00000096aa100000] [id=19808]
  0x000001eaa66fec10 GCTaskThread "GC Thread#3" [stack: 0x00000096aa100000,0x00000096aa200000] [id=26436]
  0x000001eaa66fe280 GCTaskThread "GC Thread#4" [stack: 0x00000096aa200000,0x00000096aa300000] [id=27388]
  0x000001eaa66ff270 GCTaskThread "GC Thread#5" [stack: 0x00000096aa300000,0x00000096aa400000] [id=31024]
  0x000001ea8634d0a0 ConcurrentGCThread "G1 Main Marker" [stack: 0x00000096a8900000,0x00000096a8a00000] [id=26936]
  0x000001ea8634dc20 ConcurrentGCThread "G1 Conc#0" [stack: 0x00000096a8a00000,0x00000096a8b00000] [id=25340]
  0x000001eaa67008c0 ConcurrentGCThread "G1 Conc#1" [stack: 0x00000096aa900000,0x00000096aaa00000] [id=29856]
  0x000001eaa66ff8d0 ConcurrentGCThread "G1 Conc#2" [stack: 0x00000096aaa00000,0x00000096aab00000] [id=27368]
  0x000001eaa5a6a510 ConcurrentGCThread "G1 Refine#0" [stack: 0x00000096a8b00000,0x00000096a8c00000] [id=24448]
  0x000001eaa5a6aec0 ConcurrentGCThread "G1 Young RemSet Sampling" [stack: 0x00000096a8c00000,0x00000096a8d00000] [id=29976]

Threads with active compile tasks:

VM state: not at safepoint (normal execution)

VM Mutex/Monitor currently owned by a thread: None

Heap address: 0x0000000702c00000, size: 4052 MB, Compressed Oops mode: Zero based, Oop shift amount: 3
CDS disabled.
Compressed class space mapped at: 0x0000000800000000-0x0000000840000000, size: 1073741824
Narrow klass base: 0x0000000800000000, Narrow klass shift: 0, Narrow klass range: 0x40000000

GC Precious Log:
 CPUs: 16 total, 16 available
 Memory: 16203M
 Large Page Support: Disabled
 NUMA Support: Disabled
 Compressed Oops: Enabled (Zero based)
 Heap Region Size: 2M
 Heap Min Capacity: 8M
 Heap Initial Capacity: 254M
 Heap Max Capacity: 4052M
 Pre-touch: Disabled
 Parallel Workers: 13
 Concurrent Workers: 3
 Concurrent Refinement Workers: 13
 Periodic GC: Disabled

Heap:
 garbage-first heap   total 40960K, used 12881K [0x0000000702c00000, 0x0000000800000000)
  region size 2048K, 6 young (12288K), 2 survivors (4096K)
 Metaspace       used 22161K, capacity 22388K, committed 22524K, reserved 1069056K
  class space    used 2354K, capacity 2438K, committed 2556K, reserved 1048576K

Heap Regions: E=young(eden), S=young(survivor), O=old, HS=humongous(starts), HC=humongous(continues), CS=collection set, F=free, OA=open archive, CA=closed archive, TAMS=top-at-mark-start (previous, next)
|   0|0x0000000702c00000, 0x0000000702e00000, 0x0000000702e00000|100%| O|  |TAMS 0x0000000702e00000, 0x0000000702c00000| Untracked 
|   1|0x0000000702e00000, 0x0000000703000000, 0x0000000703000000|100%| O|  |TAMS 0x0000000703000000, 0x0000000702e00000| Untracked 
|   2|0x0000000703000000, 0x000000070306b800, 0x0000000703200000| 20%| O|  |TAMS 0x000000070306b800, 0x0000000703000000| Untracked 
|   3|0x0000000703200000, 0x0000000703200000, 0x0000000703400000|  0%| F|  |TAMS 0x0000000703200000, 0x0000000703200000| Untracked 
|   4|0x0000000703400000, 0x0000000703400000, 0x0000000703600000|  0%| F|  |TAMS 0x0000000703400000, 0x0000000703400000| Untracked 
|   5|0x0000000703600000, 0x0000000703600000, 0x0000000703800000|  0%| F|  |TAMS 0x0000000703600000, 0x0000000703600000| Untracked 
|   6|0x0000000703800000, 0x0000000703800000, 0x0000000703a00000|  0%| F|  |TAMS 0x0000000703800000, 0x0000000703800000| Untracked 
|   7|0x0000000703a00000, 0x0000000703a00000, 0x0000000703c00000|  0%| F|  |TAMS 0x0000000703a00000, 0x0000000703a00000| Untracked 
|   8|0x0000000703c00000, 0x0000000703c00000, 0x0000000703e00000|  0%| F|  |TAMS 0x0000000703c00000, 0x0000000703c00000| Untracked 
|   9|0x0000000703e00000, 0x0000000703e00000, 0x0000000704000000|  0%| F|  |TAMS 0x0000000703e00000, 0x0000000703e00000| Untracked 
|  10|0x0000000704000000, 0x0000000704000000, 0x0000000704200000|  0%| F|  |TAMS 0x0000000704000000, 0x0000000704000000| Untracked 
|  11|0x0000000704200000, 0x0000000704200000, 0x0000000704400000|  0%| F|  |TAMS 0x0000000704200000, 0x0000000704200000| Untracked 
|  12|0x0000000704400000, 0x0000000704400000, 0x0000000704600000|  0%| F|  |TAMS 0x0000000704400000, 0x0000000704400000| Untracked 
|  13|0x0000000704600000, 0x0000000704600000, 0x0000000704800000|  0%| F|  |TAMS 0x0000000704600000, 0x0000000704600000| Untracked 
|  14|0x0000000704800000, 0x0000000704900800, 0x0000000704a00000| 50%| E|  |TAMS 0x0000000704800000, 0x0000000704800000| Complete 
|  15|0x0000000704a00000, 0x0000000704c00000, 0x0000000704c00000|100%| E|CS|TAMS 0x0000000704a00000, 0x0000000704a00000| Complete 
|  16|0x0000000704c00000, 0x0000000704e00000, 0x0000000704e00000|100%| E|CS|TAMS 0x0000000704c00000, 0x0000000704c00000| Complete 
| 104|0x000000070fc00000, 0x000000070fc28d20, 0x000000070fe00000|  7%| S|CS|TAMS 0x000000070fc00000, 0x000000070fc00000| Complete 
| 105|0x000000070fe00000, 0x0000000710000000, 0x0000000710000000|100%| S|CS|TAMS 0x000000070fe00000, 0x000000070fe00000| Complete 
| 126|0x0000000712800000, 0x0000000712a00000, 0x0000000712a00000|100%| E|CS|TAMS 0x0000000712800000, 0x0000000712800000| Complete 

Card table byte_map: [0x000001ea99d60000,0x000001ea9a550000] _byte_map_base: 0x000001ea9654a000

Marking Bits (Prev, Next): (CMBitMap*) 0x000001ea8633c1a0, (CMBitMap*) 0x000001ea8633c160
 Prev Bits: [0x000001ea9ec90000, 0x000001eaa2be0000)
 Next Bits: [0x000001ea9ad40000, 0x000001ea9ec90000)

Polling page: 0x000001ea84250000

Metaspace:

Usage:
  Non-class:     19.48 MB capacity,    19.34 MB (>99%) used,   116.51 KB ( <1%) free+waste,    26.25 KB ( <1%) overhead. 
      Class:      2.38 MB capacity,     2.30 MB ( 97%) used,    73.95 KB (  3%) free+waste,     9.50 KB ( <1%) overhead. 
       Both:     21.86 MB capacity,    21.64 MB ( 99%) used,   190.45 KB ( <1%) free+waste,    35.75 KB ( <1%) overhead. 

Virtual space:
  Non-class space:       20.00 MB reserved,      19.50 MB ( 98%) committed 
      Class space:        1.00 GB reserved,       2.50 MB ( <1%) committed 
             Both:        1.02 GB reserved,      22.00 MB (  2%) committed 

Chunk freelists:
   Non-Class:  18.00 KB
       Class:  26.00 KB
        Both:  44.00 KB

MaxMetaspaceSize: 17179869184.00 GB
CompressedClassSpaceSize: 1.00 GB

CodeHeap 'non-profiled nmethods': size=119168Kb used=1299Kb max_used=1299Kb free=117868Kb
 bounds [0x000001ea91890000, 0x000001ea91b00000, 0x000001ea98cf0000]
CodeHeap 'profiled nmethods': size=119104Kb used=4458Kb max_used=4458Kb free=114646Kb
 bounds [0x000001ea8a440000, 0x000001ea8a8a0000, 0x000001ea91890000]
CodeHeap 'non-nmethods': size=7488Kb used=1308Kb max_used=3055Kb free=6179Kb
 bounds [0x000001ea89cf0000, 0x000001ea8a010000, 0x000001ea8a440000]
 total_blobs=2672 nmethods=2184 adapters=400
 compilation: enabled
              stopped_count=0, restarted_count=0
 full_count=0

Compilation events (20 events):
Event: 1.197 Thread 0x000001eaa7a250c0 2178       1       java.util.concurrent.locks.AbstractQueuedSynchronizer::getState (5 bytes)
Event: 1.198 Thread 0x000001eaa7a250c0 nmethod 2178 0x000001ea919b0e90 code [0x000001ea919b1020, 0x000001ea919b10d8]
Event: 1.201 Thread 0x000001eaa664d370 2179       3       jdk.internal.reflect.ReflectionFactory::newConstructorAccessor (165 bytes)
Event: 1.201 Thread 0x000001eaa7a250c0 2180       1       java.lang.invoke.MethodHandle::internalForm (5 bytes)
Event: 1.201 Thread 0x000001eaa7a250c0 nmethod 2180 0x000001ea919b1190 code [0x000001ea919b1320, 0x000001ea919b13d8]
Event: 1.201 Thread 0x000001eaa7a250c0 2181       3       java.lang.reflect.Constructor::acquireConstructorAccessor (44 bytes)
Event: 1.201 Thread 0x000001eaa7f529f0 2182       1       java.lang.invoke.MethodHandleImpl$IntrinsicMethodHandle::getTarget (5 bytes)
Event: 1.201 Thread 0x000001eaa7f529f0 nmethod 2182 0x000001ea919b1490 code [0x000001ea919b1620, 0x000001ea919b16d8]
Event: 1.201 Thread 0x000001eaa7a250c0 nmethod 2181 0x000001ea8a895e10 code [0x000001ea8a896000, 0x000001ea8a896518]
Event: 1.202 Thread 0x000001eaa664d370 nmethod 2179 0x000001ea8a896710 code [0x000001ea8a896ac0, 0x000001ea8a898468]
Event: 1.202 Thread 0x000001eaa664d370 2183       3       java.util.RegularEnumSet::contains (57 bytes)
Event: 1.202 Thread 0x000001eaa664d370 nmethod 2183 0x000001ea8a898d90 code [0x000001ea8a898f60, 0x000001ea8a899368]
Event: 1.203 Thread 0x000001eaa64b10f0 2184       3       java.lang.AbstractStringBuilder::append (45 bytes)
Event: 1.203 Thread 0x000001eaa64b10f0 nmethod 2184 0x000001ea8a899490 code [0x000001ea8a8996a0, 0x000001ea8a899bb8]
Event: 1.204 Thread 0x000001eaa64b10f0 2185       3       java.lang.String::getBytes (44 bytes)
Event: 1.205 Thread 0x000001eaa64b10f0 nmethod 2185 0x000001ea8a899e10 code [0x000001ea8a899fe0, 0x000001ea8a89a2d8]
Event: 1.205 Thread 0x000001eaa64b10f0 2186       3       java.lang.invoke.MethodHandles$Lookup::getDirectMethodNoSecurityManager (18 bytes)
Event: 1.205 Thread 0x000001eaa64b10f0 nmethod 2186 0x000001ea8a89a410 code [0x000001ea8a89a5c0, 0x000001ea8a89a728]
Event: 1.307 Thread 0x000001eaa8de2ca0 nmethod 1983 0x000001ea919b1790 code [0x000001ea919b20c0, 0x000001ea919bcb50]
Event: 1.418 Thread 0x000001eaa66be460 nmethod 2063 0x000001ea919c2310 code [0x000001ea919c2c80, 0x000001ea919cf298]

GC Heap History (6 events):
Event: 0.547 GC heap before
{Heap before GC invocations=0 (full 0):
 garbage-first heap   total 260096K, used 20480K [0x0000000702c00000, 0x0000000800000000)
  region size 2048K, 11 young (22528K), 0 survivors (0K)
 Metaspace       used 12040K, capacity 12256K, committed 12416K, reserved 1060864K
  class space    used 1068K, capacity 1119K, committed 1152K, reserved 1048576K
}
Event: 0.550 GC heap after
{Heap after GC invocations=1 (full 0):
 garbage-first heap   total 260096K, used 4613K [0x0000000702c00000, 0x0000000800000000)
  region size 2048K, 2 young (4096K), 2 survivors (4096K)
 Metaspace       used 12040K, capacity 12256K, committed 12416K, reserved 1060864K
  class space    used 1068K, capacity 1119K, committed 1152K, reserved 1048576K
}
Event: 0.823 GC heap before
{Heap before GC invocations=1 (full 0):
 garbage-first heap   total 260096K, used 33285K [0x0000000702c00000, 0x0000000800000000)
  region size 2048K, 16 young (32768K), 2 survivors (4096K)
 Metaspace       used 16020K, capacity 16192K, committed 16256K, reserved 1064960K
  class space    used 1597K, capacity 1663K, committed 1664K, reserved 1048576K
}
Event: 0.826 GC heap after
{Heap after GC invocations=2 (full 0):
 garbage-first heap   total 260096K, used 5520K [0x0000000702c00000, 0x0000000800000000)
  region size 2048K, 1 young (2048K), 1 survivors (2048K)
 Metaspace       used 16020K, capacity 16192K, committed 16256K, reserved 1064960K
  class space    used 1597K, capacity 1663K, committed 1664K, reserved 1048576K
}
Event: 1.140 GC heap before
{Heap before GC invocations=2 (full 0):
 garbage-first heap   total 260096K, used 44432K [0x0000000702c00000, 0x0000000800000000)
  region size 2048K, 21 young (43008K), 1 survivors (2048K)
 Metaspace       used 21045K, capacity 21233K, committed 21248K, reserved 1069056K
  class space    used 2222K, capacity 2290K, committed 2304K, reserved 1048576K
}
Event: 1.142 GC heap after
{Heap after GC invocations=3 (full 0):
 garbage-first heap   total 260096K, used 6737K [0x0000000702c00000, 0x0000000800000000)
  region size 2048K, 2 young (4096K), 2 survivors (4096K)
 Metaspace       used 21045K, capacity 21233K, committed 21248K, reserved 1069056K
  class space    used 2222K, capacity 2290K, committed 2304K, reserved 1048576K
}

Deoptimization events (20 events):
Event: 1.202 Thread 0x000001ea862e78c0 Uncommon trap: trap_request=0xffffff45 fr.pc=0x000001ea918c850c relative=0x00000000000005cc
Event: 1.202 Thread 0x000001ea862e78c0 Uncommon trap: reason=unstable_if action=reinterpret pc=0x000001ea918c850c method=java.lang.AbstractStringBuilder.putStringAt(ILjava/lang/String;)V @ 8 c2
Event: 1.202 Thread 0x000001ea862e78c0 DEOPT PACKING pc=0x000001ea918c850c sp=0x00000096a87fce00
Event: 1.202 Thread 0x000001ea862e78c0 DEOPT UNPACKING pc=0x000001ea89d3e42f sp=0x00000096a87fcd38 mode 2
Event: 1.202 Thread 0x000001ea862e78c0 Uncommon trap: trap_request=0xffffff45 fr.pc=0x000001ea918c7780 relative=0x00000000000005c0
Event: 1.202 Thread 0x000001ea862e78c0 Uncommon trap: reason=unstable_if action=reinterpret pc=0x000001ea918c7780 method=java.lang.AbstractStringBuilder.putStringAt(ILjava/lang/String;)V @ 8 c2
Event: 1.202 Thread 0x000001ea862e78c0 DEOPT PACKING pc=0x000001ea918c7780 sp=0x00000096a87fcda0
Event: 1.202 Thread 0x000001ea862e78c0 DEOPT UNPACKING pc=0x000001ea89d3e42f sp=0x00000096a87fcd30 mode 2
Event: 1.202 Thread 0x000001ea862e78c0 Uncommon trap: trap_request=0xffffff45 fr.pc=0x000001ea918a7cdc relative=0x000000000000005c
Event: 1.202 Thread 0x000001ea862e78c0 Uncommon trap: reason=unstable_if action=reinterpret pc=0x000001ea918a7cdc method=java.lang.AbstractStringBuilder.isLatin1()Z @ 10 c2
Event: 1.202 Thread 0x000001ea862e78c0 DEOPT PACKING pc=0x000001ea918a7cdc sp=0x00000096a87fccc0
Event: 1.202 Thread 0x000001ea862e78c0 DEOPT UNPACKING pc=0x000001ea89d3e42f sp=0x00000096a87fcc60 mode 2
Event: 1.202 Thread 0x000001ea862e78c0 Uncommon trap: trap_request=0xffffff45 fr.pc=0x000001ea918c378c relative=0x000000000000016c
Event: 1.202 Thread 0x000001ea862e78c0 Uncommon trap: reason=unstable_if action=reinterpret pc=0x000001ea918c378c method=java.lang.String.getBytes([BIB)V @ 5 c2
Event: 1.202 Thread 0x000001ea862e78c0 DEOPT PACKING pc=0x000001ea918c378c sp=0x00000096a87fccd0
Event: 1.202 Thread 0x000001ea862e78c0 DEOPT UNPACKING pc=0x000001ea89d3e42f sp=0x00000096a87fcca8 mode 2
Event: 1.202 Thread 0x000001ea862e78c0 Uncommon trap: trap_request=0xffffff45 fr.pc=0x000001ea919a07f8 relative=0x0000000000000358
Event: 1.202 Thread 0x000001ea862e78c0 Uncommon trap: reason=unstable_if action=reinterpret pc=0x000001ea919a07f8 method=java.lang.AbstractStringBuilder.isLatin1()Z @ 10 c2
Event: 1.202 Thread 0x000001ea862e78c0 DEOPT PACKING pc=0x000001ea919a07f8 sp=0x00000096a87fce30
Event: 1.202 Thread 0x000001ea862e78c0 DEOPT UNPACKING pc=0x000001ea89d3e42f sp=0x00000096a87fcdc0 mode 2

Classes unloaded (0 events):
No events

Classes redefined (3 events):
Event: 33.693 Thread 0x000001eaa5bc1750 redefined class name=com.parkit.parkingsytem.dao.TicketDAOTest, count=1
Event: 57.215 Thread 0x000001eaa5bc1750 redefined class name=com.parkit.parkingsytem.dao.TicketDAOTest, count=2
Event: 109.282 Thread 0x000001eaa5bc1750 redefined class name=com.parkit.parkingsytem.dao.TicketDAOTest, count=3

Internal exceptions (20 events):
Event: 0.558 Thread 0x000001ea862e78c0 Exception <a 'java/lang/NoSuchMethodError'{0x00000007128b8148}: 'java.lang.Object java.lang.invoke.DirectMethodHandle$Holder.invokeInterface(java.lang.Object, java.lang.Object)'> (0x00000007128b8148) 
thrown [./open/src/hotspot/share/interpreter/linkResolver.cpp, line 782]
Event: 0.558 Thread 0x000001ea862e78c0 Exception <a 'java/lang/IncompatibleClassChangeError'{0x00000007128bbb40}: Found class java.lang.Object, but interface was expected> (0x00000007128bbb40) 
thrown [./open/src/hotspot/share/interpreter/linkResolver.cpp, line 848]
Event: 0.564 Thread 0x000001ea862e78c0 Exception <a 'java/lang/NoSuchMethodError'{0x000000071299a140}: 'int java.lang.invoke.DirectMethodHandle$Holder.invokeStaticInit(java.lang.Object, java.lang.Object)'> (0x000000071299a140) 
thrown [./open/src/hotspot/share/interpreter/linkResolver.cpp, line 782]
Event: 0.572 Thread 0x000001ea862e78c0 Exception <a 'java/lang/NoSuchMethodError'{0x0000000712646770}: 'java.lang.Object java.lang.invoke.DirectMethodHandle$Holder.newInvokeSpecial(java.lang.Object, java.lang.Object, java.lang.Object, java.lang.Object, java.lang.Object)'> (0x0000000712646770) 
thrown [./open/src/hotspot/share/interpreter/linkResolver.cpp, line 782]
Event: 0.581 Thread 0x000001ea862e78c0 Exception <a 'java/lang/NoSuchMethodError'{0x000000071276e410}: 'java.lang.Object java.lang.invoke.DirectMethodHandle$Holder.invokeSpecialIFC(java.lang.Object, java.lang.Object, java.lang.Object, java.lang.Object)'> (0x000000071276e410) 
thrown [./open/src/hotspot/share/interpreter/linkResolver.cpp, line 782]
Event: 0.606 Thread 0x000001ea862e78c0 Exception <a 'java/lang/NoSuchMethodError'{0x00000007124c4728}: 'int java.lang.invoke.DirectMethodHandle$Holder.invokeVirtual(java.lang.Object, java.lang.Object, java.lang.Object)'> (0x00000007124c4728) 
thrown [./open/src/hotspot/share/interpreter/linkResolver.cpp, line 782]
Event: 0.608 Thread 0x000001ea862e78c0 Exception <a 'java/lang/NoSuchMethodError'{0x00000007124e6fe8}: 'void java.lang.invoke.DirectMethodHandle$Holder.invokeInterface(java.lang.Object, java.lang.Object)'> (0x00000007124e6fe8) 
thrown [./open/src/hotspot/share/interpreter/linkResolver.cpp, line 782]
Event: 0.608 Thread 0x000001ea862e78c0 Exception <a 'java/lang/IncompatibleClassChangeError'{0x00000007124ea4a0}: Found class java.lang.Object, but interface was expected> (0x00000007124ea4a0) 
thrown [./open/src/hotspot/share/interpreter/linkResolver.cpp, line 848]
Event: 0.609 Thread 0x000001ea862e78c0 Exception <a 'java/lang/NoSuchMethodError'{0x00000007124fd580}: 'void java.lang.invoke.DirectMethodHandle$Holder.invokeStatic(java.lang.Object, java.lang.Object, java.lang.Object, java.lang.Object)'> (0x00000007124fd580) 
thrown [./open/src/hotspot/share/interpreter/linkResolver.cpp, line 782]
Event: 0.621 Thread 0x000001ea862e78c0 Exception <a 'java/lang/NoSuchMethodError'{0x00000007125fc678}: 'void java.lang.invoke.DirectMethodHandle$Holder.invokeInterface(java.lang.Object, java.lang.Object, java.lang.Object, java.lang.Object)'> (0x00000007125fc678) 
thrown [./open/src/hotspot/share/interpreter/linkResolver.cpp, line 782]
Event: 0.621 Thread 0x000001ea862e78c0 Exception <a 'java/lang/IncompatibleClassChangeError'{0x00000007125ffcd8}: Found class java.lang.Object, but interface was expected> (0x00000007125ffcd8) 
thrown [./open/src/hotspot/share/interpreter/linkResolver.cpp, line 848]
Event: 0.628 Thread 0x000001ea862e78c0 Exception <a 'java/lang/NoSuchMethodError'{0x00000007122b5e28}: 'int java.lang.invoke.DirectMethodHandle$Holder.invokeStatic(java.lang.Object, java.lang.Object, java.lang.Object, java.lang.Object)'> (0x00000007122b5e28) 
thrown [./open/src/hotspot/share/interpreter/linkResolver.cpp, line 782]
Event: 0.628 Thread 0x000001ea862e78c0 Exception <a 'java/lang/NoSuchMethodError'{0x00000007122b9980}: 'java.lang.Object java.lang.invoke.Invokers$Holder.invokeExact_MT(java.lang.Object, java.lang.Object, java.lang.Object, java.lang.Object, java.lang.Object, java.lang.Object)'> (0x00000007122b9980) 
thrown [./open/src/hotspot/share/interpreter/linkResolver.cpp, line 782]
Event: 0.640 Thread 0x000001ea862e78c0 Exception <a 'java/lang/NoSuchMethodError'{0x000000071201a198}: 'int java.lang.invoke.DirectMethodHandle$Holder.invokeStatic(java.lang.Object, java.lang.Object, java.lang.Object, java.lang.Object, java.lang.Object)'> (0x000000071201a198) 
thrown [./open/src/hotspot/share/interpreter/linkResolver.cpp, line 782]
Event: 0.666 Thread 0x000001ea862e78c0 Exception <a 'java/lang/NoSuchMethodError'{0x0000000711ebe118}: 'void java.lang.invoke.DirectMethodHandle$Holder.invokeInterface(java.lang.Object, java.lang.Object, java.lang.Object)'> (0x0000000711ebe118) 
thrown [./open/src/hotspot/share/interpreter/linkResolver.cpp, line 782]
Event: 0.785 Thread 0x000001ea862e78c0 Exception <a 'java/lang/NoSuchMethodError'{0x0000000710ce5fb0}: 'java.lang.Object java.lang.invoke.DirectMethodHandle$Holder.invokeStaticInit(java.lang.Object, int, int, int, int)'> (0x0000000710ce5fb0) 
thrown [./open/src/hotspot/share/interpreter/linkResolver.cpp, line 782]
Event: 0.811 Thread 0x000001ea862e78c0 Exception <a 'java/lang/NoSuchMethodError'{0x0000000710db30b0}: 'java.lang.Object java.lang.invoke.DirectMethodHandle$Holder.invokeStaticInit(java.lang.Object, java.lang.Object, int, int, int, int)'> (0x0000000710db30b0) 
thrown [./open/src/hotspot/share/interpreter/linkResolver.cpp, line 782]
Event: 1.069 Thread 0x000001ea862e78c0 Implicit null exception at 0x000001ea9191536e to 0x000001ea91915490
Event: 1.139 Thread 0x000001ea862e78c0 Exception <a 'java/lang/NoSuchMethodError'{0x000000071018b0f8}: 'int java.lang.invoke.DirectMethodHandle$Holder.invokeInterface(java.lang.Object, java.lang.Object)'> (0x000000071018b0f8) 
thrown [./open/src/hotspot/share/interpreter/linkResolver.cpp, line 782]
Event: 1.139 Thread 0x000001ea862e78c0 Exception <a 'java/lang/IncompatibleClassChangeError'{0x000000071018eb00}: Found class java.lang.Object, but interface was expected> (0x000000071018eb00) 
thrown [./open/src/hotspot/share/interpreter/linkResolver.cpp, line 848]

Events (20 events):
Event: 109.566 Executing VM operation: get/set locals
Event: 109.566 Executing VM operation: get/set locals done
Event: 109.566 Executing VM operation: GetFrameLocation
Event: 109.566 Executing VM operation: GetFrameLocation done
Event: 109.566 Executing VM operation: get/set locals
Event: 109.566 Executing VM operation: get/set locals done
Event: 109.567 Executing VM operation: GetFrameLocation
Event: 109.567 Executing VM operation: GetFrameLocation done
Event: 109.567 Executing VM operation: get/set locals
Event: 109.567 Executing VM operation: get/set locals done
Event: 109.567 Executing VM operation: GetFrameLocation
Event: 109.567 Executing VM operation: GetFrameLocation done
Event: 109.567 Executing VM operation: get/set locals
Event: 109.567 Executing VM operation: get/set locals done
Event: 109.568 Executing VM operation: GetFrameLocation
Event: 109.568 Executing VM operation: GetFrameLocation done
Event: 109.568 Executing VM operation: get/set locals
Event: 109.568 Executing VM operation: get/set locals done
Event: 111.092 Executing VM operation: GetFrameLocation
Event: 111.092 Executing VM operation: GetFrameLocation done


Dynamic libraries:
0x00007ff7d5e80000 - 0x00007ff7d5e8d000 	C:\Users\Kikine\OneDrive\Documents\mes cours de programmation\programmes\eclipse\plugins\org.eclipse.justj.openjdk.hotspot.jre.full.win32.x86_64_15.0.1.v20201027-0507\jre\bin\javaw.exe
0x00007ffc0cc90000 - 0x00007ffc0ce85000 	C:\WINDOWS\SYSTEM32\ntdll.dll
0x00007ffc0bce0000 - 0x00007ffc0bd9d000 	C:\WINDOWS\System32\KERNEL32.DLL
0x00007ffc0a530000 - 0x00007ffc0a7f9000 	C:\WINDOWS\System32\KERNELBASE.dll
0x00007ffc0a800000 - 0x00007ffc0a900000 	C:\WINDOWS\System32\ucrtbase.dll
0x00007ffc06290000 - 0x00007ffc062a8000 	C:\Users\Kikine\OneDrive\Documents\mes cours de programmation\programmes\eclipse\plugins\org.eclipse.justj.openjdk.hotspot.jre.full.win32.x86_64_15.0.1.v20201027-0507\jre\bin\jli.dll
0x00007ffc06270000 - 0x00007ffc06289000 	C:\Users\Kikine\OneDrive\Documents\mes cours de programmation\programmes\eclipse\plugins\org.eclipse.justj.openjdk.hotspot.jre.full.win32.x86_64_15.0.1.v20201027-0507\jre\bin\VCRUNTIME140.dll
0x00007ffc0b830000 - 0x00007ffc0b9d0000 	C:\WINDOWS\System32\USER32.dll
0x00007ffc0aa10000 - 0x00007ffc0aa32000 	C:\WINDOWS\System32\win32u.dll
0x00007ffbf7cc0000 - 0x00007ffbf7f5a000 	C:\WINDOWS\WinSxS\amd64_microsoft.windows.common-controls_6595b64144ccf1df_6.0.19041.844_none_ca00b6081b84eb1d\COMCTL32.dll
0x00007ffc0bc80000 - 0x00007ffc0bcaa000 	C:\WINDOWS\System32\GDI32.dll
0x00007ffc0b5d0000 - 0x00007ffc0b66e000 	C:\WINDOWS\System32\msvcrt.dll
0x00007ffc0ab40000 - 0x00007ffc0ac4b000 	C:\WINDOWS\System32\gdi32full.dll
0x00007ffc0ac50000 - 0x00007ffc0aced000 	C:\WINDOWS\System32\msvcp_win.dll
0x00007ffc0bcb0000 - 0x00007ffc0bce0000 	C:\WINDOWS\System32\IMM32.DLL
0x00007ffc06230000 - 0x00007ffc0623c000 	C:\Users\Kikine\OneDrive\Documents\mes cours de programmation\programmes\eclipse\plugins\org.eclipse.justj.openjdk.hotspot.jre.full.win32.x86_64_15.0.1.v20201027-0507\jre\bin\vcruntime140_1.dll
0x00007ffbf5c60000 - 0x00007ffbf5cf1000 	C:\Users\Kikine\OneDrive\Documents\mes cours de programmation\programmes\eclipse\plugins\org.eclipse.justj.openjdk.hotspot.jre.full.win32.x86_64_15.0.1.v20201027-0507\jre\bin\msvcp140.dll
0x00007ffba7a70000 - 0x00007ffba85ce000 	C:\Users\Kikine\OneDrive\Documents\mes cours de programmation\programmes\eclipse\plugins\org.eclipse.justj.openjdk.hotspot.jre.full.win32.x86_64_15.0.1.v20201027-0507\jre\bin\server\jvm.dll
0x00007ffc0c970000 - 0x00007ffc0ca1c000 	C:\WINDOWS\System32\ADVAPI32.dll
0x00007ffc0b720000 - 0x00007ffc0b7bc000 	C:\WINDOWS\System32\sechost.dll
0x00007ffc0c840000 - 0x00007ffc0c96b000 	C:\WINDOWS\System32\RPCRT4.dll
0x00007ffc0cc40000 - 0x00007ffc0cc48000 	C:\WINDOWS\System32\PSAPI.DLL
0x00007ffbd3270000 - 0x00007ffbd3279000 	C:\WINDOWS\SYSTEM32\WSOCK32.dll
0x00007ffbfdf70000 - 0x00007ffbfdf97000 	C:\WINDOWS\SYSTEM32\WINMM.dll
0x00007ffc035e0000 - 0x00007ffc035ea000 	C:\WINDOWS\SYSTEM32\VERSION.dll
0x00007ffc0ca20000 - 0x00007ffc0ca8b000 	C:\WINDOWS\System32\WS2_32.dll
0x00007ffc08330000 - 0x00007ffc08342000 	C:\WINDOWS\SYSTEM32\kernel.appcore.dll
0x00007ffbe3bf0000 - 0x00007ffbe3bfa000 	C:\Users\Kikine\OneDrive\Documents\mes cours de programmation\programmes\eclipse\plugins\org.eclipse.justj.openjdk.hotspot.jre.full.win32.x86_64_15.0.1.v20201027-0507\jre\bin\jimage.dll
0x00007ffbf3870000 - 0x00007ffbf3a54000 	C:\WINDOWS\SYSTEM32\DBGHELP.DLL
0x00007ffbf2770000 - 0x00007ffbf279c000 	C:\WINDOWS\SYSTEM32\dbgcore.DLL
0x00007ffc0aa40000 - 0x00007ffc0aac0000 	C:\WINDOWS\System32\bcryptPrimitives.dll
0x00007ffbf5d00000 - 0x00007ffbf5d39000 	C:\Users\Kikine\OneDrive\Documents\mes cours de programmation\programmes\eclipse\plugins\org.eclipse.justj.openjdk.hotspot.jre.full.win32.x86_64_15.0.1.v20201027-0507\jre\bin\jdwp.dll
0x00007ffc02650000 - 0x00007ffc0265e000 	C:\Users\Kikine\OneDrive\Documents\mes cours de programmation\programmes\eclipse\plugins\org.eclipse.justj.openjdk.hotspot.jre.full.win32.x86_64_15.0.1.v20201027-0507\jre\bin\instrument.dll
0x00007ffbe3b70000 - 0x00007ffbe3b95000 	C:\Users\Kikine\OneDrive\Documents\mes cours de programmation\programmes\eclipse\plugins\org.eclipse.justj.openjdk.hotspot.jre.full.win32.x86_64_15.0.1.v20201027-0507\jre\bin\java.dll
0x00007ffbe3bd0000 - 0x00007ffbe3be8000 	C:\Users\Kikine\OneDrive\Documents\mes cours de programmation\programmes\eclipse\plugins\org.eclipse.justj.openjdk.hotspot.jre.full.win32.x86_64_15.0.1.v20201027-0507\jre\bin\zip.dll
0x00007ffc0acf0000 - 0x00007ffc0b432000 	C:\WINDOWS\System32\SHELL32.dll
0x00007ffc08530000 - 0x00007ffc08cc0000 	C:\WINDOWS\SYSTEM32\windows.storage.dll
0x00007ffc0be80000 - 0x00007ffc0c1d5000 	C:\WINDOWS\System32\combase.dll
0x00007ffc09e40000 - 0x00007ffc09e6c000 	C:\WINDOWS\SYSTEM32\Wldp.dll
0x00007ffc0b670000 - 0x00007ffc0b71e000 	C:\WINDOWS\System32\SHCORE.dll
0x00007ffc0b9e0000 - 0x00007ffc0ba35000 	C:\WINDOWS\System32\shlwapi.dll
0x00007ffc0a310000 - 0x00007ffc0a32f000 	C:\WINDOWS\SYSTEM32\profapi.dll
0x00007ffbf5db0000 - 0x00007ffbf5dbb000 	C:\Users\Kikine\OneDrive\Documents\mes cours de programmation\programmes\eclipse\plugins\org.eclipse.justj.openjdk.hotspot.jre.full.win32.x86_64_15.0.1.v20201027-0507\jre\bin\dt_socket.dll
0x00007ffc09860000 - 0x00007ffc0989b000 	C:\WINDOWS\SYSTEM32\IPHLPAPI.DLL
0x00007ffc09bc0000 - 0x00007ffc09c2a000 	C:\WINDOWS\system32\mswsock.dll
0x00007ffc098a0000 - 0x00007ffc0996b000 	C:\WINDOWS\SYSTEM32\DNSAPI.dll
0x00007ffc0b7c0000 - 0x00007ffc0b7c8000 	C:\WINDOWS\System32\NSI.dll
0x00007ffc01c80000 - 0x00007ffc01c8a000 	C:\Windows\System32\rasadhlp.dll
0x00007ffbf6410000 - 0x00007ffbf648f000 	C:\WINDOWS\System32\fwpuclnt.dll
0x00007ffc0ab10000 - 0x00007ffc0ab37000 	C:\WINDOWS\System32\bcrypt.dll
0x00007ffbe3b50000 - 0x00007ffbe3b69000 	C:\Users\Kikine\OneDrive\Documents\mes cours de programmation\programmes\eclipse\plugins\org.eclipse.justj.openjdk.hotspot.jre.full.win32.x86_64_15.0.1.v20201027-0507\jre\bin\net.dll
0x00007ffbfe6e0000 - 0x00007ffbfe7ec000 	C:\WINDOWS\SYSTEM32\WINHTTP.dll
0x00007ffbe3b30000 - 0x00007ffbe3b42000 	C:\Users\Kikine\OneDrive\Documents\mes cours de programmation\programmes\eclipse\plugins\org.eclipse.justj.openjdk.hotspot.jre.full.win32.x86_64_15.0.1.v20201027-0507\jre\bin\nio.dll
0x00007ffbe3a20000 - 0x00007ffbe3a30000 	C:\Users\Kikine\OneDrive\Documents\mes cours de programmation\programmes\eclipse\plugins\org.eclipse.justj.openjdk.hotspot.jre.full.win32.x86_64_15.0.1.v20201027-0507\jre\bin\verify.dll
0x00007ffc017d0000 - 0x00007ffc017e7000 	C:\WINDOWS\SYSTEM32\dhcpcsvc6.DLL
0x00007ffc02010000 - 0x00007ffc0202d000 	C:\WINDOWS\SYSTEM32\dhcpcsvc.DLL
0x00007ffc02670000 - 0x00007ffc02679000 	C:\Users\Kikine\OneDrive\Documents\mes cours de programmation\programmes\eclipse\plugins\org.eclipse.justj.openjdk.hotspot.jre.full.win32.x86_64_15.0.1.v20201027-0507\jre\bin\management.dll
0x00007ffc02610000 - 0x00007ffc0261b000 	C:\Users\Kikine\OneDrive\Documents\mes cours de programmation\programmes\eclipse\plugins\org.eclipse.justj.openjdk.hotspot.jre.full.win32.x86_64_15.0.1.v20201027-0507\jre\bin\management_ext.dll
0x00007ffbeab30000 - 0x00007ffbeab47000 	C:\WINDOWS\system32\napinsp.dll
0x00007ffbeab10000 - 0x00007ffbeab2b000 	C:\WINDOWS\system32\pnrpnsp.dll
0x00007ffc05080000 - 0x00007ffc05095000 	C:\WINDOWS\system32\wshbth.dll
0x00007ffc06160000 - 0x00007ffc0617d000 	C:\WINDOWS\system32\NLAapi.dll
0x00007ffbeaa10000 - 0x00007ffbeaa22000 	C:\WINDOWS\System32\winrnr.dll
0x00007ffc09d90000 - 0x00007ffc09da8000 	C:\WINDOWS\SYSTEM32\CRYPTSP.dll
0x00007ffc094f0000 - 0x00007ffc09524000 	C:\WINDOWS\system32\rsaenh.dll
0x00007ffc0a290000 - 0x00007ffc0a2be000 	C:\WINDOWS\SYSTEM32\USERENV.dll
0x00007ffc09db0000 - 0x00007ffc09dbc000 	C:\WINDOWS\SYSTEM32\CRYPTBASE.dll

dbghelp: loaded successfully - version: 4.0.5 - missing functions: none
symbol engine: initialized successfully - sym options: 0x614 - pdb path: .;C:\Users\Kikine\OneDrive\Documents\mes cours de programmation\programmes\eclipse\plugins\org.eclipse.justj.openjdk.hotspot.jre.full.win32.x86_64_15.0.1.v20201027-0507\jre\bin;C:\WINDOWS\SYSTEM32;C:\WINDOWS\WinSxS\amd64_microsoft.windows.common-controls_6595b64144ccf1df_6.0.19041.844_none_ca00b6081b84eb1d;C:\Users\Kikine\OneDrive\Documents\mes cours de programmation\programmes\eclipse\plugins\org.eclipse.justj.openjdk.hotspot.jre.full.win32.x86_64_15.0.1.v20201027-0507\jre\bin\server

VM Arguments:
jvm_args: -XX:+ShowCodeDetailsInExceptionMessages -agentlib:jdwp=transport=dt_socket,suspend=y,address=localhost:60437 -ea -javaagent:C:\Users\Kikine\OneDrive\Documents\mes cours de programmation\programmes\eclipse\configuration\org.eclipse.osgi\405\0\.cp\lib\javaagent-shaded.jar -Dfile.encoding=UTF-8 
java_command: org.eclipse.jdt.internal.junit.runner.RemoteTestRunner -version 3 -port 60436 -testLoaderClass org.eclipse.jdt.internal.junit5.runner.JUnit5TestLoader -loaderpluginname org.eclipse.jdt.junit5.runtime -classNames com.parkit.parkingsytem.dao.TicketDAOTest
java_class_path (initial): C:\Users\Kikine\eclipse-workspace\MoveIt\target\test-classes;C:\Users\Kikine\eclipse-workspace\MoveIt\target\classes;C:\Users\Kikine\.m2\repository\org\apache\logging\log4j\log4j-api\2.12.1\log4j-api-2.12.1.jar;C:\Users\Kikine\.m2\repository\org\apache\logging\log4j\log4j-core\2.12.1\log4j-core-2.12.1.jar;C:\Users\Kikine\.m2\repository\mysql\mysql-connector-java\8.0.17\mysql-connector-java-8.0.17.jar;C:\Users\Kikine\.m2\repository\com\google\protobuf\protobuf-java\3.6.1\protobuf-java-3.6.1.jar;C:\Users\Kikine\.m2\repository\org\junit\jupiter\junit-jupiter-api\5.3.2\junit-jupiter-api-5.3.2.jar;C:\Users\Kikine\.m2\repository\org\apiguardian\apiguardian-api\1.0.0\apiguardian-api-1.0.0.jar;C:\Users\Kikine\.m2\repository\org\opentest4j\opentest4j\1.1.1\opentest4j-1.1.1.jar;C:\Users\Kikine\.m2\repository\org\junit\platform\junit-platform-commons\1.3.2\junit-platform-commons-1.3.2.jar;C:\Users\Kikine\.m2\repository\org\junit\jupiter\junit-jupiter-engine\5.3.2\junit-jupiter-engine-5.3.2.jar;C:\Users\Kikine\.m2\repository\org\junit\platform\junit-platform-engine\1.3.2\junit-platform-engine-1.3.2.jar;C:\Users\Kikine\.m2\repository\org\mockito\mockito-junit-jupiter\2.23.4\mockito-junit-jupiter-2.23.4.jar;C:\Users\Kikine\.m2\repository\org\mockito\mockito-core\2.23.4\mockito-core-2.23.4.jar;C:\Users\Kikine\.m2\repository\net\bytebuddy\byte-buddy\1.9.3\byte-buddy-1.9.3.jar;C:\Users\Kikine\.m2\repository\net\bytebuddy\byte-buddy-agent\1.9.3\byte-buddy-agent-1.9.3.jar;C:\Users\Kikine\.m2\repository\org\objenesis\objenesis\2.6\objenesis-2.6.jar;C:\Users\Kikine\.m2\repository\org\assertj\assertj-core\3.13.2\assertj-core-3.13.2.jar;C:\Users\Kikine\.m2\repository\org\jacoco\jacoco-maven-plugin\0.8.5\jacoco-maven-plugin-0.8.5.jar;C:\Users\Kikine\.m2\repository\org\apache\maven\maven-plugin-api\3.0\maven-plugin-api-3.0.jar;C:\Users\Kikine\.m2\repository\org\sonatype\sisu\sisu-inject-plexus\1.4.2\sisu-inject-plexus-1.4.2.jar;C:\Users\Kikine\.m2\repository\org
Launcher Type: SUN_STANDARD

[Global flags]
     intx CICompilerCount                          = 12                                        {product} {ergonomic}
     uint ConcGCThreads                            = 3                                         {product} {ergonomic}
     uint G1ConcRefinementThreads                  = 13                                        {product} {ergonomic}
   size_t G1HeapRegionSize                         = 2097152                                   {product} {ergonomic}
    uintx GCDrainStackTargetSize                   = 64                                        {product} {ergonomic}
   size_t InitialHeapSize                          = 266338304                                 {product} {ergonomic}
   size_t MarkStackSize                            = 4194304                                   {product} {ergonomic}
   size_t MaxHeapSize                              = 4248829952                                {product} {ergonomic}
   size_t MaxNewSize                               = 2548039680                                {product} {ergonomic}
   size_t MinHeapDeltaBytes                        = 2097152                                   {product} {ergonomic}
   size_t MinHeapSize                              = 8388608                                   {product} {ergonomic}
    uintx NonNMethodCodeHeapSize                   = 7602480                                {pd product} {ergonomic}
    uintx NonProfiledCodeHeapSize                  = 122027880                              {pd product} {ergonomic}
    uintx ProfiledCodeHeapSize                     = 122027880                              {pd product} {ergonomic}
    uintx ReservedCodeCacheSize                    = 251658240                              {pd product} {ergonomic}
     bool SegmentedCodeCache                       = true                                      {product} {ergonomic}
     bool ShowCodeDetailsInExceptionMessages       = true                                   {manageable} {command line}
   size_t SoftMaxHeapSize                          = 4248829952                             {manageable} {ergonomic}
     bool UseCompressedClassPointers               = true                                 {lp64_product} {ergonomic}
     bool UseCompressedOops                        = true                                 {lp64_product} {ergonomic}
     bool UseG1GC                                  = true                                      {product} {ergonomic}
     bool UseLargePagesIndividualAllocation        = false                                  {pd product} {ergonomic}

Logging:
Log output configuration:
 #0: stdout all=warning uptime,level,tags
 #1: stderr all=off uptime,level,tags

Environment Variables:
JAVA_HOME=C:\Program Files\Java\jdk1.8.0_281
PATH=C:\Users\Kikine\OneDrive\Documents\mes cours de programmation\programmes\eclipse\plugins\org.eclipse.justj.openjdk.hotspot.jre.full.win32.x86_64_15.0.1.v20201027-0507\jre\bin;C:/Users/Kikine/OneDrive/Documents/mes cours de programmation/programmes/eclipse//plugins/org.eclipse.justj.openjdk.hotspot.jre.full.win32.x86_64_15.0.1.v20201027-0507/jre/bin/server;C:/Users/Kikine/OneDrive/Documents/mes cours de programmation/programmes/eclipse//plugins/org.eclipse.justj.openjdk.hotspot.jre.full.win32.x86_64_15.0.1.v20201027-0507/jre/bin;C:\Program Files\Common Files\Oracle\Java\javapath;C:\Program Files (x86)\Common Files\Oracle\Java\javapath;C:\Windows\system32;C:\Windows;C:\Windows\System32\Wbem;C:\Windows\System32\WindowsPowerShell\v1.0\;C:\Windows\System32\OpenSSH\;C:\Program Files (x86)\NVIDIA Corporation\PhysX\Common;C:\Program Files\NVIDIA Corporation\NVIDIA NvDLISR;C:\Program Files\nodejs\;C:\Program Files\Microsoft SQL Server\120\Tools\Binn\;C:\Program Files\Common Files\Autodesk Shared\;C:\WINDOWS\system32;C:\WINDOWS;C:\WINDOWS\System32\Wbem;C:\WINDOWS\System32\WindowsPowerShell\v1.0\;C:\WINDOWS\System32\OpenSSH\;C:\Program Files\Git\cmd;C:\Program Files\dotnet\;C:\Program Files\Microsoft SQL Server\130\Tools\Binn\;C:\Program Files\Microsoft SQL Server\Client SDK\ODBC\170\Tools\Binn\;C:\apache-maven-3.6.3\bin;C:\Program Files\Java\jdk1.8.0_281\bin;C:\Program Files\Java\jre1.8.0_281\bin;C:\Program Files\MySQL\MySQL Shell 8.0\bin\;C:\Users\Kikine\AppData\Local\Microsoft\WindowsApps;C:\Users\Kikine\AppData\Roaming\npm;C:\Users\Kikine\AppData\Local\Programs\Microsoft VS Code\bin;C:\Users\Kikine\.dotnet\tools;;C:\Users\Kikine\OneDrive\Documents\mes cours de programmation\programmes\eclipse;
USERNAME=Kikine
OS=Windows_NT
PROCESSOR_IDENTIFIER=Intel64 Family 6 Model 165 Stepping 2, GenuineIntel



---------------  S Y S T E M  ---------------

OS:
 Windows 10 , 64 bit Build 19041 (10.0.19041.804)
OS uptime: 0 days 22:40 hours

CPU: total 16 (initial active 16) (8 cores per cpu, 2 threads per core) family 6 model 165 stepping 2 microcode 0xe0, cmov, cx8, fxsr, mmx, sse, sse2, sse3, ssse3, sse4.1, sse4.2, popcnt, vzeroupper, avx, avx2, aes, clmul, erms, 3dnowpref, lzcnt, ht, tsc, tscinvbit, bmi1, bmi2, adx, fma, clflush, clflushopt

Memory: 4k page, system-wide physical 16203M (5083M free)
TotalPageFile size 34666M (AvailPageFile size 4637M)
current process WorkingSet (physical memory assigned to process): 84M, peak: 167M
current process commit charge ("private bytes"): 160M, peak: 427M

vm_info: OpenJDK 64-Bit Server VM (15.0.1+9-18) for windows-amd64 JRE (15.0.1+9-18), built on Sep 15 2020 14:39:31 by "mach5one" with unknown MS VC++:1925

END.
