#
# A fatal error has been detected by the Java Runtime Environment:
#
#  Internal Error (./open/src/hotspot/share/utilities/constantTag.cpp:65), pid=24932, tid=19800
#  Error: ShouldNotReachHere()
#
# JRE version: OpenJDK Runtime Environment (15.0.1+9) (build 15.0.1+9-18)
# Java VM: OpenJDK 64-Bit Server VM (15.0.1+9-18, mixed mode, tiered, compressed oops, g1 gc, windows-amd64)
# No core dump will be written. Minidumps are not enabled by default on client versions of Windows
#
# If you would like to submit a bug report, please visit:
#   https://bugreport.java.com/bugreport/crash.jsp
#

---------------  S U M M A R Y ------------

Command Line: -XX:+ShowCodeDetailsInExceptionMessages -agentlib:jdwp=transport=dt_socket,suspend=y,address=localhost:53088 -ea -javaagent:C:\Users\Kikine\OneDrive\Documents\mes cours de programmation\programmes\eclipse\configuration\org.eclipse.osgi\405\0\.cp\lib\javaagent-shaded.jar -Dfile.encoding=UTF-8 org.eclipse.jdt.internal.junit.runner.RemoteTestRunner -version 3 -port 53083 -testLoaderClass org.eclipse.jdt.internal.junit5.runner.JUnit5TestLoader -loaderpluginname org.eclipse.jdt.junit5.runtime -classNames com.parkit.parkingsystem.integration.ParkingDataBaseIT

Host: Intel(R) Core(TM) i7-10875H CPU @ 2.30GHz, 16 cores, 15G,  Windows 10 , 64 bit Build 19041 (10.0.19041.804)
Time: Sun Apr  4 01:01:40 2021 Paris, Madrid (heure d’été) elapsed time: 13136.688215 seconds (0d 3h 38m 56s)

---------------  T H R E A D  ---------------

Current thread (0x000001cf7a3af6e0):  JavaThread "JDWP Transport Listener: dt_socket" daemon [_thread_in_vm, id=19800, stack(0x0000009b47900000,0x0000009b47a00000)] _threads_hazard_ptr=0x000001cf05714360

Stack: [0x0000009b47900000,0x0000009b47a00000]
Native frames: (J=compiled Java code, j=interpreted, Vv=VM code, C=native code)
V  [jvm.dll+0x62ae9a]
V  [jvm.dll+0x781389]
V  [jvm.dll+0x782ae3]
V  [jvm.dll+0x7830f7]
V  [jvm.dll+0x2161cc]
V  [jvm.dll+0x216113]
V  [jvm.dll+0x21268f]
V  [jvm.dll+0x20caad]
V  [jvm.dll+0x30105f]
V  [jvm.dll+0x3028ee]
V  [jvm.dll+0x2fff9f]
V  [jvm.dll+0x2ff24a]
V  [jvm.dll+0x619c80]
V  [jvm.dll+0x619963]
V  [jvm.dll+0x5df038]
V  [jvm.dll+0x7783ef]
V  [jvm.dll+0x4f04b1]
V  [jvm.dll+0x787e95]
V  [jvm.dll+0x4d430a]
V  [jvm.dll+0x49548b]
C  [jdwp.dll+0x796b]


---------------  P R O C E S S  ---------------

Threads class SMR info:
_java_thread_list=0x000001cf05714360, length=16, elements={
0x000001cf59c97760, 0x000001cf79642080, 0x000001cf79642a60, 0x000001cf7964d1f0,
0x000001cf7964dab0, 0x000001cf7964e370, 0x000001cf79f33530, 0x000001cf79f33ee0,
0x000001cf79f44fa0, 0x000001cf7a065b80, 0x000001cf7a3af6e0, 0x000001cf7a249460,
0x000001cf7a1f61b0, 0x000001cf7a3a4bd0, 0x000001cf7a9b3ec0, 0x000001cf7cc8dca0
}

Java Threads: ( => current thread )
  0x000001cf59c97760 JavaThread "main" [_thread_blocked, id=3280, stack(0x0000009b46600000,0x0000009b46700000)]
  0x000001cf79642080 JavaThread "Reference Handler" daemon [_thread_blocked, id=25608, stack(0x0000009b46d00000,0x0000009b46e00000)]
  0x000001cf79642a60 JavaThread "Finalizer" daemon [_thread_blocked, id=3664, stack(0x0000009b46e00000,0x0000009b46f00000)]
  0x000001cf7964d1f0 JavaThread "Signal Dispatcher" daemon [_thread_blocked, id=17508, stack(0x0000009b46f00000,0x0000009b47000000)]
  0x000001cf7964dab0 JavaThread "Attach Listener" daemon [_thread_blocked, id=8372, stack(0x0000009b47000000,0x0000009b47100000)]
  0x000001cf7964e370 JavaThread "Service Thread" daemon [_thread_blocked, id=6308, stack(0x0000009b47100000,0x0000009b47200000)]
  0x000001cf79f33530 JavaThread "C2 CompilerThread0" daemon [_thread_blocked, id=13724, stack(0x0000009b47200000,0x0000009b47300000)]
  0x000001cf79f33ee0 JavaThread "C1 CompilerThread0" daemon [_thread_blocked, id=14536, stack(0x0000009b47300000,0x0000009b47400000)]
  0x000001cf79f44fa0 JavaThread "Sweeper thread" daemon [_thread_blocked, id=10064, stack(0x0000009b47400000,0x0000009b47500000)]
  0x000001cf7a065b80 JavaThread "Common-Cleaner" daemon [_thread_blocked, id=19932, stack(0x0000009b47500000,0x0000009b47600000)]
=>0x000001cf7a3af6e0 JavaThread "JDWP Transport Listener: dt_socket" daemon [_thread_in_vm, id=19800, stack(0x0000009b47900000,0x0000009b47a00000)] _threads_hazard_ptr=0x000001cf05714360
  0x000001cf7a249460 JavaThread "JDWP Event Helper Thread" daemon [_thread_blocked, id=15836, stack(0x0000009b47a00000,0x0000009b47b00000)]
  0x000001cf7a1f61b0 JavaThread "JDWP Command Reader" daemon [_thread_in_native, id=30148, stack(0x0000009b47b00000,0x0000009b47c00000)]
  0x000001cf7a3a4bd0 JavaThread "Notification Thread" daemon [_thread_blocked, id=13564, stack(0x0000009b47d00000,0x0000009b47e00000)]
  0x000001cf7a9b3ec0 JavaThread "ReaderThread" [_thread_in_native, id=14136, stack(0x0000009b47f00000,0x0000009b48000000)]
  0x000001cf7cc8dca0 JavaThread "mysql-cj-abandoned-connection-cleanup" daemon [_thread_blocked, id=28740, stack(0x0000009b48b00000,0x0000009b48c00000)]

Other Threads:
  0x000001cf79ed6e50 VMThread "VM Thread" [stack: 0x0000009b46c00000,0x0000009b46d00000] [id=8136]
  0x000001cf7a516130 WatcherThread [stack: 0x0000009b47e00000,0x0000009b47f00000] [id=19588]
  0x000001cf59ceb730 GCTaskThread "GC Thread#0" [stack: 0x0000009b46700000,0x0000009b46800000] [id=22492]
  0x000001cf7a1dd760 GCTaskThread "GC Thread#1" [stack: 0x0000009b48000000,0x0000009b48100000] [id=25184]
  0x000001cf7a1dda90 GCTaskThread "GC Thread#2" [stack: 0x0000009b48100000,0x0000009b48200000] [id=20168]
  0x000001cf7a1dc440 GCTaskThread "GC Thread#3" [stack: 0x0000009b48200000,0x0000009b48300000] [id=10780]
  0x000001cf7a1dc110 GCTaskThread "GC Thread#4" [stack: 0x0000009b48300000,0x0000009b48400000] [id=17148]
  0x000001cf7a1dd100 GCTaskThread "GC Thread#5" [stack: 0x0000009b48400000,0x0000009b48500000] [id=27584]
  0x000001cf59cfcdf0 ConcurrentGCThread "G1 Main Marker" [stack: 0x0000009b46800000,0x0000009b46900000] [id=29068]
  0x000001cf59cfd970 ConcurrentGCThread "G1 Conc#0" [stack: 0x0000009b46900000,0x0000009b46a00000] [id=20464]
  0x000001cf7a1dcaa0 ConcurrentGCThread "G1 Conc#1" [stack: 0x0000009b48900000,0x0000009b48a00000] [id=30216]
  0x000001cf7a1dd430 ConcurrentGCThread "G1 Conc#2" [stack: 0x0000009b48a00000,0x0000009b48b00000] [id=5424]
  0x000001cf59d5d1f0 ConcurrentGCThread "G1 Refine#0" [stack: 0x0000009b46a00000,0x0000009b46b00000] [id=16836]
  0x000001cf794f48b0 ConcurrentGCThread "G1 Young RemSet Sampling" [stack: 0x0000009b46b00000,0x0000009b46c00000] [id=19368]

Threads with active compile tasks:

VM state: not at safepoint (normal execution)

VM Mutex/Monitor currently owned by a thread: None

Heap address: 0x0000000702c00000, size: 4052 MB, Compressed Oops mode: Zero based, Oop shift amount: 3
CDS disabled.
Compressed class space mapped at: 0x0000000800000000-0x0000000840000000, size: 1073741824
Narrow klass base: 0x0000000800000000, Narrow klass shift: 0, Narrow klass range: 0x40000000

GC Precious Log:
 CPUs: 16 total, 16 available
 Memory: 16203M
 Large Page Support: Disabled
 NUMA Support: Disabled
 Compressed Oops: Enabled (Zero based)
 Heap Region Size: 2M
 Heap Min Capacity: 8M
 Heap Initial Capacity: 254M
 Heap Max Capacity: 4052M
 Pre-touch: Disabled
 Parallel Workers: 13
 Concurrent Workers: 3
 Concurrent Refinement Workers: 13
 Periodic GC: Disabled

Heap:
 garbage-first heap   total 151552K, used 66562K [0x0000000702c00000, 0x0000000800000000)
  region size 2048K, 29 young (59392K), 1 survivors (2048K)
 Metaspace       used 34008K, capacity 34333K, committed 34688K, reserved 1079296K
  class space    used 4002K, capacity 4123K, committed 4224K, reserved 1048576K

Heap Regions: E=young(eden), S=young(survivor), O=old, HS=humongous(starts), HC=humongous(continues), CS=collection set, F=free, OA=open archive, CA=closed archive, TAMS=top-at-mark-start (previous, next)
|   0|0x0000000702c00000, 0x0000000702e00000, 0x0000000702e00000|100%| O|  |TAMS 0x0000000702e00000, 0x0000000702c00000| Untracked 
|   1|0x0000000702e00000, 0x0000000703000000, 0x0000000703000000|100%| O|  |TAMS 0x0000000703000000, 0x0000000702e00000| Untracked 
|   2|0x0000000703000000, 0x0000000703058e00, 0x0000000703200000| 17%| O|  |TAMS 0x0000000703058e00, 0x0000000703000000| Untracked 
|   3|0x0000000703200000, 0x0000000703400000, 0x0000000703400000|100%| O|  |TAMS 0x0000000703200000, 0x0000000703200000| Untracked 
|   4|0x0000000703400000, 0x0000000703581200, 0x0000000703600000| 75%| O|  |TAMS 0x0000000703400000, 0x0000000703400000| Untracked 
|   5|0x0000000703600000, 0x0000000703800000, 0x0000000703800000|100%| O|  |TAMS 0x0000000703600000, 0x0000000703600000| Untracked 
|   6|0x0000000703800000, 0x0000000703800000, 0x0000000703a00000|  0%| F|  |TAMS 0x0000000703800000, 0x0000000703800000| Untracked 
|   7|0x0000000703a00000, 0x0000000703a00000, 0x0000000703c00000|  0%| F|  |TAMS 0x0000000703a00000, 0x0000000703a00000| Untracked 
|   8|0x0000000703c00000, 0x0000000703c00000, 0x0000000703e00000|  0%| F|  |TAMS 0x0000000703c00000, 0x0000000703c00000| Untracked 
|   9|0x0000000703e00000, 0x0000000703e00000, 0x0000000704000000|  0%| F|  |TAMS 0x0000000703e00000, 0x0000000703e00000| Untracked 
|  10|0x0000000704000000, 0x00000007041269e0, 0x0000000704200000| 57%| S|CS|TAMS 0x0000000704000000, 0x0000000704000000| Complete 
|  11|0x0000000704200000, 0x0000000704200000, 0x0000000704400000|  0%| F|  |TAMS 0x0000000704200000, 0x0000000704200000| Untracked 
|  12|0x0000000704400000, 0x0000000704400000, 0x0000000704600000|  0%| F|  |TAMS 0x0000000704400000, 0x0000000704400000| Untracked 
|  13|0x0000000704600000, 0x0000000704600000, 0x0000000704800000|  0%| F|  |TAMS 0x0000000704600000, 0x0000000704600000| Untracked 
|  14|0x0000000704800000, 0x0000000704800000, 0x0000000704a00000|  0%| F|  |TAMS 0x0000000704800000, 0x0000000704800000| Untracked 
|  15|0x0000000704a00000, 0x0000000704a00000, 0x0000000704c00000|  0%| F|  |TAMS 0x0000000704a00000, 0x0000000704a00000| Untracked 
|  16|0x0000000704c00000, 0x0000000704c00000, 0x0000000704e00000|  0%| F|  |TAMS 0x0000000704c00000, 0x0000000704c00000| Untracked 
|  17|0x0000000704e00000, 0x0000000704e00000, 0x0000000705000000|  0%| F|  |TAMS 0x0000000704e00000, 0x0000000704e00000| Untracked 
|  18|0x0000000705000000, 0x0000000705000000, 0x0000000705200000|  0%| F|  |TAMS 0x0000000705000000, 0x0000000705000000| Untracked 
|  19|0x0000000705200000, 0x0000000705200000, 0x0000000705400000|  0%| F|  |TAMS 0x0000000705200000, 0x0000000705200000| Untracked 
|  20|0x0000000705400000, 0x0000000705400000, 0x0000000705600000|  0%| F|  |TAMS 0x0000000705400000, 0x0000000705400000| Untracked 
|  21|0x0000000705600000, 0x0000000705600000, 0x0000000705800000|  0%| F|  |TAMS 0x0000000705600000, 0x0000000705600000| Untracked 
|  22|0x0000000705800000, 0x0000000705800000, 0x0000000705a00000|  0%| F|  |TAMS 0x0000000705800000, 0x0000000705800000| Untracked 
|  23|0x0000000705a00000, 0x0000000705a00000, 0x0000000705c00000|  0%| F|  |TAMS 0x0000000705a00000, 0x0000000705a00000| Untracked 
|  24|0x0000000705c00000, 0x0000000705c00000, 0x0000000705e00000|  0%| F|  |TAMS 0x0000000705c00000, 0x0000000705c00000| Untracked 
|  25|0x0000000705e00000, 0x0000000705e00000, 0x0000000706000000|  0%| F|  |TAMS 0x0000000705e00000, 0x0000000705e00000| Untracked 
|  26|0x0000000706000000, 0x0000000706000000, 0x0000000706200000|  0%| F|  |TAMS 0x0000000706000000, 0x0000000706000000| Untracked 
|  27|0x0000000706200000, 0x0000000706200000, 0x0000000706400000|  0%| F|  |TAMS 0x0000000706200000, 0x0000000706200000| Untracked 
|  28|0x0000000706400000, 0x0000000706400000, 0x0000000706600000|  0%| F|  |TAMS 0x0000000706400000, 0x0000000706400000| Untracked 
|  29|0x0000000706600000, 0x0000000706600000, 0x0000000706800000|  0%| F|  |TAMS 0x0000000706600000, 0x0000000706600000| Untracked 
|  30|0x0000000706800000, 0x0000000706800000, 0x0000000706a00000|  0%| F|  |TAMS 0x0000000706800000, 0x0000000706800000| Untracked 
|  31|0x0000000706a00000, 0x0000000706a00000, 0x0000000706c00000|  0%| F|  |TAMS 0x0000000706a00000, 0x0000000706a00000| Untracked 
|  32|0x0000000706c00000, 0x0000000706c00000, 0x0000000706e00000|  0%| F|  |TAMS 0x0000000706c00000, 0x0000000706c00000| Untracked 
|  33|0x0000000706e00000, 0x0000000706e00000, 0x0000000707000000|  0%| F|  |TAMS 0x0000000706e00000, 0x0000000706e00000| Untracked 
|  34|0x0000000707000000, 0x0000000707000000, 0x0000000707200000|  0%| F|  |TAMS 0x0000000707000000, 0x0000000707000000| Untracked 
|  35|0x0000000707200000, 0x0000000707200000, 0x0000000707400000|  0%| F|  |TAMS 0x0000000707200000, 0x0000000707200000| Untracked 
|  36|0x0000000707400000, 0x0000000707400000, 0x0000000707600000|  0%| F|  |TAMS 0x0000000707400000, 0x0000000707400000| Untracked 
|  37|0x0000000707600000, 0x0000000707600000, 0x0000000707800000|  0%| F|  |TAMS 0x0000000707600000, 0x0000000707600000| Untracked 
|  38|0x0000000707800000, 0x0000000707800000, 0x0000000707a00000|  0%| F|  |TAMS 0x0000000707800000, 0x0000000707800000| Untracked 
|  39|0x0000000707a00000, 0x0000000707a00000, 0x0000000707c00000|  0%| F|  |TAMS 0x0000000707a00000, 0x0000000707a00000| Untracked 
|  40|0x0000000707c00000, 0x0000000707c00000, 0x0000000707e00000|  0%| F|  |TAMS 0x0000000707c00000, 0x0000000707c00000| Untracked 
|  41|0x0000000707e00000, 0x0000000707e00000, 0x0000000708000000|  0%| F|  |TAMS 0x0000000707e00000, 0x0000000707e00000| Untracked 
|  42|0x0000000708000000, 0x0000000708000000, 0x0000000708200000|  0%| F|  |TAMS 0x0000000708000000, 0x0000000708000000| Untracked 
|  43|0x0000000708200000, 0x0000000708200000, 0x0000000708400000|  0%| F|  |TAMS 0x0000000708200000, 0x0000000708200000| Untracked 
|  44|0x0000000708400000, 0x0000000708400000, 0x0000000708600000|  0%| F|  |TAMS 0x0000000708400000, 0x0000000708400000| Untracked 
|  45|0x0000000708600000, 0x0000000708600000, 0x0000000708800000|  0%| F|  |TAMS 0x0000000708600000, 0x0000000708600000| Untracked 
|  46|0x0000000708800000, 0x00000007088731a8, 0x0000000708a00000| 22%| E|  |TAMS 0x0000000708800000, 0x0000000708800000| Complete 
|  47|0x0000000708a00000, 0x0000000708c00000, 0x0000000708c00000|100%| E|CS|TAMS 0x0000000708a00000, 0x0000000708a00000| Complete 
|  48|0x0000000708c00000, 0x0000000708e00000, 0x0000000708e00000|100%| E|CS|TAMS 0x0000000708c00000, 0x0000000708c00000| Complete 
|  49|0x0000000708e00000, 0x0000000709000000, 0x0000000709000000|100%| E|CS|TAMS 0x0000000708e00000, 0x0000000708e00000| Complete 
|  50|0x0000000709000000, 0x0000000709200000, 0x0000000709200000|100%| E|CS|TAMS 0x0000000709000000, 0x0000000709000000| Complete 
|  51|0x0000000709200000, 0x0000000709400000, 0x0000000709400000|100%| E|CS|TAMS 0x0000000709200000, 0x0000000709200000| Complete 
|  52|0x0000000709400000, 0x0000000709600000, 0x0000000709600000|100%| E|CS|TAMS 0x0000000709400000, 0x0000000709400000| Complete 
|  53|0x0000000709600000, 0x0000000709800000, 0x0000000709800000|100%| E|CS|TAMS 0x0000000709600000, 0x0000000709600000| Complete 
|  54|0x0000000709800000, 0x0000000709a00000, 0x0000000709a00000|100%| E|CS|TAMS 0x0000000709800000, 0x0000000709800000| Complete 
|  55|0x0000000709a00000, 0x0000000709c00000, 0x0000000709c00000|100%| E|CS|TAMS 0x0000000709a00000, 0x0000000709a00000| Complete 
|  56|0x0000000709c00000, 0x0000000709e00000, 0x0000000709e00000|100%| E|CS|TAMS 0x0000000709c00000, 0x0000000709c00000| Complete 
|  57|0x0000000709e00000, 0x000000070a000000, 0x000000070a000000|100%| E|CS|TAMS 0x0000000709e00000, 0x0000000709e00000| Complete 
|  58|0x000000070a000000, 0x000000070a200000, 0x000000070a200000|100%| E|CS|TAMS 0x000000070a000000, 0x000000070a000000| Complete 
|  59|0x000000070a200000, 0x000000070a400000, 0x000000070a400000|100%| E|CS|TAMS 0x000000070a200000, 0x000000070a200000| Complete 
|  60|0x000000070a400000, 0x000000070a600000, 0x000000070a600000|100%| E|CS|TAMS 0x000000070a400000, 0x000000070a400000| Complete 
|  61|0x000000070a600000, 0x000000070a800000, 0x000000070a800000|100%| E|CS|TAMS 0x000000070a600000, 0x000000070a600000| Complete 
|  62|0x000000070a800000, 0x000000070aa00000, 0x000000070aa00000|100%| E|CS|TAMS 0x000000070a800000, 0x000000070a800000| Complete 
|  63|0x000000070aa00000, 0x000000070ac00000, 0x000000070ac00000|100%| E|CS|TAMS 0x000000070aa00000, 0x000000070aa00000| Complete 
|  64|0x000000070ac00000, 0x000000070ae00000, 0x000000070ae00000|100%| E|CS|TAMS 0x000000070ac00000, 0x000000070ac00000| Complete 
|  65|0x000000070ae00000, 0x000000070b000000, 0x000000070b000000|100%| E|CS|TAMS 0x000000070ae00000, 0x000000070ae00000| Complete 
|  66|0x000000070b000000, 0x000000070b200000, 0x000000070b200000|100%| E|CS|TAMS 0x000000070b000000, 0x000000070b000000| Complete 
|  67|0x000000070b200000, 0x000000070b400000, 0x000000070b400000|100%| E|CS|TAMS 0x000000070b200000, 0x000000070b200000| Complete 
|  68|0x000000070b400000, 0x000000070b600000, 0x000000070b600000|100%| E|CS|TAMS 0x000000070b400000, 0x000000070b400000| Complete 
|  69|0x000000070b600000, 0x000000070b800000, 0x000000070b800000|100%| E|CS|TAMS 0x000000070b600000, 0x000000070b600000| Complete 
|  70|0x000000070b800000, 0x000000070ba00000, 0x000000070ba00000|100%| E|CS|TAMS 0x000000070b800000, 0x000000070b800000| Complete 
| 103|0x000000070fa00000, 0x000000070fc00000, 0x000000070fc00000|100%| E|CS|TAMS 0x000000070fa00000, 0x000000070fa00000| Complete 
| 104|0x000000070fc00000, 0x000000070fe00000, 0x000000070fe00000|100%| E|CS|TAMS 0x000000070fc00000, 0x000000070fc00000| Complete 
| 126|0x0000000712800000, 0x0000000712a00000, 0x0000000712a00000|100%| E|CS|TAMS 0x0000000712800000, 0x0000000712800000| Complete 

Card table byte_map: [0x000001cf6d730000,0x000001cf6df20000] _byte_map_base: 0x000001cf69f1a000

Marking Bits (Prev, Next): (CMBitMap*) 0x000001cf59cebef0, (CMBitMap*) 0x000001cf59cebeb0
 Prev Bits: [0x000001cf72660000, 0x000001cf765b0000)
 Next Bits: [0x000001cf6e710000, 0x000001cf72660000)

Polling page: 0x000001cf57ca0000

Metaspace:

Usage:
  Non-class:     29.50 MB capacity,    29.30 MB (>99%) used,   164.41 KB ( <1%) free+waste,    38.81 KB ( <1%) overhead. 
      Class:      4.03 MB capacity,     3.91 MB ( 97%) used,   106.75 KB (  3%) free+waste,    14.06 KB ( <1%) overhead. 
       Both:     33.53 MB capacity,    33.21 MB (>99%) used,   271.16 KB ( <1%) free+waste,    52.88 KB ( <1%) overhead. 

Virtual space:
  Non-class space:       30.00 MB reserved,      29.75 MB (>99%) committed 
      Class space:        1.00 GB reserved,       4.12 MB ( <1%) committed 
             Both:        1.03 GB reserved,      33.88 MB (  3%) committed 

Chunk freelists:
   Non-Class:  62.00 KB
       Class:  5.00 KB
        Both:  67.00 KB

MaxMetaspaceSize: 17179869184.00 GB
CompressedClassSpaceSize: 1.00 GB

CodeHeap 'non-profiled nmethods': size=119168Kb used=2575Kb max_used=2575Kb free=116592Kb
 bounds [0x000001cf65240000, 0x000001cf654d0000, 0x000001cf6c6a0000]
CodeHeap 'profiled nmethods': size=119104Kb used=6863Kb max_used=6863Kb free=112240Kb
 bounds [0x000001cf5ddf0000, 0x000001cf5e4b0000, 0x000001cf65240000]
CodeHeap 'non-nmethods': size=7488Kb used=1374Kb max_used=3249Kb free=6113Kb
 bounds [0x000001cf5d6a0000, 0x000001cf5da00000, 0x000001cf5ddf0000]
 total_blobs=3913 nmethods=3342 adapters=483
 compilation: enabled
              stopped_count=0, restarted_count=0
 full_count=0

Compilation events (20 events):
Event: 1273.684 Thread 0x000001cf79f33ee0 3334   !   3       com.mysql.cj.jdbc.AbandonedConnectionCleanupThread::checkThreadContextClassLoader (20 bytes)
Event: 1273.685 Thread 0x000001cf79f33ee0 nmethod 3334 0x000001cf5e4a2510 code [0x000001cf5e4a27c0, 0x000001cf5e4a3798]
Event: 1408.925 Thread 0x000001cf79f33530 3335       4       java.net.URLStreamHandler::parseURL (1201 bytes)
Event: 1409.028 Thread 0x000001cf79f33530 nmethod 3335 0x000001cf654b2a10 code [0x000001cf654b2ec0, 0x000001cf654b71e0]
Event: 4859.474 Thread 0x000001cf79f33530 3336       4       java.io.File::<init> (111 bytes)
Event: 4859.479 Thread 0x000001cf79f33530 nmethod 3336 0x000001cf654ba790 code [0x000001cf654ba980, 0x000001cf654bb3c0]
Event: 7944.457 Thread 0x000001cf79f33530 3337       4       sun.net.www.ParseUtil::encodePath (41 bytes)
Event: 7944.459 Thread 0x000001cf79f33530 nmethod 3337 0x000001cf654bba90 code [0x000001cf654bbc40, 0x000001cf654bbff8]
Event: 8239.901 Thread 0x000001cf79f33530 3338       4       jdk.internal.module.Resources::toPackageName (39 bytes)
Event: 8239.904 Thread 0x000001cf79f33530 nmethod 3338 0x000001cf654bc310 code [0x000001cf654bc4c0, 0x000001cf654bc7d8]
Event: 8244.914 Thread 0x000001cf79f33530 3339   !   4       jdk.internal.loader.BuiltinClassLoader::findMiscResource (122 bytes)
Event: 8244.926 Thread 0x000001cf79f33530 nmethod 3339 0x000001cf654bca90 code [0x000001cf654bcca0, 0x000001cf654bdba8]
Event: 8455.257 Thread 0x000001cf79f33530 3340   !   4       jdk.internal.loader.BuiltinClassLoader::findResource (154 bytes)
Event: 8455.301 Thread 0x000001cf79f33530 nmethod 3340 0x000001cf654be490 code [0x000001cf654be780, 0x000001cf654c16e0]
Event: 10112.837 Thread 0x000001cf79f33530 3341       4       java.lang.ref.ReferenceQueue::reallyPoll (65 bytes)
Event: 10112.840 Thread 0x000001cf79f33530 nmethod 3341 0x000001cf654c3210 code [0x000001cf654c33a0, 0x000001cf654c3738]
Event: 11650.360 Thread 0x000001cf79f33530 3342       4       org.eclipse.jdt.launching.internal.org.objectweb.asm.ClassWriter::toByteArray (1535 bytes)
Event: 11650.627 Thread 0x000001cf79f33530 

Event: 12937.334 Thread 0x000001cf79f33530 3343       4       java.lang.ClassLoader::getResource (41 bytes)
Event: 12937.335 Thread 0x000001cf79f33530 nmethod 3343 0x000001cf654c3810 code [0x000001cf654c3a00, 0x000001cf654c3c50]

GC Heap History (14 events):
Event: 0.509 GC heap before
{Heap before GC invocations=0 (full 0):
 garbage-first heap   total 260096K, used 20480K [0x0000000702c00000, 0x0000000800000000)
  region size 2048K, 11 young (22528K), 0 survivors (0K)
 Metaspace       used 12041K, capacity 12256K, committed 12416K, reserved 1060864K
  class space    used 1068K, capacity 1119K, committed 1152K, reserved 1048576K
}
Event: 0.511 GC heap after
{Heap after GC invocations=1 (full 0):
 garbage-first heap   total 260096K, used 4406K [0x0000000702c00000, 0x0000000800000000)
  region size 2048K, 2 young (4096K), 2 survivors (4096K)
 Metaspace       used 12041K, capacity 12256K, committed 12416K, reserved 1060864K
  class space    used 1068K, capacity 1119K, committed 1152K, reserved 1048576K
}
Event: 0.782 GC heap before
{Heap before GC invocations=1 (full 0):
 garbage-first heap   total 260096K, used 33078K [0x0000000702c00000, 0x0000000800000000)
  region size 2048K, 16 young (32768K), 2 survivors (4096K)
 Metaspace       used 16106K, capacity 16288K, committed 16640K, reserved 1064960K
  class space    used 1606K, capacity 1695K, committed 1792K, reserved 1048576K
}
Event: 0.785 GC heap after
{Heap after GC invocations=2 (full 0):
 garbage-first heap   total 260096K, used 5464K [0x0000000702c00000, 0x0000000800000000)
  region size 2048K, 1 young (2048K), 1 survivors (2048K)
 Metaspace       used 16106K, capacity 16288K, committed 16640K, reserved 1064960K
  class space    used 1606K, capacity 1695K, committed 1792K, reserved 1048576K
}
Event: 1.099 GC heap before
{Heap before GC invocations=2 (full 0):
 garbage-first heap   total 260096K, used 46424K [0x0000000702c00000, 0x0000000800000000)
  region size 2048K, 22 young (45056K), 1 survivors (2048K)
 Metaspace       used 20834K, capacity 21037K, committed 21248K, reserved 1069056K
  class space    used 2198K, capacity 2289K, committed 2304K, reserved 1048576K
}
Event: 1.101 GC heap after
{Heap after GC invocations=3 (full 0):
 garbage-first heap   total 260096K, used 6701K [0x0000000702c00000, 0x0000000800000000)
  region size 2048K, 2 young (4096K), 2 survivors (4096K)
 Metaspace       used 20834K, capacity 21037K, committed 21248K, reserved 1069056K
  class space    used 2198K, capacity 2289K, committed 2304K, reserved 1048576K
}
Event: 1.303 GC heap before
{Heap before GC invocations=4 (full 0):
 garbage-first heap   total 40960K, used 33325K [0x0000000702c00000, 0x0000000800000000)
  region size 2048K, 15 young (30720K), 2 survivors (4096K)
 Metaspace       used 24380K, capacity 24727K, committed 24960K, reserved 1071104K
  class space    used 2574K, capacity 2663K, committed 2688K, reserved 1048576K
}
Event: 1.306 GC heap after
{Heap after GC invocations=5 (full 0):
 garbage-first heap   total 43008K, used 8163K [0x0000000702c00000, 0x0000000800000000)
  region size 2048K, 2 young (4096K), 2 survivors (4096K)
 Metaspace       used 24380K, capacity 24727K, committed 24960K, reserved 1071104K
  class space    used 2574K, capacity 2663K, committed 2688K, reserved 1048576K
}
Event: 1.448 GC heap before
{Heap before GC invocations=5 (full 0):
 garbage-first heap   total 43008K, used 24547K [0x0000000702c00000, 0x0000000800000000)
  region size 2048K, 11 young (22528K), 2 survivors (4096K)
 Metaspace       used 27394K, capacity 27640K, committed 27904K, reserved 1075200K
  class space    used 2922K, capacity 2989K, committed 3072K, reserved 1048576K
}
Event: 1.451 GC heap after
{Heap after GC invocations=6 (full 0):
 garbage-first heap   total 43008K, used 10259K [0x0000000702c00000, 0x0000000800000000)
  region size 2048K, 2 young (4096K), 2 survivors (4096K)
 Metaspace       used 27394K, capacity 27640K, committed 27904K, reserved 1075200K
  class space    used 2922K, capacity 2989K, committed 3072K, reserved 1048576K
}
Event: 1.629 GC heap before
{Heap before GC invocations=6 (full 0):
 garbage-first heap   total 43008K, used 26643K [0x0000000702c00000, 0x0000000800000000)
  region size 2048K, 10 young (20480K), 2 survivors (4096K)
 Metaspace       used 29581K, capacity 29848K, committed 30080K, reserved 1075200K
  class space    used 3240K, capacity 3341K, committed 3456K, reserved 1048576K
}
Event: 1.632 GC heap after
{Heap after GC invocations=7 (full 0):
 garbage-first heap   total 43008K, used 10842K [0x0000000702c00000, 0x0000000800000000)
  region size 2048K, 2 young (4096K), 2 survivors (4096K)
 Metaspace       used 29581K, capacity 29848K, committed 30080K, reserved 1075200K
  class space    used 3240K, capacity 3341K, committed 3456K, reserved 1048576K
}
Event: 1.756 GC heap before
{Heap before GC invocations=7 (full 0):
 garbage-first heap   total 43008K, used 27226K [0x0000000702c00000, 0x0000000800000000)
  region size 2048K, 10 young (20480K), 2 survivors (4096K)
 Metaspace       used 31147K, capacity 31411K, committed 31616K, reserved 1077248K
  class space    used 3563K, capacity 3667K, committed 3712K, reserved 1048576K
}
Event: 1.758 GC heap after
{Heap after GC invocations=8 (full 0):
 garbage-first heap   total 151552K, used 11266K [0x0000000702c00000, 0x0000000800000000)
  region size 2048K, 1 young (2048K), 1 survivors (2048K)
 Metaspace       used 31147K, capacity 31411K, committed 31616K, reserved 1077248K
  class space    used 3563K, capacity 3667K, committed 3712K, reserved 1048576K
}

Deoptimization events (20 events):
Event: 2.129 Thread 0x000001cf59c97760 DEOPT PACKING pc=0x000001cf5e41f5d3 sp=0x0000009b466fc0f0
Event: 2.129 Thread 0x000001cf59c97760 DEOPT UNPACKING pc=0x000001cf5d6ee23f sp=0x0000009b466fb5b8 mode 0
Event: 2.130 Thread 0x000001cf59c97760 DEOPT PACKING pc=0x000001cf5e41f5d3 sp=0x0000009b466fc320
Event: 2.130 Thread 0x000001cf59c97760 DEOPT UNPACKING pc=0x000001cf5d6ee23f sp=0x0000009b466fb7e8 mode 0
Event: 2.131 Thread 0x000001cf59c97760 DEOPT PACKING pc=0x000001cf5e41f5f9 sp=0x0000009b466fc2b0
Event: 2.131 Thread 0x000001cf59c97760 DEOPT UNPACKING pc=0x000001cf5d6ee23f sp=0x0000009b466fb778 mode 0
Event: 2.131 Thread 0x000001cf59c97760 DEOPT PACKING pc=0x000001cf5e41f5d3 sp=0x0000009b466fc2b0
Event: 2.131 Thread 0x000001cf59c97760 DEOPT UNPACKING pc=0x000001cf5d6ee23f sp=0x0000009b466fb778 mode 0
Event: 2.132 Thread 0x000001cf59c97760 DEOPT PACKING pc=0x000001cf5e41f5d3 sp=0x0000009b466fc2b0
Event: 2.132 Thread 0x000001cf59c97760 DEOPT UNPACKING pc=0x000001cf5d6ee23f sp=0x0000009b466fb778 mode 0
Event: 2.134 Thread 0x000001cf59c97760 DEOPT PACKING pc=0x000001cf5e482861 sp=0x0000009b466fc240
Event: 2.134 Thread 0x000001cf59c97760 DEOPT UNPACKING pc=0x000001cf5d6ee23f sp=0x0000009b466fb6f8 mode 1
Event: 2.134 Thread 0x000001cf59c97760 DEOPT PACKING pc=0x000001cf5e482861 sp=0x0000009b466fc5e0
Event: 2.134 Thread 0x000001cf59c97760 DEOPT UNPACKING pc=0x000001cf5d6ee23f sp=0x0000009b466fba98 mode 1
Event: 2.139 Thread 0x000001cf59c97760 DEOPT PACKING pc=0x000001cf5e4841f1 sp=0x0000009b466fccb0
Event: 2.139 Thread 0x000001cf59c97760 DEOPT UNPACKING pc=0x000001cf5d6ee23f sp=0x0000009b466fc168 mode 1
Event: 6.633 Thread 0x000001cf7cc8dca0 Uncommon trap: trap_request=0xffffff45 fr.pc=0x000001cf652e4914 relative=0x00000000000001f4
Event: 6.633 Thread 0x000001cf7cc8dca0 Uncommon trap: reason=unstable_if action=reinterpret pc=0x000001cf652e4914 method=java.lang.StringLatin1.indexOf([B[B)I @ 9 c2
Event: 6.633 Thread 0x000001cf7cc8dca0 DEOPT PACKING pc=0x000001cf652e4914 sp=0x0000009b48bfe9d0
Event: 6.633 Thread 0x000001cf7cc8dca0 DEOPT UNPACKING pc=0x000001cf5d6ee42f sp=0x0000009b48bfe960 mode 2

Classes unloaded (0 events):
No events

Classes redefined (20 events):
Event: 5550.701 Thread 0x000001cf79ed6e50 redefined class name=com.parkit.parkingsystem.integration.ParkingDataBaseIT, count=18
Event: 5753.463 Thread 0x000001cf79ed6e50 redefined class name=com.parkit.parkingsystem.integration.ParkingDataBaseIT, count=19
Event: 7361.479 Thread 0x000001cf79ed6e50 redefined class name=com.parkit.parkingsystem.integration.ParkingDataBaseIT, count=20
Event: 7440.049 Thread 0x000001cf79ed6e50 redefined class name=com.parkit.parkingsystem.integration.ParkingDataBaseIT, count=21
Event: 10933.140 Thread 0x000001cf79ed6e50 redefined class name=com.parkit.parkingsystem.integration.ParkingDataBaseIT, count=22
Event: 11288.808 Thread 0x000001cf79ed6e50 redefined class name=com.parkit.parkingsystem.integration.ParkingDataBaseIT, count=23
Event: 11370.505 Thread 0x000001cf79ed6e50 redefined class name=com.parkit.parkingsystem.integration.ParkingDataBaseIT, count=24
Event: 11465.874 Thread 0x000001cf79ed6e50 redefined class name=com.parkit.parkingsystem.integration.ParkingDataBaseIT, count=25
Event: 11650.365 Thread 0x000001cf79ed6e50 redefined class name=com.parkit.parkingsystem.integration.ParkingDataBaseIT, count=26
Event: 11740.428 Thread 0x000001cf79ed6e50 redefined class name=com.parkit.parkingsystem.integration.ParkingDataBaseIT, count=27
Event: 11792.107 Thread 0x000001cf79ed6e50 redefined class name=com.parkit.parkingsystem.integration.ParkingDataBaseIT, count=28
Event: 12086.835 Thread 0x000001cf79ed6e50 redefined class name=com.parkit.parkingsystem.integration.ParkingDataBaseIT, count=29
Event: 12225.533 Thread 0x000001cf79ed6e50 redefined class name=com.parkit.parkingsystem.integration.ParkingDataBaseIT, count=30
Event: 12454.911 Thread 0x000001cf79ed6e50 redefined class name=com.parkit.parkingsystem.integration.ParkingDataBaseIT, count=31
Event: 12618.804 Thread 0x000001cf79ed6e50 redefined class name=com.parkit.parkingsystem.integration.ParkingDataBaseIT, count=32
Event: 12798.150 Thread 0x000001cf79ed6e50 redefined class name=com.parkit.parkingsystem.integration.ParkingDataBaseIT, count=33
Event: 12841.370 Thread 0x000001cf79ed6e50 redefined class name=com.parkit.parkingsystem.integration.ParkingDataBaseIT, count=34
Event: 12969.891 Thread 0x000001cf79ed6e50 redefined class name=com.parkit.parkingsystem.integration.ParkingDataBaseIT, count=35
Event: 13048.897 Thread 0x000001cf79ed6e50 redefined class name=com.parkit.parkingsystem.integration.ParkingDataBaseIT, count=36
Event: 13128.012 Thread 0x000001cf79ed6e50 redefined class name=com.parkit.parkingsystem.integration.ParkingDataBaseIT, count=37

Internal exceptions (20 events):
Event: 0.573 Thread 0x000001cf59c97760 Exception <a 'java/lang/NoSuchMethodError'{0x00000007125cfc48}: 'int java.lang.invoke.DirectMethodHandle$Holder.invokeVirtual(java.lang.Object, java.lang.Object, java.lang.Object)'> (0x00000007125cfc48) 
thrown [./open/src/hotspot/share/interpreter/linkResolver.cpp, line 782]
Event: 0.575 Thread 0x000001cf59c97760 Exception <a 'java/lang/NoSuchMethodError'{0x00000007125f2648}: 'void java.lang.invoke.DirectMethodHandle$Holder.invokeInterface(java.lang.Object, java.lang.Object)'> (0x00000007125f2648) 
thrown [./open/src/hotspot/share/interpreter/linkResolver.cpp, line 782]
Event: 0.575 Thread 0x000001cf59c97760 Exception <a 'java/lang/IncompatibleClassChangeError'{0x00000007125f5b00}: Found class java.lang.Object, but interface was expected> (0x00000007125f5b00) 
thrown [./open/src/hotspot/share/interpreter/linkResolver.cpp, line 848]
Event: 0.577 Thread 0x000001cf59c97760 Exception <a 'java/lang/NoSuchMethodError'{0x0000000712209580}: 'void java.lang.invoke.DirectMethodHandle$Holder.invokeStatic(java.lang.Object, java.lang.Object, java.lang.Object, java.lang.Object)'> (0x0000000712209580) 
thrown [./open/src/hotspot/share/interpreter/linkResolver.cpp, line 782]
Event: 0.590 Thread 0x000001cf59c97760 Exception <a 'java/lang/NoSuchMethodError'{0x000000071230bfe8}: 'void java.lang.invoke.DirectMethodHandle$Holder.invokeInterface(java.lang.Object, java.lang.Object, java.lang.Object, java.lang.Object)'> (0x000000071230bfe8) 
thrown [./open/src/hotspot/share/interpreter/linkResolver.cpp, line 782]
Event: 0.590 Thread 0x000001cf59c97760 Exception <a 'java/lang/IncompatibleClassChangeError'{0x000000071230f648}: Found class java.lang.Object, but interface was expected> (0x000000071230f648) 
thrown [./open/src/hotspot/share/interpreter/linkResolver.cpp, line 848]
Event: 0.596 Thread 0x000001cf59c97760 Exception <a 'java/lang/NoSuchMethodError'{0x00000007123c6518}: 'int java.lang.invoke.DirectMethodHandle$Holder.invokeStatic(java.lang.Object, java.lang.Object, java.lang.Object, java.lang.Object)'> (0x00000007123c6518) 
thrown [./open/src/hotspot/share/interpreter/linkResolver.cpp, line 782]
Event: 0.597 Thread 0x000001cf59c97760 Exception <a 'java/lang/NoSuchMethodError'{0x00000007123ca070}: 'java.lang.Object java.lang.invoke.Invokers$Holder.invokeExact_MT(java.lang.Object, java.lang.Object, java.lang.Object, java.lang.Object, java.lang.Object, java.lang.Object)'> (0x00000007123ca070) 
thrown [./open/src/hotspot/share/interpreter/linkResolver.cpp, line 782]
Event: 0.609 Thread 0x000001cf59c97760 Exception <a 'java/lang/NoSuchMethodError'{0x0000000712122280}: 'int java.lang.invoke.DirectMethodHandle$Holder.invokeStatic(java.lang.Object, java.lang.Object, java.lang.Object, java.lang.Object, java.lang.Object)'> (0x0000000712122280) 
thrown [./open/src/hotspot/share/interpreter/linkResolver.cpp, line 782]
Event: 0.636 Thread 0x000001cf59c97760 Exception <a 'java/lang/NoSuchMethodError'{0x0000000711fc8628}: 'void java.lang.invoke.DirectMethodHandle$Holder.invokeInterface(java.lang.Object, java.lang.Object, java.lang.Object)'> (0x0000000711fc8628) 
thrown [./open/src/hotspot/share/interpreter/linkResolver.cpp, line 782]
Event: 0.745 Thread 0x000001cf59c97760 Exception <a 'java/lang/NoSuchMethodError'{0x0000000710ded780}: 'java.lang.Object java.lang.invoke.DirectMethodHandle$Holder.invokeStaticInit(java.lang.Object, int, int, int, int)'> (0x0000000710ded780) 
thrown [./open/src/hotspot/share/interpreter/linkResolver.cpp, line 782]
Event: 0.773 Thread 0x000001cf59c97760 Exception <a 'java/lang/NoSuchMethodError'{0x0000000710abb5f0}: 'java.lang.Object java.lang.invoke.DirectMethodHandle$Holder.invokeStaticInit(java.lang.Object, java.lang.Object, int, int, int, int)'> (0x0000000710abb5f0) 
thrown [./open/src/hotspot/share/interpreter/linkResolver.cpp, line 782]
Event: 1.036 Thread 0x000001cf59c97760 Implicit null exception at 0x000001cf652c336e to 0x000001cf652c3490
Event: 1.114 Thread 0x000001cf59c97760 Exception <a 'java/lang/NoSuchMethodError'{0x000000071284d170}: 'int java.lang.invoke.DirectMethodHandle$Holder.invokeInterface(java.lang.Object, java.lang.Object)'> (0x000000071284d170) 
thrown [./open/src/hotspot/share/interpreter/linkResolver.cpp, line 782]
Event: 1.114 Thread 0x000001cf59c97760 Exception <a 'java/lang/IncompatibleClassChangeError'{0x00000007128508d0}: Found class java.lang.Object, but interface was expected> (0x00000007128508d0) 
thrown [./open/src/hotspot/share/interpreter/linkResolver.cpp, line 848]
Event: 1.195 Thread 0x000001cf59c97760 Exception <a 'java/lang/NoSuchMethodError'{0x000000070471e558}: 'java.lang.Object java.lang.invoke.DirectMethodHandle$Holder.invokeVirtual(java.lang.Object, java.lang.Object, java.lang.Object)'> (0x000000070471e558) 
thrown [./open/src/hotspot/share/interpreter/linkResolver.cpp, line 782]
Event: 1.364 Thread 0x000001cf59c97760 Exception <a 'sun/nio/fs/WindowsException'{0x0000000704becab0}> (0x0000000704becab0) 
thrown [./open/src/hotspot/share/prims/jni.cpp, line 578]
Event: 1.372 Thread 0x000001cf59c97760 Exception <a 'java/lang/NoSuchMethodError'{0x000000070483b7c0}: 'int java.lang.invoke.DirectMethodHandle$Holder.invokeStaticInit(java.lang.Object, java.lang.Object, java.lang.Object, java.lang.Object)'> (0x000000070483b7c0) 
thrown [./open/src/hotspot/share/interpreter/linkResolver.cpp, line 782]
Event: 1.987 Thread 0x000001cf59c97760 Exception <a 'java/net/SocketException'{0x000000070a49c228}: Connection reset by peer: shutdown> (0x000000070a49c228) 
thrown [./open/src/hotspot/share/prims/jni.cpp, line 599]
Event: 2.039 Thread 0x000001cf59c97760 Exception <a 'java/net/SocketException'{0x0000000709d0b348}: Connection reset by peer: shutdown> (0x0000000709d0b348) 
thrown [./open/src/hotspot/share/prims/jni.cpp, line 599]

Events (20 events):
Event: 13131.885 Executing VM operation: get/set locals
Event: 13131.885 Executing VM operation: get/set locals done
Event: 13131.885 Executing VM operation: GetFrameLocation
Event: 13131.885 Executing VM operation: GetFrameLocation done
Event: 13131.885 Executing VM operation: get/set locals
Event: 13131.885 Executing VM operation: get/set locals done
Event: 13131.886 Executing VM operation: GetFrameLocation
Event: 13131.886 Executing VM operation: GetFrameLocation done
Event: 13131.886 Executing VM operation: get/set locals
Event: 13131.886 Executing VM operation: get/set locals done
Event: 13131.886 Executing VM operation: GetFrameLocation
Event: 13131.886 Executing VM operation: GetFrameLocation done
Event: 13131.886 Executing VM operation: get/set locals
Event: 13131.886 Executing VM operation: get/set locals done
Event: 13131.886 Executing VM operation: GetFrameLocation
Event: 13131.886 Executing VM operation: GetFrameLocation done
Event: 13131.886 Executing VM operation: get/set locals
Event: 13131.886 Executing VM operation: get/set locals done
Event: 13136.686 Executing VM operation: GetFrameLocation
Event: 13136.686 Executing VM operation: GetFrameLocation done


Dynamic libraries:
0x00007ff64bd80000 - 0x00007ff64bd8d000 	C:\Users\Kikine\OneDrive\Documents\mes cours de programmation\programmes\eclipse\plugins\org.eclipse.justj.openjdk.hotspot.jre.full.win32.x86_64_15.0.1.v20201027-0507\jre\bin\javaw.exe
0x00007ff8249b0000 - 0x00007ff824ba5000 	C:\WINDOWS\SYSTEM32\ntdll.dll
0x00007ff822f00000 - 0x00007ff822fbd000 	C:\WINDOWS\System32\KERNEL32.DLL
0x00007ff822430000 - 0x00007ff8226f9000 	C:\WINDOWS\System32\KERNELBASE.dll
0x00007ff822860000 - 0x00007ff822960000 	C:\WINDOWS\System32\ucrtbase.dll
0x00007ff80ae80000 - 0x00007ff80ae99000 	C:\Users\Kikine\OneDrive\Documents\mes cours de programmation\programmes\eclipse\plugins\org.eclipse.justj.openjdk.hotspot.jre.full.win32.x86_64_15.0.1.v20201027-0507\jre\bin\VCRUNTIME140.dll
0x00007ff81ab80000 - 0x00007ff81ab98000 	C:\Users\Kikine\OneDrive\Documents\mes cours de programmation\programmes\eclipse\plugins\org.eclipse.justj.openjdk.hotspot.jre.full.win32.x86_64_15.0.1.v20201027-0507\jre\bin\jli.dll
0x00007ff823630000 - 0x00007ff8237d0000 	C:\WINDOWS\System32\USER32.dll
0x00007ff822380000 - 0x00007ff8223a2000 	C:\WINDOWS\System32\win32u.dll
0x00007ff811610000 - 0x00007ff8118aa000 	C:\WINDOWS\WinSxS\amd64_microsoft.windows.common-controls_6595b64144ccf1df_6.0.19041.844_none_ca00b6081b84eb1d\COMCTL32.dll
0x00007ff823bc0000 - 0x00007ff823bea000 	C:\WINDOWS\System32\GDI32.dll
0x00007ff824350000 - 0x00007ff8243ee000 	C:\WINDOWS\System32\msvcrt.dll
0x00007ff822270000 - 0x00007ff82237b000 	C:\WINDOWS\System32\gdi32full.dll
0x00007ff822120000 - 0x00007ff8221bd000 	C:\WINDOWS\System32\msvcp_win.dll
0x00007ff824890000 - 0x00007ff8248c0000 	C:\WINDOWS\System32\IMM32.DLL
0x00007ff81bfe0000 - 0x00007ff81bfec000 	C:\Users\Kikine\OneDrive\Documents\mes cours de programmation\programmes\eclipse\plugins\org.eclipse.justj.openjdk.hotspot.jre.full.win32.x86_64_15.0.1.v20201027-0507\jre\bin\vcruntime140_1.dll
0x00007ff804bf0000 - 0x00007ff804c81000 	C:\Users\Kikine\OneDrive\Documents\mes cours de programmation\programmes\eclipse\plugins\org.eclipse.justj.openjdk.hotspot.jre.full.win32.x86_64_15.0.1.v20201027-0507\jre\bin\msvcp140.dll
0x00007fffb1a10000 - 0x00007fffb256e000 	C:\Users\Kikine\OneDrive\Documents\mes cours de programmation\programmes\eclipse\plugins\org.eclipse.justj.openjdk.hotspot.jre.full.win32.x86_64_15.0.1.v20201027-0507\jre\bin\server\jvm.dll
0x00007ff824710000 - 0x00007ff8247bc000 	C:\WINDOWS\System32\ADVAPI32.dll
0x00007ff822a10000 - 0x00007ff822aac000 	C:\WINDOWS\System32\sechost.dll
0x00007ff8234f0000 - 0x00007ff82361b000 	C:\WINDOWS\System32\RPCRT4.dll
0x00007ff823620000 - 0x00007ff823628000 	C:\WINDOWS\System32\PSAPI.DLL
0x00007ff811a60000 - 0x00007ff811a87000 	C:\WINDOWS\SYSTEM32\WINMM.dll
0x00007ff81e260000 - 0x00007ff81e269000 	C:\WINDOWS\SYSTEM32\WSOCK32.dll
0x00007ff81b130000 - 0x00007ff81b13a000 	C:\WINDOWS\SYSTEM32\VERSION.dll
0x00007ff8247c0000 - 0x00007ff82482b000 	C:\WINDOWS\System32\WS2_32.dll
0x00007ff820050000 - 0x00007ff820062000 	C:\WINDOWS\SYSTEM32\kernel.appcore.dll
0x00007ff81dce0000 - 0x00007ff81dcea000 	C:\Users\Kikine\OneDrive\Documents\mes cours de programmation\programmes\eclipse\plugins\org.eclipse.justj.openjdk.hotspot.jre.full.win32.x86_64_15.0.1.v20201027-0507\jre\bin\jimage.dll
0x00007ff80cec0000 - 0x00007ff80d0a4000 	C:\WINDOWS\SYSTEM32\DBGHELP.DLL
0x00007ff80bd20000 - 0x00007ff80bd4c000 	C:\WINDOWS\SYSTEM32\dbgcore.DLL
0x00007ff8223b0000 - 0x00007ff822430000 	C:\WINDOWS\System32\bcryptPrimitives.dll
0x00007ff804fa0000 - 0x00007ff804fd9000 	C:\Users\Kikine\OneDrive\Documents\mes cours de programmation\programmes\eclipse\plugins\org.eclipse.justj.openjdk.hotspot.jre.full.win32.x86_64_15.0.1.v20201027-0507\jre\bin\jdwp.dll
0x00007ff81c620000 - 0x00007ff81c62e000 	C:\Users\Kikine\OneDrive\Documents\mes cours de programmation\programmes\eclipse\plugins\org.eclipse.justj.openjdk.hotspot.jre.full.win32.x86_64_15.0.1.v20201027-0507\jre\bin\instrument.dll
0x00007ff802260000 - 0x00007ff802285000 	C:\Users\Kikine\OneDrive\Documents\mes cours de programmation\programmes\eclipse\plugins\org.eclipse.justj.openjdk.hotspot.jre.full.win32.x86_64_15.0.1.v20201027-0507\jre\bin\java.dll
0x00007ff802bf0000 - 0x00007ff802c08000 	C:\Users\Kikine\OneDrive\Documents\mes cours de programmation\programmes\eclipse\plugins\org.eclipse.justj.openjdk.hotspot.jre.full.win32.x86_64_15.0.1.v20201027-0507\jre\bin\zip.dll
0x00007ff823bf0000 - 0x00007ff824332000 	C:\WINDOWS\System32\SHELL32.dll
0x00007ff820250000 - 0x00007ff8209e0000 	C:\WINDOWS\SYSTEM32\windows.storage.dll
0x00007ff8237d0000 - 0x00007ff823b25000 	C:\WINDOWS\System32\combase.dll
0x00007ff821b60000 - 0x00007ff821b8c000 	C:\WINDOWS\SYSTEM32\Wldp.dll
0x00007ff822c10000 - 0x00007ff822cbe000 	C:\WINDOWS\System32\SHCORE.dll
0x00007ff822ab0000 - 0x00007ff822b05000 	C:\WINDOWS\System32\shlwapi.dll
0x00007ff822030000 - 0x00007ff82204f000 	C:\WINDOWS\SYSTEM32\profapi.dll
0x00007ff81c610000 - 0x00007ff81c61b000 	C:\Users\Kikine\OneDrive\Documents\mes cours de programmation\programmes\eclipse\plugins\org.eclipse.justj.openjdk.hotspot.jre.full.win32.x86_64_15.0.1.v20201027-0507\jre\bin\dt_socket.dll
0x00007ff821580000 - 0x00007ff8215bb000 	C:\WINDOWS\SYSTEM32\IPHLPAPI.DLL
0x00007ff8218e0000 - 0x00007ff82194a000 	C:\WINDOWS\system32\mswsock.dll
0x00007ff8215c0000 - 0x00007ff82168b000 	C:\WINDOWS\SYSTEM32\DNSAPI.dll
0x00007ff823b30000 - 0x00007ff823b38000 	C:\WINDOWS\System32\NSI.dll
0x00007ff819fa0000 - 0x00007ff819faa000 	C:\Windows\System32\rasadhlp.dll
0x00007ff810c80000 - 0x00007ff810cff000 	C:\WINDOWS\System32\fwpuclnt.dll
0x00007ff8220f0000 - 0x00007ff822117000 	C:\WINDOWS\System32\bcrypt.dll
0x00007ff802240000 - 0x00007ff802259000 	C:\Users\Kikine\OneDrive\Documents\mes cours de programmation\programmes\eclipse\plugins\org.eclipse.justj.openjdk.hotspot.jre.full.win32.x86_64_15.0.1.v20201027-0507\jre\bin\net.dll
0x00007ff815c20000 - 0x00007ff815d2c000 	C:\WINDOWS\SYSTEM32\WINHTTP.dll
0x00007ff802220000 - 0x00007ff802232000 	C:\Users\Kikine\OneDrive\Documents\mes cours de programmation\programmes\eclipse\plugins\org.eclipse.justj.openjdk.hotspot.jre.full.win32.x86_64_15.0.1.v20201027-0507\jre\bin\nio.dll
0x00007ff81df50000 - 0x00007ff81df60000 	C:\Users\Kikine\OneDrive\Documents\mes cours de programmation\programmes\eclipse\plugins\org.eclipse.justj.openjdk.hotspot.jre.full.win32.x86_64_15.0.1.v20201027-0507\jre\bin\verify.dll
0x00007ff819400000 - 0x00007ff819417000 	C:\WINDOWS\SYSTEM32\dhcpcsvc6.DLL
0x00007ff8199c0000 - 0x00007ff8199dd000 	C:\WINDOWS\SYSTEM32\dhcpcsvc.DLL
0x00007ff81c5e0000 - 0x00007ff81c5e9000 	C:\Users\Kikine\OneDrive\Documents\mes cours de programmation\programmes\eclipse\plugins\org.eclipse.justj.openjdk.hotspot.jre.full.win32.x86_64_15.0.1.v20201027-0507\jre\bin\management.dll
0x00007ff81bf60000 - 0x00007ff81bf6b000 	C:\Users\Kikine\OneDrive\Documents\mes cours de programmation\programmes\eclipse\plugins\org.eclipse.justj.openjdk.hotspot.jre.full.win32.x86_64_15.0.1.v20201027-0507\jre\bin\management_ext.dll
0x00007ff806290000 - 0x00007ff8062a7000 	C:\WINDOWS\system32\napinsp.dll
0x00007ff805d70000 - 0x00007ff805d8b000 	C:\WINDOWS\system32\pnrpnsp.dll
0x00007ff81cc00000 - 0x00007ff81cc15000 	C:\WINDOWS\system32\wshbth.dll
0x00007ff81de80000 - 0x00007ff81de9d000 	C:\WINDOWS\system32\NLAapi.dll
0x00007ff805d50000 - 0x00007ff805d62000 	C:\WINDOWS\System32\winrnr.dll
0x00007ff821ab0000 - 0x00007ff821ac8000 	C:\WINDOWS\SYSTEM32\CRYPTSP.dll
0x00007ff821210000 - 0x00007ff821244000 	C:\WINDOWS\system32\rsaenh.dll
0x00007ff821fb0000 - 0x00007ff821fde000 	C:\WINDOWS\SYSTEM32\USERENV.dll
0x00007ff821ad0000 - 0x00007ff821adc000 	C:\WINDOWS\SYSTEM32\CRYPTBASE.dll
0x00007ff81b4c0000 - 0x00007ff81b4cd000 	C:\Users\Kikine\OneDrive\Documents\mes cours de programmation\programmes\eclipse\plugins\org.eclipse.justj.openjdk.hotspot.jre.full.win32.x86_64_15.0.1.v20201027-0507\jre\bin\sunmscapi.dll
0x00007ff822700000 - 0x00007ff82285f000 	C:\WINDOWS\System32\CRYPT32.dll
0x00007ff821bd0000 - 0x00007ff821bf7000 	C:\WINDOWS\SYSTEM32\ncrypt.dll
0x00007ff821b90000 - 0x00007ff821bcb000 	C:\WINDOWS\SYSTEM32\NTASN1.dll

dbghelp: loaded successfully - version: 4.0.5 - missing functions: none
symbol engine: initialized successfully - sym options: 0x614 - pdb path: .;C:\Users\Kikine\OneDrive\Documents\mes cours de programmation\programmes\eclipse\plugins\org.eclipse.justj.openjdk.hotspot.jre.full.win32.x86_64_15.0.1.v20201027-0507\jre\bin;C:\WINDOWS\SYSTEM32;C:\WINDOWS\WinSxS\amd64_microsoft.windows.common-controls_6595b64144ccf1df_6.0.19041.844_none_ca00b6081b84eb1d;C:\Users\Kikine\OneDrive\Documents\mes cours de programmation\programmes\eclipse\plugins\org.eclipse.justj.openjdk.hotspot.jre.full.win32.x86_64_15.0.1.v20201027-0507\jre\bin\server

VM Arguments:
jvm_args: -XX:+ShowCodeDetailsInExceptionMessages -agentlib:jdwp=transport=dt_socket,suspend=y,address=localhost:53088 -ea -javaagent:C:\Users\Kikine\OneDrive\Documents\mes cours de programmation\programmes\eclipse\configuration\org.eclipse.osgi\405\0\.cp\lib\javaagent-shaded.jar -Dfile.encoding=UTF-8 
java_command: org.eclipse.jdt.internal.junit.runner.RemoteTestRunner -version 3 -port 53083 -testLoaderClass org.eclipse.jdt.internal.junit5.runner.JUnit5TestLoader -loaderpluginname org.eclipse.jdt.junit5.runtime -classNames com.parkit.parkingsystem.integration.ParkingDataBaseIT
java_class_path (initial): C:\Users\Kikine\eclipse-workspace\MoveIt\target\test-classes;C:\Users\Kikine\eclipse-workspace\MoveIt\target\classes;C:\Users\Kikine\.m2\repository\org\apache\logging\log4j\log4j-api\2.12.1\log4j-api-2.12.1.jar;C:\Users\Kikine\.m2\repository\org\apache\logging\log4j\log4j-core\2.12.1\log4j-core-2.12.1.jar;C:\Users\Kikine\.m2\repository\mysql\mysql-connector-java\8.0.17\mysql-connector-java-8.0.17.jar;C:\Users\Kikine\.m2\repository\com\google\protobuf\protobuf-java\3.6.1\protobuf-java-3.6.1.jar;C:\Users\Kikine\.m2\repository\org\junit\jupiter\junit-jupiter-api\5.3.2\junit-jupiter-api-5.3.2.jar;C:\Users\Kikine\.m2\repository\org\apiguardian\apiguardian-api\1.0.0\apiguardian-api-1.0.0.jar;C:\Users\Kikine\.m2\repository\org\opentest4j\opentest4j\1.1.1\opentest4j-1.1.1.jar;C:\Users\Kikine\.m2\repository\org\junit\platform\junit-platform-commons\1.3.2\junit-platform-commons-1.3.2.jar;C:\Users\Kikine\.m2\repository\org\junit\jupiter\junit-jupiter-engine\5.3.2\junit-jupiter-engine-5.3.2.jar;C:\Users\Kikine\.m2\repository\org\junit\platform\junit-platform-engine\1.3.2\junit-platform-engine-1.3.2.jar;C:\Users\Kikine\.m2\repository\org\mockito\mockito-junit-jupiter\2.23.4\mockito-junit-jupiter-2.23.4.jar;C:\Users\Kikine\.m2\repository\org\mockito\mockito-core\2.23.4\mockito-core-2.23.4.jar;C:\Users\Kikine\.m2\repository\net\bytebuddy\byte-buddy\1.9.3\byte-buddy-1.9.3.jar;C:\Users\Kikine\.m2\repository\net\bytebuddy\byte-buddy-agent\1.9.3\byte-buddy-agent-1.9.3.jar;C:\Users\Kikine\.m2\repository\org\objenesis\objenesis\2.6\objenesis-2.6.jar;C:\Users\Kikine\.m2\repository\org\assertj\assertj-core\3.13.2\assertj-core-3.13.2.jar;C:\Users\Kikine\.m2\repository\org\jacoco\jacoco-maven-plugin\0.8.5\jacoco-maven-plugin-0.8.5.jar;C:\Users\Kikine\.m2\repository\org\apache\maven\maven-plugin-api\3.0\maven-plugin-api-3.0.jar;C:\Users\Kikine\.m2\repository\org\sonatype\sisu\sisu-inject-plexus\1.4.2\sisu-inject-plexus-1.4.2.jar;C:\Users\Kikine\.m2\repository\org
Launcher Type: SUN_STANDARD

[Global flags]
     intx CICompilerCount                          = 12                                        {product} {ergonomic}
     uint ConcGCThreads                            = 3                                         {product} {ergonomic}
     uint G1ConcRefinementThreads                  = 13                                        {product} {ergonomic}
   size_t G1HeapRegionSize                         = 2097152                                   {product} {ergonomic}
    uintx GCDrainStackTargetSize                   = 64                                        {product} {ergonomic}
   size_t InitialHeapSize                          = 266338304                                 {product} {ergonomic}
   size_t MarkStackSize                            = 4194304                                   {product} {ergonomic}
   size_t MaxHeapSize                              = 4248829952                                {product} {ergonomic}
   size_t MaxNewSize                               = 2548039680                                {product} {ergonomic}
   size_t MinHeapDeltaBytes                        = 2097152                                   {product} {ergonomic}
   size_t MinHeapSize                              = 8388608                                   {product} {ergonomic}
    uintx NonNMethodCodeHeapSize                   = 7602480                                {pd product} {ergonomic}
    uintx NonProfiledCodeHeapSize                  = 122027880                              {pd product} {ergonomic}
    uintx ProfiledCodeHeapSize                     = 122027880                              {pd product} {ergonomic}
    uintx ReservedCodeCacheSize                    = 251658240                              {pd product} {ergonomic}
     bool SegmentedCodeCache                       = true                                      {product} {ergonomic}
     bool ShowCodeDetailsInExceptionMessages       = true                                   {manageable} {command line}
   size_t SoftMaxHeapSize                          = 4248829952                             {manageable} {ergonomic}
     bool UseCompressedClassPointers               = true                                 {lp64_product} {ergonomic}
     bool UseCompressedOops                        = true                                 {lp64_product} {ergonomic}
     bool UseG1GC                                  = true                                      {product} {ergonomic}
     bool UseLargePagesIndividualAllocation        = false                                  {pd product} {ergonomic}

Logging:
Log output configuration:
 #0: stdout all=warning uptime,level,tags
 #1: stderr all=off uptime,level,tags

Environment Variables:
JAVA_HOME=C:\Program Files\Java\jdk1.8.0_281
PATH=C:\Users\Kikine\OneDrive\Documents\mes cours de programmation\programmes\eclipse\plugins\org.eclipse.justj.openjdk.hotspot.jre.full.win32.x86_64_15.0.1.v20201027-0507\jre\bin;C:/Users/Kikine/OneDrive/Documents/mes cours de programmation/programmes/eclipse//plugins/org.eclipse.justj.openjdk.hotspot.jre.full.win32.x86_64_15.0.1.v20201027-0507/jre/bin/server;C:/Users/Kikine/OneDrive/Documents/mes cours de programmation/programmes/eclipse//plugins/org.eclipse.justj.openjdk.hotspot.jre.full.win32.x86_64_15.0.1.v20201027-0507/jre/bin;C:\Program Files\Common Files\Oracle\Java\javapath;C:\Program Files (x86)\Common Files\Oracle\Java\javapath;C:\Windows\system32;C:\Windows;C:\Windows\System32\Wbem;C:\Windows\System32\WindowsPowerShell\v1.0\;C:\Windows\System32\OpenSSH\;C:\Program Files (x86)\NVIDIA Corporation\PhysX\Common;C:\Program Files\NVIDIA Corporation\NVIDIA NvDLISR;C:\Program Files\nodejs\;C:\Program Files\Microsoft SQL Server\120\Tools\Binn\;C:\Program Files\Common Files\Autodesk Shared\;C:\WINDOWS\system32;C:\WINDOWS;C:\WINDOWS\System32\Wbem;C:\WINDOWS\System32\WindowsPowerShell\v1.0\;C:\WINDOWS\System32\OpenSSH\;C:\Program Files\Git\cmd;C:\Program Files\dotnet\;C:\Program Files\Microsoft SQL Server\130\Tools\Binn\;C:\Program Files\Microsoft SQL Server\Client SDK\ODBC\170\Tools\Binn\;C:\apache-maven-3.6.3\bin;C:\Program Files\Java\jdk-11.0.10\bin;C:\Program Files\Java\jdk1.8.0_281\bin;C:\Program Files\MySQL\MySQL Shell 8.0\bin\;C:\Users\Kikine\AppData\Local\Microsoft\WindowsApps;C:\Users\Kikine\AppData\Roaming\npm;C:\Users\Kikine\AppData\Local\Programs\Microsoft VS Code\bin;C:\Users\Kikine\.dotnet\tools;;C:\Users\Kikine\OneDrive\Documents\mes cours de programmation\programmes\eclipse;
USERNAME=Kikine
OS=Windows_NT
PROCESSOR_IDENTIFIER=Intel64 Family 6 Model 165 Stepping 2, GenuineIntel



---------------  S Y S T E M  ---------------

OS:
 Windows 10 , 64 bit Build 19041 (10.0.19041.804)
OS uptime: 3 days 8:38 hours

CPU: total 16 (initial active 16) (8 cores per cpu, 2 threads per core) family 6 model 165 stepping 2 microcode 0xe0, cmov, cx8, fxsr, mmx, sse, sse2, sse3, ssse3, sse4.1, sse4.2, popcnt, vzeroupper, avx, avx2, aes, clmul, erms, 3dnowpref, lzcnt, ht, tsc, tscinvbit, bmi1, bmi2, adx, fma, clflush, clflushopt

Memory: 4k page, system-wide physical 16203M (5246M free)
TotalPageFile size 30146M (AvailPageFile size 6178M)
current process WorkingSet (physical memory assigned to process): 90M, peak: 348M
current process commit charge ("private bytes"): 293M, peak: 458M

vm_info: OpenJDK 64-Bit Server VM (15.0.1+9-18) for windows-amd64 JRE (15.0.1+9-18), built on Sep 15 2020 14:39:31 by "mach5one" with unknown MS VC++:1925

END.
